Log file open, 07/17/20 00:33:49
LogWindows: Failed to load 'aqProf.dll' (GetLastError=126)
LogWindows: File 'aqProf.dll' does not exist
LogWindows: Failed to load 'VtuneApi.dll' (GetLastError=126)
LogWindows: File 'VtuneApi.dll' does not exist
LogWindows: Failed to load 'VtuneApi32e.dll' (GetLastError=126)
LogWindows: File 'VtuneApi32e.dll' does not exist
LogConsoleResponse: Display: Failed to find resolution value strings in scalability ini. Falling back to default.
LogInit: Display: Running engine for game: Try2
LogPlatformFile: Not using cached read wrapper
LogTaskGraph: Started task graph with 5 named threads and 23 total threads with 3 sets of task threads.
LogStats: Stats thread started at 0.083602
LogD3D11RHI: Loaded GFSDK_Aftermath_Lib.x64.dll
LogICUInternationalization: ICU TimeZone Detection - Raw Offset: -4:00, Platform Override: ''
LogPluginManager: Mounting plugin Paper2D
LogPluginManager: Mounting plugin AISupport
LogPluginManager: Mounting plugin LightPropagationVolume
LogPluginManager: Mounting plugin ActorLayerUtilities
LogPluginManager: Mounting plugin AnimationSharing
LogPluginManager: Mounting plugin CLionSourceCodeAccess
LogPluginManager: Mounting plugin CodeLiteSourceCodeAccess
LogPluginManager: Mounting plugin GitSourceControl
LogPluginManager: Mounting plugin KDevelopSourceCodeAccess
LogPluginManager: Mounting plugin NullSourceCodeAccess
LogPluginManager: Mounting plugin PerforceSourceControl
LogPluginManager: Mounting plugin PlasticSourceControl
LogPluginManager: Mounting plugin SubversionSourceControl
LogPluginManager: Mounting plugin UObjectPlugin
LogPluginManager: Mounting plugin VisualStudioCodeSourceCodeAccess
LogPluginManager: Mounting plugin VisualStudioSourceCodeAccess
LogPluginManager: Mounting plugin XCodeSourceCodeAccess
LogPluginManager: Mounting plugin AssetManagerEditor
LogPluginManager: Mounting plugin CryptoKeys
LogPluginManager: Mounting plugin CurveEditorTools
LogPluginManager: Mounting plugin DataValidation
LogPluginManager: Mounting plugin FacialAnimation
LogPluginManager: Mounting plugin GameplayTagsEditor
LogPluginManager: Mounting plugin MacGraphicsSwitching
LogPluginManager: Mounting plugin MaterialAnalyzer
LogPluginManager: Mounting plugin MobileLauncherProfileWizard
LogPluginManager: Mounting plugin PluginBrowser
LogPluginManager: Mounting plugin SpeedTreeImporter
LogPluginManager: Mounting plugin DatasmithContent
LogPluginManager: Mounting plugin VariantManagerContent
LogPluginManager: Mounting plugin AlembicImporter
LogPluginManager: Mounting plugin AutomationUtils
LogPluginManager: Mounting plugin BackChannel
LogPluginManager: Mounting plugin CharacterAI
LogPluginManager: Mounting plugin GeometryCache
LogPluginManager: Mounting plugin PlatformCrypto
LogPluginManager: Mounting plugin ProxyLODPlugin
LogPluginManager: Mounting plugin SkeletalReduction
LogPluginManager: Mounting plugin MagicLeap
LogPluginManager: Mounting plugin MagicLeapMedia
LogPluginManager: Mounting plugin MLSDK
LogPluginManager: Mounting plugin AndroidMedia
LogPluginManager: Mounting plugin AvfMedia
LogPluginManager: Mounting plugin ImgMedia
LogPluginManager: Mounting plugin MediaCompositing
LogPluginManager: Mounting plugin MediaPlayerEditor
LogPluginManager: Mounting plugin WebMMedia
LogPluginManager: Mounting plugin WmfMedia
LogPluginManager: Mounting plugin TcpMessaging
LogPluginManager: Mounting plugin UdpMessaging
LogPluginManager: Mounting plugin ActorSequence
LogPluginManager: Mounting plugin LevelSequenceEditor
LogPluginManager: Mounting plugin MatineeToLevelSequence
LogPluginManager: Mounting plugin NetcodeUnitTest
LogPluginManager: Mounting plugin NUTUnrealEngine4
LogPluginManager: Mounting plugin OnlineSubsystemGooglePlay
LogPluginManager: Mounting plugin OnlineSubsystemIOS
LogPluginManager: Mounting plugin OnlineSubsystem
LogPluginManager: Mounting plugin OnlineSubsystemNull
LogPluginManager: Mounting plugin OnlineSubsystemUtils
LogPluginManager: Mounting plugin LauncherChunkInstaller
LogPluginManager: Mounting plugin AndroidDeviceProfileSelector
LogPluginManager: Mounting plugin AndroidMoviePlayer
LogPluginManager: Mounting plugin AndroidPermission
LogPluginManager: Mounting plugin ApexDestruction
LogPluginManager: Mounting plugin AppleImageUtils
LogPluginManager: Mounting plugin AppleMoviePlayer
LogPluginManager: Mounting plugin ArchVisCharacter
LogPluginManager: Mounting plugin AssetTags
LogPluginManager: Mounting plugin AudioCapture
LogPluginManager: Mounting plugin CableComponent
LogPluginManager: Mounting plugin CustomMeshComponent
LogPluginManager: Mounting plugin EditableMesh
LogPluginManager: Mounting plugin ExampleDeviceProfileSelector
LogPluginManager: Mounting plugin GoogleCloudMessaging
LogPluginManager: Mounting plugin IOSDeviceProfileSelector
LogPluginManager: Mounting plugin LinuxDeviceProfileSelector
LogPluginManager: Mounting plugin LocationServicesBPLibrary
LogPluginManager: Mounting plugin MobilePatchingUtils
LogPluginManager: Mounting plugin OculusVR
LogPluginManager: Mounting plugin PhysXVehicles
LogPluginManager: Mounting plugin PostSplashScreen
LogPluginManager: Mounting plugin ProceduralMeshComponent
LogPluginManager: Mounting plugin RuntimePhysXCooking
LogPluginManager: Mounting plugin SignificanceManager
LogPluginManager: Mounting plugin SteamVR
LogPluginManager: Mounting plugin WebMMoviePlayer
LogPluginManager: Mounting plugin WindowsMoviePlayer
LogPluginManager: Mounting plugin ScreenshotTools
LogInit: Using libcurl 7.55.1-DEV
LogInit:  - built for x86_64-pc-win32
LogInit:  - supports SSL with OpenSSL/1.1.1
LogInit:  - supports HTTP deflate (compression) using libz 1.2.8
LogInit:  - other features:
LogInit:      CURL_VERSION_SSL
LogInit:      CURL_VERSION_LIBZ
LogInit:      CURL_VERSION_IPV6
LogInit:      CURL_VERSION_ASYNCHDNS
LogInit:      CURL_VERSION_LARGEFILE
LogInit:      CURL_VERSION_IDN
LogInit:  CurlRequestOptions (configurable via config and command line):
LogInit:  - bVerifyPeer = true  - Libcurl will verify peer certificate
LogInit:  - bUseHttpProxy = false  - Libcurl will NOT use HTTP proxy
LogInit:  - bDontReuseConnections = false  - Libcurl will reuse connections
LogInit:  - MaxHostConnections = 16  - Libcurl will limit the number of connections to a host
LogInit:  - LocalHostAddr = Default
LogInit:  - BufferSize = 65536
LogOnline: OSS: Creating online subsystem instance for: NULL
LogInit: WinSock: version 1.1 (2.2), MaxSocks=32767, MaxUdp=65467
LogOnline: OSS: TryLoadSubsystemAndSetDefault: Loaded subsystem for module [NULL]
LogInit: Build: ++UE4+Release-4.24-CL-11590370
LogInit: Engine Version: 4.24.3-11590370+++UE4+Release-4.24
LogInit: Compatible Engine Version: 4.24.0-10570792+++UE4+Release-4.24
LogInit: Net CL: 10570792
LogInit: OS: Windows 8.1 (), CPU: Intel(R) Core(TM) i7-4702MQ CPU @ 2.20GHz, GPU: Intel(R) HD Graphics 4600
LogInit: Compiled (64-bit): Feb 24 2020 15:39:18
LogInit: Compiled with Visual C++: 19.16.27032.01
LogInit: Build Configuration: Development
LogInit: Branch Name: ++UE4+Release-4.24
LogInit: Command Line: 
LogInit: Base Directory: D:/Program Files/Epic Games/UE_4.24/Engine/Binaries/Win64/
LogInit: Installed Engine Build: 1
LogDevObjectVersion: Number of dev versions registered: 25
LogDevObjectVersion:   Dev-Blueprints (B0D832E4-1F89-4F0D-ACCF-7EB736FD4AA2): 10
LogDevObjectVersion:   Dev-Build (E1C64328-A22C-4D53-A36C-8E866417BD8C): 0
LogDevObjectVersion:   Dev-Core (375EC13C-06E4-48FB-B500-84F0262A717E): 3
LogDevObjectVersion:   Dev-Editor (E4B068ED-F494-42E9-A231-DA0B2E46BB41): 37
LogDevObjectVersion:   Dev-Framework (CFFC743F-43B0-4480-9391-14DF171D2073): 36
LogDevObjectVersion:   Dev-Mobile (B02B49B5-BB20-44E9-A304-32B752E40360): 2
LogDevObjectVersion:   Dev-Networking (A4E4105C-59A1-49B5-A7C5-40C4547EDFEE): 0
LogDevObjectVersion:   Dev-Online (39C831C9-5AE6-47DC-9A44-9C173E1C8E7C): 0
LogDevObjectVersion:   Dev-Physics (78F01B33-EBEA-4F98-B9B4-84EACCB95AA2): 2
LogDevObjectVersion:   Dev-Platform (6631380F-2D4D-43E0-8009-CF276956A95A): 0
LogDevObjectVersion:   Dev-Rendering (12F88B9F-8875-4AFC-A67C-D90C383ABD29): 36
LogDevObjectVersion:   Dev-Sequencer (7B5AE74C-D270-4C10-A958-57980B212A5A): 11
LogDevObjectVersion:   Dev-VR (D7296918-1DD6-4BDD-9DE2-64A83CC13884): 2
LogDevObjectVersion:   Dev-LoadTimes (C2A15278-BFE7-4AFE-6C17-90FF531DF755): 1
LogDevObjectVersion:   Private-Geometry (6EACA3D4-40EC-4CC1-B786-8BED09428FC5): 3
LogDevObjectVersion:   Dev-AnimPhys (29E575DD-E0A3-4627-9D10-D276232CDCEA): 17
LogDevObjectVersion:   Dev-Anim (AF43A65D-7FD3-4947-9873-3E8ED9C1BB05): 2
LogDevObjectVersion:   Dev-ReflectionCapture (6B266CEC-1EC7-4B8F-A30B-E4D90942FC07): 1
LogDevObjectVersion:   Dev-Automation (0DF73D61-A23F-47EA-B727-89E90C41499A): 1
LogDevObjectVersion:   FortniteMain (601D1886-AC64-4F84-AA16-D3DE0DEAC7D6): 31
LogDevObjectVersion:   Dev-Enterprise (9DFFBCD6-494F-0158-E221-12823C92A888): 8
LogDevObjectVersion:   Dev-Niagara (F2AED0AC-9AFE-416F-8664-AA7FFA26D6FC): 1
LogDevObjectVersion:   Dev-Destruction (174F1F0B-B4C6-45A5-B13F-2EE8D0FB917D): 9
LogDevObjectVersion:   Dev-Physics-Ext (35F94A83-E258-406C-A318-09F59610247C): 8
LogDevObjectVersion:   Dev-CineCamera (B2E18506-4273-CFC2-A54E-F4BB758BBA07): 1
LogInit: Presizing for max 25165824 objects, including 0 objects not considered by GC, pre-allocating 0 bytes for permanent pool.
LogInit: Object subsystem initialized
LogConfig: Setting CVar [[con.DebugEarlyDefault:1]]
LogConfig: Setting CVar [[r.setres:1280x720]]
[2020.07.17-04.33.50:205][  0]LogConfig: Setting CVar [[r.VSync:0]]
[2020.07.17-04.33.50:205][  0]LogConfig: Setting CVar [[r.RHICmdBypass:0]]
[2020.07.17-04.33.50:205][  0]LogConfig: Applying CVar settings from Section [/Script/Engine.RendererSettings] File [D:/Documentos/Unreal Projects/DreamGuards-0.1/Saved/Config/Windows/Engine.ini]
[2020.07.17-04.33.50:205][  0]LogConfig: Setting CVar [[r.GPUCrashDebugging:0]]
[2020.07.17-04.33.50:205][  0]LogConfig: Setting CVar [[r.MobileHDR:1]]
[2020.07.17-04.33.50:205][  0]LogConfig: Setting CVar [[r.Mobile.DisableVertexFog:1]]
[2020.07.17-04.33.50:205][  0]LogConfig: Setting CVar [[r.Shadow.CSM.MaxMobileCascades:2]]
[2020.07.17-04.33.50:205][  0]LogConfig: Setting CVar [[r.MobileMSAA:1]]
[2020.07.17-04.33.50:205][  0]LogConfig: Setting CVar [[r.Mobile.UseLegacyShadingModel:0]]
[2020.07.17-04.33.50:205][  0]LogConfig: Setting CVar [[r.Mobile.UseHWsRGBEncoding:0]]
[2020.07.17-04.33.50:205][  0]LogConfig: Setting CVar [[r.Mobile.AllowDitheredLODTransition:0]]
[2020.07.17-04.33.50:205][  0]LogConfig: Setting CVar [[r.Mobile.AllowSoftwareOcclusion:0]]
[2020.07.17-04.33.50:205][  0]LogConfig: Setting CVar [[r.DiscardUnusedQuality:0]]
[2020.07.17-04.33.50:205][  0]LogConfig: Setting CVar [[r.AllowOcclusionQueries:1]]
[2020.07.17-04.33.50:205][  0]LogConfig: Setting CVar [[r.MinScreenRadiusForLights:0.030000]]
[2020.07.17-04.33.50:205][  0]LogConfig: Setting CVar [[r.MinScreenRadiusForDepthPrepass:0.030000]]
[2020.07.17-04.33.50:205][  0]LogConfig: Setting CVar [[r.MinScreenRadiusForCSMDepth:0.010000]]
[2020.07.17-04.33.50:205][  0]LogConfig: Setting CVar [[r.PrecomputedVisibilityWarning:0]]
[2020.07.17-04.33.50:205][  0]LogConfig: Setting CVar [[r.TextureStreaming:1]]
[2020.07.17-04.33.50:205][  0]LogConfig: Setting CVar [[Compat.UseDXT5NormalMaps:0]]
[2020.07.17-04.33.50:205][  0]LogConfig: Setting CVar [[r.VirtualTextures:0]]
[2020.07.17-04.33.50:205][  0]LogConfig: Setting CVar [[r.VirtualTexturedLightmaps:0]]
[2020.07.17-04.33.50:205][  0]LogConfig: Setting CVar [[r.VT.TileSize:128]]
[2020.07.17-04.33.50:205][  0]LogConfig: Setting CVar [[r.VT.TileBorderSize:4]]
[2020.07.17-04.33.50:205][  0]LogConfig: Setting CVar [[r.vt.FeedbackFactor:16]]
[2020.07.17-04.33.50:205][  0]LogConfig: Setting CVar [[r.VT.EnableCompressZlib:1]]
[2020.07.17-04.33.50:205][  0]LogConfig: Setting CVar [[r.VT.EnableCompressCrunch:0]]
[2020.07.17-04.33.50:205][  0]LogConfig: Setting CVar [[r.ClearCoatNormal:0]]
[2020.07.17-04.33.50:205][  0]LogConfig: Setting CVar [[r.ReflectionCaptureResolution:128]]
[2020.07.17-04.33.50:205][  0]LogConfig: Setting CVar [[r.ReflectionEnvironmentLightmapMixBasedOnRoughness:1]]
[2020.07.17-04.33.50:205][  0]LogConfig: Setting CVar [[r.ForwardShading:0]]
[2020.07.17-04.33.50:205][  0]LogConfig: Setting CVar [[r.VertexFoggingForOpaque:1]]
[2020.07.17-04.33.50:205][  0]LogConfig: Setting CVar [[r.AllowStaticLighting:1]]
[2020.07.17-04.33.50:205][  0]LogConfig: Setting CVar [[r.NormalMapsForStaticLighting:0]]
[2020.07.17-04.33.50:205][  0]LogConfig: Setting CVar [[r.GenerateMeshDistanceFields:0]]
[2020.07.17-04.33.50:205][  0]LogConfig: Setting CVar [[r.DistanceFieldBuild.EightBit:0]]
[2020.07.17-04.33.50:205][  0]LogConfig: Setting CVar [[r.GenerateLandscapeGIData:0]]
[2020.07.17-04.33.50:205][  0]LogConfig: Setting CVar [[r.DistanceFieldBuild.Compress:0]]
[2020.07.17-04.33.50:205][  0]LogConfig: Setting CVar [[r.TessellationAdaptivePixelsPerTriangle:48.000000]]
[2020.07.17-04.33.50:205][  0]LogConfig: Setting CVar [[r.SeparateTranslucency:1]]
[2020.07.17-04.33.50:205][  0]LogConfig: Setting CVar [[r.TranslucentSortPolicy:0]]
[2020.07.17-04.33.50:205][  0]LogConfig: Setting CVar [[r.CustomDepth:1]]
[2020.07.17-04.33.50:205][  0]LogConfig: Setting CVar [[r.CustomDepthTemporalAAJitter:1]]
[2020.07.17-04.33.50:205][  0]LogConfig: Setting CVar [[r.PostProcessing.PropagateAlpha:0]]
[2020.07.17-04.33.50:205][  0]LogConfig: Setting CVar [[r.DefaultFeature.Bloom:1]]
[2020.07.17-04.33.50:205][  0]LogConfig: Setting CVar [[r.DefaultFeature.AmbientOcclusion:1]]
[2020.07.17-04.33.50:205][  0]LogConfig: Setting CVar [[r.DefaultFeature.AmbientOcclusionStaticFraction:1]]
[2020.07.17-04.33.50:205][  0]LogConfig: Setting CVar [[r.DefaultFeature.AutoExposure:0]]
[2020.07.17-04.33.50:205][  0]LogConfig: Setting CVar [[r.DefaultFeature.AutoExposure.Method:0]]
[2020.07.17-04.33.50:205][  0]LogConfig: Setting CVar [[r.DefaultFeature.AutoExposure.ExtendDefaultLuminanceRange:0]]
[2020.07.17-04.33.50:205][  0]LogConfig: Setting CVar [[r.UsePreExposure:1]]
[2020.07.17-04.33.50:205][  0]LogConfig: Setting CVar [[r.EyeAdaptation.EditorOnly:1]]
[2020.07.17-04.33.50:205][  0]LogConfig: Setting CVar [[r.DefaultFeature.MotionBlur:0]]
[2020.07.17-04.33.50:205][  0]LogConfig: Setting CVar [[r.DefaultFeature.LensFlare:0]]
[2020.07.17-04.33.50:205][  0]LogConfig: Setting CVar [[r.TemporalAA.Upsampling:0]]
[2020.07.17-04.33.50:205][  0]LogConfig: Setting CVar [[r.SSGI.Enable:0]]
[2020.07.17-04.33.50:205][  0]LogConfig: Setting CVar [[r.DefaultFeature.AntiAliasing:0]]
[2020.07.17-04.33.50:205][  0]LogConfig: Setting CVar [[r.DefaultFeature.LightUnits:1]]
[2020.07.17-04.33.50:205][  0]LogConfig: Setting CVar [[r.DefaultBackBufferPixelFormat:4]]
[2020.07.17-04.33.50:205][  0]LogConfig: Setting CVar [[r.Shadow.UnbuiltPreviewInGame:1]]
[2020.07.17-04.33.50:205][  0]LogConfig: Setting CVar [[r.StencilForLODDither:0]]
[2020.07.17-04.33.50:205][  0]LogConfig: Setting CVar [[r.EarlyZPass:3]]
[2020.07.17-04.33.50:206][  0]LogConfig: Setting CVar [[r.EarlyZPassOnlyMaterialMasking:0]]
[2020.07.17-04.33.50:206][  0]LogConfig: Setting CVar [[r.DBuffer:1]]
[2020.07.17-04.33.50:206][  0]LogConfig: Setting CVar [[r.ClearSceneMethod:1]]
[2020.07.17-04.33.50:206][  0]LogConfig: Setting CVar [[r.BasePassOutputsVelocity:0]]
[2020.07.17-04.33.50:206][  0]LogConfig: Setting CVar [[r.SelectiveBasePassOutputs:0]]
[2020.07.17-04.33.50:206][  0]LogConfig: Setting CVar [[fx.GPUSimulationTextureSizeX:1024]]
[2020.07.17-04.33.50:206][  0]LogConfig: Setting CVar [[fx.GPUSimulationTextureSizeY:1024]]
[2020.07.17-04.33.50:206][  0]LogConfig: Setting CVar [[r.AllowGlobalClipPlane:0]]
[2020.07.17-04.33.50:206][  0]LogConfig: Setting CVar [[r.GBufferFormat:1]]
[2020.07.17-04.33.50:206][  0]LogConfig: Setting CVar [[r.MorphTarget.Mode:1]]
[2020.07.17-04.33.50:206][  0]LogConfig: Setting CVar [[vr.InstancedStereo:0]]
[2020.07.17-04.33.50:206][  0]LogConfig: Setting CVar [[vr.MultiView:0]]
[2020.07.17-04.33.50:206][  0]LogConfig: Setting CVar [[vr.MobileMultiView:0]]
[2020.07.17-04.33.50:206][  0]LogConfig: Setting CVar [[vr.MobileMultiView.Direct:0]]
[2020.07.17-04.33.50:206][  0]LogConfig: Setting CVar [[vr.RoundRobinOcclusion:0]]
[2020.07.17-04.33.50:206][  0]LogConfig: Setting CVar [[vr.ODSCapture:0]]
[2020.07.17-04.33.50:206][  0]LogConfig: Setting CVar [[r.WireframeCullThreshold:5.000000]]
[2020.07.17-04.33.50:206][  0]LogConfig: Setting CVar [[r.RayTracing:0]]
[2020.07.17-04.33.50:206][  0]LogConfig: Setting CVar [[r.RayTracing.UseTextureLod:0]]
[2020.07.17-04.33.50:206][  0]LogConfig: Setting CVar [[r.SupportStationarySkylight:1]]
[2020.07.17-04.33.50:206][  0]LogConfig: Setting CVar [[r.SupportLowQualityLightmaps:1]]
[2020.07.17-04.33.50:206][  0]LogConfig: Setting CVar [[r.SupportPointLightWholeSceneShadows:1]]
[2020.07.17-04.33.50:206][  0]LogConfig: Setting CVar [[r.SupportAtmosphericFog:1]]
[2020.07.17-04.33.50:206][  0]LogConfig: Setting CVar [[r.SupportSkyAtmosphere:1]]
[2020.07.17-04.33.50:206][  0]LogConfig: Setting CVar [[r.SupportSkyAtmosphereAffectsHeightFog:0]]
[2020.07.17-04.33.50:206][  0]LogConfig: Setting CVar [[r.SkinCache.CompileShaders:0]]
[2020.07.17-04.33.50:206][  0]LogConfig: Setting CVar [[r.Mobile.EnableStaticAndCSMShadowReceivers:1]]
[2020.07.17-04.33.50:206][  0]LogConfig: Setting CVar [[r.Mobile.EnableMovableLightCSMShaderCulling:1]]
[2020.07.17-04.33.50:206][  0]LogConfig: Setting CVar [[r.Mobile.AllowDistanceFieldShadows:1]]
[2020.07.17-04.33.50:206][  0]LogConfig: Setting CVar [[r.Mobile.AllowMovableDirectionalLights:1]]
[2020.07.17-04.33.50:206][  0]LogConfig: Setting CVar [[r.MobileNumDynamicPointLights:4]]
[2020.07.17-04.33.50:206][  0]LogConfig: Setting CVar [[r.MobileDynamicPointLightsUseStaticBranch:1]]
[2020.07.17-04.33.50:206][  0]LogConfig: Setting CVar [[r.Mobile.EnableMovableSpotlights:0]]
[2020.07.17-04.33.50:206][  0]LogConfig: Setting CVar [[r.SkinCache.SceneMemoryLimitInMB:128.000000]]
[2020.07.17-04.33.50:206][  0]LogConfig: Setting CVar [[r.GPUSkin.Limit2BoneInfluences:0]]
[2020.07.17-04.33.50:206][  0]LogConfig: Setting CVar [[r.SupportDepthOnlyIndexBuffers:1]]
[2020.07.17-04.33.50:206][  0]LogConfig: Setting CVar [[r.SupportReversedIndexBuffers:1]]
[2020.07.17-04.33.50:206][  0]LogConfig: Setting CVar [[r.SupportMaterialLayers:0]]
[2020.07.17-04.33.50:206][  0]LogConfig: Setting CVar [[r.LightPropagationVolume:0]]
[2020.07.17-04.33.50:206][  0]LogConfig: Applying CVar settings from Section [/Script/Engine.RendererOverrideSettings] File [D:/Documentos/Unreal Projects/DreamGuards-0.1/Saved/Config/Windows/Engine.ini]
[2020.07.17-04.33.50:206][  0]LogConfig: Applying CVar settings from Section [/Script/Engine.StreamingSettings] File [D:/Documentos/Unreal Projects/DreamGuards-0.1/Saved/Config/Windows/Engine.ini]
[2020.07.17-04.33.50:206][  0]LogConfig: Setting CVar [[s.MinBulkDataSizeForAsyncLoading:131072]]
[2020.07.17-04.33.50:206][  0]LogConfig: Setting CVar [[s.AsyncLoadingThreadEnabled:0]]
[2020.07.17-04.33.50:206][  0]LogConfig: Setting CVar [[s.EventDrivenLoaderEnabled:1]]
[2020.07.17-04.33.50:206][  0]LogConfig: Setting CVar [[s.WarnIfTimeLimitExceeded:0]]
[2020.07.17-04.33.50:206][  0]LogConfig: Setting CVar [[s.TimeLimitExceededMultiplier:1.5]]
[2020.07.17-04.33.50:206][  0]LogConfig: Setting CVar [[s.TimeLimitExceededMinTime:0.005]]
[2020.07.17-04.33.50:206][  0]LogConfig: Setting CVar [[s.UseBackgroundLevelStreaming:1]]
[2020.07.17-04.33.50:206][  0]LogConfig: Setting CVar [[s.PriorityAsyncLoadingExtraTime:15.0]]
[2020.07.17-04.33.50:206][  0]LogConfig: Setting CVar [[s.LevelStreamingActorsUpdateTimeLimit:5.0]]
[2020.07.17-04.33.50:206][  0]LogConfig: Setting CVar [[s.PriorityLevelStreamingActorsUpdateExtraTime:5.0]]
[2020.07.17-04.33.50:206][  0]LogConfig: Setting CVar [[s.LevelStreamingComponentsRegistrationGranularity:10]]
[2020.07.17-04.33.50:206][  0]LogConfig: Setting CVar [[s.UnregisterComponentsTimeLimit:1.0]]
[2020.07.17-04.33.50:206][  0]LogConfig: Setting CVar [[s.LevelStreamingComponentsUnregistrationGranularity:5]]
[2020.07.17-04.33.50:206][  0]LogConfig: Setting CVar [[s.FlushStreamingOnExit:1]]
[2020.07.17-04.33.50:206][  0]LogConfig: Applying CVar settings from Section [/Script/Engine.GarbageCollectionSettings] File [D:/Documentos/Unreal Projects/DreamGuards-0.1/Saved/Config/Windows/Engine.ini]
[2020.07.17-04.33.50:206][  0]LogConfig: Setting CVar [[gc.MaxObjectsNotConsideredByGC:1]]
[2020.07.17-04.33.50:206][  0]LogConfig: Setting CVar [[gc.SizeOfPermanentObjectPool:0]]
[2020.07.17-04.33.50:206][  0]LogConfig: Setting CVar [[gc.FlushStreamingOnGC:0]]
[2020.07.17-04.33.50:206][  0]LogConfig: Setting CVar [[gc.NumRetriesBeforeForcingGC:10]]
[2020.07.17-04.33.50:206][  0]LogConfig: Setting CVar [[gc.AllowParallelGC:1]]
[2020.07.17-04.33.50:206][  0]LogConfig: Setting CVar [[gc.TimeBetweenPurgingPendingKillObjects:61.1]]
[2020.07.17-04.33.50:206][  0]LogConfig: Setting CVar [[gc.MaxObjectsInEditor:25165824]]
[2020.07.17-04.33.50:206][  0]LogConfig: Setting CVar [[gc.IncrementalBeginDestroyEnabled:1]]
[2020.07.17-04.33.50:206][  0]LogConfig: Setting CVar [[gc.CreateGCClusters:1]]
[2020.07.17-04.33.50:206][  0]LogConfig: Setting CVar [[gc.MinGCClusterSize:5]]
[2020.07.17-04.33.50:206][  0]LogConfig: Setting CVar [[gc.ActorClusteringEnabled:0]]
[2020.07.17-04.33.50:206][  0]LogConfig: Setting CVar [[gc.BlueprintClusteringEnabled:0]]
[2020.07.17-04.33.50:206][  0]LogConfig: Setting CVar [[gc.UseDisregardForGCOnDedicatedServers:0]]
[2020.07.17-04.33.50:206][  0]LogConfig: Applying CVar settings from Section [/Script/Engine.NetworkSettings] File [D:/Documentos/Unreal Projects/DreamGuards-0.1/Saved/Config/Windows/Engine.ini]
[2020.07.17-04.33.50:206][  0]LogConfig: Applying CVar settings from Section [/Script/UnrealEd.CookerSettings] File [D:/Documentos/Unreal Projects/DreamGuards-0.1/Saved/Config/Windows/Engine.ini]
[2020.07.17-04.33.50:208][  0]LogConfig: Applying CVar settings from Section [ViewDistanceQuality@3] File [D:/Documentos/Unreal Projects/DreamGuards-0.1/Saved/Config/Windows/Scalability.ini]
[2020.07.17-04.33.50:208][  0]LogConfig: Setting CVar [[r.SkeletalMeshLODBias:0]]
[2020.07.17-04.33.50:208][  0]LogConfig: Setting CVar [[r.ViewDistanceScale:1.0]]
[2020.07.17-04.33.50:208][  0]LogConfig: Applying CVar settings from Section [AntiAliasingQuality@3] File [D:/Documentos/Unreal Projects/DreamGuards-0.1/Saved/Config/Windows/Scalability.ini]
[2020.07.17-04.33.50:208][  0]LogConfig: Setting CVar [[r.PostProcessAAQuality:4]]
[2020.07.17-04.33.50:208][  0]LogConfig: Applying CVar settings from Section [ShadowQuality@3] File [D:/Documentos/Unreal Projects/DreamGuards-0.1/Saved/Config/Windows/Scalability.ini]
[2020.07.17-04.33.50:208][  0]LogConfig: Setting CVar [[r.LightFunctionQuality:1]]
[2020.07.17-04.33.50:208][  0]LogConfig: Setting CVar [[r.ShadowQuality:5]]
[2020.07.17-04.33.50:208][  0]LogConfig: Setting CVar [[r.Shadow.CSM.MaxCascades:10]]
[2020.07.17-04.33.50:208][  0]LogConfig: Setting CVar [[r.Shadow.MaxResolution:2048]]
[2020.07.17-04.33.50:208][  0]LogConfig: Setting CVar [[r.Shadow.MaxCSMResolution:2048]]
[2020.07.17-04.33.50:208][  0]LogConfig: Setting CVar [[r.Shadow.RadiusThreshold:0.01]]
[2020.07.17-04.33.50:208][  0]LogConfig: Setting CVar [[r.Shadow.DistanceScale:1.0]]
[2020.07.17-04.33.50:208][  0]LogConfig: Setting CVar [[r.Shadow.CSM.TransitionScale:1.0]]
[2020.07.17-04.33.50:208][  0]LogConfig: Setting CVar [[r.Shadow.PreShadowResolutionFactor:1.0]]
[2020.07.17-04.33.50:208][  0]LogConfig: Setting CVar [[r.DistanceFieldShadowing:1]]
[2020.07.17-04.33.50:208][  0]LogConfig: Setting CVar [[r.DistanceFieldAO:1]]
[2020.07.17-04.33.50:208][  0]LogConfig: Setting CVar [[r.AOQuality:2]]
[2020.07.17-04.33.50:208][  0]LogConfig: Setting CVar [[r.VolumetricFog:1]]
[2020.07.17-04.33.50:208][  0]LogConfig: Setting CVar [[r.VolumetricFog.GridPixelSize:8]]
[2020.07.17-04.33.50:208][  0]LogConfig: Setting CVar [[r.VolumetricFog.GridSizeZ:128]]
[2020.07.17-04.33.50:208][  0]LogConfig: Setting CVar [[r.VolumetricFog.HistoryMissSupersampleCount:4]]
[2020.07.17-04.33.50:208][  0]LogConfig: Setting CVar [[r.LightMaxDrawDistanceScale:1]]
[2020.07.17-04.33.50:208][  0]LogConfig: Setting CVar [[r.CapsuleShadows:1]]
[2020.07.17-04.33.50:208][  0]LogConfig: Applying CVar settings from Section [PostProcessQuality@3] File [D:/Documentos/Unreal Projects/DreamGuards-0.1/Saved/Config/Windows/Scalability.ini]
[2020.07.17-04.33.50:208][  0]LogConfig: Setting CVar [[r.MotionBlurQuality:4]]
[2020.07.17-04.33.50:208][  0]LogConfig: Setting CVar [[r.AmbientOcclusionMipLevelFactor:0.4]]
[2020.07.17-04.33.50:208][  0]LogConfig: Setting CVar [[r.AmbientOcclusionMaxQuality:100]]
[2020.07.17-04.33.50:208][  0]LogConfig: Setting CVar [[r.AmbientOcclusionLevels:-1]]
[2020.07.17-04.33.50:208][  0]LogConfig: Setting CVar [[r.AmbientOcclusionRadiusScale:1.0]]
[2020.07.17-04.33.50:208][  0]LogConfig: Setting CVar [[r.DepthOfFieldQuality:2]]
[2020.07.17-04.33.50:208][  0]LogConfig: Setting CVar [[r.RenderTargetPoolMin:400]]
[2020.07.17-04.33.50:208][  0]LogConfig: Setting CVar [[r.LensFlareQuality:2]]
[2020.07.17-04.33.50:208][  0]LogConfig: Setting CVar [[r.SceneColorFringeQuality:1]]
[2020.07.17-04.33.50:208][  0]LogConfig: Setting CVar [[r.EyeAdaptationQuality:2]]
[2020.07.17-04.33.50:208][  0]LogConfig: Setting CVar [[r.BloomQuality:5]]
[2020.07.17-04.33.50:208][  0]LogConfig: Setting CVar [[r.FastBlurThreshold:100]]
[2020.07.17-04.33.50:208][  0]LogConfig: Setting CVar [[r.Upscale.Quality:3]]
[2020.07.17-04.33.50:208][  0]LogConfig: Setting CVar [[r.Tonemapper.GrainQuantization:1]]
[2020.07.17-04.33.50:208][  0]LogConfig: Setting CVar [[r.LightShaftQuality:1]]
[2020.07.17-04.33.50:208][  0]LogConfig: Setting CVar [[r.Filter.SizeScale:1]]
[2020.07.17-04.33.50:208][  0]LogConfig: Setting CVar [[r.Tonemapper.Quality:5]]
[2020.07.17-04.33.50:208][  0]LogConfig: Setting CVar [[r.DOF.Gather.AccumulatorQuality:1        ; higher gathering accumulator quality]]
[2020.07.17-04.33.50:208][  0]LogConfig: Setting CVar [[r.DOF.Gather.PostfilterMethod:1          ; Median3x3 postfilering method]]
[2020.07.17-04.33.50:208][  0]LogConfig: Setting CVar [[r.DOF.Gather.EnableBokehSettings:0       ; no bokeh simulation when gathering]]
[2020.07.17-04.33.50:208][  0]LogConfig: Setting CVar [[r.DOF.Gather.RingCount:4                 ; medium number of samples when gathering]]
[2020.07.17-04.33.50:208][  0]LogConfig: Setting CVar [[r.DOF.Scatter.ForegroundCompositing:1    ; additive foreground scattering]]
[2020.07.17-04.33.50:208][  0]LogConfig: Setting CVar [[r.DOF.Scatter.BackgroundCompositing:2    ; additive background scattering]]
[2020.07.17-04.33.50:208][  0]LogConfig: Setting CVar [[r.DOF.Scatter.EnableBokehSettings:1      ; bokeh simulation when scattering]]
[2020.07.17-04.33.50:208][  0]LogConfig: Setting CVar [[r.DOF.Scatter.MaxSpriteRatio:0.1         ; only a maximum of 10% of scattered bokeh]]
[2020.07.17-04.33.50:208][  0]LogConfig: Setting CVar [[r.DOF.Recombine.Quality:1                ; cheap slight out of focus]]
[2020.07.17-04.33.50:208][  0]LogConfig: Setting CVar [[r.DOF.Recombine.EnableBokehSettings:0    ; no bokeh simulation on slight out of focus]]
[2020.07.17-04.33.50:208][  0]LogConfig: Setting CVar [[r.DOF.TemporalAAQuality:1                ; more stable temporal accumulation]]
[2020.07.17-04.33.50:208][  0]LogConfig: Setting CVar [[r.DOF.Kernel.MaxForegroundRadius:0.025]]
[2020.07.17-04.33.50:209][  0]LogConfig: Setting CVar [[r.DOF.Kernel.MaxBackgroundRadius:0.025]]
[2020.07.17-04.33.50:209][  0]LogConfig: Applying CVar settings from Section [TextureQuality@3] File [D:/Documentos/Unreal Projects/DreamGuards-0.1/Saved/Config/Windows/Scalability.ini]
[2020.07.17-04.33.50:209][  0]LogConfig: Setting CVar [[r.Streaming.MipBias:0]]
[2020.07.17-04.33.50:209][  0]LogConfig: Setting CVar [[r.Streaming.AmortizeCPUToGPUCopy:0]]
[2020.07.17-04.33.50:209][  0]LogConfig: Setting CVar [[r.Streaming.MaxNumTexturesToStreamPerFrame:0]]
[2020.07.17-04.33.50:209][  0]LogConfig: Setting CVar [[r.Streaming.Boost:1]]
[2020.07.17-04.33.50:209][  0]LogConfig: Setting CVar [[r.MaxAnisotropy:8]]
[2020.07.17-04.33.50:209][  0]LogConfig: Setting CVar [[r.VT.MaxAnisotropy:8]]
[2020.07.17-04.33.50:209][  0]LogConfig: Setting CVar [[r.Streaming.LimitPoolSizeToVRAM:0]]
[2020.07.17-04.33.50:209][  0]LogConfig: Setting CVar [[r.Streaming.PoolSize:1000]]
[2020.07.17-04.33.50:209][  0]LogConfig: Setting CVar [[r.Streaming.MaxEffectiveScreenSize:0]]
[2020.07.17-04.33.50:209][  0]LogConfig: Applying CVar settings from Section [EffectsQuality@3] File [D:/Documentos/Unreal Projects/DreamGuards-0.1/Saved/Config/Windows/Scalability.ini]
[2020.07.17-04.33.50:209][  0]LogConfig: Setting CVar [[r.TranslucencyLightingVolumeDim:64]]
[2020.07.17-04.33.50:209][  0]LogConfig: Setting CVar [[r.RefractionQuality:2]]
[2020.07.17-04.33.50:209][  0]LogConfig: Setting CVar [[r.SSR.Quality:3]]
[2020.07.17-04.33.50:209][  0]LogConfig: Setting CVar [[r.SSR.HalfResSceneColor:0]]
[2020.07.17-04.33.50:209][  0]LogConfig: Setting CVar [[r.SceneColorFormat:4]]
[2020.07.17-04.33.50:209][  0]LogConfig: Setting CVar [[r.DetailMode:2]]
[2020.07.17-04.33.50:209][  0]LogConfig: Setting CVar [[r.TranslucencyVolumeBlur:1]]
[2020.07.17-04.33.50:209][  0]LogConfig: Setting CVar [[r.MaterialQualityLevel:1 ; High quality]]
[2020.07.17-04.33.50:209][  0]LogConfig: Setting CVar [[r.SSS.Scale:1]]
[2020.07.17-04.33.50:209][  0]LogConfig: Setting CVar [[r.SSS.SampleSet:2]]
[2020.07.17-04.33.50:209][  0]LogConfig: Setting CVar [[r.SSS.Quality:1]]
[2020.07.17-04.33.50:209][  0]LogConfig: Setting CVar [[r.SSS.HalfRes:1]]
[2020.07.17-04.33.50:209][  0]LogConfig: Setting CVar [[r.SSGI.Quality:3]]
[2020.07.17-04.33.50:209][  0]LogConfig: Setting CVar [[r.EmitterSpawnRateScale:1.0]]
[2020.07.17-04.33.50:209][  0]LogConfig: Setting CVar [[r.ParticleLightQuality:2]]
[2020.07.17-04.33.50:209][  0]LogConfig: Setting CVar [[r.SkyAtmosphere.AerialPerspectiveLUT.FastApplyOnOpaque:1 ; Always have FastSkyLUT 1 in this case to avoid wrong sky]]
[2020.07.17-04.33.50:209][  0]LogConfig: Setting CVar [[r.SkyAtmosphere.AerialPerspectiveLUT.SampleCountPerSlice:1]]
[2020.07.17-04.33.50:209][  0]LogConfig: Setting CVar [[r.SkyAtmosphere.AerialPerspectiveLUT.DepthResolution:16.0]]
[2020.07.17-04.33.50:209][  0]LogConfig: Setting CVar [[r.SkyAtmosphere.FastSkyLUT:1]]
[2020.07.17-04.33.50:209][  0]LogConfig: Setting CVar [[r.SkyAtmosphere.FastSkyLUT.SampleCountMin:4.0]]
[2020.07.17-04.33.50:209][  0]LogConfig: Setting CVar [[r.SkyAtmosphere.FastSkyLUT.SampleCountMax:32.0]]
[2020.07.17-04.33.50:209][  0]LogConfig: Setting CVar [[r.SkyAtmosphere.SampleCountMin:4.0]]
[2020.07.17-04.33.50:209][  0]LogConfig: Setting CVar [[r.SkyAtmosphere.SampleCountMax:32.0]]
[2020.07.17-04.33.50:209][  0]LogConfig: Setting CVar [[r.SkyAtmosphere.TransmittanceLUT.UseSmallFormat:0]]
[2020.07.17-04.33.50:209][  0]LogConfig: Setting CVar [[r.SkyAtmosphere.TransmittanceLUT.SampleCount:10.0]]
[2020.07.17-04.33.50:209][  0]LogConfig: Setting CVar [[r.SkyAtmosphere.MultiScatteringLUT.SampleCount:15.0]]
[2020.07.17-04.33.50:209][  0]LogConfig: Applying CVar settings from Section [FoliageQuality@3] File [D:/Documentos/Unreal Projects/DreamGuards-0.1/Saved/Config/Windows/Scalability.ini]
[2020.07.17-04.33.50:209][  0]LogConfig: Setting CVar [[foliage.DensityScale:1.0]]
[2020.07.17-04.33.50:209][  0]LogConfig: Setting CVar [[grass.DensityScale:1.0]]
[2020.07.17-04.33.50:209][  0]LogConfig: Applying CVar settings from Section [ShadingQuality@3] File [D:/Documentos/Unreal Projects/DreamGuards-0.1/Saved/Config/Windows/Scalability.ini]
[2020.07.17-04.33.50:209][  0]LogConfig: Setting CVar [[r.HairStrands.SkyLighting.SampleCount:16]]
[2020.07.17-04.33.50:209][  0]LogConfig: Setting CVar [[r.HairStrands.SkyLighting.JitterIntegration:0]]
[2020.07.17-04.33.50:209][  0]LogConfig: Setting CVar [[r.HairStrands.SkyAO.SampleCount:16]]
[2020.07.17-04.33.50:209][  0]LogInit: Selected Device Profile: [Windows]
[2020.07.17-04.33.50:209][  0]LogInit: Applying CVar settings loaded from the selected device profile: [Windows]
[2020.07.17-04.33.50:212][  0]LogHAL: Display: Platform has ~ 16 GB [17112870912 / 17179869184 / 16], which maps to Larger [LargestMinGB=32, LargerMinGB=12, DefaultMinGB=8, SmallerMinGB=6, SmallestMinGB=0)
[2020.07.17-04.33.50:212][  0]LogInit: Going up to parent DeviceProfile []
[2020.07.17-04.33.50:212][  0]LogConfig: Applying CVar settings from Section [ViewDistanceQuality@0] File [D:/Documentos/Unreal Projects/DreamGuards-0.1/Saved/Config/Windows/Scalability.ini]
[2020.07.17-04.33.50:212][  0]LogConfig: Setting CVar [[r.SkeletalMeshLODBias:2]]
[2020.07.17-04.33.50:212][  0]LogConfig: Setting CVar [[r.ViewDistanceScale:0.4]]
[2020.07.17-04.33.50:212][  0]LogConfig: Applying CVar settings from Section [AntiAliasingQuality@0] File [D:/Documentos/Unreal Projects/DreamGuards-0.1/Saved/Config/Windows/Scalability.ini]
[2020.07.17-04.33.50:212][  0]LogConfig: Setting CVar [[r.PostProcessAAQuality:0]]
[2020.07.17-04.33.50:212][  0]LogConfig: Applying CVar settings from Section [ShadowQuality@0] File [D:/Documentos/Unreal Projects/DreamGuards-0.1/Saved/Config/Windows/Scalability.ini]
[2020.07.17-04.33.50:212][  0]LogConfig: Setting CVar [[r.LightFunctionQuality:0]]
[2020.07.17-04.33.50:212][  0]LogConfig: Setting CVar [[r.ShadowQuality:0]]
[2020.07.17-04.33.50:212][  0]LogConfig: Setting CVar [[r.Shadow.CSM.MaxCascades:1]]
[2020.07.17-04.33.50:212][  0]LogConfig: Setting CVar [[r.Shadow.MaxResolution:512]]
[2020.07.17-04.33.50:212][  0]LogConfig: Setting CVar [[r.Shadow.MaxCSMResolution:512]]
[2020.07.17-04.33.50:212][  0]LogConfig: Setting CVar [[r.Shadow.RadiusThreshold:0.06]]
[2020.07.17-04.33.50:212][  0]LogConfig: Setting CVar [[r.Shadow.DistanceScale:0.6]]
[2020.07.17-04.33.50:212][  0]LogConfig: Setting CVar [[r.Shadow.CSM.TransitionScale:0]]
[2020.07.17-04.33.50:212][  0]LogConfig: Setting CVar [[r.Shadow.PreShadowResolutionFactor:0.5]]
[2020.07.17-04.33.50:212][  0]LogConfig: Setting CVar [[r.DistanceFieldShadowing:0]]
[2020.07.17-04.33.50:212][  0]LogConfig: Setting CVar [[r.DistanceFieldAO:0]]
[2020.07.17-04.33.50:212][  0]LogConfig: Setting CVar [[r.VolumetricFog:0]]
[2020.07.17-04.33.50:212][  0]LogConfig: Setting CVar [[r.LightMaxDrawDistanceScale:0]]
[2020.07.17-04.33.50:212][  0]LogConfig: Setting CVar [[r.CapsuleShadows:0]]
[2020.07.17-04.33.50:212][  0]LogConfig: Applying CVar settings from Section [PostProcessQuality@0] File [D:/Documentos/Unreal Projects/DreamGuards-0.1/Saved/Config/Windows/Scalability.ini]
[2020.07.17-04.33.50:212][  0]LogConfig: Setting CVar [[r.MotionBlurQuality:0]]
[2020.07.17-04.33.50:212][  0]LogConfig: Setting CVar [[r.AmbientOcclusionMipLevelFactor:1.0]]
[2020.07.17-04.33.50:212][  0]LogConfig: Setting CVar [[r.AmbientOcclusionMaxQuality:0]]
[2020.07.17-04.33.50:212][  0]LogConfig: Setting CVar [[r.AmbientOcclusionLevels:0]]
[2020.07.17-04.33.50:213][  0]LogConfig: Setting CVar [[r.AmbientOcclusionRadiusScale:1.2]]
[2020.07.17-04.33.50:213][  0]LogConfig: Setting CVar [[r.DepthOfFieldQuality:0]]
[2020.07.17-04.33.50:213][  0]LogConfig: Setting CVar [[r.RenderTargetPoolMin:300]]
[2020.07.17-04.33.50:213][  0]LogConfig: Setting CVar [[r.LensFlareQuality:0]]
[2020.07.17-04.33.50:213][  0]LogConfig: Setting CVar [[r.SceneColorFringeQuality:0]]
[2020.07.17-04.33.50:213][  0]LogConfig: Setting CVar [[r.EyeAdaptationQuality:0]]
[2020.07.17-04.33.50:213][  0]LogConfig: Setting CVar [[r.BloomQuality:4]]
[2020.07.17-04.33.50:213][  0]LogConfig: Setting CVar [[r.FastBlurThreshold:0]]
[2020.07.17-04.33.50:213][  0]LogConfig: Setting CVar [[r.Upscale.Quality:1]]
[2020.07.17-04.33.50:213][  0]LogConfig: Setting CVar [[r.Tonemapper.GrainQuantization:0]]
[2020.07.17-04.33.50:213][  0]LogConfig: Setting CVar [[r.LightShaftQuality:0]]
[2020.07.17-04.33.50:213][  0]LogConfig: Setting CVar [[r.Filter.SizeScale:0.6]]
[2020.07.17-04.33.50:213][  0]LogConfig: Setting CVar [[r.Tonemapper.Quality:0]]
[2020.07.17-04.33.50:213][  0]LogConfig: Applying CVar settings from Section [TextureQuality@0] File [D:/Documentos/Unreal Projects/DreamGuards-0.1/Saved/Config/Windows/Scalability.ini]
[2020.07.17-04.33.50:213][  0]LogConfig: Setting CVar [[r.Streaming.MipBias:16]]
[2020.07.17-04.33.50:213][  0]LogConfig: Setting CVar [[r.Streaming.AmortizeCPUToGPUCopy:1]]
[2020.07.17-04.33.50:213][  0]LogConfig: Setting CVar [[r.Streaming.MaxNumTexturesToStreamPerFrame:1]]
[2020.07.17-04.33.50:213][  0]LogConfig: Setting CVar [[r.Streaming.Boost:0.3]]
[2020.07.17-04.33.50:213][  0]LogConfig: Setting CVar [[r.MaxAnisotropy:0]]
[2020.07.17-04.33.50:213][  0]LogConfig: Setting CVar [[r.VT.MaxAnisotropy:4]]
[2020.07.17-04.33.50:213][  0]LogConfig: Setting CVar [[r.Streaming.LimitPoolSizeToVRAM:1]]
[2020.07.17-04.33.50:213][  0]LogConfig: Setting CVar [[r.Streaming.PoolSize:400]]
[2020.07.17-04.33.50:213][  0]LogConfig: Setting CVar [[r.Streaming.MaxEffectiveScreenSize:0]]
[2020.07.17-04.33.50:213][  0]LogConfig: Applying CVar settings from Section [EffectsQuality@0] File [D:/Documentos/Unreal Projects/DreamGuards-0.1/Saved/Config/Windows/Scalability.ini]
[2020.07.17-04.33.50:213][  0]LogConfig: Setting CVar [[r.TranslucencyLightingVolumeDim:24]]
[2020.07.17-04.33.50:213][  0]LogConfig: Setting CVar [[r.RefractionQuality:0]]
[2020.07.17-04.33.50:213][  0]LogConfig: Setting CVar [[r.SSR.Quality:0]]
[2020.07.17-04.33.50:213][  0]LogConfig: Setting CVar [[r.SSR.HalfResSceneColor:1]]
[2020.07.17-04.33.50:213][  0]LogConfig: Setting CVar [[r.SceneColorFormat:3]]
[2020.07.17-04.33.50:213][  0]LogConfig: Setting CVar [[r.DetailMode:0]]
[2020.07.17-04.33.50:213][  0]LogConfig: Setting CVar [[r.TranslucencyVolumeBlur:0]]
[2020.07.17-04.33.50:213][  0]LogConfig: Setting CVar [[r.MaterialQualityLevel:0 ; Low quality]]
[2020.07.17-04.33.50:213][  0]LogConfig: Setting CVar [[r.SSS.Scale:0]]
[2020.07.17-04.33.50:213][  0]LogConfig: Setting CVar [[r.SSS.SampleSet:0]]
[2020.07.17-04.33.50:213][  0]LogConfig: Setting CVar [[r.SSS.Quality:0]]
[2020.07.17-04.33.50:213][  0]LogConfig: Setting CVar [[r.SSS.HalfRes:1]]
[2020.07.17-04.33.50:213][  0]LogConfig: Setting CVar [[r.SSGI.Quality:0]]
[2020.07.17-04.33.50:213][  0]LogConfig: Setting CVar [[r.EmitterSpawnRateScale:0.125]]
[2020.07.17-04.33.50:213][  0]LogConfig: Setting CVar [[r.ParticleLightQuality:0]]
[2020.07.17-04.33.50:213][  0]LogConfig: Setting CVar [[r.SkyAtmosphere.AerialPerspectiveLUT.FastApplyOnOpaque:1 ; Always have FastSkyLUT 1 in this case to avoid wrong sky]]
[2020.07.17-04.33.50:213][  0]LogConfig: Setting CVar [[r.SkyAtmosphere.AerialPerspectiveLUT.SampleCountPerSlice:1]]
[2020.07.17-04.33.50:213][  0]LogConfig: Setting CVar [[r.SkyAtmosphere.AerialPerspectiveLUT.DepthResolution:8.0]]
[2020.07.17-04.33.50:213][  0]LogConfig: Setting CVar [[r.SkyAtmosphere.FastSkyLUT:1]]
[2020.07.17-04.33.50:213][  0]LogConfig: Setting CVar [[r.SkyAtmosphere.FastSkyLUT.SampleCountMin:2.0]]
[2020.07.17-04.33.50:213][  0]LogConfig: Setting CVar [[r.SkyAtmosphere.FastSkyLUT.SampleCountMax:16.0]]
[2020.07.17-04.33.50:213][  0]LogConfig: Setting CVar [[r.SkyAtmosphere.SampleCountMin:2.0]]
[2020.07.17-04.33.50:213][  0]LogConfig: Setting CVar [[r.SkyAtmosphere.SampleCountMax:16.0]]
[2020.07.17-04.33.50:213][  0]LogConfig: Setting CVar [[r.SkyAtmosphere.TransmittanceLUT.UseSmallFormat:1]]
[2020.07.17-04.33.50:213][  0]LogConfig: Setting CVar [[r.SkyAtmosphere.TransmittanceLUT.SampleCount:10.0]]
[2020.07.17-04.33.50:213][  0]LogConfig: Setting CVar [[r.SkyAtmosphere.MultiScatteringLUT.SampleCount:15.0]]
[2020.07.17-04.33.50:213][  0]LogConfig: Applying CVar settings from Section [FoliageQuality@0] File [D:/Documentos/Unreal Projects/DreamGuards-0.1/Saved/Config/Windows/Scalability.ini]
[2020.07.17-04.33.50:213][  0]LogConfig: Setting CVar [[foliage.DensityScale:0]]
[2020.07.17-04.33.50:213][  0]LogConfig: Setting CVar [[grass.DensityScale:0]]
[2020.07.17-04.33.50:213][  0]LogConfig: Applying CVar settings from Section [ShadingQuality@0] File [D:/Documentos/Unreal Projects/DreamGuards-0.1/Saved/Config/Windows/Scalability.ini]
[2020.07.17-04.33.50:213][  0]LogConfig: Setting CVar [[r.HairStrands.SkyLighting.SampleCount:8]]
[2020.07.17-04.33.50:213][  0]LogConfig: Setting CVar [[r.HairStrands.SkyLighting.JitterIntegration:0]]
[2020.07.17-04.33.50:213][  0]LogConfig: Setting CVar [[r.HairStrands.SkyAO.SampleCount:8]]
[2020.07.17-04.33.50:213][  0]LogConfig: Applying CVar settings from Section [Startup] File [../../../Engine/Config/ConsoleVariables.ini]
[2020.07.17-04.33.50:214][  0]LogConfig: Setting CVar [[net.UseAdaptiveNetUpdateFrequency:0]]
[2020.07.17-04.33.50:214][  0]LogConfig: Setting CVar [[p.chaos.AllowCreatePhysxBodies:1]]
[2020.07.17-04.33.50:214][  0]LogConfig: Applying CVar settings from Section [ConsoleVariables] File [D:/Documentos/Unreal Projects/DreamGuards-0.1/Saved/Config/Windows/Engine.ini]
[2020.07.17-04.33.50:214][  0]LogInit: Computer: HP
[2020.07.17-04.33.50:214][  0]LogInit: User: PJimenez
[2020.07.17-04.33.50:214][  0]LogInit: CPU Page size=4096, Cores=4
[2020.07.17-04.33.50:214][  0]LogInit: High frequency timer resolution =2.143485 MHz
[2020.07.17-04.33.50:214][  0]LogMemory: Memory total: Physical=15.9GB (16GB approx)
[2020.07.17-04.33.50:214][  0]LogMemory: Platform Memory Stats for Windows
[2020.07.17-04.33.50:214][  0]LogMemory: Process Physical Memory: 102.93 MB used, 102.93 MB peak
[2020.07.17-04.33.50:214][  0]LogMemory: Process Virtual Memory: 100.25 MB used, 100.25 MB peak
[2020.07.17-04.33.50:214][  0]LogMemory: Physical Memory: 5982.03 MB used,  10338.07 MB free, 16320.11 MB total
[2020.07.17-04.33.50:214][  0]LogMemory: Virtual Memory: 989.11 MB used,  134216736.00 MB free, 134217728.00 MB total
[2020.07.17-04.33.50:220][  0]LogWindows: WindowsPlatformFeatures enabled
[2020.07.17-04.33.50:234][  0]LogInit: Overriding language with editor language configuration option (en).
[2020.07.17-04.33.50:234][  0]LogInit: Overriding locale with editor locale configuration option (en).
[2020.07.17-04.33.50:422][  0]LogInit: Setting process to per monitor DPI aware
[2020.07.17-04.33.50:443][  0]LogSlate: New Slate User Created.  User Index 0, Is Virtual User: 0
[2020.07.17-04.33.50:443][  0]LogSlate: Slate User Registered.  User Index 0, Is Virtual User: 0
[2020.07.17-04.33.50:570][  0]LogHMD: Failed to initialize OpenVR with code 110
[2020.07.17-04.33.50:570][  0]LogD3D11RHI: D3D11 min allowed feature level: 11_0
[2020.07.17-04.33.50:570][  0]LogD3D11RHI: D3D11 max allowed feature level: 11_0
[2020.07.17-04.33.50:570][  0]LogD3D11RHI: D3D11 adapters:
[2020.07.17-04.33.50:577][  0]LogD3D11RHI:    0. 'Intel(R) HD Graphics 4600' (Feature Level 11_0)
[2020.07.17-04.33.50:577][  0]LogD3D11RHI:       0/0/1792 MB DedicatedVideo/DedicatedSystem/SharedSystem, Outputs:1, VendorId:0x8086
[2020.07.17-04.33.50:578][  0]LogD3D11RHI:    1. 'Microsoft Basic Render Driver' (Feature Level 11_0)
[2020.07.17-04.33.50:578][  0]LogD3D11RHI:       0/0/256 MB DedicatedVideo/DedicatedSystem/SharedSystem, Outputs:0, VendorId:0x1414
[2020.07.17-04.33.50:578][  0]LogD3D11RHI: Chosen D3D11 Adapter: 0
[2020.07.17-04.33.50:587][  0]LogD3D11RHI: Creating new Direct3DDevice
[2020.07.17-04.33.50:587][  0]LogD3D11RHI:     GPU DeviceId: 0x416 (for the marketing name, search the web for "GPU Device Id")
[2020.07.17-04.33.50:587][  0]LogWindows: EnumDisplayDevices:
[2020.07.17-04.33.50:587][  0]LogWindows:    0. 'Intel(R) HD Graphics 4600' (P:1 D:1)
[2020.07.17-04.33.50:588][  0]LogWindows:    1. 'Intel(R) HD Graphics 4600' (P:0 D:0)
[2020.07.17-04.33.50:588][  0]LogWindows:    2. 'Intel(R) HD Graphics 4600' (P:0 D:0)
[2020.07.17-04.33.50:588][  0]LogWindows: DebugString: FoundDriverCount:3 
[2020.07.17-04.33.50:588][  0]LogD3D11RHI:     Adapter Name: Intel(R) HD Graphics 4600
[2020.07.17-04.33.50:588][  0]LogD3D11RHI:   Driver Version: 10.18.10.3304 (internal:10.18.10.3304, unified:10.18.10.3304)
[2020.07.17-04.33.50:588][  0]LogD3D11RHI:      Driver Date: 9-9-2013
[2020.07.17-04.33.50:588][  0]LogRHI: Texture pool is 627 MB (70% of 896 MB)
[2020.07.17-04.33.50:594][  0]LogD3D11RHI: RHI does not have support for 64 bit atomics
[2020.07.17-04.33.50:594][  0]LogD3D11RHI: Async texture creation enabled
[2020.07.17-04.33.50:607][  0]LogD3D11RHI: GPU Timing Frequency: 12.500000 (Debug: 2 0)
[2020.07.17-04.33.50:881][  0]LogTargetPlatformManager: Display: Loaded TargetPlatform 'AllDesktop'
[2020.07.17-04.33.50:919][  0]LogTargetPlatformManager: Display: Loaded TargetPlatform 'Android'
[2020.07.17-04.33.50:919][  0]LogTargetPlatformManager: Display: Loaded TargetPlatform 'Android_ASTC'
[2020.07.17-04.33.50:919][  0]LogTargetPlatformManager: Display: Loaded TargetPlatform 'Android_ATC'
[2020.07.17-04.33.50:919][  0]LogTargetPlatformManager: Display: Loaded TargetPlatform 'Android_DXT'
[2020.07.17-04.33.50:919][  0]LogTargetPlatformManager: Display: Loaded TargetPlatform 'Android_ETC1'
[2020.07.17-04.33.50:919][  0]LogTargetPlatformManager: Display: Loaded TargetPlatform 'Android_ETC1a'
[2020.07.17-04.33.50:919][  0]LogTargetPlatformManager: Display: Loaded TargetPlatform 'Android_ETC2'
[2020.07.17-04.33.50:919][  0]LogTargetPlatformManager: Display: Loaded TargetPlatform 'Android_PVRTC'
[2020.07.17-04.33.50:919][  0]LogTargetPlatformManager: Display: Loaded TargetPlatform 'AndroidClient'
[2020.07.17-04.33.50:919][  0]LogTargetPlatformManager: Display: Loaded TargetPlatform 'Android_ASTCClient'
[2020.07.17-04.33.50:919][  0]LogTargetPlatformManager: Display: Loaded TargetPlatform 'Android_ATCClient'
[2020.07.17-04.33.50:919][  0]LogTargetPlatformManager: Display: Loaded TargetPlatform 'Android_DXTClient'
[2020.07.17-04.33.50:919][  0]LogTargetPlatformManager: Display: Loaded TargetPlatform 'Android_ETC1Client'
[2020.07.17-04.33.50:919][  0]LogTargetPlatformManager: Display: Loaded TargetPlatform 'Android_ETC1aClient'
[2020.07.17-04.33.50:919][  0]LogTargetPlatformManager: Display: Loaded TargetPlatform 'Android_ETC2Client'
[2020.07.17-04.33.50:919][  0]LogTargetPlatformManager: Display: Loaded TargetPlatform 'Android_PVRTCClient'
[2020.07.17-04.33.50:919][  0]LogTargetPlatformManager: Display: Loaded TargetPlatform 'Android_Multi'
[2020.07.17-04.33.50:919][  0]LogTargetPlatformManager: Display: Loaded TargetPlatform 'Android_MultiClient'
[2020.07.17-04.33.50:941][  0]LogTargetPlatformManager: Display: Loaded TargetPlatform 'IOSClient'
[2020.07.17-04.33.50:941][  0]LogTargetPlatformManager: Display: Loaded TargetPlatform 'IOS'
[2020.07.17-04.33.50:950][  0]LogTargetPlatformManager: Display: Loaded TargetPlatform 'LinuxNoEditor'
[2020.07.17-04.33.50:958][  0]LogTargetPlatformManager: Display: Loaded TargetPlatform 'LinuxClient'
[2020.07.17-04.33.50:967][  0]LogTargetPlatformManager: Display: Loaded TargetPlatform 'LinuxServer'
[2020.07.17-04.33.50:975][  0]LogTargetPlatformManager: Display: Loaded TargetPlatform 'LinuxAArch64NoEditor'
[2020.07.17-04.33.50:983][  0]LogTargetPlatformManager: Display: Loaded TargetPlatform 'LinuxAArch64Client'
[2020.07.17-04.33.50:992][  0]LogTargetPlatformManager: Display: Loaded TargetPlatform 'LinuxAArch64Server'
[2020.07.17-04.33.51:021][  0]LogTargetPlatformManager: Display: Loaded TargetPlatform 'Lumin'
[2020.07.17-04.33.51:021][  0]LogTargetPlatformManager: Display: Loaded TargetPlatform 'LuminClient'
[2020.07.17-04.33.51:038][  0]LogTargetPlatformManager: Display: Loaded TargetPlatform 'TVOSClient'
[2020.07.17-04.33.51:038][  0]LogTargetPlatformManager: Display: Loaded TargetPlatform 'TVOS'
[2020.07.17-04.33.51:047][  0]LogTargetPlatformManager: Display: Loaded TargetPlatform 'WindowsNoEditor'
[2020.07.17-04.33.51:055][  0]LogTargetPlatformManager: Display: Loaded TargetPlatform 'Windows'
[2020.07.17-04.33.51:064][  0]LogTargetPlatformManager: Display: Loaded TargetPlatform 'WindowsClient'
[2020.07.17-04.33.51:072][  0]LogTargetPlatformManager: Display: Loaded TargetPlatform 'WindowsServer'
[2020.07.17-04.33.51:072][  0]LogTargetPlatformManager: Display: Building Assets For Windows
[2020.07.17-04.33.51:075][  0]LogAudioDebug: Display: Lib vorbis DLL was dynamically loaded.
[2020.07.17-04.33.51:100][  0]LogShaderCompilers: Guid format shader working directory is -12 characters bigger than the processId version (../../../../../../Documentos/Unreal Projects/DreamGuards-0.1/Intermediate/Shaders/WorkingDirectory/18288/).
[2020.07.17-04.33.51:100][  0]LogShaderCompilers: Cleaned the shader compiler working directory 'C:/Users/PJimenez/AppData/Local/Temp/UnrealShaderWorkingDir/D22B33FB46CB5A1E290FB6A9127C6EE9/'.
[2020.07.17-04.33.51:101][  0]LogXGEController: Cannot use XGE Controller as Incredibuild is not installed on this machine.
[2020.07.17-04.33.51:101][  0]LogShaderCompilers: Cannot use XGE Shader Compiler as Incredibuild is not installed on this machine.
[2020.07.17-04.33.51:101][  0]LogShaderCompilers: Display: Using Local Shader Compiler.
[2020.07.17-04.33.51:971][  0]LogDerivedDataCache: Display: Max Cache Size: 512 MB
[2020.07.17-04.33.52:060][  0]LogDerivedDataCache: Loaded boot cache 0.09s 78MB C:/Users/PJimenez/AppData/Local/UnrealEngine/4.24/DerivedDataCache/Boot.ddc.
[2020.07.17-04.33.52:060][  0]LogDerivedDataCache: Display: Loaded Boot cache: C:/Users/PJimenez/AppData/Local/UnrealEngine/4.24/DerivedDataCache/Boot.ddc
[2020.07.17-04.33.52:061][  0]LogDerivedDataCache: FDerivedDataBackendGraph:  Pak pak cache file ../../../../../../Documentos/Unreal Projects/DreamGuards-0.1/DerivedDataCache/DDC.ddp not found, will not use a pak cache.
[2020.07.17-04.33.52:061][  0]LogDerivedDataCache: Unable to find inner node Pak for hierarchical cache Hierarchy.
[2020.07.17-04.33.52:061][  0]LogDerivedDataCache: FDerivedDataBackendGraph:  CompressedPak pak cache file ../../../../../../Documentos/Unreal Projects/DreamGuards-0.1/DerivedDataCache/Compressed.ddp not found, will not use a pak cache.
[2020.07.17-04.33.52:061][  0]LogDerivedDataCache: Unable to find inner node CompressedPak for hierarchical cache Hierarchy.
[2020.07.17-04.33.52:073][  0]LogDerivedDataCache: Display: Pak cache opened for reading ../../../Engine/DerivedDataCache/Compressed.ddp.
[2020.07.17-04.33.52:073][  0]LogDerivedDataCache: FDerivedDataBackendGraph:  EnterprisePak pak cache file ../../../Enterprise/DerivedDataCache/Compressed.ddp not found, will not use a pak cache.
[2020.07.17-04.33.52:073][  0]LogDerivedDataCache: Unable to find inner node EnterprisePak for hierarchical cache Hierarchy.
[2020.07.17-04.33.52:074][  0]LogDerivedDataCache: Using Local data cache path C:/Users/PJimenez/AppData/Local/UnrealEngine/Common/DerivedDataCache: Writable
[2020.07.17-04.33.52:074][  0]LogDerivedDataCache: Shared data cache path not found in *engine.ini, will not use an Shared cache.
[2020.07.17-04.33.52:075][  0]LogDerivedDataCache: Unable to find inner node Shared for hierarchical cache Hierarchy.
[2020.07.17-04.33.52:105][  0]LogMaterial: Verifying Global Shaders for PCD3D_SM5
[2020.07.17-04.33.52:108][  0]LogSlate: Using FreeType 2.10.0
[2020.07.17-04.33.52:108][  0]LogSlate: SlateFontServices - WITH_FREETYPE: 1, WITH_HARFBUZZ: 1
[2020.07.17-04.33.52:168][  0]LogAssetRegistry: FAssetRegistry took 0.0027 seconds to start up
[2020.07.17-04.33.52:512][  0]LogInit: Selected Device Profile: [Windows]
[2020.07.17-04.33.52:697][  0]LogMeshReduction: Using QuadricMeshReduction for automatic static mesh reduction
[2020.07.17-04.33.52:697][  0]LogMeshReduction: Using SimplygonMeshReduction for automatic skeletal mesh reduction
[2020.07.17-04.33.52:697][  0]LogMeshReduction: Using ProxyLODMeshReduction for automatic mesh merging
[2020.07.17-04.33.52:697][  0]LogMeshReduction: No distributed automatic mesh merging module available
[2020.07.17-04.33.52:697][  0]LogMeshMerging: No distributed automatic mesh merging module available
[2020.07.17-04.33.52:711][  0]LogNetVersion: Try2 1.0.0, NetCL: 10570792, EngineNetVer: 13, GameNetVer: 0 (Checksum: 3984827005)
[2020.07.17-04.33.53:970][  0]LogPackageLocalizationCache: Processed 10 localized package path(s) for 1 prioritized culture(s) in 0.053790 seconds
[2020.07.17-04.33.53:979][  0]LogUObjectArray: 46750 objects as part of root set at end of initial load.
[2020.07.17-04.33.53:979][  0]LogUObjectAllocator: 8137160 out of 0 bytes used by permanent object pool.
[2020.07.17-04.33.53:979][  0]LogUObjectArray: CloseDisregardForGC: 0/0 objects in disregard for GC pool
[2020.07.17-04.33.54:436][  0]LogTcpMessaging: Initializing TcpMessaging bridge
[2020.07.17-04.33.54:439][  0]LogUdpMessaging: Initializing bridge on interface 0.0.0.0:0 to multicast group 230.0.0.1:6666.
[2020.07.17-04.33.54:502][  0]SourceControl: Source control is disabled
[2020.07.17-04.33.54:502][  0]SourceControl: Source control is disabled
[2020.07.17-04.33.54:507][  0]SourceControl: Source control is disabled
[2020.07.17-04.33.54:507][  0]SourceControl: Source control is disabled
[2020.07.17-04.33.54:508][  0]SourceControl: Source control is disabled
[2020.07.17-04.33.54:594][  0]LogAndroidPermission: UAndroidPermissionCallbackProxy::GetInstance
[2020.07.17-04.33.54:605][  0]LogAudioCaptureCore: Display: No Audio Capture implementations found. Audio input will be silent.
[2020.07.17-04.33.54:605][  0]LogAudioCaptureCore: Display: No Audio Capture implementations found. Audio input will be silent.
[2020.07.17-04.33.54:702][  0]LogOcInput: OculusInput pre-init called
[2020.07.17-04.33.54:712][  0]LogWindows: Failed to load 'OVRPlugin.dll' (GetLastError=126)
[2020.07.17-04.33.54:712][  0]LogWindows: File 'OVRPlugin.dll' does not exist
[2020.07.17-04.33.54:789][  0]LogEngine: Initializing Engine...
[2020.07.17-04.33.54:790][  0]LogHMD: Failed to initialize OpenVR with code 110
[2020.07.17-04.33.54:791][  0]LogStats: UGameplayTagsManager::InitializeManager -  0.000 s
[2020.07.17-04.33.55:268][  0]LogInit: Initializing FReadOnlyCVARCache
[2020.07.17-04.33.55:358][  0]LogAIModule: Creating AISystem for world Untitled
[2020.07.17-04.33.55:394][  0]LogAudioMixer: Display: Audio Mixer Platform Settings:
[2020.07.17-04.33.55:394][  0]LogAudioMixer: Display: 	Sample Rate:						  48000
[2020.07.17-04.33.55:394][  0]LogAudioMixer: Display: 	Callback Buffer Frame Size Requested: 1024
[2020.07.17-04.33.55:394][  0]LogAudioMixer: Display: 	Callback Buffer Frame Size To Use:	  1024
[2020.07.17-04.33.55:395][  0]LogAudioMixer: Display: 	Number of buffers to queue:			  2
[2020.07.17-04.33.55:395][  0]LogAudioMixer: Display: 	Max Channels (voices):				  32
[2020.07.17-04.33.55:395][  0]LogAudioMixer: Display: 	Number of Async Source Workers:		  0
[2020.07.17-04.33.55:395][  0]LogAudio: Display: AudioDevice MaxSources: 32
[2020.07.17-04.33.55:395][  0]LogAudio: Display: Using built-in audio occlusion.
[2020.07.17-04.33.55:395][  0]LogAudioMixer: Display: Initializing audio mixer.
[2020.07.17-04.33.55:400][  0]LogAudioMixer: Display: Audio Device Output Speaker Info:
[2020.07.17-04.33.55:400][  0]LogAudioMixer: Display: Name: Altavoces / Auriculares (IDT High Definition Audio CODEC)
[2020.07.17-04.33.55:400][  0]LogAudioMixer: Display: Is Default: Yes
[2020.07.17-04.33.55:400][  0]LogAudioMixer: Display: Sample Rate: 48000
[2020.07.17-04.33.55:400][  0]LogAudioMixer: Display: Channel Count Used: 2
[2020.07.17-04.33.55:400][  0]LogAudioMixer: Display: Device Channel Count: 2
[2020.07.17-04.33.55:400][  0]LogAudioMixer: Display: Channel Order:
[2020.07.17-04.33.55:400][  0]LogAudioMixer: Display: 0: FrontLeft
[2020.07.17-04.33.55:401][  0]LogAudioMixer: Display: 1: FrontRight
[2020.07.17-04.33.55:417][  0]LogAudioMixer: Display: Using Audio Device Altavoces / Auriculares (IDT High Definition Audio CODEC)
[2020.07.17-04.33.55:425][  0]LogInit: FAudioDevice initialized.
[2020.07.17-04.33.55:425][  0]LogNetVersion: Set ProjectVersion to 1.0.0.0. Version Checksum will be recalculated on next use.
[2020.07.17-04.33.55:585][  0]LogDerivedDataCache: Saved boot cache 0.16s 78MB C:/Users/PJimenez/AppData/Local/UnrealEngine/4.24/DerivedDataCache/Boot.ddc.
[2020.07.17-04.33.55:585][  0]LogInit: Texture streaming: Enabled
[2020.07.17-04.33.55:595][  0]LogEngineSessionManager: EngineSessionManager initialized
[2020.07.17-04.33.55:595][  0]LogEditorSessionSummary: Verbose: Initializing EditorSessionSummaryWriter for editor session tracking
[2020.07.17-04.33.55:597][  0]LogEditorSessionSummary: EditorSessionSummaryWriter initialized
[2020.07.17-04.33.55:643][  0]LogInit: Transaction tracking system initialized
[2020.07.17-04.33.55:653][  0]BlueprintLog: New page: Editor Load
[2020.07.17-04.33.55:682][  0]LocalizationService: Localization service is disabled
[2020.07.17-04.33.57:074][  0]LogFileCache: Scanning file cache for directory 'D:/Documentos/Unreal Projects/DreamGuards-0.1/Content/' took 0.01s
[2020.07.17-04.33.57:074][  0]LogCook: Display: Max memory allowance for cook 16384mb min free memory 0mb
[2020.07.17-04.33.57:074][  0]LogCook: Display: Mobile HDR setting 1
[2020.07.17-04.33.57:752][  0]SourceControl: Source control is disabled
[2020.07.17-04.33.57:752][  0]Cmd: MAP LOAD FILE="../../../../../../Documentos/Unreal Projects/DreamGuards-0.1/Content/Maps/Introvideos.umap" TEMPLATE=0 SHOWPROGRESS=1 FEATURELEVEL=3
[2020.07.17-04.33.57:753][  0]LightingResults: New page: Lighting Build
[2020.07.17-04.33.57:753][  0]LogWorld: UWorld::CleanupWorld for Untitled, bSessionEnded=true, bCleanupResources=true
[2020.07.17-04.33.57:753][  0]LogSlate: InvalidateAllWidgets triggered.  All widgets were invalidated
[2020.07.17-04.33.57:754][  0]MapCheck: New page: Map Check
[2020.07.17-04.33.57:754][  0]LightingResults: New page: Lighting Build
[2020.07.17-04.33.57:789][  0]LogUObjectHash: Compacting FUObjectHashTables data took   2.28ms
[2020.07.17-04.33.57:817][  0]LogAIModule: Creating AISystem for world Introvideos
[2020.07.17-04.33.57:827][  0]LogEditorServer: Finished looking for orphan Actors (0.000 secs)
[2020.07.17-04.33.57:862][  0]LogUObjectHash: Compacting FUObjectHashTables data took   2.87ms
[2020.07.17-04.33.57:862][  0]Cmd: MAP CHECKDEP NOCLEARLOG
[2020.07.17-04.33.57:862][  0]MapCheck: Map check complete: 0 Error(s), 0 Warning(s), took 0.182ms to complete.
[2020.07.17-04.33.57:862][  0]LogFileHelpers: Loading map 'Introvideos' took 0.110
[2020.07.17-04.33.58:005][  0]LogSlate: Updating window title bar state: overlay mode, drag disabled, window buttons hidden, title bar hidden
[2020.07.17-04.33.58:014][  0]LogSlate: Updating window title bar state: overlay mode, drag disabled, window buttons hidden, title bar hidden
[2020.07.17-04.33.58:022][  0]LogSlate: Updating window title bar state: overlay mode, drag disabled, window buttons hidden, title bar hidden
[2020.07.17-04.33.58:031][  0]LogSlate: Updating window title bar state: overlay mode, drag disabled, window buttons hidden, title bar hidden
[2020.07.17-04.33.58:035][  0]LogCollectionManager: Loaded 0 collections in 0.001328 seconds
[2020.07.17-04.33.58:050][  0]LogFileCache: Scanning file cache for directory 'D:/Documentos/Unreal Projects/DreamGuards-0.1/Saved/Collections/' took 0.00s
[2020.07.17-04.33.58:050][  0]LogFileCache: Scanning file cache for directory 'D:/Documentos/Unreal Projects/DreamGuards-0.1/Content/Developers/PJimenez/Collections/' took 0.00s
[2020.07.17-04.33.58:050][  0]LogFileCache: Scanning file cache for directory 'D:/Documentos/Unreal Projects/DreamGuards-0.1/Content/Collections/' took 0.00s
[2020.07.17-04.33.58:050][  0]LogContentBrowser: Native class hierarchy populated in 0.0096 seconds. Added 3024 classes and 722 folders.
[2020.07.17-04.33.58:053][  0]LogContentBrowser: Native class hierarchy updated for 'WidgetCarousel' in 0.0003 seconds. Added 0 classes and 0 folders.
[2020.07.17-04.33.58:092][  0]LogContentBrowser: Native class hierarchy updated for 'AddContentDialog' in 0.0003 seconds. Added 0 classes and 0 folders.
[2020.07.17-04.33.58:096][  0]LogContentBrowser: Native class hierarchy updated for 'SceneOutliner' in 0.0003 seconds. Added 2 classes and 3 folders.
[2020.07.17-04.33.58:197][  0]LogSlate: Took 0.000167 seconds to synchronously load lazily loaded font '../../../Engine/Content/Slate/Fonts/Roboto-Regular.ttf' (155K)
[2020.07.17-04.33.58:201][  0]LogSlate: Took 0.000196 seconds to synchronously load lazily loaded font '../../../Engine/Content/Slate/Fonts/Roboto-Bold.ttf' (160K)
[2020.07.17-04.33.58:207][  0]LogSlate: Took 0.000129 seconds to synchronously load lazily loaded font '../../../Engine/Content/Editor/Slate/Fonts/FontAwesome.ttf' (139K)
[2020.07.17-04.33.58:272][  0]LogRenderer: Reallocating scene render targets to support 832x468 Format 9 NumSamples 1 (Frame:1).
[2020.07.17-04.33.58:457][  0]LogSlate: Took 0.000148 seconds to synchronously load lazily loaded font '../../../Engine/Content/Slate/Fonts/Roboto-Light.ttf' (167K)
[2020.07.17-04.33.58:600][  0]LogContentBrowser: Native class hierarchy updated for 'HierarchicalLODOutliner' in 0.0004 seconds. Added 0 classes and 0 folders.
[2020.07.17-04.33.58:600][  0]LogLoad: (Engine Initialization) Total time: 9.48 seconds
[2020.07.17-04.33.58:600][  0]LogLoad: (Engine Initialization) Total Blueprint compile time: 0.00 seconds
[2020.07.17-04.33.58:635][  0]LogContentStreaming: Texture pool size now 400 MB
[2020.07.17-04.33.58:667][  0]LogSlate: Took 0.000089 seconds to synchronously load lazily loaded font '../../../Engine/Content/Slate/Fonts/Roboto-Light.ttf' (167K)
[2020.07.17-04.34.05:271][518]LogAssetRegistry: Asset discovery search completed in 13.1034 seconds
[2020.07.17-04.34.05:279][518]LogCollectionManager: Fixed up redirectors for 0 collections in 0.000012 seconds (updated 0 objects)
[2020.07.17-04.34.15:099][269]LogTexture: Display: Building textures: Wood_icon (AutoDXT, 360X360)
[2020.07.17-04.34.15:099][269]LogAIModule: Creating AISystem for world try2-1
[2020.07.17-04.34.15:123][269]LogAssetEditorSubsystem: Opening Asset editor for World /Game/Maps/try2-1.try2-1
[2020.07.17-04.34.15:164][269]LogUObjectHash: Compacting FUObjectHashTables data took   3.09ms
[2020.07.17-04.34.15:167][269]Cmd: MAP LOAD FILE="../../../../../../Documentos/Unreal Projects/DreamGuards-0.1/Content/Maps/try2-1.umap" TEMPLATE=0 SHOWPROGRESS=1 FEATURELEVEL=3
[2020.07.17-04.34.15:167][269]LightingResults: New page: Lighting Build
[2020.07.17-04.34.15:168][269]LoadErrors: New page: Loading map: try2-1.umap
[2020.07.17-04.34.15:168][269]LogWorld: UWorld::CleanupWorld for Introvideos, bSessionEnded=true, bCleanupResources=true
[2020.07.17-04.34.15:168][269]LogSlate: InvalidateAllWidgets triggered.  All widgets were invalidated
[2020.07.17-04.34.15:168][269]MapCheck: New page: Map Check
[2020.07.17-04.34.15:168][269]LightingResults: New page: Lighting Build
[2020.07.17-04.34.15:199][269]LogUObjectHash: Compacting FUObjectHashTables data took   2.85ms
[2020.07.17-04.34.15:331][269]LogEditorServer: Finished looking for orphan Actors (0.000 secs)
[2020.07.17-04.34.15:389][269]LogUObjectHash: Compacting FUObjectHashTables data took   1.99ms
[2020.07.17-04.34.15:423][269]Cmd: MAP CHECKDEP NOCLEARLOG
[2020.07.17-04.34.15:424][269]MapCheck: Map check complete: 0 Error(s), 0 Warning(s), took 0.154ms to complete.
[2020.07.17-04.34.15:424][269]LogFileHelpers: Loading map 'try2-1' took 0.258
[2020.07.17-04.34.15:487][269]LogSlate: Took 0.002349 seconds to synchronously load lazily loaded font '../../../Engine/Content/Slate/Fonts/DroidSansFallback.ttf' (3848K)
[2020.07.17-04.34.15:500][271]LogRenderer: Reallocating scene render targets to support 832x600 Format 10 NumSamples 1 (Frame:1).
[2020.07.17-04.35.16:884][541]LogTemp: Repeating last play command: Selected Viewport
[2020.07.17-04.35.16:904][541]LogBlueprintUserMessages: Early PlayInEditor Detection: Level '/Game/Maps/try2-1.try2-1:PersistentLevel' has LevelScriptBlueprint '/Game/Maps/try2-1.try2-1:PersistentLevel.try2-1' with GeneratedClass '/Game/Maps/try2-1.try2-1_C' with ClassGeneratedBy '/Game/Maps/try2-1.try2-1:PersistentLevel.try2-1'
[2020.07.17-04.35.16:904][541]LogPlayLevel: PlayLevel: No blueprints needed recompiling
[2020.07.17-04.35.16:904][541]PIE: New page: PIE session: try2-1 (Jul 16, 2020, 8:35:16 PM)
[2020.07.17-04.35.16:905][541]LogOnline: OSS: Creating online subsystem instance for: NULL
[2020.07.17-04.35.16:906][541]LogOnline: OSS: TryLoadSubsystemAndSetDefault: Loaded subsystem for module [NULL]
[2020.07.17-04.35.16:906][541]LogPlayLevel: Creating play world package: /Game/Maps/UEDPIE_0_try2-1
[2020.07.17-04.35.16:932][541]LogPlayLevel: PIE: StaticDuplicateObject took: (0.025470s)
[2020.07.17-04.35.16:933][541]LogAIModule: Creating AISystem for world try2-1
[2020.07.17-04.35.16:933][541]LogPlayLevel: PIE: World Init took: (0.001352s)
[2020.07.17-04.35.16:933][541]LogPlayLevel: PIE: Created PIE world by copying editor world from /Game/Maps/try2-1.try2-1 to /Game/Maps/UEDPIE_0_try2-1.try2-1 (0.027205s)
[2020.07.17-04.35.16:963][541]LogUObjectHash: Compacting FUObjectHashTables data took   2.26ms
[2020.07.17-04.35.16:965][541]LogAudioMixer: Display: Audio Mixer Platform Settings:
[2020.07.17-04.35.16:965][541]LogAudioMixer: Display: 	Sample Rate:						  48000
[2020.07.17-04.35.16:965][541]LogAudioMixer: Display: 	Callback Buffer Frame Size Requested: 1024
[2020.07.17-04.35.16:965][541]LogAudioMixer: Display: 	Callback Buffer Frame Size To Use:	  1024
[2020.07.17-04.35.16:965][541]LogAudioMixer: Display: 	Number of buffers to queue:			  2
[2020.07.17-04.35.16:965][541]LogAudioMixer: Display: 	Max Channels (voices):				  32
[2020.07.17-04.35.16:965][541]LogAudioMixer: Display: 	Number of Async Source Workers:		  0
[2020.07.17-04.35.16:965][541]LogAudio: Display: AudioDevice MaxSources: 32
[2020.07.17-04.35.16:966][541]LogAudio: Display: Using built-in audio occlusion.
[2020.07.17-04.35.16:966][541]LogAudioMixer: Display: Initializing audio mixer.
[2020.07.17-04.35.16:968][541]LogAudioMixer: Display: Audio Device Output Speaker Info:
[2020.07.17-04.35.16:968][541]LogAudioMixer: Display: Name: Altavoces / Auriculares (IDT High Definition Audio CODEC)
[2020.07.17-04.35.16:968][541]LogAudioMixer: Display: Is Default: Yes
[2020.07.17-04.35.16:968][541]LogAudioMixer: Display: Sample Rate: 48000
[2020.07.17-04.35.16:968][541]LogAudioMixer: Display: Channel Count Used: 2
[2020.07.17-04.35.16:968][541]LogAudioMixer: Display: Device Channel Count: 2
[2020.07.17-04.35.16:968][541]LogAudioMixer: Display: Channel Order:
[2020.07.17-04.35.16:968][541]LogAudioMixer: Display: 0: FrontLeft
[2020.07.17-04.35.16:968][541]LogAudioMixer: Display: 1: FrontRight
[2020.07.17-04.35.16:986][541]LogAudioMixer: Display: Using Audio Device Altavoces / Auriculares (IDT High Definition Audio CODEC)
[2020.07.17-04.35.16:988][541]LogInit: FAudioDevice initialized.
[2020.07.17-04.35.17:014][541]LogLoad: Game class is 'gamemode_C'
[2020.07.17-04.35.17:027][541]LogWorld: Bringing World /Game/Maps/UEDPIE_0_try2-1.try2-1 up for play (max tick rate 0) at 2020.07.17-00.35.17
[2020.07.17-04.35.17:028][541]LogWorld: Bringing up level for play took: 0.013382
[2020.07.17-04.35.17:029][541]LogOnline: OSS: Creating online subsystem instance for: :Context_1
[2020.07.17-04.35.17:032][541]LogContentBrowser: Native class hierarchy updated for 'MovieSceneCapture' in 0.0004 seconds. Added 20 classes and 0 folders.
[2020.07.17-04.35.17:033][541]LogGameMode: Display: Match State Changed from EnteringMap to WaitingToStart
[2020.07.17-04.35.17:033][541]LogGameState: Match State Changed from EnteringMap to WaitingToStart
[2020.07.17-04.35.17:033][541]LogGameMode: Display: Match State Changed from WaitingToStart to InProgress
[2020.07.17-04.35.17:110][541]LogGameState: Match State Changed from WaitingToStart to InProgress
[2020.07.17-04.35.17:111][541]PIE: Play in editor start time for /Game/Maps/UEDPIE_0_try2-1 0.581
[2020.07.17-04.35.17:111][541]LogBlueprintUserMessages: Late PlayInEditor Detection: Level '/Game/Maps/try2-1.try2-1:PersistentLevel' has LevelScriptBlueprint '/Game/Maps/try2-1.try2-1:PersistentLevel.try2-1' with GeneratedClass '/Game/Maps/try2-1.try2-1_C' with ClassGeneratedBy '/Game/Maps/try2-1.try2-1:PersistentLevel.try2-1'
[2020.07.17-04.35.35:596][446]LogAudioMixer: Display: No commands were queued while flushing the source manager.
[2020.07.17-04.35.35:609][446]LogAudioMixer: Display: Flush succeeded in the source manager command queue (1).
[2020.07.17-04.35.35:629][446]LogAudioMixer: Display: Flush succeeded the source manager command queue (2).
[2020.07.17-04.35.35:629][446]LogBlueprintUserMessages: Early EndPlayMap Detection: Level '/Game/Maps/try2-1.try2-1:PersistentLevel' has LevelScriptBlueprint '/Game/Maps/try2-1.try2-1:PersistentLevel.try2-1' with GeneratedClass '/Game/Maps/try2-1.try2-1_C' with ClassGeneratedBy '/Game/Maps/try2-1.try2-1:PersistentLevel.try2-1'
[2020.07.17-04.35.35:630][446]LogSlate: Updating window title bar state: overlay mode, drag disabled, window buttons hidden, title bar hidden
[2020.07.17-04.35.35:630][446]LogWorld: BeginTearingDown for /Game/Maps/UEDPIE_0_try2-1
[2020.07.17-04.35.35:630][446]LogAudioMixer: Display: No commands were queued while flushing the source manager.
[2020.07.17-04.35.35:630][446]LogWorld: UWorld::CleanupWorld for try2-1, bSessionEnded=true, bCleanupResources=true
[2020.07.17-04.35.35:700][446]LogSlate: InvalidateAllWidgets triggered.  All widgets were invalidated
[2020.07.17-04.35.35:709][446]LogPlayLevel: Display: Shutting down PIE online subsystems
[2020.07.17-04.35.35:709][446]LogBlueprintUserMessages: Late EndPlayMap Detection: Level '/Game/Maps/try2-1.try2-1:PersistentLevel' has LevelScriptBlueprint '/Game/Maps/try2-1.try2-1:PersistentLevel.try2-1' with GeneratedClass '/Game/Maps/try2-1.try2-1_C' with ClassGeneratedBy '/Game/Maps/try2-1.try2-1:PersistentLevel.try2-1'
[2020.07.17-04.35.35:713][446]LogSlate: InvalidateAllWidgets triggered.  All widgets were invalidated
[2020.07.17-04.35.35:742][446]LogAudioMixer: Display: No commands were queued while flushing the source manager.
[2020.07.17-04.35.35:746][446]LogSlate: Updating window title bar state: overlay mode, drag disabled, window buttons hidden, title bar hidden
[2020.07.17-04.35.35:751][446]LogUObjectHash: Compacting FUObjectHashTables data took   2.67ms
[2020.07.17-04.35.35:778][447]LogPlayLevel: Display: Destroying online subsystem :Context_1
[2020.07.17-04.35.39:449][631]LogAssetEditorSubsystem: Opening Asset editor for LevelScriptBlueprint /Game/Maps/try2-1.try2-1:PersistentLevel.try2-1
[2020.07.17-04.35.39:684][631]LogContentBrowser: Native class hierarchy updated for 'BlueprintGraph' in 0.0006 seconds. Added 121 classes and 0 folders.
[2020.07.17-04.35.40:662][631]LogSlate: Took 0.000195 seconds to synchronously load lazily loaded font '../../../Engine/Content/Slate/Fonts/Roboto-BoldCondensed.ttf' (158K)
[2020.07.17-04.35.41:282][632]LogSlate: Took 0.000146 seconds to synchronously load lazily loaded font '../../../Engine/Content/Slate/Fonts/Roboto-Italic.ttf' (157K)
[2020.07.17-04.42.00:025][249]BlueprintLog: New page: Compile try2-1
[2020.07.17-04.42.00:399][249]LogUObjectHash: Compacting FUObjectHashTables data took   5.13ms
[2020.07.17-04.42.29:874][356]Cmd: OBJ SAVEPACKAGE PACKAGE="/Game/Maps/try2-1" FILE="../../../../../../Documentos/Unreal Projects/DreamGuards-0.1/Content/Maps/try2-1.umap" SILENT=true AUTOSAVING=false KEEPDIRTY=false
[2020.07.17-04.42.29:949][356]LogUObjectHash: Compacting FUObjectHashTables data took   6.81ms
[2020.07.17-04.42.30:648][356]LogSavePackage: Moving '../../../../../../Documentos/Unreal Projects/DreamGuards-0.1/Saved/try2-13B1DAED1465DE7246A888185DE007969.tmp' to '../../../../../../Documentos/Unreal Projects/DreamGuards-0.1/Content/Maps/try2-1.umap'
[2020.07.17-04.42.30:684][356]LogFileHelpers: Saving map 'try2-1' took 0.812
[2020.07.17-04.42.30:724][356]AssetCheck: New page: Asset Save: try2-1
[2020.07.17-04.42.30:724][356]LogContentValidation: Display: Validating World /Game/Maps/try2-1.try2-1
[2020.07.17-04.42.31:698][375]LogSlate: Window 'try2-1' being destroyed
[2020.07.17-04.42.31:705][375]LogSlate: Window 'try2-1' being destroyed
[2020.07.17-04.42.31:705][375]LogWorld: UWorld::CleanupWorld for World_0, bSessionEnded=true, bCleanupResources=true
[2020.07.17-04.42.31:705][375]LogSlate: InvalidateAllWidgets triggered.  All widgets were invalidated
[2020.07.17-04.42.32:518][408]LogTemp: Repeating last play command: Selected Viewport
[2020.07.17-04.42.32:546][408]LogBlueprintUserMessages: Early PlayInEditor Detection: Level '/Game/Maps/try2-1.try2-1:PersistentLevel' has LevelScriptBlueprint '/Game/Maps/try2-1.try2-1:PersistentLevel.try2-1' with GeneratedClass '/Game/Maps/try2-1.try2-1_C' with ClassGeneratedBy '/Game/Maps/try2-1.try2-1:PersistentLevel.try2-1'
[2020.07.17-04.42.32:546][408]LogPlayLevel: PlayLevel: No blueprints needed recompiling
[2020.07.17-04.42.32:546][408]PIE: New page: PIE session: try2-1 (Jul 16, 2020, 8:42:32 PM)
[2020.07.17-04.42.32:546][408]LogPlayLevel: Creating play world package: /Game/Maps/UEDPIE_0_try2-1
[2020.07.17-04.42.32:577][408]LogPlayLevel: PIE: StaticDuplicateObject took: (0.031279s)
[2020.07.17-04.42.32:579][408]LogAIModule: Creating AISystem for world try2-1
[2020.07.17-04.42.32:579][408]LogPlayLevel: PIE: World Init took: (0.001378s)
[2020.07.17-04.42.32:579][408]LogPlayLevel: PIE: Created PIE world by copying editor world from /Game/Maps/try2-1.try2-1 to /Game/Maps/UEDPIE_0_try2-1.try2-1 (0.032819s)
[2020.07.17-04.42.32:629][408]LogUObjectHash: Compacting FUObjectHashTables data took   6.40ms
[2020.07.17-04.42.32:633][408]LogAudioMixer: Display: Audio Mixer Platform Settings:
[2020.07.17-04.42.32:633][408]LogAudioMixer: Display: 	Sample Rate:						  48000
[2020.07.17-04.42.32:633][408]LogAudioMixer: Display: 	Callback Buffer Frame Size Requested: 1024
[2020.07.17-04.42.32:633][408]LogAudioMixer: Display: 	Callback Buffer Frame Size To Use:	  1024
[2020.07.17-04.42.32:633][408]LogAudioMixer: Display: 	Number of buffers to queue:			  2
[2020.07.17-04.42.32:633][408]LogAudioMixer: Display: 	Max Channels (voices):				  32
[2020.07.17-04.42.32:633][408]LogAudioMixer: Display: 	Number of Async Source Workers:		  0
[2020.07.17-04.42.32:633][408]LogAudio: Display: AudioDevice MaxSources: 32
[2020.07.17-04.42.32:633][408]LogAudio: Display: Using built-in audio occlusion.
[2020.07.17-04.42.32:634][408]LogAudioMixer: Display: Initializing audio mixer.
[2020.07.17-04.42.32:636][408]LogAudioMixer: Display: Audio Device Output Speaker Info:
[2020.07.17-04.42.32:636][408]LogAudioMixer: Display: Name: Altavoces / Auriculares (IDT High Definition Audio CODEC)
[2020.07.17-04.42.32:636][408]LogAudioMixer: Display: Is Default: Yes
[2020.07.17-04.42.32:636][408]LogAudioMixer: Display: Sample Rate: 48000
[2020.07.17-04.42.32:636][408]LogAudioMixer: Display: Channel Count Used: 2
[2020.07.17-04.42.32:636][408]LogAudioMixer: Display: Device Channel Count: 2
[2020.07.17-04.42.32:636][408]LogAudioMixer: Display: Channel Order:
[2020.07.17-04.42.32:636][408]LogAudioMixer: Display: 0: FrontLeft
[2020.07.17-04.42.32:636][408]LogAudioMixer: Display: 1: FrontRight
[2020.07.17-04.42.32:655][408]LogAudioMixer: Display: Using Audio Device Altavoces / Auriculares (IDT High Definition Audio CODEC)
[2020.07.17-04.42.32:657][408]LogInit: FAudioDevice initialized.
[2020.07.17-04.42.32:675][408]LogLoad: Game class is 'gamemode_C'
[2020.07.17-04.42.32:684][408]LogWorld: Bringing World /Game/Maps/UEDPIE_0_try2-1.try2-1 up for play (max tick rate 0) at 2020.07.17-00.42.32
[2020.07.17-04.42.32:684][408]LogWorld: Bringing up level for play took: 0.008425
[2020.07.17-04.42.32:684][408]LogOnline: OSS: Creating online subsystem instance for: :Context_3
[2020.07.17-04.42.32:687][408]LogGameMode: Display: Match State Changed from EnteringMap to WaitingToStart
[2020.07.17-04.42.32:687][408]LogGameState: Match State Changed from EnteringMap to WaitingToStart
[2020.07.17-04.42.32:687][408]LogGameMode: Display: Match State Changed from WaitingToStart to InProgress
[2020.07.17-04.42.32:785][408]LogGameState: Match State Changed from WaitingToStart to InProgress
[2020.07.17-04.42.32:785][408]PIE: Play in editor start time for /Game/Maps/UEDPIE_0_try2-1 0.255
[2020.07.17-04.42.32:786][408]LogBlueprintUserMessages: Late PlayInEditor Detection: Level '/Game/Maps/try2-1.try2-1:PersistentLevel' has LevelScriptBlueprint '/Game/Maps/try2-1.try2-1:PersistentLevel.try2-1' with GeneratedClass '/Game/Maps/try2-1.try2-1_C' with ClassGeneratedBy '/Game/Maps/try2-1.try2-1:PersistentLevel.try2-1'
[2020.07.17-04.42.39:832][112]LogScript: Warning: Script Msg: Attempted to access index 1 from array 'CallFunc_GetAllActorsOfClass_OutActors_1' of length 0 in '/Game/Maps/try2-1.try2-1_C:ExecuteUbergraph_try2-1'!
[2020.07.17-04.42.39:832][112]LogScript: Warning: Accessed None trying to read property CallFunc_Array_Get_Item_1
	try2-1_C /Game/Maps/UEDPIE_0_try2-1.try2-1:PersistentLevel.try2-1_C_1
	Function /Game/Maps/try2-1.try2-1_C:ExecuteUbergraph_try2-1:08A1
[2020.07.17-04.42.39:832][112]PIE: Error: Blueprint Runtime Error: "Accessed None trying to read property CallFunc_Array_Get_Item_1". Blueprint:  try2-1 Function:  Execute Ubergraph Try 2-1 Graph:  EventGraph Node:  Set Active
[2020.07.17-04.42.39:832][112]LogScript: Warning: Accessed None
	try2-1_C /Game/Maps/UEDPIE_0_try2-1.try2-1:PersistentLevel.try2-1_C_1
	Function /Game/Maps/try2-1.try2-1_C:ExecuteUbergraph_try2-1:08B6
[2020.07.17-04.42.39:832][112]PIE: Error: Blueprint Runtime Error: "Accessed None". Blueprint:  try2-1 Function:  Execute Ubergraph Try 2-1 Graph:  EventGraph Node:  Set Active
[2020.07.17-04.42.39:832][112]LogScript: Warning: Script Msg: Attempted to access index 1 from array 'CallFunc_GetAllActorsOfClass_OutActors_1' of length 0 in '/Game/Maps/try2-1.try2-1_C:ExecuteUbergraph_try2-1'!
[2020.07.17-04.42.39:832][112]LogScript: Warning: Accessed None trying to read property CallFunc_Array_Get_Item_1
	try2-1_C /Game/Maps/UEDPIE_0_try2-1.try2-1:PersistentLevel.try2-1_C_1
	Function /Game/Maps/try2-1.try2-1_C:ExecuteUbergraph_try2-1:0916
[2020.07.17-04.42.39:833][112]PIE: Error: Blueprint Runtime Error: "Accessed None trying to read property CallFunc_Array_Get_Item_1". Blueprint:  try2-1 Function:  Execute Ubergraph Try 2-1 Graph:  EventGraph Node:  Set Active
[2020.07.17-04.42.39:833][112]LogScript: Warning: Accessed None
	try2-1_C /Game/Maps/UEDPIE_0_try2-1.try2-1:PersistentLevel.try2-1_C_1
	Function /Game/Maps/try2-1.try2-1_C:ExecuteUbergraph_try2-1:092B
[2020.07.17-04.42.39:833][112]PIE: Error: Blueprint Runtime Error: "Accessed None". Blueprint:  try2-1 Function:  Execute Ubergraph Try 2-1 Graph:  EventGraph Node:  Set Active
[2020.07.17-04.42.41:443][278]LogAudioMixer: Display: No commands were queued while flushing the source manager.
[2020.07.17-04.42.41:468][278]LogAudioMixer: Display: Flush succeeded in the source manager command queue (1).
[2020.07.17-04.42.41:488][278]LogAudioMixer: Display: Flush succeeded the source manager command queue (2).
[2020.07.17-04.42.41:488][278]LogBlueprintUserMessages: Early EndPlayMap Detection: Level '/Game/Maps/try2-1.try2-1:PersistentLevel' has LevelScriptBlueprint '/Game/Maps/try2-1.try2-1:PersistentLevel.try2-1' with GeneratedClass '/Game/Maps/try2-1.try2-1_C' with ClassGeneratedBy '/Game/Maps/try2-1.try2-1:PersistentLevel.try2-1'
[2020.07.17-04.42.41:488][278]LogSlate: Updating window title bar state: overlay mode, drag disabled, window buttons hidden, title bar hidden
[2020.07.17-04.42.41:488][278]LogWorld: BeginTearingDown for /Game/Maps/UEDPIE_0_try2-1
[2020.07.17-04.42.41:488][278]LogAudioMixer: Display: No commands were queued while flushing the source manager.
[2020.07.17-04.42.41:489][278]LogWorld: UWorld::CleanupWorld for try2-1, bSessionEnded=true, bCleanupResources=true
[2020.07.17-04.42.41:561][278]LogSlate: InvalidateAllWidgets triggered.  All widgets were invalidated
[2020.07.17-04.42.41:570][278]LogPlayLevel: Display: Shutting down PIE online subsystems
[2020.07.17-04.42.41:570][278]LogBlueprintUserMessages: Late EndPlayMap Detection: Level '/Game/Maps/try2-1.try2-1:PersistentLevel' has LevelScriptBlueprint '/Game/Maps/try2-1.try2-1:PersistentLevel.try2-1' with GeneratedClass '/Game/Maps/try2-1.try2-1_C' with ClassGeneratedBy '/Game/Maps/try2-1.try2-1:PersistentLevel.try2-1'
[2020.07.17-04.42.41:575][278]LogSlate: InvalidateAllWidgets triggered.  All widgets were invalidated
[2020.07.17-04.42.41:611][278]LogAudioMixer: Display: No commands were queued while flushing the source manager.
[2020.07.17-04.42.41:615][278]LogSlate: Updating window title bar state: overlay mode, drag disabled, window buttons hidden, title bar hidden
[2020.07.17-04.42.41:625][278]LogUObjectHash: Compacting FUObjectHashTables data took   5.50ms
[2020.07.17-04.42.41:768][279]LogPlayLevel: Display: Destroying online subsystem :Context_3
[2020.07.17-04.42.43:783][357]LogAssetEditorSubsystem: Opening Asset editor for LevelScriptBlueprint /Game/Maps/try2-1.try2-1:PersistentLevel.try2-1
[2020.07.17-04.43.46:574][348]BlueprintLog: New page: Compile try2-1
[2020.07.17-04.43.46:949][348]LogUObjectHash: Compacting FUObjectHashTables data took   4.63ms
[2020.07.17-04.43.47:833][362]Cmd: OBJ SAVEPACKAGE PACKAGE="/Game/Maps/try2-1" FILE="../../../../../../Documentos/Unreal Projects/DreamGuards-0.1/Content/Maps/try2-1.umap" SILENT=true AUTOSAVING=false KEEPDIRTY=false
[2020.07.17-04.43.47:882][362]LogUObjectHash: Compacting FUObjectHashTables data took   4.54ms
[2020.07.17-04.43.48:572][362]LogSavePackage: Moving '../../../../../../Documentos/Unreal Projects/DreamGuards-0.1/Saved/try2-11D3C909949E95E43AA425B98E3464A39.tmp' to '../../../../../../Documentos/Unreal Projects/DreamGuards-0.1/Content/Maps/try2-1.umap'
[2020.07.17-04.43.48:609][362]LogFileHelpers: Saving map 'try2-1' took 0.776
[2020.07.17-04.43.48:640][362]AssetCheck: New page: Asset Save: try2-1
[2020.07.17-04.43.48:640][362]LogContentValidation: Display: Validating World /Game/Maps/try2-1.try2-1
[2020.07.17-04.43.49:675][387]LogSlate: Window 'Message Log' being destroyed
[2020.07.17-04.43.49:706][387]LogSlate: Window 'Message Log' being destroyed
[2020.07.17-04.43.51:506][457]LogSlate: Window 'try2-1' being destroyed
[2020.07.17-04.43.51:531][457]LogSlate: Window 'try2-1' being destroyed
[2020.07.17-04.43.51:532][457]LogWorld: UWorld::CleanupWorld for World_1, bSessionEnded=true, bCleanupResources=true
[2020.07.17-04.43.51:532][457]LogSlate: InvalidateAllWidgets triggered.  All widgets were invalidated
[2020.07.17-04.43.52:570][502]LogTemp: Repeating last play command: Selected Viewport
[2020.07.17-04.43.52:597][502]LogBlueprintUserMessages: Early PlayInEditor Detection: Level '/Game/Maps/try2-1.try2-1:PersistentLevel' has LevelScriptBlueprint '/Game/Maps/try2-1.try2-1:PersistentLevel.try2-1' with GeneratedClass '/Game/Maps/try2-1.try2-1_C' with ClassGeneratedBy '/Game/Maps/try2-1.try2-1:PersistentLevel.try2-1'
[2020.07.17-04.43.52:597][502]LogPlayLevel: PlayLevel: No blueprints needed recompiling
[2020.07.17-04.43.52:597][502]PIE: New page: PIE session: try2-1 (Jul 16, 2020, 8:43:52 PM)
[2020.07.17-04.43.52:597][502]LogPlayLevel: Creating play world package: /Game/Maps/UEDPIE_0_try2-1
[2020.07.17-04.43.52:625][502]LogPlayLevel: PIE: StaticDuplicateObject took: (0.027683s)
[2020.07.17-04.43.52:626][502]LogAIModule: Creating AISystem for world try2-1
[2020.07.17-04.43.52:626][502]LogPlayLevel: PIE: World Init took: (0.001259s)
[2020.07.17-04.43.52:627][502]LogPlayLevel: PIE: Created PIE world by copying editor world from /Game/Maps/try2-1.try2-1 to /Game/Maps/UEDPIE_0_try2-1.try2-1 (0.029091s)
[2020.07.17-04.43.52:673][502]LogUObjectHash: Compacting FUObjectHashTables data took   7.57ms
[2020.07.17-04.43.52:674][502]LogAudioMixer: Display: Audio Mixer Platform Settings:
[2020.07.17-04.43.52:674][502]LogAudioMixer: Display: 	Sample Rate:						  48000
[2020.07.17-04.43.52:674][502]LogAudioMixer: Display: 	Callback Buffer Frame Size Requested: 1024
[2020.07.17-04.43.52:674][502]LogAudioMixer: Display: 	Callback Buffer Frame Size To Use:	  1024
[2020.07.17-04.43.52:674][502]LogAudioMixer: Display: 	Number of buffers to queue:			  2
[2020.07.17-04.43.52:674][502]LogAudioMixer: Display: 	Max Channels (voices):				  32
[2020.07.17-04.43.52:674][502]LogAudioMixer: Display: 	Number of Async Source Workers:		  0
[2020.07.17-04.43.52:674][502]LogAudio: Display: AudioDevice MaxSources: 32
[2020.07.17-04.43.52:675][502]LogAudio: Display: Using built-in audio occlusion.
[2020.07.17-04.43.52:675][502]LogAudioMixer: Display: Initializing audio mixer.
[2020.07.17-04.43.52:678][502]LogAudioMixer: Display: Audio Device Output Speaker Info:
[2020.07.17-04.43.52:678][502]LogAudioMixer: Display: Name: Altavoces / Auriculares (IDT High Definition Audio CODEC)
[2020.07.17-04.43.52:678][502]LogAudioMixer: Display: Is Default: Yes
[2020.07.17-04.43.52:678][502]LogAudioMixer: Display: Sample Rate: 48000
[2020.07.17-04.43.52:678][502]LogAudioMixer: Display: Channel Count Used: 2
[2020.07.17-04.43.52:678][502]LogAudioMixer: Display: Device Channel Count: 2
[2020.07.17-04.43.52:678][502]LogAudioMixer: Display: Channel Order:
[2020.07.17-04.43.52:678][502]LogAudioMixer: Display: 0: FrontLeft
[2020.07.17-04.43.52:678][502]LogAudioMixer: Display: 1: FrontRight
[2020.07.17-04.43.52:700][502]LogAudioMixer: Display: Using Audio Device Altavoces / Auriculares (IDT High Definition Audio CODEC)
[2020.07.17-04.43.52:702][502]LogInit: FAudioDevice initialized.
[2020.07.17-04.43.52:724][502]LogLoad: Game class is 'gamemode_C'
[2020.07.17-04.43.52:733][502]LogWorld: Bringing World /Game/Maps/UEDPIE_0_try2-1.try2-1 up for play (max tick rate 0) at 2020.07.17-00.43.52
[2020.07.17-04.43.52:734][502]LogWorld: Bringing up level for play took: 0.008494
[2020.07.17-04.43.52:734][502]LogOnline: OSS: Creating online subsystem instance for: :Context_5
[2020.07.17-04.43.52:736][502]LogGameMode: Display: Match State Changed from EnteringMap to WaitingToStart
[2020.07.17-04.43.52:736][502]LogGameState: Match State Changed from EnteringMap to WaitingToStart
[2020.07.17-04.43.52:736][502]LogGameMode: Display: Match State Changed from WaitingToStart to InProgress
[2020.07.17-04.43.52:824][502]LogGameState: Match State Changed from WaitingToStart to InProgress
[2020.07.17-04.43.52:824][502]PIE: Play in editor start time for /Game/Maps/UEDPIE_0_try2-1 0.294
[2020.07.17-04.43.52:824][502]LogBlueprintUserMessages: Late PlayInEditor Detection: Level '/Game/Maps/try2-1.try2-1:PersistentLevel' has LevelScriptBlueprint '/Game/Maps/try2-1.try2-1:PersistentLevel.try2-1' with GeneratedClass '/Game/Maps/try2-1.try2-1_C' with ClassGeneratedBy '/Game/Maps/try2-1.try2-1:PersistentLevel.try2-1'
[2020.07.17-04.44.07:115][986]LogAudioMixer: Display: No commands were queued while flushing the source manager.
[2020.07.17-04.44.07:128][986]LogAudioMixer: Display: Flush succeeded in the source manager command queue (1).
[2020.07.17-04.44.07:148][986]LogAudioMixer: Display: Flush succeeded the source manager command queue (2).
[2020.07.17-04.44.07:148][986]LogBlueprintUserMessages: Early EndPlayMap Detection: Level '/Game/Maps/try2-1.try2-1:PersistentLevel' has LevelScriptBlueprint '/Game/Maps/try2-1.try2-1:PersistentLevel.try2-1' with GeneratedClass '/Game/Maps/try2-1.try2-1_C' with ClassGeneratedBy '/Game/Maps/try2-1.try2-1:PersistentLevel.try2-1'
[2020.07.17-04.44.07:149][986]LogSlate: Updating window title bar state: overlay mode, drag disabled, window buttons hidden, title bar hidden
[2020.07.17-04.44.07:149][986]LogWorld: BeginTearingDown for /Game/Maps/UEDPIE_0_try2-1
[2020.07.17-04.44.07:149][986]LogAudioMixer: Display: No commands were queued while flushing the source manager.
[2020.07.17-04.44.07:149][986]LogWorld: UWorld::CleanupWorld for try2-1, bSessionEnded=true, bCleanupResources=true
[2020.07.17-04.44.07:231][986]LogSlate: InvalidateAllWidgets triggered.  All widgets were invalidated
[2020.07.17-04.44.07:244][986]LogPlayLevel: Display: Shutting down PIE online subsystems
[2020.07.17-04.44.07:245][986]LogBlueprintUserMessages: Late EndPlayMap Detection: Level '/Game/Maps/try2-1.try2-1:PersistentLevel' has LevelScriptBlueprint '/Game/Maps/try2-1.try2-1:PersistentLevel.try2-1' with GeneratedClass '/Game/Maps/try2-1.try2-1_C' with ClassGeneratedBy '/Game/Maps/try2-1.try2-1:PersistentLevel.try2-1'
[2020.07.17-04.44.07:255][986]LogSlate: InvalidateAllWidgets triggered.  All widgets were invalidated
[2020.07.17-04.44.07:321][986]LogAudioMixer: Display: No commands were queued while flushing the source manager.
[2020.07.17-04.44.07:325][986]LogSlate: Updating window title bar state: overlay mode, drag disabled, window buttons hidden, title bar hidden
[2020.07.17-04.44.07:333][986]LogUObjectHash: Compacting FUObjectHashTables data took   4.95ms
[2020.07.17-04.44.07:362][987]LogPlayLevel: Display: Destroying online subsystem :Context_5
[2020.07.17-04.44.10:599][146]LogAssetEditorSubsystem: Opening Asset editor for LevelScriptBlueprint /Game/Maps/try2-1.try2-1:PersistentLevel.try2-1
[2020.07.17-04.50.02:172][541]BlueprintLog: New page: Compile try2-1
[2020.07.17-04.50.02:581][541]LogUObjectHash: Compacting FUObjectHashTables data took   4.78ms
[2020.07.17-04.50.03:566][561]Cmd: OBJ SAVEPACKAGE PACKAGE="/Game/Maps/try2-1" FILE="../../../../../../Documentos/Unreal Projects/DreamGuards-0.1/Content/Maps/try2-1.umap" SILENT=true AUTOSAVING=false KEEPDIRTY=false
[2020.07.17-04.50.03:615][561]LogUObjectHash: Compacting FUObjectHashTables data took   5.81ms
[2020.07.17-04.50.04:322][561]LogSavePackage: Moving '../../../../../../Documentos/Unreal Projects/DreamGuards-0.1/Saved/try2-12D436D6047A2B99A2605D4B70E307348.tmp' to '../../../../../../Documentos/Unreal Projects/DreamGuards-0.1/Content/Maps/try2-1.umap'
[2020.07.17-04.50.04:361][561]LogFileHelpers: Saving map 'try2-1' took 0.796
[2020.07.17-04.50.04:407][561]AssetCheck: New page: Asset Save: try2-1
[2020.07.17-04.50.04:407][561]LogContentValidation: Display: Validating World /Game/Maps/try2-1.try2-1
[2020.07.17-04.50.18:434][108]Cmd: OBJ SAVEPACKAGE PACKAGE="/Game/Maps/try2-1" FILE="../../../../../../Documentos/Unreal Projects/DreamGuards-0.1/Content/Maps/try2-1.umap" SILENT=true AUTOSAVING=false KEEPDIRTY=false
[2020.07.17-04.50.18:479][108]LogUObjectHash: Compacting FUObjectHashTables data took   5.62ms
[2020.07.17-04.50.19:174][108]LogSavePackage: Moving '../../../../../../Documentos/Unreal Projects/DreamGuards-0.1/Saved/try2-11C7F61B94A78B4C31A5F60AC7C4B9980.tmp' to '../../../../../../Documentos/Unreal Projects/DreamGuards-0.1/Content/Maps/try2-1.umap'
[2020.07.17-04.50.19:215][108]LogFileHelpers: Saving map 'try2-1' took 0.783
[2020.07.17-04.50.19:257][108]AssetCheck: New page: Asset Save: try2-1
[2020.07.17-04.50.19:257][108]LogContentValidation: Display: Validating World /Game/Maps/try2-1.try2-1
[2020.07.17-04.55.14:230][345]BlueprintLog: New page: Compile try2-1
[2020.07.17-04.55.14:656][345]LogUObjectHash: Compacting FUObjectHashTables data took   6.71ms
[2020.07.17-04.55.15:832][373]Cmd: OBJ SAVEPACKAGE PACKAGE="/Game/Maps/try2-1" FILE="../../../../../../Documentos/Unreal Projects/DreamGuards-0.1/Content/Maps/try2-1.umap" SILENT=true AUTOSAVING=false KEEPDIRTY=false
[2020.07.17-04.55.15:887][373]LogUObjectHash: Compacting FUObjectHashTables data took   5.20ms
[2020.07.17-04.55.16:601][373]LogSavePackage: Moving '../../../../../../Documentos/Unreal Projects/DreamGuards-0.1/Saved/try2-102D49D1F4E4550A01A85FEB80BF50EB4.tmp' to '../../../../../../Documentos/Unreal Projects/DreamGuards-0.1/Content/Maps/try2-1.umap'
[2020.07.17-04.55.16:645][373]LogFileHelpers: Saving map 'try2-1' took 0.813
[2020.07.17-04.55.16:690][373]AssetCheck: New page: Asset Save: try2-1
[2020.07.17-04.55.16:690][373]LogContentValidation: Display: Validating World /Game/Maps/try2-1.try2-1
[2020.07.17-04.55.18:715][444]LogSlate: Window 'try2-1' being destroyed
[2020.07.17-04.55.18:741][444]LogSlate: Window 'try2-1' being destroyed
[2020.07.17-04.55.18:741][444]LogWorld: UWorld::CleanupWorld for World_2, bSessionEnded=true, bCleanupResources=true
[2020.07.17-04.55.18:741][444]LogSlate: InvalidateAllWidgets triggered.  All widgets were invalidated
[2020.07.17-04.55.19:794][489]LogTemp: Repeating last play command: Selected Viewport
[2020.07.17-04.55.19:821][489]LogBlueprintUserMessages: Early PlayInEditor Detection: Level '/Game/Maps/try2-1.try2-1:PersistentLevel' has LevelScriptBlueprint '/Game/Maps/try2-1.try2-1:PersistentLevel.try2-1' with GeneratedClass '/Game/Maps/try2-1.try2-1_C' with ClassGeneratedBy '/Game/Maps/try2-1.try2-1:PersistentLevel.try2-1'
[2020.07.17-04.55.19:821][489]LogPlayLevel: PlayLevel: No blueprints needed recompiling
[2020.07.17-04.55.19:821][489]PIE: New page: PIE session: try2-1 (Jul 16, 2020, 8:55:19 PM)
[2020.07.17-04.55.19:821][489]LogPlayLevel: Creating play world package: /Game/Maps/UEDPIE_0_try2-1
[2020.07.17-04.55.19:850][489]LogPlayLevel: PIE: StaticDuplicateObject took: (0.028935s)
[2020.07.17-04.55.19:851][489]LogAIModule: Creating AISystem for world try2-1
[2020.07.17-04.55.19:852][489]LogPlayLevel: PIE: World Init took: (0.001606s)
[2020.07.17-04.55.19:852][489]LogPlayLevel: PIE: Created PIE world by copying editor world from /Game/Maps/try2-1.try2-1 to /Game/Maps/UEDPIE_0_try2-1.try2-1 (0.030700s)
[2020.07.17-04.55.19:907][489]LogUObjectHash: Compacting FUObjectHashTables data took   5.83ms
[2020.07.17-04.55.19:908][489]LogAudioMixer: Display: Audio Mixer Platform Settings:
[2020.07.17-04.55.19:908][489]LogAudioMixer: Display: 	Sample Rate:						  48000
[2020.07.17-04.55.19:908][489]LogAudioMixer: Display: 	Callback Buffer Frame Size Requested: 1024
[2020.07.17-04.55.19:908][489]LogAudioMixer: Display: 	Callback Buffer Frame Size To Use:	  1024
[2020.07.17-04.55.19:908][489]LogAudioMixer: Display: 	Number of buffers to queue:			  2
[2020.07.17-04.55.19:908][489]LogAudioMixer: Display: 	Max Channels (voices):				  32
[2020.07.17-04.55.19:908][489]LogAudioMixer: Display: 	Number of Async Source Workers:		  0
[2020.07.17-04.55.19:908][489]LogAudio: Display: AudioDevice MaxSources: 32
[2020.07.17-04.55.19:909][489]LogAudio: Display: Using built-in audio occlusion.
[2020.07.17-04.55.19:909][489]LogAudioMixer: Display: Initializing audio mixer.
[2020.07.17-04.55.19:911][489]LogAudioMixer: Display: Audio Device Output Speaker Info:
[2020.07.17-04.55.19:911][489]LogAudioMixer: Display: Name: Altavoces / Auriculares (IDT High Definition Audio CODEC)
[2020.07.17-04.55.19:911][489]LogAudioMixer: Display: Is Default: Yes
[2020.07.17-04.55.19:911][489]LogAudioMixer: Display: Sample Rate: 48000
[2020.07.17-04.55.19:911][489]LogAudioMixer: Display: Channel Count Used: 2
[2020.07.17-04.55.19:911][489]LogAudioMixer: Display: Device Channel Count: 2
[2020.07.17-04.55.19:911][489]LogAudioMixer: Display: Channel Order:
[2020.07.17-04.55.19:911][489]LogAudioMixer: Display: 0: FrontLeft
[2020.07.17-04.55.19:911][489]LogAudioMixer: Display: 1: FrontRight
[2020.07.17-04.55.19:928][489]LogAudioMixer: Display: Using Audio Device Altavoces / Auriculares (IDT High Definition Audio CODEC)
[2020.07.17-04.55.19:929][489]LogInit: FAudioDevice initialized.
[2020.07.17-04.55.19:937][489]LogLoad: Game class is 'gamemode_C'
[2020.07.17-04.55.19:944][489]LogWorld: Bringing World /Game/Maps/UEDPIE_0_try2-1.try2-1 up for play (max tick rate 0) at 2020.07.17-00.55.19
[2020.07.17-04.55.19:945][489]LogWorld: Bringing up level for play took: 0.007412
[2020.07.17-04.55.19:945][489]LogOnline: OSS: Creating online subsystem instance for: :Context_7
[2020.07.17-04.55.19:947][489]LogGameMode: Display: Match State Changed from EnteringMap to WaitingToStart
[2020.07.17-04.55.19:948][489]LogGameState: Match State Changed from EnteringMap to WaitingToStart
[2020.07.17-04.55.19:948][489]LogGameMode: Display: Match State Changed from WaitingToStart to InProgress
[2020.07.17-04.55.20:045][489]LogGameState: Match State Changed from WaitingToStart to InProgress
[2020.07.17-04.55.20:045][489]PIE: Play in editor start time for /Game/Maps/UEDPIE_0_try2-1 -0.485
[2020.07.17-04.55.20:046][489]LogBlueprintUserMessages: Late PlayInEditor Detection: Level '/Game/Maps/try2-1.try2-1:PersistentLevel' has LevelScriptBlueprint '/Game/Maps/try2-1.try2-1:PersistentLevel.try2-1' with GeneratedClass '/Game/Maps/try2-1.try2-1_C' with ClassGeneratedBy '/Game/Maps/try2-1.try2-1:PersistentLevel.try2-1'
[2020.07.17-04.55.25:634][ 35]LogAudioMixer: Display: No commands were queued while flushing the source manager.
[2020.07.17-04.55.25:645][ 35]LogAudioMixer: Display: Flush succeeded in the source manager command queue (1).
[2020.07.17-04.55.25:664][ 35]LogAudioMixer: Display: Flush succeeded the source manager command queue (2).
[2020.07.17-04.55.25:665][ 35]LogBlueprintUserMessages: Early EndPlayMap Detection: Level '/Game/Maps/try2-1.try2-1:PersistentLevel' has LevelScriptBlueprint '/Game/Maps/try2-1.try2-1:PersistentLevel.try2-1' with GeneratedClass '/Game/Maps/try2-1.try2-1_C' with ClassGeneratedBy '/Game/Maps/try2-1.try2-1:PersistentLevel.try2-1'
[2020.07.17-04.55.25:665][ 35]LogSlate: Updating window title bar state: overlay mode, drag disabled, window buttons hidden, title bar hidden
[2020.07.17-04.55.25:665][ 35]LogWorld: BeginTearingDown for /Game/Maps/UEDPIE_0_try2-1
[2020.07.17-04.55.25:665][ 35]LogAudioMixer: Display: No commands were queued while flushing the source manager.
[2020.07.17-04.55.25:665][ 35]LogWorld: UWorld::CleanupWorld for try2-1, bSessionEnded=true, bCleanupResources=true
[2020.07.17-04.55.25:741][ 35]LogSlate: InvalidateAllWidgets triggered.  All widgets were invalidated
[2020.07.17-04.55.25:751][ 35]LogPlayLevel: Display: Shutting down PIE online subsystems
[2020.07.17-04.55.25:751][ 35]LogBlueprintUserMessages: Late EndPlayMap Detection: Level '/Game/Maps/try2-1.try2-1:PersistentLevel' has LevelScriptBlueprint '/Game/Maps/try2-1.try2-1:PersistentLevel.try2-1' with GeneratedClass '/Game/Maps/try2-1.try2-1_C' with ClassGeneratedBy '/Game/Maps/try2-1.try2-1:PersistentLevel.try2-1'
[2020.07.17-04.55.25:757][ 35]LogSlate: InvalidateAllWidgets triggered.  All widgets were invalidated
[2020.07.17-04.55.25:806][ 35]LogAudioMixer: Display: No commands were queued while flushing the source manager.
[2020.07.17-04.55.25:810][ 35]LogSlate: Updating window title bar state: overlay mode, drag disabled, window buttons hidden, title bar hidden
[2020.07.17-04.55.25:820][ 35]LogUObjectHash: Compacting FUObjectHashTables data took   5.92ms
[2020.07.17-04.55.25:856][ 36]LogPlayLevel: Display: Destroying online subsystem :Context_7
[2020.07.17-04.55.53:115][427]LogAssetEditorSubsystem: Opening Asset editor for LevelScriptBlueprint /Game/Maps/try2-1.try2-1:PersistentLevel.try2-1
[2020.07.17-04.56.54:190][654]LogOutputDevice: Warning: 

Script Stack (0 frames):

[2020.07.17-04.56.54:190][654]LogWindows: Windows GetLastError: La operación se completó correctamente. (0)
