Log file open, 07/08/20 17:44:56
LogWindows: Failed to load 'aqProf.dll' (GetLastError=126)
LogWindows: File 'aqProf.dll' does not exist
LogWindows: Failed to load 'VtuneApi.dll' (GetLastError=126)
LogWindows: File 'VtuneApi.dll' does not exist
LogWindows: Failed to load 'VtuneApi32e.dll' (GetLastError=126)
LogWindows: File 'VtuneApi32e.dll' does not exist
LogConsoleResponse: Display: Failed to find resolution value strings in scalability ini. Falling back to default.
LogInit: Display: Running engine for game: Try2
LogPlatformFile: Not using cached read wrapper
LogTaskGraph: Started task graph with 5 named threads and 11 total threads with 3 sets of task threads.
LogStats: Stats thread started at 0.164083
LogD3D11RHI: Loaded GFSDK_Aftermath_Lib.x64.dll
LogICUInternationalization: ICU TimeZone Detection - Raw Offset: -4:00, Platform Override: ''
LogPluginManager: Mounting plugin Paper2D
LogPluginManager: Mounting plugin AISupport
LogPluginManager: Mounting plugin LightPropagationVolume
LogPluginManager: Mounting plugin ActorLayerUtilities
LogPluginManager: Mounting plugin AnimationSharing
LogPluginManager: Mounting plugin CLionSourceCodeAccess
LogPluginManager: Mounting plugin CodeLiteSourceCodeAccess
LogPluginManager: Mounting plugin GitSourceControl
LogPluginManager: Mounting plugin KDevelopSourceCodeAccess
LogPluginManager: Mounting plugin NullSourceCodeAccess
LogPluginManager: Mounting plugin PerforceSourceControl
LogPluginManager: Mounting plugin PlasticSourceControl
LogPluginManager: Mounting plugin SubversionSourceControl
LogPluginManager: Mounting plugin UObjectPlugin
LogPluginManager: Mounting plugin VisualStudioCodeSourceCodeAccess
LogPluginManager: Mounting plugin VisualStudioSourceCodeAccess
LogPluginManager: Mounting plugin XCodeSourceCodeAccess
LogPluginManager: Mounting plugin AssetManagerEditor
LogPluginManager: Mounting plugin CryptoKeys
LogPluginManager: Mounting plugin CurveEditorTools
LogPluginManager: Mounting plugin DataValidation
LogPluginManager: Mounting plugin FacialAnimation
LogPluginManager: Mounting plugin GameplayTagsEditor
LogPluginManager: Mounting plugin MacGraphicsSwitching
LogPluginManager: Mounting plugin MaterialAnalyzer
LogPluginManager: Mounting plugin MobileLauncherProfileWizard
LogPluginManager: Mounting plugin PluginBrowser
LogPluginManager: Mounting plugin SpeedTreeImporter
LogPluginManager: Mounting plugin DatasmithContent
LogPluginManager: Mounting plugin VariantManagerContent
LogPluginManager: Mounting plugin AlembicImporter
LogPluginManager: Mounting plugin AutomationUtils
LogPluginManager: Mounting plugin BackChannel
LogPluginManager: Mounting plugin CharacterAI
LogPluginManager: Mounting plugin GeometryCache
LogPluginManager: Mounting plugin PlatformCrypto
LogPluginManager: Mounting plugin ProxyLODPlugin
LogPluginManager: Mounting plugin SkeletalReduction
LogPluginManager: Mounting plugin MagicLeap
LogPluginManager: Mounting plugin MagicLeapMedia
LogPluginManager: Mounting plugin MLSDK
LogPluginManager: Mounting plugin AndroidMedia
LogPluginManager: Mounting plugin AvfMedia
LogPluginManager: Mounting plugin ImgMedia
LogPluginManager: Mounting plugin MediaCompositing
LogPluginManager: Mounting plugin MediaPlayerEditor
LogPluginManager: Mounting plugin WebMMedia
LogPluginManager: Mounting plugin WmfMedia
LogPluginManager: Mounting plugin TcpMessaging
LogPluginManager: Mounting plugin UdpMessaging
LogPluginManager: Mounting plugin ActorSequence
LogPluginManager: Mounting plugin LevelSequenceEditor
LogPluginManager: Mounting plugin MatineeToLevelSequence
LogPluginManager: Mounting plugin NetcodeUnitTest
LogPluginManager: Mounting plugin NUTUnrealEngine4
LogPluginManager: Mounting plugin OnlineSubsystemGooglePlay
LogPluginManager: Mounting plugin OnlineSubsystemIOS
LogPluginManager: Mounting plugin OnlineSubsystem
LogPluginManager: Mounting plugin OnlineSubsystemNull
LogPluginManager: Mounting plugin OnlineSubsystemUtils
LogPluginManager: Mounting plugin LauncherChunkInstaller
LogPluginManager: Mounting plugin AndroidDeviceProfileSelector
LogPluginManager: Mounting plugin AndroidMoviePlayer
LogPluginManager: Mounting plugin AndroidPermission
LogPluginManager: Mounting plugin ApexDestruction
LogPluginManager: Mounting plugin AppleImageUtils
LogPluginManager: Mounting plugin AppleMoviePlayer
LogPluginManager: Mounting plugin ArchVisCharacter
LogPluginManager: Mounting plugin AssetTags
LogPluginManager: Mounting plugin AudioCapture
LogPluginManager: Mounting plugin CableComponent
LogPluginManager: Mounting plugin CustomMeshComponent
LogPluginManager: Mounting plugin EditableMesh
LogPluginManager: Mounting plugin ExampleDeviceProfileSelector
LogPluginManager: Mounting plugin GoogleCloudMessaging
LogPluginManager: Mounting plugin IOSDeviceProfileSelector
LogPluginManager: Mounting plugin LinuxDeviceProfileSelector
LogPluginManager: Mounting plugin LocationServicesBPLibrary
LogPluginManager: Mounting plugin MobilePatchingUtils
LogPluginManager: Mounting plugin OculusVR
LogPluginManager: Mounting plugin PhysXVehicles
LogPluginManager: Mounting plugin PostSplashScreen
LogPluginManager: Mounting plugin ProceduralMeshComponent
LogPluginManager: Mounting plugin RuntimePhysXCooking
LogPluginManager: Mounting plugin SignificanceManager
LogPluginManager: Mounting plugin SteamVR
LogPluginManager: Mounting plugin WebMMoviePlayer
LogPluginManager: Mounting plugin WindowsMoviePlayer
LogPluginManager: Mounting plugin ScreenshotTools
LogInit: Using libcurl 7.55.1-DEV
LogInit:  - built for x86_64-pc-win32
LogInit:  - supports SSL with OpenSSL/1.1.1
LogInit:  - supports HTTP deflate (compression) using libz 1.2.8
LogInit:  - other features:
LogInit:      CURL_VERSION_SSL
LogInit:      CURL_VERSION_LIBZ
LogInit:      CURL_VERSION_IPV6
LogInit:      CURL_VERSION_ASYNCHDNS
LogInit:      CURL_VERSION_LARGEFILE
LogInit:      CURL_VERSION_IDN
LogInit:  CurlRequestOptions (configurable via config and command line):
LogInit:  - bVerifyPeer = true  - Libcurl will verify peer certificate
LogInit:  - bUseHttpProxy = false  - Libcurl will NOT use HTTP proxy
LogInit:  - bDontReuseConnections = false  - Libcurl will reuse connections
LogInit:  - MaxHostConnections = 16  - Libcurl will limit the number of connections to a host
LogInit:  - LocalHostAddr = Default
LogInit:  - BufferSize = 65536
LogOnline: OSS: Creating online subsystem instance for: NULL
LogInit: WinSock: version 1.1 (2.2), MaxSocks=32767, MaxUdp=65467
LogOnline: OSS: TryLoadSubsystemAndSetDefault: Loaded subsystem for module [NULL]
LogInit: Build: ++UE4+Release-4.24-CL-11590370
LogInit: Engine Version: 4.24.3-11590370+++UE4+Release-4.24
LogInit: Compatible Engine Version: 4.24.0-10570792+++UE4+Release-4.24
LogInit: Net CL: 10570792
LogInit: OS: Windows 10 (Release 1903) (), CPU: Intel(R) Core(TM) i7-6500U CPU @ 2.50GHz, GPU: Intel(R) HD Graphics 520
LogInit: Compiled (64-bit): Feb 24 2020 15:39:18
LogInit: Compiled with Visual C++: 19.16.27032.01
LogInit: Build Configuration: Development
LogInit: Branch Name: ++UE4+Release-4.24
LogInit: Command Line:  -EpicPortal -epicusername=Zaeryum -epicuserid=3c85aff0eb4d4184aec065d645d20b8a -epiclocale=es-MX
LogInit: Base Directory: C:/Program Files/Epic Games/UE_4.24/Engine/Binaries/Win64/
LogInit: Installed Engine Build: 1
LogDevObjectVersion: Number of dev versions registered: 25
LogDevObjectVersion:   Dev-Blueprints (B0D832E4-1F89-4F0D-ACCF-7EB736FD4AA2): 10
LogDevObjectVersion:   Dev-Build (E1C64328-A22C-4D53-A36C-8E866417BD8C): 0
LogDevObjectVersion:   Dev-Core (375EC13C-06E4-48FB-B500-84F0262A717E): 3
LogDevObjectVersion:   Dev-Editor (E4B068ED-F494-42E9-A231-DA0B2E46BB41): 37
LogDevObjectVersion:   Dev-Framework (CFFC743F-43B0-4480-9391-14DF171D2073): 36
LogDevObjectVersion:   Dev-Mobile (B02B49B5-BB20-44E9-A304-32B752E40360): 2
LogDevObjectVersion:   Dev-Networking (A4E4105C-59A1-49B5-A7C5-40C4547EDFEE): 0
LogDevObjectVersion:   Dev-Online (39C831C9-5AE6-47DC-9A44-9C173E1C8E7C): 0
LogDevObjectVersion:   Dev-Physics (78F01B33-EBEA-4F98-B9B4-84EACCB95AA2): 2
LogDevObjectVersion:   Dev-Platform (6631380F-2D4D-43E0-8009-CF276956A95A): 0
LogDevObjectVersion:   Dev-Rendering (12F88B9F-8875-4AFC-A67C-D90C383ABD29): 36
LogDevObjectVersion:   Dev-Sequencer (7B5AE74C-D270-4C10-A958-57980B212A5A): 11
LogDevObjectVersion:   Dev-VR (D7296918-1DD6-4BDD-9DE2-64A83CC13884): 2
LogDevObjectVersion:   Dev-LoadTimes (C2A15278-BFE7-4AFE-6C17-90FF531DF755): 1
LogDevObjectVersion:   Private-Geometry (6EACA3D4-40EC-4CC1-B786-8BED09428FC5): 3
LogDevObjectVersion:   Dev-AnimPhys (29E575DD-E0A3-4627-9D10-D276232CDCEA): 17
LogDevObjectVersion:   Dev-Anim (AF43A65D-7FD3-4947-9873-3E8ED9C1BB05): 2
LogDevObjectVersion:   Dev-ReflectionCapture (6B266CEC-1EC7-4B8F-A30B-E4D90942FC07): 1
LogDevObjectVersion:   Dev-Automation (0DF73D61-A23F-47EA-B727-89E90C41499A): 1
LogDevObjectVersion:   FortniteMain (601D1886-AC64-4F84-AA16-D3DE0DEAC7D6): 31
LogDevObjectVersion:   Dev-Enterprise (9DFFBCD6-494F-0158-E221-12823C92A888): 8
LogDevObjectVersion:   Dev-Niagara (F2AED0AC-9AFE-416F-8664-AA7FFA26D6FC): 1
LogDevObjectVersion:   Dev-Destruction (174F1F0B-B4C6-45A5-B13F-2EE8D0FB917D): 9
LogDevObjectVersion:   Dev-Physics-Ext (35F94A83-E258-406C-A318-09F59610247C): 8
LogDevObjectVersion:   Dev-CineCamera (B2E18506-4273-CFC2-A54E-F4BB758BBA07): 1
LogInit: Presizing for max 25165824 objects, including 0 objects not considered by GC, pre-allocating 0 bytes for permanent pool.
LogInit: Object subsystem initialized
LogConfig: Setting CVar [[con.DebugEarlyDefault:1]]
LogConfig: Setting CVar [[r.setres:1280x720]]
[2020.07.08-21.44.57:283][  0]LogConfig: Setting CVar [[r.VSync:0]]
[2020.07.08-21.44.57:283][  0]LogConfig: Setting CVar [[r.RHICmdBypass:0]]
[2020.07.08-21.44.57:283][  0]LogConfig: Applying CVar settings from Section [/Script/Engine.RendererSettings] File [C:/Users/Gabriel/Documents/Desarrollo de videojuegos/Try2 actualizacion1/videojuegos2/DreamGuards-0.1/Saved/Config/Windows/Engine.ini]
[2020.07.08-21.44.57:283][  0]LogConfig: Setting CVar [[r.GPUCrashDebugging:0]]
[2020.07.08-21.44.57:283][  0]LogConfig: Setting CVar [[r.MobileHDR:1]]
[2020.07.08-21.44.57:283][  0]LogConfig: Setting CVar [[r.Mobile.DisableVertexFog:1]]
[2020.07.08-21.44.57:284][  0]LogConfig: Setting CVar [[r.Shadow.CSM.MaxMobileCascades:2]]
[2020.07.08-21.44.57:284][  0]LogConfig: Setting CVar [[r.MobileMSAA:1]]
[2020.07.08-21.44.57:284][  0]LogConfig: Setting CVar [[r.Mobile.UseLegacyShadingModel:0]]
[2020.07.08-21.44.57:284][  0]LogConfig: Setting CVar [[r.Mobile.UseHWsRGBEncoding:0]]
[2020.07.08-21.44.57:284][  0]LogConfig: Setting CVar [[r.Mobile.AllowDitheredLODTransition:0]]
[2020.07.08-21.44.57:284][  0]LogConfig: Setting CVar [[r.Mobile.AllowSoftwareOcclusion:0]]
[2020.07.08-21.44.57:284][  0]LogConfig: Setting CVar [[r.DiscardUnusedQuality:0]]
[2020.07.08-21.44.57:284][  0]LogConfig: Setting CVar [[r.AllowOcclusionQueries:1]]
[2020.07.08-21.44.57:284][  0]LogConfig: Setting CVar [[r.MinScreenRadiusForLights:0.030000]]
[2020.07.08-21.44.57:284][  0]LogConfig: Setting CVar [[r.MinScreenRadiusForDepthPrepass:0.030000]]
[2020.07.08-21.44.57:284][  0]LogConfig: Setting CVar [[r.MinScreenRadiusForCSMDepth:0.010000]]
[2020.07.08-21.44.57:284][  0]LogConfig: Setting CVar [[r.PrecomputedVisibilityWarning:0]]
[2020.07.08-21.44.57:284][  0]LogConfig: Setting CVar [[r.TextureStreaming:1]]
[2020.07.08-21.44.57:284][  0]LogConfig: Setting CVar [[Compat.UseDXT5NormalMaps:0]]
[2020.07.08-21.44.57:284][  0]LogConfig: Setting CVar [[r.VirtualTextures:0]]
[2020.07.08-21.44.57:284][  0]LogConfig: Setting CVar [[r.VirtualTexturedLightmaps:0]]
[2020.07.08-21.44.57:284][  0]LogConfig: Setting CVar [[r.VT.TileSize:128]]
[2020.07.08-21.44.57:284][  0]LogConfig: Setting CVar [[r.VT.TileBorderSize:4]]
[2020.07.08-21.44.57:284][  0]LogConfig: Setting CVar [[r.vt.FeedbackFactor:16]]
[2020.07.08-21.44.57:284][  0]LogConfig: Setting CVar [[r.VT.EnableCompressZlib:1]]
[2020.07.08-21.44.57:284][  0]LogConfig: Setting CVar [[r.VT.EnableCompressCrunch:0]]
[2020.07.08-21.44.57:284][  0]LogConfig: Setting CVar [[r.ClearCoatNormal:0]]
[2020.07.08-21.44.57:284][  0]LogConfig: Setting CVar [[r.ReflectionCaptureResolution:128]]
[2020.07.08-21.44.57:284][  0]LogConfig: Setting CVar [[r.ReflectionEnvironmentLightmapMixBasedOnRoughness:1]]
[2020.07.08-21.44.57:284][  0]LogConfig: Setting CVar [[r.ForwardShading:0]]
[2020.07.08-21.44.57:284][  0]LogConfig: Setting CVar [[r.VertexFoggingForOpaque:1]]
[2020.07.08-21.44.57:284][  0]LogConfig: Setting CVar [[r.AllowStaticLighting:1]]
[2020.07.08-21.44.57:284][  0]LogConfig: Setting CVar [[r.NormalMapsForStaticLighting:0]]
[2020.07.08-21.44.57:284][  0]LogConfig: Setting CVar [[r.GenerateMeshDistanceFields:0]]
[2020.07.08-21.44.57:285][  0]LogConfig: Setting CVar [[r.DistanceFieldBuild.EightBit:0]]
[2020.07.08-21.44.57:285][  0]LogConfig: Setting CVar [[r.GenerateLandscapeGIData:0]]
[2020.07.08-21.44.57:285][  0]LogConfig: Setting CVar [[r.DistanceFieldBuild.Compress:0]]
[2020.07.08-21.44.57:285][  0]LogConfig: Setting CVar [[r.TessellationAdaptivePixelsPerTriangle:48.000000]]
[2020.07.08-21.44.57:285][  0]LogConfig: Setting CVar [[r.SeparateTranslucency:1]]
[2020.07.08-21.44.57:285][  0]LogConfig: Setting CVar [[r.TranslucentSortPolicy:0]]
[2020.07.08-21.44.57:285][  0]LogConfig: Setting CVar [[r.CustomDepth:1]]
[2020.07.08-21.44.57:285][  0]LogConfig: Setting CVar [[r.CustomDepthTemporalAAJitter:1]]
[2020.07.08-21.44.57:285][  0]LogConfig: Setting CVar [[r.PostProcessing.PropagateAlpha:0]]
[2020.07.08-21.44.57:285][  0]LogConfig: Setting CVar [[r.DefaultFeature.Bloom:1]]
[2020.07.08-21.44.57:285][  0]LogConfig: Setting CVar [[r.DefaultFeature.AmbientOcclusion:1]]
[2020.07.08-21.44.57:285][  0]LogConfig: Setting CVar [[r.DefaultFeature.AmbientOcclusionStaticFraction:1]]
[2020.07.08-21.44.57:285][  0]LogConfig: Setting CVar [[r.DefaultFeature.AutoExposure:0]]
[2020.07.08-21.44.57:285][  0]LogConfig: Setting CVar [[r.DefaultFeature.AutoExposure.Method:0]]
[2020.07.08-21.44.57:285][  0]LogConfig: Setting CVar [[r.DefaultFeature.AutoExposure.ExtendDefaultLuminanceRange:0]]
[2020.07.08-21.44.57:285][  0]LogConfig: Setting CVar [[r.UsePreExposure:1]]
[2020.07.08-21.44.57:285][  0]LogConfig: Setting CVar [[r.EyeAdaptation.EditorOnly:1]]
[2020.07.08-21.44.57:285][  0]LogConfig: Setting CVar [[r.DefaultFeature.MotionBlur:0]]
[2020.07.08-21.44.57:285][  0]LogConfig: Setting CVar [[r.DefaultFeature.LensFlare:0]]
[2020.07.08-21.44.57:285][  0]LogConfig: Setting CVar [[r.TemporalAA.Upsampling:0]]
[2020.07.08-21.44.57:285][  0]LogConfig: Setting CVar [[r.SSGI.Enable:0]]
[2020.07.08-21.44.57:285][  0]LogConfig: Setting CVar [[r.DefaultFeature.AntiAliasing:0]]
[2020.07.08-21.44.57:285][  0]LogConfig: Setting CVar [[r.DefaultFeature.LightUnits:1]]
[2020.07.08-21.44.57:285][  0]LogConfig: Setting CVar [[r.DefaultBackBufferPixelFormat:4]]
[2020.07.08-21.44.57:285][  0]LogConfig: Setting CVar [[r.Shadow.UnbuiltPreviewInGame:1]]
[2020.07.08-21.44.57:285][  0]LogConfig: Setting CVar [[r.StencilForLODDither:0]]
[2020.07.08-21.44.57:285][  0]LogConfig: Setting CVar [[r.EarlyZPass:3]]
[2020.07.08-21.44.57:286][  0]LogConfig: Setting CVar [[r.EarlyZPassOnlyMaterialMasking:0]]
[2020.07.08-21.44.57:286][  0]LogConfig: Setting CVar [[r.DBuffer:1]]
[2020.07.08-21.44.57:286][  0]LogConfig: Setting CVar [[r.ClearSceneMethod:1]]
[2020.07.08-21.44.57:286][  0]LogConfig: Setting CVar [[r.BasePassOutputsVelocity:0]]
[2020.07.08-21.44.57:286][  0]LogConfig: Setting CVar [[r.SelectiveBasePassOutputs:0]]
[2020.07.08-21.44.57:286][  0]LogConfig: Setting CVar [[fx.GPUSimulationTextureSizeX:1024]]
[2020.07.08-21.44.57:286][  0]LogConfig: Setting CVar [[fx.GPUSimulationTextureSizeY:1024]]
[2020.07.08-21.44.57:287][  0]LogConfig: Setting CVar [[r.AllowGlobalClipPlane:0]]
[2020.07.08-21.44.57:287][  0]LogConfig: Setting CVar [[r.GBufferFormat:1]]
[2020.07.08-21.44.57:287][  0]LogConfig: Setting CVar [[r.MorphTarget.Mode:1]]
[2020.07.08-21.44.57:287][  0]LogConfig: Setting CVar [[vr.InstancedStereo:0]]
[2020.07.08-21.44.57:287][  0]LogConfig: Setting CVar [[vr.MultiView:0]]
[2020.07.08-21.44.57:287][  0]LogConfig: Setting CVar [[vr.MobileMultiView:0]]
[2020.07.08-21.44.57:287][  0]LogConfig: Setting CVar [[vr.MobileMultiView.Direct:0]]
[2020.07.08-21.44.57:287][  0]LogConfig: Setting CVar [[vr.RoundRobinOcclusion:0]]
[2020.07.08-21.44.57:287][  0]LogConfig: Setting CVar [[vr.ODSCapture:0]]
[2020.07.08-21.44.57:287][  0]LogConfig: Setting CVar [[r.WireframeCullThreshold:5.000000]]
[2020.07.08-21.44.57:287][  0]LogConfig: Setting CVar [[r.RayTracing:0]]
[2020.07.08-21.44.57:287][  0]LogConfig: Setting CVar [[r.RayTracing.UseTextureLod:0]]
[2020.07.08-21.44.57:287][  0]LogConfig: Setting CVar [[r.SupportStationarySkylight:1]]
[2020.07.08-21.44.57:287][  0]LogConfig: Setting CVar [[r.SupportLowQualityLightmaps:1]]
[2020.07.08-21.44.57:287][  0]LogConfig: Setting CVar [[r.SupportPointLightWholeSceneShadows:1]]
[2020.07.08-21.44.57:287][  0]LogConfig: Setting CVar [[r.SupportAtmosphericFog:1]]
[2020.07.08-21.44.57:287][  0]LogConfig: Setting CVar [[r.SupportSkyAtmosphere:1]]
[2020.07.08-21.44.57:287][  0]LogConfig: Setting CVar [[r.SupportSkyAtmosphereAffectsHeightFog:0]]
[2020.07.08-21.44.57:287][  0]LogConfig: Setting CVar [[r.SkinCache.CompileShaders:0]]
[2020.07.08-21.44.57:287][  0]LogConfig: Setting CVar [[r.Mobile.EnableStaticAndCSMShadowReceivers:1]]
[2020.07.08-21.44.57:287][  0]LogConfig: Setting CVar [[r.Mobile.EnableMovableLightCSMShaderCulling:1]]
[2020.07.08-21.44.57:287][  0]LogConfig: Setting CVar [[r.Mobile.AllowDistanceFieldShadows:1]]
[2020.07.08-21.44.57:287][  0]LogConfig: Setting CVar [[r.Mobile.AllowMovableDirectionalLights:1]]
[2020.07.08-21.44.57:288][  0]LogConfig: Setting CVar [[r.MobileNumDynamicPointLights:4]]
[2020.07.08-21.44.57:288][  0]LogConfig: Setting CVar [[r.MobileDynamicPointLightsUseStaticBranch:1]]
[2020.07.08-21.44.57:288][  0]LogConfig: Setting CVar [[r.Mobile.EnableMovableSpotlights:0]]
[2020.07.08-21.44.57:288][  0]LogConfig: Setting CVar [[r.SkinCache.SceneMemoryLimitInMB:128.000000]]
[2020.07.08-21.44.57:288][  0]LogConfig: Setting CVar [[r.GPUSkin.Limit2BoneInfluences:0]]
[2020.07.08-21.44.57:288][  0]LogConfig: Setting CVar [[r.SupportDepthOnlyIndexBuffers:1]]
[2020.07.08-21.44.57:288][  0]LogConfig: Setting CVar [[r.SupportReversedIndexBuffers:1]]
[2020.07.08-21.44.57:288][  0]LogConfig: Setting CVar [[r.SupportMaterialLayers:0]]
[2020.07.08-21.44.57:288][  0]LogConfig: Setting CVar [[r.LightPropagationVolume:0]]
[2020.07.08-21.44.57:288][  0]LogConfig: Applying CVar settings from Section [/Script/Engine.RendererOverrideSettings] File [C:/Users/Gabriel/Documents/Desarrollo de videojuegos/Try2 actualizacion1/videojuegos2/DreamGuards-0.1/Saved/Config/Windows/Engine.ini]
[2020.07.08-21.44.57:288][  0]LogConfig: Applying CVar settings from Section [/Script/Engine.StreamingSettings] File [C:/Users/Gabriel/Documents/Desarrollo de videojuegos/Try2 actualizacion1/videojuegos2/DreamGuards-0.1/Saved/Config/Windows/Engine.ini]
[2020.07.08-21.44.57:288][  0]LogConfig: Setting CVar [[s.MinBulkDataSizeForAsyncLoading:131072]]
[2020.07.08-21.44.57:288][  0]LogConfig: Setting CVar [[s.AsyncLoadingThreadEnabled:0]]
[2020.07.08-21.44.57:288][  0]LogConfig: Setting CVar [[s.EventDrivenLoaderEnabled:1]]
[2020.07.08-21.44.57:288][  0]LogConfig: Setting CVar [[s.WarnIfTimeLimitExceeded:0]]
[2020.07.08-21.44.57:288][  0]LogConfig: Setting CVar [[s.TimeLimitExceededMultiplier:1.5]]
[2020.07.08-21.44.57:288][  0]LogConfig: Setting CVar [[s.TimeLimitExceededMinTime:0.005]]
[2020.07.08-21.44.57:288][  0]LogConfig: Setting CVar [[s.UseBackgroundLevelStreaming:1]]
[2020.07.08-21.44.57:288][  0]LogConfig: Setting CVar [[s.PriorityAsyncLoadingExtraTime:15.0]]
[2020.07.08-21.44.57:288][  0]LogConfig: Setting CVar [[s.LevelStreamingActorsUpdateTimeLimit:5.0]]
[2020.07.08-21.44.57:288][  0]LogConfig: Setting CVar [[s.PriorityLevelStreamingActorsUpdateExtraTime:5.0]]
[2020.07.08-21.44.57:288][  0]LogConfig: Setting CVar [[s.LevelStreamingComponentsRegistrationGranularity:10]]
[2020.07.08-21.44.57:288][  0]LogConfig: Setting CVar [[s.UnregisterComponentsTimeLimit:1.0]]
[2020.07.08-21.44.57:288][  0]LogConfig: Setting CVar [[s.LevelStreamingComponentsUnregistrationGranularity:5]]
[2020.07.08-21.44.57:288][  0]LogConfig: Setting CVar [[s.FlushStreamingOnExit:1]]
[2020.07.08-21.44.57:288][  0]LogConfig: Applying CVar settings from Section [/Script/Engine.GarbageCollectionSettings] File [C:/Users/Gabriel/Documents/Desarrollo de videojuegos/Try2 actualizacion1/videojuegos2/DreamGuards-0.1/Saved/Config/Windows/Engine.ini]
[2020.07.08-21.44.57:288][  0]LogConfig: Setting CVar [[gc.MaxObjectsNotConsideredByGC:1]]
[2020.07.08-21.44.57:288][  0]LogConfig: Setting CVar [[gc.SizeOfPermanentObjectPool:0]]
[2020.07.08-21.44.57:288][  0]LogConfig: Setting CVar [[gc.FlushStreamingOnGC:0]]
[2020.07.08-21.44.57:289][  0]LogConfig: Setting CVar [[gc.NumRetriesBeforeForcingGC:10]]
[2020.07.08-21.44.57:289][  0]LogConfig: Setting CVar [[gc.AllowParallelGC:1]]
[2020.07.08-21.44.57:289][  0]LogConfig: Setting CVar [[gc.TimeBetweenPurgingPendingKillObjects:61.1]]
[2020.07.08-21.44.57:289][  0]LogConfig: Setting CVar [[gc.MaxObjectsInEditor:25165824]]
[2020.07.08-21.44.57:289][  0]LogConfig: Setting CVar [[gc.IncrementalBeginDestroyEnabled:1]]
[2020.07.08-21.44.57:289][  0]LogConfig: Setting CVar [[gc.CreateGCClusters:1]]
[2020.07.08-21.44.57:289][  0]LogConfig: Setting CVar [[gc.MinGCClusterSize:5]]
[2020.07.08-21.44.57:289][  0]LogConfig: Setting CVar [[gc.ActorClusteringEnabled:0]]
[2020.07.08-21.44.57:289][  0]LogConfig: Setting CVar [[gc.BlueprintClusteringEnabled:0]]
[2020.07.08-21.44.57:289][  0]LogConfig: Setting CVar [[gc.UseDisregardForGCOnDedicatedServers:0]]
[2020.07.08-21.44.57:289][  0]LogConfig: Applying CVar settings from Section [/Script/Engine.NetworkSettings] File [C:/Users/Gabriel/Documents/Desarrollo de videojuegos/Try2 actualizacion1/videojuegos2/DreamGuards-0.1/Saved/Config/Windows/Engine.ini]
[2020.07.08-21.44.57:289][  0]LogConfig: Applying CVar settings from Section [/Script/UnrealEd.CookerSettings] File [C:/Users/Gabriel/Documents/Desarrollo de videojuegos/Try2 actualizacion1/videojuegos2/DreamGuards-0.1/Saved/Config/Windows/Engine.ini]
[2020.07.08-21.44.57:294][  0]LogConfig: Applying CVar settings from Section [ViewDistanceQuality@3] File [C:/Users/Gabriel/Documents/Desarrollo de videojuegos/Try2 actualizacion1/videojuegos2/DreamGuards-0.1/Saved/Config/Windows/Scalability.ini]
[2020.07.08-21.44.57:294][  0]LogConfig: Setting CVar [[r.SkeletalMeshLODBias:0]]
[2020.07.08-21.44.57:294][  0]LogConfig: Setting CVar [[r.ViewDistanceScale:1.0]]
[2020.07.08-21.44.57:294][  0]LogConfig: Applying CVar settings from Section [AntiAliasingQuality@3] File [C:/Users/Gabriel/Documents/Desarrollo de videojuegos/Try2 actualizacion1/videojuegos2/DreamGuards-0.1/Saved/Config/Windows/Scalability.ini]
[2020.07.08-21.44.57:294][  0]LogConfig: Setting CVar [[r.PostProcessAAQuality:4]]
[2020.07.08-21.44.57:294][  0]LogConfig: Applying CVar settings from Section [ShadowQuality@3] File [C:/Users/Gabriel/Documents/Desarrollo de videojuegos/Try2 actualizacion1/videojuegos2/DreamGuards-0.1/Saved/Config/Windows/Scalability.ini]
[2020.07.08-21.44.57:294][  0]LogConfig: Setting CVar [[r.LightFunctionQuality:1]]
[2020.07.08-21.44.57:294][  0]LogConfig: Setting CVar [[r.ShadowQuality:5]]
[2020.07.08-21.44.57:294][  0]LogConfig: Setting CVar [[r.Shadow.CSM.MaxCascades:10]]
[2020.07.08-21.44.57:294][  0]LogConfig: Setting CVar [[r.Shadow.MaxResolution:2048]]
[2020.07.08-21.44.57:294][  0]LogConfig: Setting CVar [[r.Shadow.MaxCSMResolution:2048]]
[2020.07.08-21.44.57:294][  0]LogConfig: Setting CVar [[r.Shadow.RadiusThreshold:0.01]]
[2020.07.08-21.44.57:294][  0]LogConfig: Setting CVar [[r.Shadow.DistanceScale:1.0]]
[2020.07.08-21.44.57:294][  0]LogConfig: Setting CVar [[r.Shadow.CSM.TransitionScale:1.0]]
[2020.07.08-21.44.57:294][  0]LogConfig: Setting CVar [[r.Shadow.PreShadowResolutionFactor:1.0]]
[2020.07.08-21.44.57:294][  0]LogConfig: Setting CVar [[r.DistanceFieldShadowing:1]]
[2020.07.08-21.44.57:294][  0]LogConfig: Setting CVar [[r.DistanceFieldAO:1]]
[2020.07.08-21.44.57:294][  0]LogConfig: Setting CVar [[r.AOQuality:2]]
[2020.07.08-21.44.57:294][  0]LogConfig: Setting CVar [[r.VolumetricFog:1]]
[2020.07.08-21.44.57:294][  0]LogConfig: Setting CVar [[r.VolumetricFog.GridPixelSize:8]]
[2020.07.08-21.44.57:294][  0]LogConfig: Setting CVar [[r.VolumetricFog.GridSizeZ:128]]
[2020.07.08-21.44.57:294][  0]LogConfig: Setting CVar [[r.VolumetricFog.HistoryMissSupersampleCount:4]]
[2020.07.08-21.44.57:294][  0]LogConfig: Setting CVar [[r.LightMaxDrawDistanceScale:1]]
[2020.07.08-21.44.57:294][  0]LogConfig: Setting CVar [[r.CapsuleShadows:1]]
[2020.07.08-21.44.57:294][  0]LogConfig: Applying CVar settings from Section [PostProcessQuality@3] File [C:/Users/Gabriel/Documents/Desarrollo de videojuegos/Try2 actualizacion1/videojuegos2/DreamGuards-0.1/Saved/Config/Windows/Scalability.ini]
[2020.07.08-21.44.57:294][  0]LogConfig: Setting CVar [[r.MotionBlurQuality:4]]
[2020.07.08-21.44.57:294][  0]LogConfig: Setting CVar [[r.AmbientOcclusionMipLevelFactor:0.4]]
[2020.07.08-21.44.57:294][  0]LogConfig: Setting CVar [[r.AmbientOcclusionMaxQuality:100]]
[2020.07.08-21.44.57:294][  0]LogConfig: Setting CVar [[r.AmbientOcclusionLevels:-1]]
[2020.07.08-21.44.57:294][  0]LogConfig: Setting CVar [[r.AmbientOcclusionRadiusScale:1.0]]
[2020.07.08-21.44.57:294][  0]LogConfig: Setting CVar [[r.DepthOfFieldQuality:2]]
[2020.07.08-21.44.57:294][  0]LogConfig: Setting CVar [[r.RenderTargetPoolMin:400]]
[2020.07.08-21.44.57:294][  0]LogConfig: Setting CVar [[r.LensFlareQuality:2]]
[2020.07.08-21.44.57:295][  0]LogConfig: Setting CVar [[r.SceneColorFringeQuality:1]]
[2020.07.08-21.44.57:295][  0]LogConfig: Setting CVar [[r.EyeAdaptationQuality:2]]
[2020.07.08-21.44.57:295][  0]LogConfig: Setting CVar [[r.BloomQuality:5]]
[2020.07.08-21.44.57:295][  0]LogConfig: Setting CVar [[r.FastBlurThreshold:100]]
[2020.07.08-21.44.57:295][  0]LogConfig: Setting CVar [[r.Upscale.Quality:3]]
[2020.07.08-21.44.57:295][  0]LogConfig: Setting CVar [[r.Tonemapper.GrainQuantization:1]]
[2020.07.08-21.44.57:295][  0]LogConfig: Setting CVar [[r.LightShaftQuality:1]]
[2020.07.08-21.44.57:295][  0]LogConfig: Setting CVar [[r.Filter.SizeScale:1]]
[2020.07.08-21.44.57:295][  0]LogConfig: Setting CVar [[r.Tonemapper.Quality:5]]
[2020.07.08-21.44.57:295][  0]LogConfig: Setting CVar [[r.DOF.Gather.AccumulatorQuality:1        ; higher gathering accumulator quality]]
[2020.07.08-21.44.57:295][  0]LogConfig: Setting CVar [[r.DOF.Gather.PostfilterMethod:1          ; Median3x3 postfilering method]]
[2020.07.08-21.44.57:295][  0]LogConfig: Setting CVar [[r.DOF.Gather.EnableBokehSettings:0       ; no bokeh simulation when gathering]]
[2020.07.08-21.44.57:295][  0]LogConfig: Setting CVar [[r.DOF.Gather.RingCount:4                 ; medium number of samples when gathering]]
[2020.07.08-21.44.57:295][  0]LogConfig: Setting CVar [[r.DOF.Scatter.ForegroundCompositing:1    ; additive foreground scattering]]
[2020.07.08-21.44.57:295][  0]LogConfig: Setting CVar [[r.DOF.Scatter.BackgroundCompositing:2    ; additive background scattering]]
[2020.07.08-21.44.57:295][  0]LogConfig: Setting CVar [[r.DOF.Scatter.EnableBokehSettings:1      ; bokeh simulation when scattering]]
[2020.07.08-21.44.57:295][  0]LogConfig: Setting CVar [[r.DOF.Scatter.MaxSpriteRatio:0.1         ; only a maximum of 10% of scattered bokeh]]
[2020.07.08-21.44.57:295][  0]LogConfig: Setting CVar [[r.DOF.Recombine.Quality:1                ; cheap slight out of focus]]
[2020.07.08-21.44.57:296][  0]LogConfig: Setting CVar [[r.DOF.Recombine.EnableBokehSettings:0    ; no bokeh simulation on slight out of focus]]
[2020.07.08-21.44.57:296][  0]LogConfig: Setting CVar [[r.DOF.TemporalAAQuality:1                ; more stable temporal accumulation]]
[2020.07.08-21.44.57:296][  0]LogConfig: Setting CVar [[r.DOF.Kernel.MaxForegroundRadius:0.025]]
[2020.07.08-21.44.57:296][  0]LogConfig: Setting CVar [[r.DOF.Kernel.MaxBackgroundRadius:0.025]]
[2020.07.08-21.44.57:296][  0]LogConfig: Applying CVar settings from Section [TextureQuality@3] File [C:/Users/Gabriel/Documents/Desarrollo de videojuegos/Try2 actualizacion1/videojuegos2/DreamGuards-0.1/Saved/Config/Windows/Scalability.ini]
[2020.07.08-21.44.57:296][  0]LogConfig: Setting CVar [[r.Streaming.MipBias:0]]
[2020.07.08-21.44.57:296][  0]LogConfig: Setting CVar [[r.Streaming.AmortizeCPUToGPUCopy:0]]
[2020.07.08-21.44.57:296][  0]LogConfig: Setting CVar [[r.Streaming.MaxNumTexturesToStreamPerFrame:0]]
[2020.07.08-21.44.57:296][  0]LogConfig: Setting CVar [[r.Streaming.Boost:1]]
[2020.07.08-21.44.57:296][  0]LogConfig: Setting CVar [[r.MaxAnisotropy:8]]
[2020.07.08-21.44.57:296][  0]LogConfig: Setting CVar [[r.VT.MaxAnisotropy:8]]
[2020.07.08-21.44.57:296][  0]LogConfig: Setting CVar [[r.Streaming.LimitPoolSizeToVRAM:0]]
[2020.07.08-21.44.57:296][  0]LogConfig: Setting CVar [[r.Streaming.PoolSize:1000]]
[2020.07.08-21.44.57:296][  0]LogConfig: Setting CVar [[r.Streaming.MaxEffectiveScreenSize:0]]
[2020.07.08-21.44.57:296][  0]LogConfig: Applying CVar settings from Section [EffectsQuality@3] File [C:/Users/Gabriel/Documents/Desarrollo de videojuegos/Try2 actualizacion1/videojuegos2/DreamGuards-0.1/Saved/Config/Windows/Scalability.ini]
[2020.07.08-21.44.57:296][  0]LogConfig: Setting CVar [[r.TranslucencyLightingVolumeDim:64]]
[2020.07.08-21.44.57:296][  0]LogConfig: Setting CVar [[r.RefractionQuality:2]]
[2020.07.08-21.44.57:296][  0]LogConfig: Setting CVar [[r.SSR.Quality:3]]
[2020.07.08-21.44.57:296][  0]LogConfig: Setting CVar [[r.SSR.HalfResSceneColor:0]]
[2020.07.08-21.44.57:296][  0]LogConfig: Setting CVar [[r.SceneColorFormat:4]]
[2020.07.08-21.44.57:296][  0]LogConfig: Setting CVar [[r.DetailMode:2]]
[2020.07.08-21.44.57:296][  0]LogConfig: Setting CVar [[r.TranslucencyVolumeBlur:1]]
[2020.07.08-21.44.57:296][  0]LogConfig: Setting CVar [[r.MaterialQualityLevel:1 ; High quality]]
[2020.07.08-21.44.57:296][  0]LogConfig: Setting CVar [[r.SSS.Scale:1]]
[2020.07.08-21.44.57:296][  0]LogConfig: Setting CVar [[r.SSS.SampleSet:2]]
[2020.07.08-21.44.57:296][  0]LogConfig: Setting CVar [[r.SSS.Quality:1]]
[2020.07.08-21.44.57:296][  0]LogConfig: Setting CVar [[r.SSS.HalfRes:1]]
[2020.07.08-21.44.57:296][  0]LogConfig: Setting CVar [[r.SSGI.Quality:3]]
[2020.07.08-21.44.57:296][  0]LogConfig: Setting CVar [[r.EmitterSpawnRateScale:1.0]]
[2020.07.08-21.44.57:296][  0]LogConfig: Setting CVar [[r.ParticleLightQuality:2]]
[2020.07.08-21.44.57:296][  0]LogConfig: Setting CVar [[r.SkyAtmosphere.AerialPerspectiveLUT.FastApplyOnOpaque:1 ; Always have FastSkyLUT 1 in this case to avoid wrong sky]]
[2020.07.08-21.44.57:296][  0]LogConfig: Setting CVar [[r.SkyAtmosphere.AerialPerspectiveLUT.SampleCountPerSlice:1]]
[2020.07.08-21.44.57:296][  0]LogConfig: Setting CVar [[r.SkyAtmosphere.AerialPerspectiveLUT.DepthResolution:16.0]]
[2020.07.08-21.44.57:296][  0]LogConfig: Setting CVar [[r.SkyAtmosphere.FastSkyLUT:1]]
[2020.07.08-21.44.57:297][  0]LogConfig: Setting CVar [[r.SkyAtmosphere.FastSkyLUT.SampleCountMin:4.0]]
[2020.07.08-21.44.57:297][  0]LogConfig: Setting CVar [[r.SkyAtmosphere.FastSkyLUT.SampleCountMax:32.0]]
[2020.07.08-21.44.57:297][  0]LogConfig: Setting CVar [[r.SkyAtmosphere.SampleCountMin:4.0]]
[2020.07.08-21.44.57:297][  0]LogConfig: Setting CVar [[r.SkyAtmosphere.SampleCountMax:32.0]]
[2020.07.08-21.44.57:297][  0]LogConfig: Setting CVar [[r.SkyAtmosphere.TransmittanceLUT.UseSmallFormat:0]]
[2020.07.08-21.44.57:297][  0]LogConfig: Setting CVar [[r.SkyAtmosphere.TransmittanceLUT.SampleCount:10.0]]
[2020.07.08-21.44.57:297][  0]LogConfig: Setting CVar [[r.SkyAtmosphere.MultiScatteringLUT.SampleCount:15.0]]
[2020.07.08-21.44.57:297][  0]LogConfig: Applying CVar settings from Section [FoliageQuality@3] File [C:/Users/Gabriel/Documents/Desarrollo de videojuegos/Try2 actualizacion1/videojuegos2/DreamGuards-0.1/Saved/Config/Windows/Scalability.ini]
[2020.07.08-21.44.57:297][  0]LogConfig: Setting CVar [[foliage.DensityScale:1.0]]
[2020.07.08-21.44.57:297][  0]LogConfig: Setting CVar [[grass.DensityScale:1.0]]
[2020.07.08-21.44.57:297][  0]LogConfig: Applying CVar settings from Section [ShadingQuality@3] File [C:/Users/Gabriel/Documents/Desarrollo de videojuegos/Try2 actualizacion1/videojuegos2/DreamGuards-0.1/Saved/Config/Windows/Scalability.ini]
[2020.07.08-21.44.57:297][  0]LogConfig: Setting CVar [[r.HairStrands.SkyLighting.SampleCount:16]]
[2020.07.08-21.44.57:297][  0]LogConfig: Setting CVar [[r.HairStrands.SkyLighting.JitterIntegration:0]]
[2020.07.08-21.44.57:297][  0]LogConfig: Setting CVar [[r.HairStrands.SkyAO.SampleCount:16]]
[2020.07.08-21.44.57:297][  0]LogInit: Selected Device Profile: [Windows]
[2020.07.08-21.44.57:297][  0]LogInit: Applying CVar settings loaded from the selected device profile: [Windows]
[2020.07.08-21.44.57:303][  0]LogHAL: Display: Platform has ~ 12 GB [12769460224 / 17179869184 / 12], which maps to Larger [LargestMinGB=32, LargerMinGB=12, DefaultMinGB=8, SmallerMinGB=6, SmallestMinGB=0)
[2020.07.08-21.44.57:303][  0]LogInit: Going up to parent DeviceProfile []
[2020.07.08-21.44.57:303][  0]LogConfig: Applying CVar settings from Section [ViewDistanceQuality@3] File [C:/Users/Gabriel/Documents/Desarrollo de videojuegos/Try2 actualizacion1/videojuegos2/DreamGuards-0.1/Saved/Config/Windows/Scalability.ini]
[2020.07.08-21.44.57:303][  0]LogConfig: Setting CVar [[r.SkeletalMeshLODBias:0]]
[2020.07.08-21.44.57:303][  0]LogConfig: Setting CVar [[r.ViewDistanceScale:1.0]]
[2020.07.08-21.44.57:303][  0]LogConfig: Applying CVar settings from Section [AntiAliasingQuality@3] File [C:/Users/Gabriel/Documents/Desarrollo de videojuegos/Try2 actualizacion1/videojuegos2/DreamGuards-0.1/Saved/Config/Windows/Scalability.ini]
[2020.07.08-21.44.57:303][  0]LogConfig: Setting CVar [[r.PostProcessAAQuality:4]]
[2020.07.08-21.44.57:303][  0]LogConfig: Applying CVar settings from Section [ShadowQuality@3] File [C:/Users/Gabriel/Documents/Desarrollo de videojuegos/Try2 actualizacion1/videojuegos2/DreamGuards-0.1/Saved/Config/Windows/Scalability.ini]
[2020.07.08-21.44.57:303][  0]LogConfig: Setting CVar [[r.LightFunctionQuality:1]]
[2020.07.08-21.44.57:304][  0]LogConfig: Setting CVar [[r.ShadowQuality:5]]
[2020.07.08-21.44.57:304][  0]LogConfig: Setting CVar [[r.Shadow.CSM.MaxCascades:10]]
[2020.07.08-21.44.57:304][  0]LogConfig: Setting CVar [[r.Shadow.MaxResolution:2048]]
[2020.07.08-21.44.57:304][  0]LogConfig: Setting CVar [[r.Shadow.MaxCSMResolution:2048]]
[2020.07.08-21.44.57:304][  0]LogConfig: Setting CVar [[r.Shadow.RadiusThreshold:0.01]]
[2020.07.08-21.44.57:304][  0]LogConfig: Setting CVar [[r.Shadow.DistanceScale:1.0]]
[2020.07.08-21.44.57:304][  0]LogConfig: Setting CVar [[r.Shadow.CSM.TransitionScale:1.0]]
[2020.07.08-21.44.57:304][  0]LogConfig: Setting CVar [[r.Shadow.PreShadowResolutionFactor:1.0]]
[2020.07.08-21.44.57:304][  0]LogConfig: Setting CVar [[r.DistanceFieldShadowing:1]]
[2020.07.08-21.44.57:304][  0]LogConfig: Setting CVar [[r.DistanceFieldAO:1]]
[2020.07.08-21.44.57:304][  0]LogConfig: Setting CVar [[r.AOQuality:2]]
[2020.07.08-21.44.57:304][  0]LogConfig: Setting CVar [[r.VolumetricFog:1]]
[2020.07.08-21.44.57:304][  0]LogConfig: Setting CVar [[r.VolumetricFog.GridPixelSize:8]]
[2020.07.08-21.44.57:304][  0]LogConfig: Setting CVar [[r.VolumetricFog.GridSizeZ:128]]
[2020.07.08-21.44.57:304][  0]LogConfig: Setting CVar [[r.VolumetricFog.HistoryMissSupersampleCount:4]]
[2020.07.08-21.44.57:304][  0]LogConfig: Setting CVar [[r.LightMaxDrawDistanceScale:1]]
[2020.07.08-21.44.57:304][  0]LogConfig: Setting CVar [[r.CapsuleShadows:1]]
[2020.07.08-21.44.57:304][  0]LogConfig: Applying CVar settings from Section [PostProcessQuality@3] File [C:/Users/Gabriel/Documents/Desarrollo de videojuegos/Try2 actualizacion1/videojuegos2/DreamGuards-0.1/Saved/Config/Windows/Scalability.ini]
[2020.07.08-21.44.57:304][  0]LogConfig: Setting CVar [[r.MotionBlurQuality:4]]
[2020.07.08-21.44.57:304][  0]LogConfig: Setting CVar [[r.AmbientOcclusionMipLevelFactor:0.4]]
[2020.07.08-21.44.57:304][  0]LogConfig: Setting CVar [[r.AmbientOcclusionMaxQuality:100]]
[2020.07.08-21.44.57:304][  0]LogConfig: Setting CVar [[r.AmbientOcclusionLevels:-1]]
[2020.07.08-21.44.57:304][  0]LogConfig: Setting CVar [[r.AmbientOcclusionRadiusScale:1.0]]
[2020.07.08-21.44.57:304][  0]LogConfig: Setting CVar [[r.DepthOfFieldQuality:2]]
[2020.07.08-21.44.57:304][  0]LogConfig: Setting CVar [[r.RenderTargetPoolMin:400]]
[2020.07.08-21.44.57:304][  0]LogConfig: Setting CVar [[r.LensFlareQuality:2]]
[2020.07.08-21.44.57:304][  0]LogConfig: Setting CVar [[r.SceneColorFringeQuality:1]]
[2020.07.08-21.44.57:304][  0]LogConfig: Setting CVar [[r.EyeAdaptationQuality:2]]
[2020.07.08-21.44.57:304][  0]LogConfig: Setting CVar [[r.BloomQuality:5]]
[2020.07.08-21.44.57:304][  0]LogConfig: Setting CVar [[r.FastBlurThreshold:100]]
[2020.07.08-21.44.57:304][  0]LogConfig: Setting CVar [[r.Upscale.Quality:3]]
[2020.07.08-21.44.57:304][  0]LogConfig: Setting CVar [[r.Tonemapper.GrainQuantization:1]]
[2020.07.08-21.44.57:304][  0]LogConfig: Setting CVar [[r.LightShaftQuality:1]]
[2020.07.08-21.44.57:304][  0]LogConfig: Setting CVar [[r.Filter.SizeScale:1]]
[2020.07.08-21.44.57:304][  0]LogConfig: Setting CVar [[r.Tonemapper.Quality:5]]
[2020.07.08-21.44.57:304][  0]LogConfig: Setting CVar [[r.DOF.Gather.AccumulatorQuality:1        ; higher gathering accumulator quality]]
[2020.07.08-21.44.57:304][  0]LogConfig: Setting CVar [[r.DOF.Gather.PostfilterMethod:1          ; Median3x3 postfilering method]]
[2020.07.08-21.44.57:304][  0]LogConfig: Setting CVar [[r.DOF.Gather.EnableBokehSettings:0       ; no bokeh simulation when gathering]]
[2020.07.08-21.44.57:304][  0]LogConfig: Setting CVar [[r.DOF.Gather.RingCount:4                 ; medium number of samples when gathering]]
[2020.07.08-21.44.57:304][  0]LogConfig: Setting CVar [[r.DOF.Scatter.ForegroundCompositing:1    ; additive foreground scattering]]
[2020.07.08-21.44.57:304][  0]LogConfig: Setting CVar [[r.DOF.Scatter.BackgroundCompositing:2    ; additive background scattering]]
[2020.07.08-21.44.57:304][  0]LogConfig: Setting CVar [[r.DOF.Scatter.EnableBokehSettings:1      ; bokeh simulation when scattering]]
[2020.07.08-21.44.57:305][  0]LogConfig: Setting CVar [[r.DOF.Scatter.MaxSpriteRatio:0.1         ; only a maximum of 10% of scattered bokeh]]
[2020.07.08-21.44.57:305][  0]LogConfig: Setting CVar [[r.DOF.Recombine.Quality:1                ; cheap slight out of focus]]
[2020.07.08-21.44.57:305][  0]LogConfig: Setting CVar [[r.DOF.Recombine.EnableBokehSettings:0    ; no bokeh simulation on slight out of focus]]
[2020.07.08-21.44.57:305][  0]LogConfig: Setting CVar [[r.DOF.TemporalAAQuality:1                ; more stable temporal accumulation]]
[2020.07.08-21.44.57:305][  0]LogConfig: Setting CVar [[r.DOF.Kernel.MaxForegroundRadius:0.025]]
[2020.07.08-21.44.57:305][  0]LogConfig: Setting CVar [[r.DOF.Kernel.MaxBackgroundRadius:0.025]]
[2020.07.08-21.44.57:305][  0]LogConfig: Applying CVar settings from Section [TextureQuality@3] File [C:/Users/Gabriel/Documents/Desarrollo de videojuegos/Try2 actualizacion1/videojuegos2/DreamGuards-0.1/Saved/Config/Windows/Scalability.ini]
[2020.07.08-21.44.57:305][  0]LogConfig: Setting CVar [[r.Streaming.MipBias:0]]
[2020.07.08-21.44.57:305][  0]LogConfig: Setting CVar [[r.Streaming.AmortizeCPUToGPUCopy:0]]
[2020.07.08-21.44.57:305][  0]LogConfig: Setting CVar [[r.Streaming.MaxNumTexturesToStreamPerFrame:0]]
[2020.07.08-21.44.57:305][  0]LogConfig: Setting CVar [[r.Streaming.Boost:1]]
[2020.07.08-21.44.57:305][  0]LogConfig: Setting CVar [[r.MaxAnisotropy:8]]
[2020.07.08-21.44.57:305][  0]LogConfig: Setting CVar [[r.VT.MaxAnisotropy:8]]
[2020.07.08-21.44.57:305][  0]LogConfig: Setting CVar [[r.Streaming.LimitPoolSizeToVRAM:0]]
[2020.07.08-21.44.57:305][  0]LogConfig: Setting CVar [[r.Streaming.PoolSize:1000]]
[2020.07.08-21.44.57:306][  0]LogConfig: Setting CVar [[r.Streaming.MaxEffectiveScreenSize:0]]
[2020.07.08-21.44.57:306][  0]LogConfig: Applying CVar settings from Section [EffectsQuality@3] File [C:/Users/Gabriel/Documents/Desarrollo de videojuegos/Try2 actualizacion1/videojuegos2/DreamGuards-0.1/Saved/Config/Windows/Scalability.ini]
[2020.07.08-21.44.57:306][  0]LogConfig: Setting CVar [[r.TranslucencyLightingVolumeDim:64]]
[2020.07.08-21.44.57:306][  0]LogConfig: Setting CVar [[r.RefractionQuality:2]]
[2020.07.08-21.44.57:306][  0]LogConfig: Setting CVar [[r.SSR.Quality:3]]
[2020.07.08-21.44.57:306][  0]LogConfig: Setting CVar [[r.SSR.HalfResSceneColor:0]]
[2020.07.08-21.44.57:306][  0]LogConfig: Setting CVar [[r.SceneColorFormat:4]]
[2020.07.08-21.44.57:306][  0]LogConfig: Setting CVar [[r.DetailMode:2]]
[2020.07.08-21.44.57:306][  0]LogConfig: Setting CVar [[r.TranslucencyVolumeBlur:1]]
[2020.07.08-21.44.57:306][  0]LogConfig: Setting CVar [[r.MaterialQualityLevel:1 ; High quality]]
[2020.07.08-21.44.57:306][  0]LogConfig: Setting CVar [[r.SSS.Scale:1]]
[2020.07.08-21.44.57:306][  0]LogConfig: Setting CVar [[r.SSS.SampleSet:2]]
[2020.07.08-21.44.57:306][  0]LogConfig: Setting CVar [[r.SSS.Quality:1]]
[2020.07.08-21.44.57:306][  0]LogConfig: Setting CVar [[r.SSS.HalfRes:1]]
[2020.07.08-21.44.57:306][  0]LogConfig: Setting CVar [[r.SSGI.Quality:3]]
[2020.07.08-21.44.57:306][  0]LogConfig: Setting CVar [[r.EmitterSpawnRateScale:1.0]]
[2020.07.08-21.44.57:307][  0]LogConfig: Setting CVar [[r.ParticleLightQuality:2]]
[2020.07.08-21.44.57:307][  0]LogConfig: Setting CVar [[r.SkyAtmosphere.AerialPerspectiveLUT.FastApplyOnOpaque:1 ; Always have FastSkyLUT 1 in this case to avoid wrong sky]]
[2020.07.08-21.44.57:307][  0]LogConfig: Setting CVar [[r.SkyAtmosphere.AerialPerspectiveLUT.SampleCountPerSlice:1]]
[2020.07.08-21.44.57:307][  0]LogConfig: Setting CVar [[r.SkyAtmosphere.AerialPerspectiveLUT.DepthResolution:16.0]]
[2020.07.08-21.44.57:307][  0]LogConfig: Setting CVar [[r.SkyAtmosphere.FastSkyLUT:1]]
[2020.07.08-21.44.57:307][  0]LogConfig: Setting CVar [[r.SkyAtmosphere.FastSkyLUT.SampleCountMin:4.0]]
[2020.07.08-21.44.57:307][  0]LogConfig: Setting CVar [[r.SkyAtmosphere.FastSkyLUT.SampleCountMax:32.0]]
[2020.07.08-21.44.57:307][  0]LogConfig: Setting CVar [[r.SkyAtmosphere.SampleCountMin:4.0]]
[2020.07.08-21.44.57:307][  0]LogConfig: Setting CVar [[r.SkyAtmosphere.SampleCountMax:32.0]]
[2020.07.08-21.44.57:307][  0]LogConfig: Setting CVar [[r.SkyAtmosphere.TransmittanceLUT.UseSmallFormat:0]]
[2020.07.08-21.44.57:307][  0]LogConfig: Setting CVar [[r.SkyAtmosphere.TransmittanceLUT.SampleCount:10.0]]
[2020.07.08-21.44.57:307][  0]LogConfig: Setting CVar [[r.SkyAtmosphere.MultiScatteringLUT.SampleCount:15.0]]
[2020.07.08-21.44.57:307][  0]LogConfig: Applying CVar settings from Section [FoliageQuality@3] File [C:/Users/Gabriel/Documents/Desarrollo de videojuegos/Try2 actualizacion1/videojuegos2/DreamGuards-0.1/Saved/Config/Windows/Scalability.ini]
[2020.07.08-21.44.57:307][  0]LogConfig: Setting CVar [[foliage.DensityScale:1.0]]
[2020.07.08-21.44.57:307][  0]LogConfig: Setting CVar [[grass.DensityScale:1.0]]
[2020.07.08-21.44.57:307][  0]LogConfig: Applying CVar settings from Section [ShadingQuality@3] File [C:/Users/Gabriel/Documents/Desarrollo de videojuegos/Try2 actualizacion1/videojuegos2/DreamGuards-0.1/Saved/Config/Windows/Scalability.ini]
[2020.07.08-21.44.57:307][  0]LogConfig: Setting CVar [[r.HairStrands.SkyLighting.SampleCount:16]]
[2020.07.08-21.44.57:307][  0]LogConfig: Setting CVar [[r.HairStrands.SkyLighting.JitterIntegration:0]]
[2020.07.08-21.44.57:307][  0]LogConfig: Setting CVar [[r.HairStrands.SkyAO.SampleCount:16]]
[2020.07.08-21.44.57:307][  0]LogConfig: Applying CVar settings from Section [Startup] File [../../../Engine/Config/ConsoleVariables.ini]
[2020.07.08-21.44.57:308][  0]LogConfig: Setting CVar [[net.UseAdaptiveNetUpdateFrequency:0]]
[2020.07.08-21.44.57:308][  0]LogConfig: Setting CVar [[p.chaos.AllowCreatePhysxBodies:1]]
[2020.07.08-21.44.57:308][  0]LogConfig: Applying CVar settings from Section [ConsoleVariables] File [C:/Users/Gabriel/Documents/Desarrollo de videojuegos/Try2 actualizacion1/videojuegos2/DreamGuards-0.1/Saved/Config/Windows/Engine.ini]
[2020.07.08-21.44.57:308][  0]LogInit: Computer: LAPTOP-NGSESA3A
[2020.07.08-21.44.57:308][  0]LogInit: User: Gabriel
[2020.07.08-21.44.57:308][  0]LogInit: CPU Page size=4096, Cores=2
[2020.07.08-21.44.57:308][  0]LogInit: High frequency timer resolution =10.000000 MHz
[2020.07.08-21.44.57:309][  0]LogMemory: Memory total: Physical=11.9GB (12GB approx)
[2020.07.08-21.44.57:309][  0]LogMemory: Platform Memory Stats for Windows
[2020.07.08-21.44.57:309][  0]LogMemory: Process Physical Memory: 106.41 MB used, 106.41 MB peak
[2020.07.08-21.44.57:309][  0]LogMemory: Process Virtual Memory: 101.50 MB used, 101.50 MB peak
[2020.07.08-21.44.57:309][  0]LogMemory: Physical Memory: 6187.95 MB used,  5989.96 MB free, 12177.91 MB total
[2020.07.08-21.44.57:309][  0]LogMemory: Virtual Memory: 5096.96 MB used,  134212632.00 MB free, 134217728.00 MB total
[2020.07.08-21.44.57:316][  0]LogWindows: WindowsPlatformFeatures enabled
[2020.07.08-21.44.57:358][  0]LogInit: Overriding language with editor language configuration option (en).
[2020.07.08-21.44.57:358][  0]LogInit: Overriding locale with editor locale configuration option (en).
[2020.07.08-21.44.57:673][  0]LogInit: Setting process to per monitor DPI aware
[2020.07.08-21.44.57:720][  0]LogSlate: New Slate User Created.  User Index 0, Is Virtual User: 0
[2020.07.08-21.44.57:720][  0]LogSlate: Slate User Registered.  User Index 0, Is Virtual User: 0
[2020.07.08-21.44.58:038][  0]LogHMD: Failed to initialize OpenVR with code 110
[2020.07.08-21.44.58:038][  0]LogD3D11RHI: D3D11 min allowed feature level: 11_0
[2020.07.08-21.44.58:038][  0]LogD3D11RHI: D3D11 max allowed feature level: 11_0
[2020.07.08-21.44.58:038][  0]LogD3D11RHI: D3D11 adapters:
[2020.07.08-21.44.58:123][  0]LogD3D11RHI:    0. 'NVIDIA GeForce 940MX' (Feature Level 11_0)
[2020.07.08-21.44.58:124][  0]LogD3D11RHI:       2010/0/6088 MB DedicatedVideo/DedicatedSystem/SharedSystem, Outputs:1, VendorId:0x10de
[2020.07.08-21.44.58:137][  0]LogD3D11RHI:    1. 'Intel(R) HD Graphics 520' (Feature Level 11_0)
[2020.07.08-21.44.58:137][  0]LogD3D11RHI:       128/0/6088 MB DedicatedVideo/DedicatedSystem/SharedSystem, Outputs:0, VendorId:0x8086
[2020.07.08-21.44.58:141][  0]LogD3D11RHI:    2. 'Microsoft Basic Render Driver' (Feature Level 11_0)
[2020.07.08-21.44.58:141][  0]LogD3D11RHI:       0/0/6088 MB DedicatedVideo/DedicatedSystem/SharedSystem, Outputs:0, VendorId:0x1414
[2020.07.08-21.44.58:141][  0]LogD3D11RHI: Chosen D3D11 Adapter: 0
[2020.07.08-21.44.58:222][  0]LogD3D11RHI: Creating new Direct3DDevice
[2020.07.08-21.44.58:222][  0]LogD3D11RHI:     GPU DeviceId: 0x134d (for the marketing name, search the web for "GPU Device Id")
[2020.07.08-21.44.58:222][  0]LogWindows: EnumDisplayDevices:
[2020.07.08-21.44.58:222][  0]LogWindows:    0. 'Intel(R) HD Graphics 520' (P:1 D:1)
[2020.07.08-21.44.58:223][  0]LogWindows:    1. 'Intel(R) HD Graphics 520' (P:0 D:0)
[2020.07.08-21.44.58:223][  0]LogWindows:    2. 'Intel(R) HD Graphics 520' (P:0 D:0)
[2020.07.08-21.44.58:224][  0]LogWindows: DebugString: PrimaryIsNotTheChoosenAdapter PrimaryIsNotTheChoosenAdapter PrimaryIsNotTheChoosenAdapter FoundDriverCount:0 
[2020.07.08-21.44.58:224][  0]LogD3D11RHI:     Adapter Name: NVIDIA GeForce 940MX
[2020.07.08-21.44.58:224][  0]LogD3D11RHI:   Driver Version: Unknown (internal:Unknown, unified:Unknown)
[2020.07.08-21.44.58:224][  0]LogD3D11RHI:      Driver Date: Unknown
[2020.07.08-21.44.58:224][  0]LogRHI: Texture pool is 1407 MB (70% of 2010 MB)
[2020.07.08-21.44.58:290][  0]LogD3D11RHI: RHI has support for 64 bit atomics
[2020.07.08-21.44.58:290][  0]LogD3D11RHI: Async texture creation enabled
[2020.07.08-21.44.58:309][  0]LogD3D11RHI: GPU Timing Frequency: 1000.000000 (Debug: 2 1)
[2020.07.08-21.44.58:908][  0]LogTargetPlatformManager: Display: Loaded TargetPlatform 'AllDesktop'
[2020.07.08-21.44.58:955][  0]LogTargetPlatformManager: Display: Loaded TargetPlatform 'Android'
[2020.07.08-21.44.58:955][  0]LogTargetPlatformManager: Display: Loaded TargetPlatform 'Android_ASTC'
[2020.07.08-21.44.58:955][  0]LogTargetPlatformManager: Display: Loaded TargetPlatform 'Android_ATC'
[2020.07.08-21.44.58:955][  0]LogTargetPlatformManager: Display: Loaded TargetPlatform 'Android_DXT'
[2020.07.08-21.44.58:955][  0]LogTargetPlatformManager: Display: Loaded TargetPlatform 'Android_ETC1'
[2020.07.08-21.44.58:955][  0]LogTargetPlatformManager: Display: Loaded TargetPlatform 'Android_ETC1a'
[2020.07.08-21.44.58:955][  0]LogTargetPlatformManager: Display: Loaded TargetPlatform 'Android_ETC2'
[2020.07.08-21.44.58:955][  0]LogTargetPlatformManager: Display: Loaded TargetPlatform 'Android_PVRTC'
[2020.07.08-21.44.58:955][  0]LogTargetPlatformManager: Display: Loaded TargetPlatform 'AndroidClient'
[2020.07.08-21.44.58:955][  0]LogTargetPlatformManager: Display: Loaded TargetPlatform 'Android_ASTCClient'
[2020.07.08-21.44.58:955][  0]LogTargetPlatformManager: Display: Loaded TargetPlatform 'Android_ATCClient'
[2020.07.08-21.44.58:955][  0]LogTargetPlatformManager: Display: Loaded TargetPlatform 'Android_DXTClient'
[2020.07.08-21.44.58:955][  0]LogTargetPlatformManager: Display: Loaded TargetPlatform 'Android_ETC1Client'
[2020.07.08-21.44.58:955][  0]LogTargetPlatformManager: Display: Loaded TargetPlatform 'Android_ETC1aClient'
[2020.07.08-21.44.58:955][  0]LogTargetPlatformManager: Display: Loaded TargetPlatform 'Android_ETC2Client'
[2020.07.08-21.44.58:955][  0]LogTargetPlatformManager: Display: Loaded TargetPlatform 'Android_PVRTCClient'
[2020.07.08-21.44.58:955][  0]LogTargetPlatformManager: Display: Loaded TargetPlatform 'Android_Multi'
[2020.07.08-21.44.58:955][  0]LogTargetPlatformManager: Display: Loaded TargetPlatform 'Android_MultiClient'
[2020.07.08-21.44.58:981][  0]LogTargetPlatformManager: Display: Loaded TargetPlatform 'IOSClient'
[2020.07.08-21.44.58:981][  0]LogTargetPlatformManager: Display: Loaded TargetPlatform 'IOS'
[2020.07.08-21.44.58:991][  0]LogTargetPlatformManager: Display: Loaded TargetPlatform 'LinuxNoEditor'
[2020.07.08-21.44.59:002][  0]LogTargetPlatformManager: Display: Loaded TargetPlatform 'LinuxClient'
[2020.07.08-21.44.59:013][  0]LogTargetPlatformManager: Display: Loaded TargetPlatform 'LinuxServer'
[2020.07.08-21.44.59:023][  0]LogTargetPlatformManager: Display: Loaded TargetPlatform 'LinuxAArch64NoEditor'
[2020.07.08-21.44.59:033][  0]LogTargetPlatformManager: Display: Loaded TargetPlatform 'LinuxAArch64Client'
[2020.07.08-21.44.59:046][  0]LogTargetPlatformManager: Display: Loaded TargetPlatform 'LinuxAArch64Server'
[2020.07.08-21.44.59:089][  0]LogTargetPlatformManager: Display: Loaded TargetPlatform 'Lumin'
[2020.07.08-21.44.59:089][  0]LogTargetPlatformManager: Display: Loaded TargetPlatform 'LuminClient'
[2020.07.08-21.44.59:116][  0]LogTargetPlatformManager: Display: Loaded TargetPlatform 'TVOSClient'
[2020.07.08-21.44.59:116][  0]LogTargetPlatformManager: Display: Loaded TargetPlatform 'TVOS'
[2020.07.08-21.44.59:131][  0]LogTargetPlatformManager: Display: Loaded TargetPlatform 'WindowsNoEditor'
[2020.07.08-21.44.59:148][  0]LogTargetPlatformManager: Display: Loaded TargetPlatform 'Windows'
[2020.07.08-21.44.59:157][  0]LogTargetPlatformManager: Display: Loaded TargetPlatform 'WindowsClient'
[2020.07.08-21.44.59:170][  0]LogTargetPlatformManager: Display: Loaded TargetPlatform 'WindowsServer'
[2020.07.08-21.44.59:170][  0]LogTargetPlatformManager: Display: Building Assets For Windows
[2020.07.08-21.44.59:175][  0]LogAudioDebug: Display: Lib vorbis DLL was dynamically loaded.
[2020.07.08-21.44.59:215][  0]LogShaderCompilers: Guid format shader working directory is -69 characters bigger than the processId version (../../../../../../Users/Gabriel/Documents/Desarrollo de videojuegos/Try2 actualizacion1/videojuegos2/DreamGuards-0.1/Intermediate/Shaders/WorkingDirectory/14848/).
[2020.07.08-21.44.59:215][  0]LogShaderCompilers: Cleaned the shader compiler working directory 'C:/Users/Gabriel/AppData/Local/Temp/UnrealShaderWorkingDir/9243CDC442A517F7E1BB4BAB95F9A1C5/'.
[2020.07.08-21.44.59:216][  0]LogXGEController: Cannot use XGE Controller as Incredibuild is not installed on this machine.
[2020.07.08-21.44.59:217][  0]LogShaderCompilers: Cannot use XGE Shader Compiler as Incredibuild is not installed on this machine.
[2020.07.08-21.44.59:217][  0]LogShaderCompilers: Display: Using Local Shader Compiler.
[2020.07.08-21.45.00:312][  0]LogDerivedDataCache: Display: Max Cache Size: 512 MB
[2020.07.08-21.45.00:383][  0]LogDerivedDataCache: Loaded boot cache 0.07s 78MB C:/Users/Gabriel/AppData/Local/UnrealEngine/4.24/DerivedDataCache/Boot.ddc.
[2020.07.08-21.45.00:383][  0]LogDerivedDataCache: Display: Loaded Boot cache: C:/Users/Gabriel/AppData/Local/UnrealEngine/4.24/DerivedDataCache/Boot.ddc
[2020.07.08-21.45.00:383][  0]LogDerivedDataCache: FDerivedDataBackendGraph:  Pak pak cache file ../../../../../../Users/Gabriel/Documents/Desarrollo de videojuegos/Try2 actualizacion1/videojuegos2/DreamGuards-0.1/DerivedDataCache/DDC.ddp not found, will not use a pak cache.
[2020.07.08-21.45.00:383][  0]LogDerivedDataCache: Unable to find inner node Pak for hierarchical cache Hierarchy.
[2020.07.08-21.45.00:383][  0]LogDerivedDataCache: FDerivedDataBackendGraph:  CompressedPak pak cache file ../../../../../../Users/Gabriel/Documents/Desarrollo de videojuegos/Try2 actualizacion1/videojuegos2/DreamGuards-0.1/DerivedDataCache/Compressed.ddp not found, will not use a pak cache.
[2020.07.08-21.45.00:383][  0]LogDerivedDataCache: Unable to find inner node CompressedPak for hierarchical cache Hierarchy.
[2020.07.08-21.45.00:401][  0]LogDerivedDataCache: Display: Pak cache opened for reading ../../../Engine/DerivedDataCache/Compressed.ddp.
[2020.07.08-21.45.00:401][  0]LogDerivedDataCache: FDerivedDataBackendGraph:  EnterprisePak pak cache file ../../../Enterprise/DerivedDataCache/Compressed.ddp not found, will not use a pak cache.
[2020.07.08-21.45.00:401][  0]LogDerivedDataCache: Unable to find inner node EnterprisePak for hierarchical cache Hierarchy.
[2020.07.08-21.45.00:404][  0]LogDerivedDataCache: Using Local data cache path C:/Users/Gabriel/AppData/Local/UnrealEngine/Common/DerivedDataCache: Writable
[2020.07.08-21.45.00:404][  0]LogDerivedDataCache: Shared data cache path not found in *engine.ini, will not use an Shared cache.
[2020.07.08-21.45.00:404][  0]LogDerivedDataCache: Unable to find inner node Shared for hierarchical cache Hierarchy.
[2020.07.08-21.45.00:441][  0]LogMaterial: Verifying Global Shaders for PCD3D_SM5
[2020.07.08-21.45.00:444][  0]LogSlate: Using FreeType 2.10.0
[2020.07.08-21.45.00:445][  0]LogSlate: SlateFontServices - WITH_FREETYPE: 1, WITH_HARFBUZZ: 1
[2020.07.08-21.45.00:529][  0]LogAssetRegistry: FAssetRegistry took 0.0049 seconds to start up
[2020.07.08-21.45.01:011][  0]LogInit: Selected Device Profile: [Windows]
[2020.07.08-21.45.01:237][  0]LogMeshReduction: Using QuadricMeshReduction for automatic static mesh reduction
[2020.07.08-21.45.01:237][  0]LogMeshReduction: Using SimplygonMeshReduction for automatic skeletal mesh reduction
[2020.07.08-21.45.01:237][  0]LogMeshReduction: Using ProxyLODMeshReduction for automatic mesh merging
[2020.07.08-21.45.01:237][  0]LogMeshReduction: No distributed automatic mesh merging module available
[2020.07.08-21.45.01:237][  0]LogMeshMerging: No distributed automatic mesh merging module available
[2020.07.08-21.45.01:254][  0]LogNetVersion: Try2 1.0.0, NetCL: 10570792, EngineNetVer: 13, GameNetVer: 0 (Checksum: 3984827005)
[2020.07.08-21.45.02:929][  0]LogPackageLocalizationCache: Processed 10 localized package path(s) for 1 prioritized culture(s) in 0.088030 seconds
[2020.07.08-21.45.02:941][  0]LogUObjectArray: 46750 objects as part of root set at end of initial load.
[2020.07.08-21.45.02:941][  0]LogUObjectAllocator: 8137160 out of 0 bytes used by permanent object pool.
[2020.07.08-21.45.02:941][  0]LogUObjectArray: CloseDisregardForGC: 0/0 objects in disregard for GC pool
[2020.07.08-21.45.03:504][  0]LogTcpMessaging: Initializing TcpMessaging bridge
[2020.07.08-21.45.03:508][  0]LogUdpMessaging: Initializing bridge on interface 0.0.0.0:0 to multicast group 230.0.0.1:6666.
[2020.07.08-21.45.03:598][  0]SourceControl: Source control is disabled
[2020.07.08-21.45.03:598][  0]SourceControl: Source control is disabled
[2020.07.08-21.45.03:600][  0]SourceControl: Source control is disabled
[2020.07.08-21.45.03:601][  0]SourceControl: Source control is disabled
[2020.07.08-21.45.03:603][  0]SourceControl: Source control is disabled
[2020.07.08-21.45.03:730][  0]LogAndroidPermission: UAndroidPermissionCallbackProxy::GetInstance
[2020.07.08-21.45.03:746][  0]LogAudioCaptureCore: Display: No Audio Capture implementations found. Audio input will be silent.
[2020.07.08-21.45.03:746][  0]LogAudioCaptureCore: Display: No Audio Capture implementations found. Audio input will be silent.
[2020.07.08-21.45.03:919][  0]LogOcInput: OculusInput pre-init called
[2020.07.08-21.45.03:936][  0]LogWindows: Failed to load 'OVRPlugin.dll' (GetLastError=126)
[2020.07.08-21.45.03:936][  0]LogWindows: File 'OVRPlugin.dll' does not exist
[2020.07.08-21.45.04:057][  0]LogEngine: Initializing Engine...
[2020.07.08-21.45.04:059][  0]LogHMD: Failed to initialize OpenVR with code 110
[2020.07.08-21.45.04:061][  0]LogStats: UGameplayTagsManager::InitializeManager -  0.000 s
[2020.07.08-21.45.04:590][  0]LogInit: Initializing FReadOnlyCVARCache
[2020.07.08-21.45.04:601][  0]LogAIModule: Creating AISystem for world Untitled
[2020.07.08-21.45.04:628][  0]LogAudioMixer: Display: Audio Mixer Platform Settings:
[2020.07.08-21.45.04:628][  0]LogAudioMixer: Display: 	Sample Rate:						  48000
[2020.07.08-21.45.04:628][  0]LogAudioMixer: Display: 	Callback Buffer Frame Size Requested: 1024
[2020.07.08-21.45.04:628][  0]LogAudioMixer: Display: 	Callback Buffer Frame Size To Use:	  1024
[2020.07.08-21.45.04:628][  0]LogAudioMixer: Display: 	Number of buffers to queue:			  2
[2020.07.08-21.45.04:628][  0]LogAudioMixer: Display: 	Max Channels (voices):				  32
[2020.07.08-21.45.04:628][  0]LogAudioMixer: Display: 	Number of Async Source Workers:		  0
[2020.07.08-21.45.04:628][  0]LogAudio: Display: AudioDevice MaxSources: 32
[2020.07.08-21.45.04:629][  0]LogAudio: Display: Using built-in audio occlusion.
[2020.07.08-21.45.04:629][  0]LogAudioMixer: Display: Initializing audio mixer.
[2020.07.08-21.45.04:671][  0]LogAudioMixer: Display: Audio Device Output Speaker Info:
[2020.07.08-21.45.04:672][  0]LogAudioMixer: Display: Name: Speakers (Realtek High Definition Audio)
[2020.07.08-21.45.04:672][  0]LogAudioMixer: Display: Is Default: Yes
[2020.07.08-21.45.04:672][  0]LogAudioMixer: Display: Sample Rate: 48000
[2020.07.08-21.45.04:672][  0]LogAudioMixer: Display: Channel Count Used: 2
[2020.07.08-21.45.04:672][  0]LogAudioMixer: Display: Device Channel Count: 2
[2020.07.08-21.45.04:672][  0]LogAudioMixer: Display: Channel Order:
[2020.07.08-21.45.04:672][  0]LogAudioMixer: Display: 0: FrontLeft
[2020.07.08-21.45.04:672][  0]LogAudioMixer: Display: 1: FrontRight
[2020.07.08-21.45.04:721][  0]LogAudioMixer: Display: Using Audio Device Speakers (Realtek High Definition Audio)
[2020.07.08-21.45.04:728][  0]LogInit: FAudioDevice initialized.
[2020.07.08-21.45.04:728][  0]LogNetVersion: Set ProjectVersion to 1.0.0.0. Version Checksum will be recalculated on next use.
[2020.07.08-21.45.05:018][  0]LogDerivedDataCache: Saved boot cache 0.29s 78MB C:/Users/Gabriel/AppData/Local/UnrealEngine/4.24/DerivedDataCache/Boot.ddc.
[2020.07.08-21.45.05:020][  0]LogInit: Texture streaming: Enabled
[2020.07.08-21.45.05:035][  0]LogEngineSessionManager: EngineSessionManager initialized
[2020.07.08-21.45.05:035][  0]LogEditorSessionSummary: Verbose: Initializing EditorSessionSummaryWriter for editor session tracking
[2020.07.08-21.45.05:040][  0]LogEditorSessionSummary: EditorSessionSummaryWriter initialized
[2020.07.08-21.45.05:113][  0]LogInit: Transaction tracking system initialized
[2020.07.08-21.45.05:127][  0]BlueprintLog: New page: Editor Load
[2020.07.08-21.45.05:172][  0]LocalizationService: Localization service is disabled
[2020.07.08-21.45.05:214][  0]LogLinker: Warning: Failed to load '/Game/ThirdPersonBP/ThirdPersonOverview': Can't find file.
[2020.07.08-21.45.05:215][  0]LogLinker: Warning: Failed to load '/Game/ThirdPersonBP/ThirdPersonOverview': Can't find file.
[2020.07.08-21.45.05:215][  0]LogUObjectGlobals: Warning: Failed to find object 'Class /Game/ThirdPersonBP/ThirdPersonOverview.ThirdPersonOverview_C'
[2020.07.08-21.45.05:642][  0]LogFileCache: Scanning file cache for directory 'C:/Users/Gabriel/Documents/Desarrollo de videojuegos/Try2 actualizacion1/videojuegos2/DreamGuards-0.1/Content/' took 0.01s
[2020.07.08-21.45.05:642][  0]LogCook: Display: Max memory allowance for cook 16384mb min free memory 0mb
[2020.07.08-21.45.05:642][  0]LogCook: Display: Mobile HDR setting 1
[2020.07.08-21.45.06:645][  0]SourceControl: Source control is disabled
[2020.07.08-21.45.06:649][  0]LightingResults: New page: Lighting Build
[2020.07.08-21.45.06:650][  0]LogWorld: UWorld::CleanupWorld for Untitled, bSessionEnded=true, bCleanupResources=true
[2020.07.08-21.45.06:651][  0]LogSlate: InvalidateAllWidgets triggered.  All widgets were invalidated
[2020.07.08-21.45.06:651][  0]MapCheck: New page: Map Check
[2020.07.08-21.45.06:651][  0]LightingResults: New page: Lighting Build
[2020.07.08-21.45.06:682][  0]LogUObjectHash: Compacting FUObjectHashTables data took   2.32ms
[2020.07.08-21.45.06:720][  0]LogAIModule: Creating AISystem for world Introvideos
[2020.07.08-21.45.06:721][  0]LogEditorServer: Finished looking for orphan Actors (0.000 secs)
[2020.07.08-21.45.06:748][  0]LogUObjectHash: Compacting FUObjectHashTables data took   2.84ms
[2020.07.08-21.45.06:748][  0]Cmd: MAP CHECKDEP NOCLEARLOG
[2020.07.08-21.45.06:748][  0]MapCheck: Map check complete: 0 Error(s), 0 Warning(s), took 0.213ms to complete.
[2020.07.08-21.45.06:748][  0]LogFileHelpers: Loading map 'Introvideos' took 0.103
[2020.07.08-21.45.06:897][  0]LogSlate: Updating window title bar state: overlay mode, drag disabled, window buttons hidden, title bar hidden
[2020.07.08-21.45.06:907][  0]LogSlate: Updating window title bar state: overlay mode, drag disabled, window buttons hidden, title bar hidden
[2020.07.08-21.45.06:917][  0]LogSlate: Updating window title bar state: overlay mode, drag disabled, window buttons hidden, title bar hidden
[2020.07.08-21.45.06:926][  0]LogSlate: Updating window title bar state: overlay mode, drag disabled, window buttons hidden, title bar hidden
[2020.07.08-21.45.06:935][  0]LogCollectionManager: Loaded 0 collections in 0.003096 seconds
[2020.07.08-21.45.06:954][  0]LogFileCache: Scanning file cache for directory 'C:/Users/Gabriel/Documents/Desarrollo de videojuegos/Try2 actualizacion1/videojuegos2/DreamGuards-0.1/Saved/Collections/' took 0.00s
[2020.07.08-21.45.06:954][  0]LogFileCache: Scanning file cache for directory 'C:/Users/Gabriel/Documents/Desarrollo de videojuegos/Try2 actualizacion1/videojuegos2/DreamGuards-0.1/Content/Developers/Gabriel/Collections/' took 0.00s
[2020.07.08-21.45.06:954][  0]LogFileCache: Scanning file cache for directory 'C:/Users/Gabriel/Documents/Desarrollo de videojuegos/Try2 actualizacion1/videojuegos2/DreamGuards-0.1/Content/Collections/' took 0.00s
[2020.07.08-21.45.06:954][  0]LogContentBrowser: Native class hierarchy populated in 0.0101 seconds. Added 3024 classes and 722 folders.
[2020.07.08-21.45.06:957][  0]LogContentBrowser: Native class hierarchy updated for 'WidgetCarousel' in 0.0003 seconds. Added 0 classes and 0 folders.
[2020.07.08-21.45.07:047][  0]LogContentBrowser: Native class hierarchy updated for 'AddContentDialog' in 0.0003 seconds. Added 0 classes and 0 folders.
[2020.07.08-21.45.07:051][  0]LogContentBrowser: Native class hierarchy updated for 'SceneOutliner' in 0.0003 seconds. Added 2 classes and 3 folders.
[2020.07.08-21.45.07:182][  0]LogSlate: Took 0.000378 seconds to synchronously load lazily loaded font '../../../Engine/Content/Slate/Fonts/Roboto-Regular.ttf' (155K)
[2020.07.08-21.45.07:187][  0]LogSlate: Took 0.000320 seconds to synchronously load lazily loaded font '../../../Engine/Content/Slate/Fonts/Roboto-Bold.ttf' (160K)
[2020.07.08-21.45.07:194][  0]LogSlate: Took 0.000270 seconds to synchronously load lazily loaded font '../../../Engine/Content/Editor/Slate/Fonts/FontAwesome.ttf' (139K)
[2020.07.08-21.45.07:292][  0]LogRenderer: Reallocating scene render targets to support 880x380 Format 10 NumSamples 1 (Frame:1).
[2020.07.08-21.45.07:345][  0]LogSlate: Took 0.000295 seconds to synchronously load lazily loaded font '../../../Engine/Content/Slate/Fonts/Roboto-Light.ttf' (167K)
[2020.07.08-21.45.07:503][  0]LogContentBrowser: Native class hierarchy updated for 'HierarchicalLODOutliner' in 0.0004 seconds. Added 0 classes and 0 folders.
[2020.07.08-21.45.07:503][  0]LogLoad: (Engine Initialization) Total time: 12.98 seconds
[2020.07.08-21.45.07:503][  0]LogLoad: (Engine Initialization) Total Blueprint compile time: 0.00 seconds
[2020.07.08-21.45.07:553][  0]LogContentStreaming: Texture pool size now 1000 MB
[2020.07.08-21.45.11:588][228]LogSlate: Took 0.000281 seconds to synchronously load lazily loaded font '../../../Engine/Content/Slate/Fonts/Roboto-Light.ttf' (167K)
[2020.07.08-21.45.11:590][228]LogSlate: Took 0.001942 seconds to synchronously load lazily loaded font '../../../Engine/Content/Slate/Fonts/DroidSansFallback.ttf' (3848K)
[2020.07.08-21.45.35:179][591]LogAssetRegistry: Asset discovery search completed in 34.6516 seconds
[2020.07.08-21.45.35:183][591]LogCollectionManager: Fixed up redirectors for 0 collections in 0.000010 seconds (updated 0 objects)
[2020.07.08-21.45.45:373][ 31]LogAIModule: Creating AISystem for world Mneus
[2020.07.08-21.45.45:379][ 31]LogAssetEditorSubsystem: Opening Asset editor for World /Game/Maps/Mneus.Mneus
[2020.07.08-21.45.45:403][ 31]LogUObjectHash: Compacting FUObjectHashTables data took   2.34ms
[2020.07.08-21.45.45:405][ 31]Cmd: MAP LOAD FILE="../../../../../../Users/Gabriel/Documents/Desarrollo de videojuegos/Try2 actualizacion1/videojuegos2/DreamGuards-0.1/Content/Maps/Mneus.umap" TEMPLATE=0 SHOWPROGRESS=1 FEATURELEVEL=3
[2020.07.08-21.45.45:405][ 31]LightingResults: New page: Lighting Build
[2020.07.08-21.45.45:406][ 31]LoadErrors: New page: Loading map: Mneus.umap
[2020.07.08-21.45.45:456][ 31]LogWorld: UWorld::CleanupWorld for Introvideos, bSessionEnded=true, bCleanupResources=true
[2020.07.08-21.45.45:456][ 31]LogSlate: InvalidateAllWidgets triggered.  All widgets were invalidated
[2020.07.08-21.45.45:456][ 31]MapCheck: New page: Map Check
[2020.07.08-21.45.45:456][ 31]LightingResults: New page: Lighting Build
[2020.07.08-21.45.45:484][ 31]LogUObjectHash: Compacting FUObjectHashTables data took   2.27ms
[2020.07.08-21.45.45:571][ 31]LogEditorServer: Finished looking for orphan Actors (0.000 secs)
[2020.07.08-21.45.45:601][ 31]LogUObjectHash: Compacting FUObjectHashTables data took   2.37ms
[2020.07.08-21.45.45:637][ 31]Cmd: MAP CHECKDEP NOCLEARLOG
[2020.07.08-21.45.45:637][ 31]MapCheck: Map check complete: 0 Error(s), 0 Warning(s), took 0.163ms to complete.
[2020.07.08-21.45.45:637][ 31]LogFileHelpers: Loading map 'Mneus' took 0.232
[2020.07.08-21.45.47:667][137]LogTemp: Repeating last play command: Selected Viewport
[2020.07.08-21.45.47:700][137]LogBlueprintUserMessages: Early PlayInEditor Detection: Level '/Game/Maps/Mneus.Mneus:PersistentLevel' has LevelScriptBlueprint '/Game/Maps/Mneus.Mneus:PersistentLevel.Mneus' with GeneratedClass '/Game/Maps/Mneus.Mneus_C' with ClassGeneratedBy '/Game/Maps/Mneus.Mneus:PersistentLevel.Mneus'
[2020.07.08-21.45.47:701][137]LogPlayLevel: PlayLevel: No blueprints needed recompiling
[2020.07.08-21.45.47:701][137]PIE: New page: PIE session: Mneus (Jul 8, 2020, 1:45:47 PM)
[2020.07.08-21.45.47:702][137]LogOnline: OSS: Creating online subsystem instance for: NULL
[2020.07.08-21.45.47:704][137]LogOnline: OSS: TryLoadSubsystemAndSetDefault: Loaded subsystem for module [NULL]
[2020.07.08-21.45.47:704][137]LogPlayLevel: Creating play world package: /Game/Maps/UEDPIE_0_Mneus
[2020.07.08-21.45.47:707][137]LogPlayLevel: PIE: StaticDuplicateObject took: (0.003078s)
[2020.07.08-21.45.47:709][137]LogAIModule: Creating AISystem for world Mneus
[2020.07.08-21.45.47:709][137]LogPlayLevel: PIE: World Init took: (0.001989s)
[2020.07.08-21.45.47:710][137]LogPlayLevel: PIE: Created PIE world by copying editor world from /Game/Maps/Mneus.Mneus to /Game/Maps/UEDPIE_0_Mneus.Mneus (0.005500s)
[2020.07.08-21.45.47:734][137]LogUObjectHash: Compacting FUObjectHashTables data took   2.46ms
[2020.07.08-21.45.47:735][137]LogAudioMixer: Display: Audio Mixer Platform Settings:
[2020.07.08-21.45.47:735][137]LogAudioMixer: Display: 	Sample Rate:						  48000
[2020.07.08-21.45.47:735][137]LogAudioMixer: Display: 	Callback Buffer Frame Size Requested: 1024
[2020.07.08-21.45.47:735][137]LogAudioMixer: Display: 	Callback Buffer Frame Size To Use:	  1024
[2020.07.08-21.45.47:735][137]LogAudioMixer: Display: 	Number of buffers to queue:			  2
[2020.07.08-21.45.47:735][137]LogAudioMixer: Display: 	Max Channels (voices):				  32
[2020.07.08-21.45.47:735][137]LogAudioMixer: Display: 	Number of Async Source Workers:		  0
[2020.07.08-21.45.47:735][137]LogAudio: Display: AudioDevice MaxSources: 32
[2020.07.08-21.45.47:736][137]LogAudio: Display: Using built-in audio occlusion.
[2020.07.08-21.45.47:736][137]LogAudioMixer: Display: Initializing audio mixer.
[2020.07.08-21.45.47:753][137]LogAudioMixer: Display: Audio Device Output Speaker Info:
[2020.07.08-21.45.47:753][137]LogAudioMixer: Display: Name: Speakers (Realtek High Definition Audio)
[2020.07.08-21.45.47:753][137]LogAudioMixer: Display: Is Default: Yes
[2020.07.08-21.45.47:753][137]LogAudioMixer: Display: Sample Rate: 48000
[2020.07.08-21.45.47:753][137]LogAudioMixer: Display: Channel Count Used: 2
[2020.07.08-21.45.47:753][137]LogAudioMixer: Display: Device Channel Count: 2
[2020.07.08-21.45.47:753][137]LogAudioMixer: Display: Channel Order:
[2020.07.08-21.45.47:753][137]LogAudioMixer: Display: 0: FrontLeft
[2020.07.08-21.45.47:753][137]LogAudioMixer: Display: 1: FrontRight
[2020.07.08-21.45.47:787][137]LogAudioMixer: Display: Using Audio Device Speakers (Realtek High Definition Audio)
[2020.07.08-21.45.47:789][137]LogInit: FAudioDevice initialized.
[2020.07.08-21.45.48:003][137]LogLoad: Game class is 'gamemode_C'
[2020.07.08-21.45.48:005][137]LogWorld: Bringing World /Game/Maps/UEDPIE_0_Mneus.Mneus up for play (max tick rate 60) at 2020.07.08-17.45.48
[2020.07.08-21.45.48:005][137]LogWorld: Bringing up level for play took: 0.000532
[2020.07.08-21.45.48:005][137]LogOnline: OSS: Creating online subsystem instance for: :Context_1
[2020.07.08-21.45.48:010][137]LogContentBrowser: Native class hierarchy updated for 'MovieSceneCapture' in 0.0004 seconds. Added 20 classes and 0 folders.
[2020.07.08-21.45.48:010][137]LogGameMode: Display: Match State Changed from EnteringMap to WaitingToStart
[2020.07.08-21.45.48:010][137]LogGameState: Match State Changed from EnteringMap to WaitingToStart
[2020.07.08-21.45.48:010][137]LogGameMode: Display: Match State Changed from WaitingToStart to InProgress
[2020.07.08-21.45.48:014][137]LogGameState: Match State Changed from WaitingToStart to InProgress
[2020.07.08-21.45.48:014][137]PIE: Play in editor start time for /Game/Maps/UEDPIE_0_Mneus -0.223
[2020.07.08-21.45.48:014][137]LogBlueprintUserMessages: Late PlayInEditor Detection: Level '/Game/Maps/Mneus.Mneus:PersistentLevel' has LevelScriptBlueprint '/Game/Maps/Mneus.Mneus:PersistentLevel.Mneus' with GeneratedClass '/Game/Maps/Mneus.Mneus_C' with ClassGeneratedBy '/Game/Maps/Mneus.Mneus:PersistentLevel.Mneus'
[2020.07.08-21.45.48:056][138]LogRenderer: Reallocating scene render targets to support 880x600 Format 10 NumSamples 1 (Frame:1).
[2020.07.08-21.46.08:764][331]LogSlate: Updating window title bar state: overlay mode, drag disabled, window buttons hidden, title bar hidden
[2020.07.08-21.46.08:764][331]LogBlueprintUserMessages: Early EndPlayMap Detection: Level '/Game/Maps/Mneus.Mneus:PersistentLevel' has LevelScriptBlueprint '/Game/Maps/Mneus.Mneus:PersistentLevel.Mneus' with GeneratedClass '/Game/Maps/Mneus.Mneus_C' with ClassGeneratedBy '/Game/Maps/Mneus.Mneus:PersistentLevel.Mneus'
[2020.07.08-21.46.08:786][331]LogWorld: BeginTearingDown for /Game/Maps/UEDPIE_0_Mneus
[2020.07.08-21.46.08:787][331]LogAudioMixer: Display: Flush succeeded in the source manager command queue (1).
[2020.07.08-21.46.08:807][331]LogAudioMixer: Display: Flush succeeded the source manager command queue (2).
[2020.07.08-21.46.08:807][331]LogWorld: UWorld::CleanupWorld for Mneus, bSessionEnded=true, bCleanupResources=true
[2020.07.08-21.46.08:807][331]LogSlate: InvalidateAllWidgets triggered.  All widgets were invalidated
[2020.07.08-21.46.08:815][331]LogPlayLevel: Display: Shutting down PIE online subsystems
[2020.07.08-21.46.08:815][331]LogBlueprintUserMessages: Late EndPlayMap Detection: Level '/Game/Maps/Mneus.Mneus:PersistentLevel' has LevelScriptBlueprint '/Game/Maps/Mneus.Mneus:PersistentLevel.Mneus' with GeneratedClass '/Game/Maps/Mneus.Mneus_C' with ClassGeneratedBy '/Game/Maps/Mneus.Mneus:PersistentLevel.Mneus'
[2020.07.08-21.46.08:819][331]LogSlate: InvalidateAllWidgets triggered.  All widgets were invalidated
[2020.07.08-21.46.08:841][331]LogAudioMixer: Display: No commands were queued while flushing the source manager.
[2020.07.08-21.46.08:850][331]LogSlate: Updating window title bar state: overlay mode, drag disabled, window buttons hidden, title bar hidden
[2020.07.08-21.46.08:854][331]LogUObjectHash: Compacting FUObjectHashTables data took   2.61ms
[2020.07.08-21.46.08:883][332]LogPlayLevel: Display: Destroying online subsystem :Context_1
[2020.07.08-21.46.26:675][365]LogAssetEditorSubsystem: Opening Asset editor for LevelScriptBlueprint /Game/Maps/Mneus.Mneus:PersistentLevel.Mneus
[2020.07.08-21.46.27:057][365]LogContentBrowser: Native class hierarchy updated for 'BlueprintGraph' in 0.0014 seconds. Added 121 classes and 0 folders.
[2020.07.08-21.46.28:156][365]LogSlate: Took 0.000303 seconds to synchronously load lazily loaded font '../../../Engine/Content/Slate/Fonts/Roboto-BoldCondensed.ttf' (158K)
[2020.07.08-21.46.28:232][366]LogSlate: Took 0.000306 seconds to synchronously load lazily loaded font '../../../Engine/Content/Slate/Fonts/Roboto-Italic.ttf' (157K)
[2020.07.08-21.48.47:410][359]LogSlate: Window 'Mneus' being destroyed
[2020.07.08-21.48.47:469][359]LogWorld: UWorld::CleanupWorld for World_0, bSessionEnded=true, bCleanupResources=true
[2020.07.08-21.48.47:469][359]LogSlate: InvalidateAllWidgets triggered.  All widgets were invalidated
[2020.07.08-21.49.11:009][731]LogAssetEditorSubsystem: Opening Asset editor for WidgetBlueprint /Game/InterfazUsuario/BattleInteface.BattleInteface
[2020.07.08-21.56.09:862][417]LogUObjectHash: Compacting FUObjectHashTables data took   5.91ms
[2020.07.08-21.56.09:863][417]LogFileHelpers: Editor autosave (incl. sublevels) for '/Game/Maps/Mneus' took 0.091
[2020.07.08-21.56.09:864][417]OBJ SavePackage: Generating thumbnails for [0] asset(s) in package [/Game/InterfazUsuario/BattleInteface] ([1] browsable assets)...
[2020.07.08-21.56.09:864][417]OBJ SavePackage: Finished generating thumbnails for package [/Game/InterfazUsuario/BattleInteface]
[2020.07.08-21.56.10:761][417]LogSavePackage: Moving '../../../../../../Users/Gabriel/Documents/Desarrollo de videojuegos/Try2 actualizacion1/videojuegos2/DreamGuards-0.1/Saved/BattleInteface_Auto182060A6A495B652DD92D01801C1A61F5.tmp' to '../../../../../../Users/Gabriel/Documents/Desarrollo de videojuegos/Try2 actualizacion1/videojuegos2/DreamGuards-0.1/Saved/Autosaves/Game/InterfazUsuario/BattleInteface_Auto1.uasset'
[2020.07.08-21.56.10:763][417]LogFileHelpers: Auto-saving content packages took 0.900
[2020.07.08-21.59.50:186][536]LogEditorTransaction: Undo Add Event Track
[2020.07.08-22.00.41:904][115]LogEditorTransaction: Undo Add Section
[2020.07.08-22.00.51:393][593]BlueprintLog: New page: Compile BattleInteface
[2020.07.08-22.00.51:461][593]LogUObjectHash: Compacting FUObjectHashTables data took   6.26ms
[2020.07.08-22.01.12:729][748]LogTemp: Repeating last play command: Selected Viewport
[2020.07.08-22.01.12:762][748]LogBlueprintUserMessages: Early PlayInEditor Detection: Level '/Game/Maps/Mneus.Mneus:PersistentLevel' has LevelScriptBlueprint '/Game/Maps/Mneus.Mneus:PersistentLevel.Mneus' with GeneratedClass '/Game/Maps/Mneus.Mneus_C' with ClassGeneratedBy '/Game/Maps/Mneus.Mneus:PersistentLevel.Mneus'
[2020.07.08-22.01.12:762][748]LogPlayLevel: PlayLevel: No blueprints needed recompiling
[2020.07.08-22.01.12:762][748]PIE: New page: PIE session: Mneus (Jul 8, 2020, 2:01:12 PM)
[2020.07.08-22.01.12:762][748]LogPlayLevel: Creating play world package: /Game/Maps/UEDPIE_0_Mneus
[2020.07.08-22.01.12:765][748]LogPlayLevel: PIE: StaticDuplicateObject took: (0.002207s)
[2020.07.08-22.01.12:767][748]LogAIModule: Creating AISystem for world Mneus
[2020.07.08-22.01.12:768][748]LogPlayLevel: PIE: World Init took: (0.002863s)
[2020.07.08-22.01.12:768][748]LogPlayLevel: PIE: Created PIE world by copying editor world from /Game/Maps/Mneus.Mneus to /Game/Maps/UEDPIE_0_Mneus.Mneus (0.005275s)
[2020.07.08-22.01.12:816][748]LogUObjectHash: Compacting FUObjectHashTables data took   5.75ms
[2020.07.08-22.01.12:818][748]LogAudioMixer: Display: Audio Mixer Platform Settings:
[2020.07.08-22.01.12:818][748]LogAudioMixer: Display: 	Sample Rate:						  48000
[2020.07.08-22.01.12:818][748]LogAudioMixer: Display: 	Callback Buffer Frame Size Requested: 1024
[2020.07.08-22.01.12:818][748]LogAudioMixer: Display: 	Callback Buffer Frame Size To Use:	  1024
[2020.07.08-22.01.12:818][748]LogAudioMixer: Display: 	Number of buffers to queue:			  2
[2020.07.08-22.01.12:818][748]LogAudioMixer: Display: 	Max Channels (voices):				  32
[2020.07.08-22.01.12:818][748]LogAudioMixer: Display: 	Number of Async Source Workers:		  0
[2020.07.08-22.01.12:818][748]LogAudio: Display: AudioDevice MaxSources: 32
[2020.07.08-22.01.12:818][748]LogAudio: Display: Using built-in audio occlusion.
[2020.07.08-22.01.12:818][748]LogAudioMixer: Display: Initializing audio mixer.
[2020.07.08-22.01.12:840][748]LogAudioMixer: Display: Audio Device Output Speaker Info:
[2020.07.08-22.01.12:840][748]LogAudioMixer: Display: Name: Speakers (Realtek High Definition Audio)
[2020.07.08-22.01.12:840][748]LogAudioMixer: Display: Is Default: Yes
[2020.07.08-22.01.12:840][748]LogAudioMixer: Display: Sample Rate: 48000
[2020.07.08-22.01.12:840][748]LogAudioMixer: Display: Channel Count Used: 2
[2020.07.08-22.01.12:840][748]LogAudioMixer: Display: Device Channel Count: 2
[2020.07.08-22.01.12:840][748]LogAudioMixer: Display: Channel Order:
[2020.07.08-22.01.12:840][748]LogAudioMixer: Display: 0: FrontLeft
[2020.07.08-22.01.12:840][748]LogAudioMixer: Display: 1: FrontRight
[2020.07.08-22.01.12:876][748]LogAudioMixer: Display: Using Audio Device Speakers (Realtek High Definition Audio)
[2020.07.08-22.01.12:878][748]LogInit: FAudioDevice initialized.
[2020.07.08-22.01.12:890][748]LogLoad: Game class is 'gamemode_C'
[2020.07.08-22.01.12:892][748]LogWorld: Bringing World /Game/Maps/UEDPIE_0_Mneus.Mneus up for play (max tick rate 60) at 2020.07.08-18.01.12
[2020.07.08-22.01.12:892][748]LogWorld: Bringing up level for play took: 0.000685
[2020.07.08-22.01.12:892][748]LogOnline: OSS: Creating online subsystem instance for: :Context_5
[2020.07.08-22.01.12:895][748]LogGameMode: Display: Match State Changed from EnteringMap to WaitingToStart
[2020.07.08-22.01.12:895][748]LogGameState: Match State Changed from EnteringMap to WaitingToStart
[2020.07.08-22.01.12:896][748]LogGameMode: Display: Match State Changed from WaitingToStart to InProgress
[2020.07.08-22.01.12:901][748]LogGameState: Match State Changed from WaitingToStart to InProgress
[2020.07.08-22.01.12:902][748]PIE: Play in editor start time for /Game/Maps/UEDPIE_0_Mneus 0.664
[2020.07.08-22.01.12:902][748]LogBlueprintUserMessages: Late PlayInEditor Detection: Level '/Game/Maps/Mneus.Mneus:PersistentLevel' has LevelScriptBlueprint '/Game/Maps/Mneus.Mneus:PersistentLevel.Mneus' with GeneratedClass '/Game/Maps/Mneus.Mneus_C' with ClassGeneratedBy '/Game/Maps/Mneus.Mneus:PersistentLevel.Mneus'
[2020.07.08-22.01.17:018][936]LogAudioMixer: Display: No commands were queued while flushing the source manager.
[2020.07.08-22.01.17:035][936]LogAudioMixer: Display: Flush succeeded in the source manager command queue (1).
[2020.07.08-22.01.17:065][936]LogAudioMixer: Display: Flush succeeded the source manager command queue (2).
[2020.07.08-22.01.17:067][936]LogBlueprintUserMessages: Early EndPlayMap Detection: Level '/Game/Maps/Mneus.Mneus:PersistentLevel' has LevelScriptBlueprint '/Game/Maps/Mneus.Mneus:PersistentLevel.Mneus' with GeneratedClass '/Game/Maps/Mneus.Mneus_C' with ClassGeneratedBy '/Game/Maps/Mneus.Mneus:PersistentLevel.Mneus'
[2020.07.08-22.01.17:081][936]LogSlate: Updating window title bar state: overlay mode, drag disabled, window buttons hidden, title bar hidden
[2020.07.08-22.01.17:081][936]LogWorld: BeginTearingDown for /Game/Maps/UEDPIE_0_Mneus
[2020.07.08-22.01.17:081][936]LogAudioMixer: Display: No commands were queued while flushing the source manager.
[2020.07.08-22.01.17:081][936]LogWorld: UWorld::CleanupWorld for Mneus, bSessionEnded=true, bCleanupResources=true
[2020.07.08-22.01.17:081][936]LogSlate: InvalidateAllWidgets triggered.  All widgets were invalidated
[2020.07.08-22.01.17:096][936]LogPlayLevel: Display: Shutting down PIE online subsystems
[2020.07.08-22.01.17:097][936]LogBlueprintUserMessages: Late EndPlayMap Detection: Level '/Game/Maps/Mneus.Mneus:PersistentLevel' has LevelScriptBlueprint '/Game/Maps/Mneus.Mneus:PersistentLevel.Mneus' with GeneratedClass '/Game/Maps/Mneus.Mneus_C' with ClassGeneratedBy '/Game/Maps/Mneus.Mneus:PersistentLevel.Mneus'
[2020.07.08-22.01.17:107][936]LogSlate: InvalidateAllWidgets triggered.  All widgets were invalidated
[2020.07.08-22.01.17:150][936]LogAudioMixer: Display: No commands were queued while flushing the source manager.
[2020.07.08-22.01.17:154][936]LogSlate: Updating window title bar state: overlay mode, drag disabled, window buttons hidden, title bar hidden
[2020.07.08-22.01.17:159][936]LogUObjectHash: Compacting FUObjectHashTables data took   3.54ms
[2020.07.08-22.01.17:179][937]LogPlayLevel: Display: Destroying online subsystem :Context_5
[2020.07.08-22.04.20:833][173]LogSavePackage: Moving '../../../../../../Users/Gabriel/Documents/Desarrollo de videojuegos/Try2 actualizacion1/videojuegos2/DreamGuards-0.1/Saved/BattleInteface4ACE56674191F930A27FB9B8F1ECAE11.tmp' to '../../../../../../Users/Gabriel/Documents/Desarrollo de videojuegos/Try2 actualizacion1/videojuegos2/DreamGuards-0.1/Content/InterfazUsuario/BattleInteface.uasset'
[2020.07.08-22.04.20:869][173]AssetCheck: New page: Asset Save: BattleInteface
[2020.07.08-22.04.20:869][173]LogContentValidation: Display: Validating WidgetBlueprint /Game/InterfazUsuario/BattleInteface.BattleInteface
[2020.07.08-22.04.21:330][195]BlueprintLog: New page: Compile BattleInteface
[2020.07.08-22.04.21:407][195]LogUObjectHash: Compacting FUObjectHashTables data took   6.22ms
[2020.07.08-22.08.39:519][754]LogSlate: Window 'BattleInteface' being destroyed
[2020.07.08-22.08.39:546][754]LogWorld: UWorld::CleanupWorld for World_2, bSessionEnded=true, bCleanupResources=true
[2020.07.08-22.08.39:546][754]LogSlate: InvalidateAllWidgets triggered.  All widgets were invalidated
[2020.07.08-22.08.39:600][754]LogWorld: UWorld::CleanupWorld for World_1, bSessionEnded=true, bCleanupResources=true
[2020.07.08-22.08.39:600][754]LogSlate: InvalidateAllWidgets triggered.  All widgets were invalidated
