Log file open, 06/13/20 20:09:05
LogWindows: Failed to load 'aqProf.dll' (GetLastError=126)
LogWindows: File 'aqProf.dll' does not exist
LogWindows: Failed to load 'VtuneApi.dll' (GetLastError=126)
LogWindows: File 'VtuneApi.dll' does not exist
LogWindows: Failed to load 'VtuneApi32e.dll' (GetLastError=126)
LogWindows: File 'VtuneApi32e.dll' does not exist
LogConsoleResponse: Display: Failed to find resolution value strings in scalability ini. Falling back to default.
LogInit: Display: Running engine for game: Try2
LogPlatformFile: Not using cached read wrapper
LogTaskGraph: Started task graph with 5 named threads and 23 total threads with 3 sets of task threads.
LogStats: Stats thread started at 0.069088
LogD3D11RHI: Loaded GFSDK_Aftermath_Lib.x64.dll
LogICUInternationalization: ICU TimeZone Detection - Raw Offset: -4:00, Platform Override: ''
LogPluginManager: Mounting plugin Paper2D
LogPluginManager: Mounting plugin AISupport
LogPluginManager: Mounting plugin LightPropagationVolume
LogPluginManager: Mounting plugin ActorLayerUtilities
LogPluginManager: Mounting plugin AnimationSharing
LogPluginManager: Mounting plugin CLionSourceCodeAccess
LogPluginManager: Mounting plugin CodeLiteSourceCodeAccess
LogPluginManager: Mounting plugin GitSourceControl
LogPluginManager: Mounting plugin KDevelopSourceCodeAccess
LogPluginManager: Mounting plugin NullSourceCodeAccess
LogPluginManager: Mounting plugin PerforceSourceControl
LogPluginManager: Mounting plugin PlasticSourceControl
LogPluginManager: Mounting plugin SubversionSourceControl
LogPluginManager: Mounting plugin UObjectPlugin
LogPluginManager: Mounting plugin VisualStudioCodeSourceCodeAccess
LogPluginManager: Mounting plugin VisualStudioSourceCodeAccess
LogPluginManager: Mounting plugin XCodeSourceCodeAccess
LogPluginManager: Mounting plugin AssetManagerEditor
LogPluginManager: Mounting plugin CryptoKeys
LogPluginManager: Mounting plugin CurveEditorTools
LogPluginManager: Mounting plugin DataValidation
LogPluginManager: Mounting plugin FacialAnimation
LogPluginManager: Mounting plugin GameplayTagsEditor
LogPluginManager: Mounting plugin MacGraphicsSwitching
LogPluginManager: Mounting plugin MaterialAnalyzer
LogPluginManager: Mounting plugin MobileLauncherProfileWizard
LogPluginManager: Mounting plugin PluginBrowser
LogPluginManager: Mounting plugin SpeedTreeImporter
LogPluginManager: Mounting plugin DatasmithContent
LogPluginManager: Mounting plugin VariantManagerContent
LogPluginManager: Mounting plugin AlembicImporter
LogPluginManager: Mounting plugin AutomationUtils
LogPluginManager: Mounting plugin BackChannel
LogPluginManager: Mounting plugin CharacterAI
LogPluginManager: Mounting plugin GeometryCache
LogPluginManager: Mounting plugin PlatformCrypto
LogPluginManager: Mounting plugin ProxyLODPlugin
LogPluginManager: Mounting plugin SkeletalReduction
LogPluginManager: Mounting plugin MagicLeap
LogPluginManager: Mounting plugin MagicLeapMedia
LogPluginManager: Mounting plugin MLSDK
LogPluginManager: Mounting plugin AndroidMedia
LogPluginManager: Mounting plugin AvfMedia
LogPluginManager: Mounting plugin ImgMedia
LogPluginManager: Mounting plugin MediaCompositing
LogPluginManager: Mounting plugin MediaPlayerEditor
LogPluginManager: Mounting plugin WebMMedia
LogPluginManager: Mounting plugin WmfMedia
LogPluginManager: Mounting plugin TcpMessaging
LogPluginManager: Mounting plugin UdpMessaging
LogPluginManager: Mounting plugin ActorSequence
LogPluginManager: Mounting plugin LevelSequenceEditor
LogPluginManager: Mounting plugin MatineeToLevelSequence
LogPluginManager: Mounting plugin NetcodeUnitTest
LogPluginManager: Mounting plugin NUTUnrealEngine4
LogPluginManager: Mounting plugin OnlineSubsystemGooglePlay
LogPluginManager: Mounting plugin OnlineSubsystemIOS
LogPluginManager: Mounting plugin OnlineSubsystem
LogPluginManager: Mounting plugin OnlineSubsystemNull
LogPluginManager: Mounting plugin OnlineSubsystemUtils
LogPluginManager: Mounting plugin LauncherChunkInstaller
LogPluginManager: Mounting plugin AndroidDeviceProfileSelector
LogPluginManager: Mounting plugin AndroidMoviePlayer
LogPluginManager: Mounting plugin AndroidPermission
LogPluginManager: Mounting plugin ApexDestruction
LogPluginManager: Mounting plugin AppleImageUtils
LogPluginManager: Mounting plugin AppleMoviePlayer
LogPluginManager: Mounting plugin ArchVisCharacter
LogPluginManager: Mounting plugin AssetTags
LogPluginManager: Mounting plugin AudioCapture
LogPluginManager: Mounting plugin CableComponent
LogPluginManager: Mounting plugin CustomMeshComponent
LogPluginManager: Mounting plugin EditableMesh
LogPluginManager: Mounting plugin ExampleDeviceProfileSelector
LogPluginManager: Mounting plugin GoogleCloudMessaging
LogPluginManager: Mounting plugin IOSDeviceProfileSelector
LogPluginManager: Mounting plugin LinuxDeviceProfileSelector
LogPluginManager: Mounting plugin LocationServicesBPLibrary
LogPluginManager: Mounting plugin MobilePatchingUtils
LogPluginManager: Mounting plugin OculusVR
LogPluginManager: Mounting plugin PhysXVehicles
LogPluginManager: Mounting plugin PostSplashScreen
LogPluginManager: Mounting plugin ProceduralMeshComponent
LogPluginManager: Mounting plugin RuntimePhysXCooking
LogPluginManager: Mounting plugin SignificanceManager
LogPluginManager: Mounting plugin SteamVR
LogPluginManager: Mounting plugin WebMMoviePlayer
LogPluginManager: Mounting plugin WindowsMoviePlayer
LogPluginManager: Mounting plugin ScreenshotTools
LogInit: Using libcurl 7.55.1-DEV
LogInit:  - built for x86_64-pc-win32
LogInit:  - supports SSL with OpenSSL/1.1.1
LogInit:  - supports HTTP deflate (compression) using libz 1.2.8
LogInit:  - other features:
LogInit:      CURL_VERSION_SSL
LogInit:      CURL_VERSION_LIBZ
LogInit:      CURL_VERSION_IPV6
LogInit:      CURL_VERSION_ASYNCHDNS
LogInit:      CURL_VERSION_LARGEFILE
LogInit:      CURL_VERSION_IDN
LogInit:  CurlRequestOptions (configurable via config and command line):
LogInit:  - bVerifyPeer = true  - Libcurl will verify peer certificate
LogInit:  - bUseHttpProxy = false  - Libcurl will NOT use HTTP proxy
LogInit:  - bDontReuseConnections = false  - Libcurl will reuse connections
LogInit:  - MaxHostConnections = 16  - Libcurl will limit the number of connections to a host
LogInit:  - LocalHostAddr = Default
LogInit:  - BufferSize = 65536
LogOnline: OSS: Creating online subsystem instance for: NULL
LogInit: WinSock: version 1.1 (2.2), MaxSocks=32767, MaxUdp=65467
LogOnline: OSS: TryLoadSubsystemAndSetDefault: Loaded subsystem for module [NULL]
LogInit: Build: ++UE4+Release-4.24-CL-11590370
LogInit: Engine Version: 4.24.3-11590370+++UE4+Release-4.24
LogInit: Compatible Engine Version: 4.24.0-10570792+++UE4+Release-4.24
LogInit: Net CL: 10570792
LogInit: OS: Windows 8.1 (), CPU: Intel(R) Core(TM) i7-4702MQ CPU @ 2.20GHz, GPU: Intel(R) HD Graphics 4600
LogInit: Compiled (64-bit): Feb 24 2020 15:39:18
LogInit: Compiled with Visual C++: 19.16.27032.01
LogInit: Build Configuration: Development
LogInit: Branch Name: ++UE4+Release-4.24
LogInit: Command Line: 
LogInit: Base Directory: D:/Program Files/Epic Games/UE_4.24/Engine/Binaries/Win64/
LogInit: Installed Engine Build: 1
LogDevObjectVersion: Number of dev versions registered: 25
LogDevObjectVersion:   Dev-Blueprints (B0D832E4-1F89-4F0D-ACCF-7EB736FD4AA2): 10
LogDevObjectVersion:   Dev-Build (E1C64328-A22C-4D53-A36C-8E866417BD8C): 0
LogDevObjectVersion:   Dev-Core (375EC13C-06E4-48FB-B500-84F0262A717E): 3
LogDevObjectVersion:   Dev-Editor (E4B068ED-F494-42E9-A231-DA0B2E46BB41): 37
LogDevObjectVersion:   Dev-Framework (CFFC743F-43B0-4480-9391-14DF171D2073): 36
LogDevObjectVersion:   Dev-Mobile (B02B49B5-BB20-44E9-A304-32B752E40360): 2
LogDevObjectVersion:   Dev-Networking (A4E4105C-59A1-49B5-A7C5-40C4547EDFEE): 0
LogDevObjectVersion:   Dev-Online (39C831C9-5AE6-47DC-9A44-9C173E1C8E7C): 0
LogDevObjectVersion:   Dev-Physics (78F01B33-EBEA-4F98-B9B4-84EACCB95AA2): 2
LogDevObjectVersion:   Dev-Platform (6631380F-2D4D-43E0-8009-CF276956A95A): 0
LogDevObjectVersion:   Dev-Rendering (12F88B9F-8875-4AFC-A67C-D90C383ABD29): 36
LogDevObjectVersion:   Dev-Sequencer (7B5AE74C-D270-4C10-A958-57980B212A5A): 11
LogDevObjectVersion:   Dev-VR (D7296918-1DD6-4BDD-9DE2-64A83CC13884): 2
LogDevObjectVersion:   Dev-LoadTimes (C2A15278-BFE7-4AFE-6C17-90FF531DF755): 1
LogDevObjectVersion:   Private-Geometry (6EACA3D4-40EC-4CC1-B786-8BED09428FC5): 3
LogDevObjectVersion:   Dev-AnimPhys (29E575DD-E0A3-4627-9D10-D276232CDCEA): 17
LogDevObjectVersion:   Dev-Anim (AF43A65D-7FD3-4947-9873-3E8ED9C1BB05): 2
LogDevObjectVersion:   Dev-ReflectionCapture (6B266CEC-1EC7-4B8F-A30B-E4D90942FC07): 1
LogDevObjectVersion:   Dev-Automation (0DF73D61-A23F-47EA-B727-89E90C41499A): 1
LogDevObjectVersion:   FortniteMain (601D1886-AC64-4F84-AA16-D3DE0DEAC7D6): 31
LogDevObjectVersion:   Dev-Enterprise (9DFFBCD6-494F-0158-E221-12823C92A888): 8
LogDevObjectVersion:   Dev-Niagara (F2AED0AC-9AFE-416F-8664-AA7FFA26D6FC): 1
LogDevObjectVersion:   Dev-Destruction (174F1F0B-B4C6-45A5-B13F-2EE8D0FB917D): 9
LogDevObjectVersion:   Dev-Physics-Ext (35F94A83-E258-406C-A318-09F59610247C): 8
LogDevObjectVersion:   Dev-CineCamera (B2E18506-4273-CFC2-A54E-F4BB758BBA07): 1
LogInit: Presizing for max 25165824 objects, including 0 objects not considered by GC, pre-allocating 0 bytes for permanent pool.
LogInit: Object subsystem initialized
LogConfig: Setting CVar [[con.DebugEarlyDefault:1]]
LogConfig: Setting CVar [[r.setres:1280x720]]
[2020.06.14-00.09.05:416][  0]LogConfig: Setting CVar [[r.VSync:0]]
[2020.06.14-00.09.05:416][  0]LogConfig: Setting CVar [[r.RHICmdBypass:0]]
[2020.06.14-00.09.05:416][  0]LogConfig: Applying CVar settings from Section [/Script/Engine.RendererSettings] File [D:/Documentos/Unreal Projects/DreamGuards-0.1-master/Saved/Config/Windows/Engine.ini]
[2020.06.14-00.09.05:416][  0]LogConfig: Setting CVar [[r.GPUCrashDebugging:0]]
[2020.06.14-00.09.05:416][  0]LogConfig: Setting CVar [[r.MobileHDR:1]]
[2020.06.14-00.09.05:416][  0]LogConfig: Setting CVar [[r.Mobile.DisableVertexFog:1]]
[2020.06.14-00.09.05:416][  0]LogConfig: Setting CVar [[r.Shadow.CSM.MaxMobileCascades:2]]
[2020.06.14-00.09.05:416][  0]LogConfig: Setting CVar [[r.MobileMSAA:1]]
[2020.06.14-00.09.05:416][  0]LogConfig: Setting CVar [[r.Mobile.UseLegacyShadingModel:0]]
[2020.06.14-00.09.05:416][  0]LogConfig: Setting CVar [[r.Mobile.UseHWsRGBEncoding:0]]
[2020.06.14-00.09.05:416][  0]LogConfig: Setting CVar [[r.Mobile.AllowDitheredLODTransition:0]]
[2020.06.14-00.09.05:416][  0]LogConfig: Setting CVar [[r.Mobile.AllowSoftwareOcclusion:0]]
[2020.06.14-00.09.05:416][  0]LogConfig: Setting CVar [[r.DiscardUnusedQuality:0]]
[2020.06.14-00.09.05:416][  0]LogConfig: Setting CVar [[r.AllowOcclusionQueries:1]]
[2020.06.14-00.09.05:416][  0]LogConfig: Setting CVar [[r.MinScreenRadiusForLights:0.030000]]
[2020.06.14-00.09.05:416][  0]LogConfig: Setting CVar [[r.MinScreenRadiusForDepthPrepass:0.030000]]
[2020.06.14-00.09.05:416][  0]LogConfig: Setting CVar [[r.MinScreenRadiusForCSMDepth:0.010000]]
[2020.06.14-00.09.05:416][  0]LogConfig: Setting CVar [[r.PrecomputedVisibilityWarning:0]]
[2020.06.14-00.09.05:416][  0]LogConfig: Setting CVar [[r.TextureStreaming:1]]
[2020.06.14-00.09.05:416][  0]LogConfig: Setting CVar [[Compat.UseDXT5NormalMaps:0]]
[2020.06.14-00.09.05:416][  0]LogConfig: Setting CVar [[r.VirtualTextures:0]]
[2020.06.14-00.09.05:416][  0]LogConfig: Setting CVar [[r.VirtualTexturedLightmaps:0]]
[2020.06.14-00.09.05:416][  0]LogConfig: Setting CVar [[r.VT.TileSize:128]]
[2020.06.14-00.09.05:416][  0]LogConfig: Setting CVar [[r.VT.TileBorderSize:4]]
[2020.06.14-00.09.05:416][  0]LogConfig: Setting CVar [[r.vt.FeedbackFactor:16]]
[2020.06.14-00.09.05:416][  0]LogConfig: Setting CVar [[r.VT.EnableCompressZlib:1]]
[2020.06.14-00.09.05:416][  0]LogConfig: Setting CVar [[r.VT.EnableCompressCrunch:0]]
[2020.06.14-00.09.05:416][  0]LogConfig: Setting CVar [[r.ClearCoatNormal:0]]
[2020.06.14-00.09.05:416][  0]LogConfig: Setting CVar [[r.ReflectionCaptureResolution:128]]
[2020.06.14-00.09.05:416][  0]LogConfig: Setting CVar [[r.ReflectionEnvironmentLightmapMixBasedOnRoughness:1]]
[2020.06.14-00.09.05:416][  0]LogConfig: Setting CVar [[r.ForwardShading:0]]
[2020.06.14-00.09.05:416][  0]LogConfig: Setting CVar [[r.VertexFoggingForOpaque:1]]
[2020.06.14-00.09.05:416][  0]LogConfig: Setting CVar [[r.AllowStaticLighting:1]]
[2020.06.14-00.09.05:416][  0]LogConfig: Setting CVar [[r.NormalMapsForStaticLighting:0]]
[2020.06.14-00.09.05:416][  0]LogConfig: Setting CVar [[r.GenerateMeshDistanceFields:0]]
[2020.06.14-00.09.05:416][  0]LogConfig: Setting CVar [[r.DistanceFieldBuild.EightBit:0]]
[2020.06.14-00.09.05:416][  0]LogConfig: Setting CVar [[r.GenerateLandscapeGIData:0]]
[2020.06.14-00.09.05:416][  0]LogConfig: Setting CVar [[r.DistanceFieldBuild.Compress:0]]
[2020.06.14-00.09.05:416][  0]LogConfig: Setting CVar [[r.TessellationAdaptivePixelsPerTriangle:48.000000]]
[2020.06.14-00.09.05:417][  0]LogConfig: Setting CVar [[r.SeparateTranslucency:1]]
[2020.06.14-00.09.05:417][  0]LogConfig: Setting CVar [[r.TranslucentSortPolicy:0]]
[2020.06.14-00.09.05:417][  0]LogConfig: Setting CVar [[r.CustomDepth:1]]
[2020.06.14-00.09.05:417][  0]LogConfig: Setting CVar [[r.CustomDepthTemporalAAJitter:1]]
[2020.06.14-00.09.05:417][  0]LogConfig: Setting CVar [[r.PostProcessing.PropagateAlpha:0]]
[2020.06.14-00.09.05:417][  0]LogConfig: Setting CVar [[r.DefaultFeature.Bloom:1]]
[2020.06.14-00.09.05:417][  0]LogConfig: Setting CVar [[r.DefaultFeature.AmbientOcclusion:1]]
[2020.06.14-00.09.05:417][  0]LogConfig: Setting CVar [[r.DefaultFeature.AmbientOcclusionStaticFraction:1]]
[2020.06.14-00.09.05:417][  0]LogConfig: Setting CVar [[r.DefaultFeature.AutoExposure:0]]
[2020.06.14-00.09.05:417][  0]LogConfig: Setting CVar [[r.DefaultFeature.AutoExposure.Method:0]]
[2020.06.14-00.09.05:417][  0]LogConfig: Setting CVar [[r.DefaultFeature.AutoExposure.ExtendDefaultLuminanceRange:0]]
[2020.06.14-00.09.05:417][  0]LogConfig: Setting CVar [[r.UsePreExposure:1]]
[2020.06.14-00.09.05:417][  0]LogConfig: Setting CVar [[r.EyeAdaptation.EditorOnly:1]]
[2020.06.14-00.09.05:417][  0]LogConfig: Setting CVar [[r.DefaultFeature.MotionBlur:0]]
[2020.06.14-00.09.05:417][  0]LogConfig: Setting CVar [[r.DefaultFeature.LensFlare:0]]
[2020.06.14-00.09.05:417][  0]LogConfig: Setting CVar [[r.TemporalAA.Upsampling:0]]
[2020.06.14-00.09.05:417][  0]LogConfig: Setting CVar [[r.SSGI.Enable:0]]
[2020.06.14-00.09.05:417][  0]LogConfig: Setting CVar [[r.DefaultFeature.AntiAliasing:0]]
[2020.06.14-00.09.05:417][  0]LogConfig: Setting CVar [[r.DefaultFeature.LightUnits:1]]
[2020.06.14-00.09.05:417][  0]LogConfig: Setting CVar [[r.DefaultBackBufferPixelFormat:4]]
[2020.06.14-00.09.05:417][  0]LogConfig: Setting CVar [[r.Shadow.UnbuiltPreviewInGame:1]]
[2020.06.14-00.09.05:417][  0]LogConfig: Setting CVar [[r.StencilForLODDither:0]]
[2020.06.14-00.09.05:417][  0]LogConfig: Setting CVar [[r.EarlyZPass:3]]
[2020.06.14-00.09.05:417][  0]LogConfig: Setting CVar [[r.EarlyZPassOnlyMaterialMasking:0]]
[2020.06.14-00.09.05:417][  0]LogConfig: Setting CVar [[r.DBuffer:1]]
[2020.06.14-00.09.05:417][  0]LogConfig: Setting CVar [[r.ClearSceneMethod:1]]
[2020.06.14-00.09.05:417][  0]LogConfig: Setting CVar [[r.BasePassOutputsVelocity:0]]
[2020.06.14-00.09.05:417][  0]LogConfig: Setting CVar [[r.SelectiveBasePassOutputs:0]]
[2020.06.14-00.09.05:417][  0]LogConfig: Setting CVar [[fx.GPUSimulationTextureSizeX:1024]]
[2020.06.14-00.09.05:417][  0]LogConfig: Setting CVar [[fx.GPUSimulationTextureSizeY:1024]]
[2020.06.14-00.09.05:417][  0]LogConfig: Setting CVar [[r.AllowGlobalClipPlane:0]]
[2020.06.14-00.09.05:417][  0]LogConfig: Setting CVar [[r.GBufferFormat:1]]
[2020.06.14-00.09.05:417][  0]LogConfig: Setting CVar [[r.MorphTarget.Mode:1]]
[2020.06.14-00.09.05:417][  0]LogConfig: Setting CVar [[vr.InstancedStereo:0]]
[2020.06.14-00.09.05:417][  0]LogConfig: Setting CVar [[vr.MultiView:0]]
[2020.06.14-00.09.05:417][  0]LogConfig: Setting CVar [[vr.MobileMultiView:0]]
[2020.06.14-00.09.05:417][  0]LogConfig: Setting CVar [[vr.MobileMultiView.Direct:0]]
[2020.06.14-00.09.05:417][  0]LogConfig: Setting CVar [[vr.RoundRobinOcclusion:0]]
[2020.06.14-00.09.05:417][  0]LogConfig: Setting CVar [[vr.ODSCapture:0]]
[2020.06.14-00.09.05:417][  0]LogConfig: Setting CVar [[r.WireframeCullThreshold:5.000000]]
[2020.06.14-00.09.05:417][  0]LogConfig: Setting CVar [[r.RayTracing:0]]
[2020.06.14-00.09.05:417][  0]LogConfig: Setting CVar [[r.RayTracing.UseTextureLod:0]]
[2020.06.14-00.09.05:417][  0]LogConfig: Setting CVar [[r.SupportStationarySkylight:1]]
[2020.06.14-00.09.05:417][  0]LogConfig: Setting CVar [[r.SupportLowQualityLightmaps:1]]
[2020.06.14-00.09.05:417][  0]LogConfig: Setting CVar [[r.SupportPointLightWholeSceneShadows:1]]
[2020.06.14-00.09.05:417][  0]LogConfig: Setting CVar [[r.SupportAtmosphericFog:1]]
[2020.06.14-00.09.05:417][  0]LogConfig: Setting CVar [[r.SupportSkyAtmosphere:1]]
[2020.06.14-00.09.05:417][  0]LogConfig: Setting CVar [[r.SupportSkyAtmosphereAffectsHeightFog:0]]
[2020.06.14-00.09.05:417][  0]LogConfig: Setting CVar [[r.SkinCache.CompileShaders:0]]
[2020.06.14-00.09.05:417][  0]LogConfig: Setting CVar [[r.Mobile.EnableStaticAndCSMShadowReceivers:1]]
[2020.06.14-00.09.05:417][  0]LogConfig: Setting CVar [[r.Mobile.EnableMovableLightCSMShaderCulling:1]]
[2020.06.14-00.09.05:417][  0]LogConfig: Setting CVar [[r.Mobile.AllowDistanceFieldShadows:1]]
[2020.06.14-00.09.05:417][  0]LogConfig: Setting CVar [[r.Mobile.AllowMovableDirectionalLights:1]]
[2020.06.14-00.09.05:417][  0]LogConfig: Setting CVar [[r.MobileNumDynamicPointLights:4]]
[2020.06.14-00.09.05:417][  0]LogConfig: Setting CVar [[r.MobileDynamicPointLightsUseStaticBranch:1]]
[2020.06.14-00.09.05:417][  0]LogConfig: Setting CVar [[r.Mobile.EnableMovableSpotlights:0]]
[2020.06.14-00.09.05:417][  0]LogConfig: Setting CVar [[r.SkinCache.SceneMemoryLimitInMB:128.000000]]
[2020.06.14-00.09.05:417][  0]LogConfig: Setting CVar [[r.GPUSkin.Limit2BoneInfluences:0]]
[2020.06.14-00.09.05:417][  0]LogConfig: Setting CVar [[r.SupportDepthOnlyIndexBuffers:1]]
[2020.06.14-00.09.05:417][  0]LogConfig: Setting CVar [[r.SupportReversedIndexBuffers:1]]
[2020.06.14-00.09.05:417][  0]LogConfig: Setting CVar [[r.SupportMaterialLayers:0]]
[2020.06.14-00.09.05:417][  0]LogConfig: Setting CVar [[r.LightPropagationVolume:0]]
[2020.06.14-00.09.05:417][  0]LogConfig: Applying CVar settings from Section [/Script/Engine.RendererOverrideSettings] File [D:/Documentos/Unreal Projects/DreamGuards-0.1-master/Saved/Config/Windows/Engine.ini]
[2020.06.14-00.09.05:417][  0]LogConfig: Applying CVar settings from Section [/Script/Engine.StreamingSettings] File [D:/Documentos/Unreal Projects/DreamGuards-0.1-master/Saved/Config/Windows/Engine.ini]
[2020.06.14-00.09.05:417][  0]LogConfig: Setting CVar [[s.MinBulkDataSizeForAsyncLoading:131072]]
[2020.06.14-00.09.05:417][  0]LogConfig: Setting CVar [[s.AsyncLoadingThreadEnabled:0]]
[2020.06.14-00.09.05:417][  0]LogConfig: Setting CVar [[s.EventDrivenLoaderEnabled:1]]
[2020.06.14-00.09.05:417][  0]LogConfig: Setting CVar [[s.WarnIfTimeLimitExceeded:0]]
[2020.06.14-00.09.05:417][  0]LogConfig: Setting CVar [[s.TimeLimitExceededMultiplier:1.5]]
[2020.06.14-00.09.05:417][  0]LogConfig: Setting CVar [[s.TimeLimitExceededMinTime:0.005]]
[2020.06.14-00.09.05:417][  0]LogConfig: Setting CVar [[s.UseBackgroundLevelStreaming:1]]
[2020.06.14-00.09.05:417][  0]LogConfig: Setting CVar [[s.PriorityAsyncLoadingExtraTime:15.0]]
[2020.06.14-00.09.05:417][  0]LogConfig: Setting CVar [[s.LevelStreamingActorsUpdateTimeLimit:5.0]]
[2020.06.14-00.09.05:417][  0]LogConfig: Setting CVar [[s.PriorityLevelStreamingActorsUpdateExtraTime:5.0]]
[2020.06.14-00.09.05:417][  0]LogConfig: Setting CVar [[s.LevelStreamingComponentsRegistrationGranularity:10]]
[2020.06.14-00.09.05:417][  0]LogConfig: Setting CVar [[s.UnregisterComponentsTimeLimit:1.0]]
[2020.06.14-00.09.05:417][  0]LogConfig: Setting CVar [[s.LevelStreamingComponentsUnregistrationGranularity:5]]
[2020.06.14-00.09.05:417][  0]LogConfig: Setting CVar [[s.FlushStreamingOnExit:1]]
[2020.06.14-00.09.05:417][  0]LogConfig: Applying CVar settings from Section [/Script/Engine.GarbageCollectionSettings] File [D:/Documentos/Unreal Projects/DreamGuards-0.1-master/Saved/Config/Windows/Engine.ini]
[2020.06.14-00.09.05:417][  0]LogConfig: Setting CVar [[gc.MaxObjectsNotConsideredByGC:1]]
[2020.06.14-00.09.05:417][  0]LogConfig: Setting CVar [[gc.SizeOfPermanentObjectPool:0]]
[2020.06.14-00.09.05:417][  0]LogConfig: Setting CVar [[gc.FlushStreamingOnGC:0]]
[2020.06.14-00.09.05:417][  0]LogConfig: Setting CVar [[gc.NumRetriesBeforeForcingGC:10]]
[2020.06.14-00.09.05:418][  0]LogConfig: Setting CVar [[gc.AllowParallelGC:1]]
[2020.06.14-00.09.05:418][  0]LogConfig: Setting CVar [[gc.TimeBetweenPurgingPendingKillObjects:61.1]]
[2020.06.14-00.09.05:418][  0]LogConfig: Setting CVar [[gc.MaxObjectsInEditor:25165824]]
[2020.06.14-00.09.05:418][  0]LogConfig: Setting CVar [[gc.IncrementalBeginDestroyEnabled:1]]
[2020.06.14-00.09.05:418][  0]LogConfig: Setting CVar [[gc.CreateGCClusters:1]]
[2020.06.14-00.09.05:418][  0]LogConfig: Setting CVar [[gc.MinGCClusterSize:5]]
[2020.06.14-00.09.05:418][  0]LogConfig: Setting CVar [[gc.ActorClusteringEnabled:0]]
[2020.06.14-00.09.05:418][  0]LogConfig: Setting CVar [[gc.BlueprintClusteringEnabled:0]]
[2020.06.14-00.09.05:418][  0]LogConfig: Setting CVar [[gc.UseDisregardForGCOnDedicatedServers:0]]
[2020.06.14-00.09.05:418][  0]LogConfig: Applying CVar settings from Section [/Script/Engine.NetworkSettings] File [D:/Documentos/Unreal Projects/DreamGuards-0.1-master/Saved/Config/Windows/Engine.ini]
[2020.06.14-00.09.05:418][  0]LogConfig: Applying CVar settings from Section [/Script/UnrealEd.CookerSettings] File [D:/Documentos/Unreal Projects/DreamGuards-0.1-master/Saved/Config/Windows/Engine.ini]
[2020.06.14-00.09.05:419][  0]LogConfig: Applying CVar settings from Section [ViewDistanceQuality@3] File [D:/Documentos/Unreal Projects/DreamGuards-0.1-master/Saved/Config/Windows/Scalability.ini]
[2020.06.14-00.09.05:419][  0]LogConfig: Setting CVar [[r.SkeletalMeshLODBias:0]]
[2020.06.14-00.09.05:419][  0]LogConfig: Setting CVar [[r.ViewDistanceScale:1.0]]
[2020.06.14-00.09.05:419][  0]LogConfig: Applying CVar settings from Section [AntiAliasingQuality@3] File [D:/Documentos/Unreal Projects/DreamGuards-0.1-master/Saved/Config/Windows/Scalability.ini]
[2020.06.14-00.09.05:419][  0]LogConfig: Setting CVar [[r.PostProcessAAQuality:4]]
[2020.06.14-00.09.05:419][  0]LogConfig: Applying CVar settings from Section [ShadowQuality@3] File [D:/Documentos/Unreal Projects/DreamGuards-0.1-master/Saved/Config/Windows/Scalability.ini]
[2020.06.14-00.09.05:419][  0]LogConfig: Setting CVar [[r.LightFunctionQuality:1]]
[2020.06.14-00.09.05:419][  0]LogConfig: Setting CVar [[r.ShadowQuality:5]]
[2020.06.14-00.09.05:419][  0]LogConfig: Setting CVar [[r.Shadow.CSM.MaxCascades:10]]
[2020.06.14-00.09.05:419][  0]LogConfig: Setting CVar [[r.Shadow.MaxResolution:2048]]
[2020.06.14-00.09.05:419][  0]LogConfig: Setting CVar [[r.Shadow.MaxCSMResolution:2048]]
[2020.06.14-00.09.05:419][  0]LogConfig: Setting CVar [[r.Shadow.RadiusThreshold:0.01]]
[2020.06.14-00.09.05:419][  0]LogConfig: Setting CVar [[r.Shadow.DistanceScale:1.0]]
[2020.06.14-00.09.05:419][  0]LogConfig: Setting CVar [[r.Shadow.CSM.TransitionScale:1.0]]
[2020.06.14-00.09.05:419][  0]LogConfig: Setting CVar [[r.Shadow.PreShadowResolutionFactor:1.0]]
[2020.06.14-00.09.05:419][  0]LogConfig: Setting CVar [[r.DistanceFieldShadowing:1]]
[2020.06.14-00.09.05:419][  0]LogConfig: Setting CVar [[r.DistanceFieldAO:1]]
[2020.06.14-00.09.05:419][  0]LogConfig: Setting CVar [[r.AOQuality:2]]
[2020.06.14-00.09.05:419][  0]LogConfig: Setting CVar [[r.VolumetricFog:1]]
[2020.06.14-00.09.05:419][  0]LogConfig: Setting CVar [[r.VolumetricFog.GridPixelSize:8]]
[2020.06.14-00.09.05:419][  0]LogConfig: Setting CVar [[r.VolumetricFog.GridSizeZ:128]]
[2020.06.14-00.09.05:419][  0]LogConfig: Setting CVar [[r.VolumetricFog.HistoryMissSupersampleCount:4]]
[2020.06.14-00.09.05:419][  0]LogConfig: Setting CVar [[r.LightMaxDrawDistanceScale:1]]
[2020.06.14-00.09.05:419][  0]LogConfig: Setting CVar [[r.CapsuleShadows:1]]
[2020.06.14-00.09.05:419][  0]LogConfig: Applying CVar settings from Section [PostProcessQuality@3] File [D:/Documentos/Unreal Projects/DreamGuards-0.1-master/Saved/Config/Windows/Scalability.ini]
[2020.06.14-00.09.05:420][  0]LogConfig: Setting CVar [[r.MotionBlurQuality:4]]
[2020.06.14-00.09.05:420][  0]LogConfig: Setting CVar [[r.AmbientOcclusionMipLevelFactor:0.4]]
[2020.06.14-00.09.05:420][  0]LogConfig: Setting CVar [[r.AmbientOcclusionMaxQuality:100]]
[2020.06.14-00.09.05:420][  0]LogConfig: Setting CVar [[r.AmbientOcclusionLevels:-1]]
[2020.06.14-00.09.05:420][  0]LogConfig: Setting CVar [[r.AmbientOcclusionRadiusScale:1.0]]
[2020.06.14-00.09.05:420][  0]LogConfig: Setting CVar [[r.DepthOfFieldQuality:2]]
[2020.06.14-00.09.05:420][  0]LogConfig: Setting CVar [[r.RenderTargetPoolMin:400]]
[2020.06.14-00.09.05:420][  0]LogConfig: Setting CVar [[r.LensFlareQuality:2]]
[2020.06.14-00.09.05:420][  0]LogConfig: Setting CVar [[r.SceneColorFringeQuality:1]]
[2020.06.14-00.09.05:420][  0]LogConfig: Setting CVar [[r.EyeAdaptationQuality:2]]
[2020.06.14-00.09.05:420][  0]LogConfig: Setting CVar [[r.BloomQuality:5]]
[2020.06.14-00.09.05:420][  0]LogConfig: Setting CVar [[r.FastBlurThreshold:100]]
[2020.06.14-00.09.05:420][  0]LogConfig: Setting CVar [[r.Upscale.Quality:3]]
[2020.06.14-00.09.05:420][  0]LogConfig: Setting CVar [[r.Tonemapper.GrainQuantization:1]]
[2020.06.14-00.09.05:420][  0]LogConfig: Setting CVar [[r.LightShaftQuality:1]]
[2020.06.14-00.09.05:420][  0]LogConfig: Setting CVar [[r.Filter.SizeScale:1]]
[2020.06.14-00.09.05:420][  0]LogConfig: Setting CVar [[r.Tonemapper.Quality:5]]
[2020.06.14-00.09.05:420][  0]LogConfig: Setting CVar [[r.DOF.Gather.AccumulatorQuality:1        ; higher gathering accumulator quality]]
[2020.06.14-00.09.05:420][  0]LogConfig: Setting CVar [[r.DOF.Gather.PostfilterMethod:1          ; Median3x3 postfilering method]]
[2020.06.14-00.09.05:420][  0]LogConfig: Setting CVar [[r.DOF.Gather.EnableBokehSettings:0       ; no bokeh simulation when gathering]]
[2020.06.14-00.09.05:420][  0]LogConfig: Setting CVar [[r.DOF.Gather.RingCount:4                 ; medium number of samples when gathering]]
[2020.06.14-00.09.05:420][  0]LogConfig: Setting CVar [[r.DOF.Scatter.ForegroundCompositing:1    ; additive foreground scattering]]
[2020.06.14-00.09.05:420][  0]LogConfig: Setting CVar [[r.DOF.Scatter.BackgroundCompositing:2    ; additive background scattering]]
[2020.06.14-00.09.05:420][  0]LogConfig: Setting CVar [[r.DOF.Scatter.EnableBokehSettings:1      ; bokeh simulation when scattering]]
[2020.06.14-00.09.05:420][  0]LogConfig: Setting CVar [[r.DOF.Scatter.MaxSpriteRatio:0.1         ; only a maximum of 10% of scattered bokeh]]
[2020.06.14-00.09.05:420][  0]LogConfig: Setting CVar [[r.DOF.Recombine.Quality:1                ; cheap slight out of focus]]
[2020.06.14-00.09.05:420][  0]LogConfig: Setting CVar [[r.DOF.Recombine.EnableBokehSettings:0    ; no bokeh simulation on slight out of focus]]
[2020.06.14-00.09.05:420][  0]LogConfig: Setting CVar [[r.DOF.TemporalAAQuality:1                ; more stable temporal accumulation]]
[2020.06.14-00.09.05:420][  0]LogConfig: Setting CVar [[r.DOF.Kernel.MaxForegroundRadius:0.025]]
[2020.06.14-00.09.05:420][  0]LogConfig: Setting CVar [[r.DOF.Kernel.MaxBackgroundRadius:0.025]]
[2020.06.14-00.09.05:420][  0]LogConfig: Applying CVar settings from Section [TextureQuality@3] File [D:/Documentos/Unreal Projects/DreamGuards-0.1-master/Saved/Config/Windows/Scalability.ini]
[2020.06.14-00.09.05:420][  0]LogConfig: Setting CVar [[r.Streaming.MipBias:0]]
[2020.06.14-00.09.05:420][  0]LogConfig: Setting CVar [[r.Streaming.AmortizeCPUToGPUCopy:0]]
[2020.06.14-00.09.05:420][  0]LogConfig: Setting CVar [[r.Streaming.MaxNumTexturesToStreamPerFrame:0]]
[2020.06.14-00.09.05:420][  0]LogConfig: Setting CVar [[r.Streaming.Boost:1]]
[2020.06.14-00.09.05:420][  0]LogConfig: Setting CVar [[r.MaxAnisotropy:8]]
[2020.06.14-00.09.05:420][  0]LogConfig: Setting CVar [[r.VT.MaxAnisotropy:8]]
[2020.06.14-00.09.05:420][  0]LogConfig: Setting CVar [[r.Streaming.LimitPoolSizeToVRAM:0]]
[2020.06.14-00.09.05:420][  0]LogConfig: Setting CVar [[r.Streaming.PoolSize:1000]]
[2020.06.14-00.09.05:420][  0]LogConfig: Setting CVar [[r.Streaming.MaxEffectiveScreenSize:0]]
[2020.06.14-00.09.05:420][  0]LogConfig: Applying CVar settings from Section [EffectsQuality@3] File [D:/Documentos/Unreal Projects/DreamGuards-0.1-master/Saved/Config/Windows/Scalability.ini]
[2020.06.14-00.09.05:420][  0]LogConfig: Setting CVar [[r.TranslucencyLightingVolumeDim:64]]
[2020.06.14-00.09.05:420][  0]LogConfig: Setting CVar [[r.RefractionQuality:2]]
[2020.06.14-00.09.05:420][  0]LogConfig: Setting CVar [[r.SSR.Quality:3]]
[2020.06.14-00.09.05:420][  0]LogConfig: Setting CVar [[r.SSR.HalfResSceneColor:0]]
[2020.06.14-00.09.05:420][  0]LogConfig: Setting CVar [[r.SceneColorFormat:4]]
[2020.06.14-00.09.05:420][  0]LogConfig: Setting CVar [[r.DetailMode:2]]
[2020.06.14-00.09.05:420][  0]LogConfig: Setting CVar [[r.TranslucencyVolumeBlur:1]]
[2020.06.14-00.09.05:420][  0]LogConfig: Setting CVar [[r.MaterialQualityLevel:1 ; High quality]]
[2020.06.14-00.09.05:420][  0]LogConfig: Setting CVar [[r.SSS.Scale:1]]
[2020.06.14-00.09.05:420][  0]LogConfig: Setting CVar [[r.SSS.SampleSet:2]]
[2020.06.14-00.09.05:420][  0]LogConfig: Setting CVar [[r.SSS.Quality:1]]
[2020.06.14-00.09.05:420][  0]LogConfig: Setting CVar [[r.SSS.HalfRes:1]]
[2020.06.14-00.09.05:420][  0]LogConfig: Setting CVar [[r.SSGI.Quality:3]]
[2020.06.14-00.09.05:420][  0]LogConfig: Setting CVar [[r.EmitterSpawnRateScale:1.0]]
[2020.06.14-00.09.05:420][  0]LogConfig: Setting CVar [[r.ParticleLightQuality:2]]
[2020.06.14-00.09.05:420][  0]LogConfig: Setting CVar [[r.SkyAtmosphere.AerialPerspectiveLUT.FastApplyOnOpaque:1 ; Always have FastSkyLUT 1 in this case to avoid wrong sky]]
[2020.06.14-00.09.05:420][  0]LogConfig: Setting CVar [[r.SkyAtmosphere.AerialPerspectiveLUT.SampleCountPerSlice:1]]
[2020.06.14-00.09.05:420][  0]LogConfig: Setting CVar [[r.SkyAtmosphere.AerialPerspectiveLUT.DepthResolution:16.0]]
[2020.06.14-00.09.05:420][  0]LogConfig: Setting CVar [[r.SkyAtmosphere.FastSkyLUT:1]]
[2020.06.14-00.09.05:420][  0]LogConfig: Setting CVar [[r.SkyAtmosphere.FastSkyLUT.SampleCountMin:4.0]]
[2020.06.14-00.09.05:420][  0]LogConfig: Setting CVar [[r.SkyAtmosphere.FastSkyLUT.SampleCountMax:32.0]]
[2020.06.14-00.09.05:420][  0]LogConfig: Setting CVar [[r.SkyAtmosphere.SampleCountMin:4.0]]
[2020.06.14-00.09.05:420][  0]LogConfig: Setting CVar [[r.SkyAtmosphere.SampleCountMax:32.0]]
[2020.06.14-00.09.05:420][  0]LogConfig: Setting CVar [[r.SkyAtmosphere.TransmittanceLUT.UseSmallFormat:0]]
[2020.06.14-00.09.05:420][  0]LogConfig: Setting CVar [[r.SkyAtmosphere.TransmittanceLUT.SampleCount:10.0]]
[2020.06.14-00.09.05:420][  0]LogConfig: Setting CVar [[r.SkyAtmosphere.MultiScatteringLUT.SampleCount:15.0]]
[2020.06.14-00.09.05:420][  0]LogConfig: Applying CVar settings from Section [FoliageQuality@3] File [D:/Documentos/Unreal Projects/DreamGuards-0.1-master/Saved/Config/Windows/Scalability.ini]
[2020.06.14-00.09.05:420][  0]LogConfig: Setting CVar [[foliage.DensityScale:1.0]]
[2020.06.14-00.09.05:420][  0]LogConfig: Setting CVar [[grass.DensityScale:1.0]]
[2020.06.14-00.09.05:420][  0]LogConfig: Applying CVar settings from Section [ShadingQuality@3] File [D:/Documentos/Unreal Projects/DreamGuards-0.1-master/Saved/Config/Windows/Scalability.ini]
[2020.06.14-00.09.05:420][  0]LogConfig: Setting CVar [[r.HairStrands.SkyLighting.SampleCount:16]]
[2020.06.14-00.09.05:420][  0]LogConfig: Setting CVar [[r.HairStrands.SkyLighting.JitterIntegration:0]]
[2020.06.14-00.09.05:420][  0]LogConfig: Setting CVar [[r.HairStrands.SkyAO.SampleCount:16]]
[2020.06.14-00.09.05:420][  0]LogInit: Selected Device Profile: [Windows]
[2020.06.14-00.09.05:420][  0]LogInit: Applying CVar settings loaded from the selected device profile: [Windows]
[2020.06.14-00.09.05:423][  0]LogHAL: Display: Platform has ~ 16 GB [17112870912 / 17179869184 / 16], which maps to Larger [LargestMinGB=32, LargerMinGB=12, DefaultMinGB=8, SmallerMinGB=6, SmallestMinGB=0)
[2020.06.14-00.09.05:423][  0]LogInit: Going up to parent DeviceProfile []
[2020.06.14-00.09.05:423][  0]LogConfig: Applying CVar settings from Section [ViewDistanceQuality@0] File [D:/Documentos/Unreal Projects/DreamGuards-0.1-master/Saved/Config/Windows/Scalability.ini]
[2020.06.14-00.09.05:423][  0]LogConfig: Setting CVar [[r.SkeletalMeshLODBias:2]]
[2020.06.14-00.09.05:423][  0]LogConfig: Setting CVar [[r.ViewDistanceScale:0.4]]
[2020.06.14-00.09.05:423][  0]LogConfig: Applying CVar settings from Section [AntiAliasingQuality@0] File [D:/Documentos/Unreal Projects/DreamGuards-0.1-master/Saved/Config/Windows/Scalability.ini]
[2020.06.14-00.09.05:423][  0]LogConfig: Setting CVar [[r.PostProcessAAQuality:0]]
[2020.06.14-00.09.05:423][  0]LogConfig: Applying CVar settings from Section [ShadowQuality@0] File [D:/Documentos/Unreal Projects/DreamGuards-0.1-master/Saved/Config/Windows/Scalability.ini]
[2020.06.14-00.09.05:423][  0]LogConfig: Setting CVar [[r.LightFunctionQuality:0]]
[2020.06.14-00.09.05:424][  0]LogConfig: Setting CVar [[r.ShadowQuality:0]]
[2020.06.14-00.09.05:424][  0]LogConfig: Setting CVar [[r.Shadow.CSM.MaxCascades:1]]
[2020.06.14-00.09.05:424][  0]LogConfig: Setting CVar [[r.Shadow.MaxResolution:512]]
[2020.06.14-00.09.05:424][  0]LogConfig: Setting CVar [[r.Shadow.MaxCSMResolution:512]]
[2020.06.14-00.09.05:424][  0]LogConfig: Setting CVar [[r.Shadow.RadiusThreshold:0.06]]
[2020.06.14-00.09.05:424][  0]LogConfig: Setting CVar [[r.Shadow.DistanceScale:0.6]]
[2020.06.14-00.09.05:424][  0]LogConfig: Setting CVar [[r.Shadow.CSM.TransitionScale:0]]
[2020.06.14-00.09.05:424][  0]LogConfig: Setting CVar [[r.Shadow.PreShadowResolutionFactor:0.5]]
[2020.06.14-00.09.05:424][  0]LogConfig: Setting CVar [[r.DistanceFieldShadowing:0]]
[2020.06.14-00.09.05:424][  0]LogConfig: Setting CVar [[r.DistanceFieldAO:0]]
[2020.06.14-00.09.05:424][  0]LogConfig: Setting CVar [[r.VolumetricFog:0]]
[2020.06.14-00.09.05:424][  0]LogConfig: Setting CVar [[r.LightMaxDrawDistanceScale:0]]
[2020.06.14-00.09.05:424][  0]LogConfig: Setting CVar [[r.CapsuleShadows:0]]
[2020.06.14-00.09.05:424][  0]LogConfig: Applying CVar settings from Section [PostProcessQuality@0] File [D:/Documentos/Unreal Projects/DreamGuards-0.1-master/Saved/Config/Windows/Scalability.ini]
[2020.06.14-00.09.05:424][  0]LogConfig: Setting CVar [[r.MotionBlurQuality:0]]
[2020.06.14-00.09.05:424][  0]LogConfig: Setting CVar [[r.AmbientOcclusionMipLevelFactor:1.0]]
[2020.06.14-00.09.05:424][  0]LogConfig: Setting CVar [[r.AmbientOcclusionMaxQuality:0]]
[2020.06.14-00.09.05:424][  0]LogConfig: Setting CVar [[r.AmbientOcclusionLevels:0]]
[2020.06.14-00.09.05:424][  0]LogConfig: Setting CVar [[r.AmbientOcclusionRadiusScale:1.2]]
[2020.06.14-00.09.05:424][  0]LogConfig: Setting CVar [[r.DepthOfFieldQuality:0]]
[2020.06.14-00.09.05:424][  0]LogConfig: Setting CVar [[r.RenderTargetPoolMin:300]]
[2020.06.14-00.09.05:424][  0]LogConfig: Setting CVar [[r.LensFlareQuality:0]]
[2020.06.14-00.09.05:424][  0]LogConfig: Setting CVar [[r.SceneColorFringeQuality:0]]
[2020.06.14-00.09.05:424][  0]LogConfig: Setting CVar [[r.EyeAdaptationQuality:0]]
[2020.06.14-00.09.05:424][  0]LogConfig: Setting CVar [[r.BloomQuality:4]]
[2020.06.14-00.09.05:424][  0]LogConfig: Setting CVar [[r.FastBlurThreshold:0]]
[2020.06.14-00.09.05:424][  0]LogConfig: Setting CVar [[r.Upscale.Quality:1]]
[2020.06.14-00.09.05:424][  0]LogConfig: Setting CVar [[r.Tonemapper.GrainQuantization:0]]
[2020.06.14-00.09.05:424][  0]LogConfig: Setting CVar [[r.LightShaftQuality:0]]
[2020.06.14-00.09.05:424][  0]LogConfig: Setting CVar [[r.Filter.SizeScale:0.6]]
[2020.06.14-00.09.05:424][  0]LogConfig: Setting CVar [[r.Tonemapper.Quality:0]]
[2020.06.14-00.09.05:424][  0]LogConfig: Applying CVar settings from Section [TextureQuality@0] File [D:/Documentos/Unreal Projects/DreamGuards-0.1-master/Saved/Config/Windows/Scalability.ini]
[2020.06.14-00.09.05:424][  0]LogConfig: Setting CVar [[r.Streaming.MipBias:16]]
[2020.06.14-00.09.05:424][  0]LogConfig: Setting CVar [[r.Streaming.AmortizeCPUToGPUCopy:1]]
[2020.06.14-00.09.05:424][  0]LogConfig: Setting CVar [[r.Streaming.MaxNumTexturesToStreamPerFrame:1]]
[2020.06.14-00.09.05:424][  0]LogConfig: Setting CVar [[r.Streaming.Boost:0.3]]
[2020.06.14-00.09.05:424][  0]LogConfig: Setting CVar [[r.MaxAnisotropy:0]]
[2020.06.14-00.09.05:424][  0]LogConfig: Setting CVar [[r.VT.MaxAnisotropy:4]]
[2020.06.14-00.09.05:424][  0]LogConfig: Setting CVar [[r.Streaming.LimitPoolSizeToVRAM:1]]
[2020.06.14-00.09.05:424][  0]LogConfig: Setting CVar [[r.Streaming.PoolSize:400]]
[2020.06.14-00.09.05:424][  0]LogConfig: Setting CVar [[r.Streaming.MaxEffectiveScreenSize:0]]
[2020.06.14-00.09.05:424][  0]LogConfig: Applying CVar settings from Section [EffectsQuality@0] File [D:/Documentos/Unreal Projects/DreamGuards-0.1-master/Saved/Config/Windows/Scalability.ini]
[2020.06.14-00.09.05:424][  0]LogConfig: Setting CVar [[r.TranslucencyLightingVolumeDim:24]]
[2020.06.14-00.09.05:424][  0]LogConfig: Setting CVar [[r.RefractionQuality:0]]
[2020.06.14-00.09.05:424][  0]LogConfig: Setting CVar [[r.SSR.Quality:0]]
[2020.06.14-00.09.05:424][  0]LogConfig: Setting CVar [[r.SSR.HalfResSceneColor:1]]
[2020.06.14-00.09.05:424][  0]LogConfig: Setting CVar [[r.SceneColorFormat:3]]
[2020.06.14-00.09.05:424][  0]LogConfig: Setting CVar [[r.DetailMode:0]]
[2020.06.14-00.09.05:424][  0]LogConfig: Setting CVar [[r.TranslucencyVolumeBlur:0]]
[2020.06.14-00.09.05:424][  0]LogConfig: Setting CVar [[r.MaterialQualityLevel:0 ; Low quality]]
[2020.06.14-00.09.05:424][  0]LogConfig: Setting CVar [[r.SSS.Scale:0]]
[2020.06.14-00.09.05:424][  0]LogConfig: Setting CVar [[r.SSS.SampleSet:0]]
[2020.06.14-00.09.05:424][  0]LogConfig: Setting CVar [[r.SSS.Quality:0]]
[2020.06.14-00.09.05:424][  0]LogConfig: Setting CVar [[r.SSS.HalfRes:1]]
[2020.06.14-00.09.05:424][  0]LogConfig: Setting CVar [[r.SSGI.Quality:0]]
[2020.06.14-00.09.05:424][  0]LogConfig: Setting CVar [[r.EmitterSpawnRateScale:0.125]]
[2020.06.14-00.09.05:424][  0]LogConfig: Setting CVar [[r.ParticleLightQuality:0]]
[2020.06.14-00.09.05:424][  0]LogConfig: Setting CVar [[r.SkyAtmosphere.AerialPerspectiveLUT.FastApplyOnOpaque:1 ; Always have FastSkyLUT 1 in this case to avoid wrong sky]]
[2020.06.14-00.09.05:424][  0]LogConfig: Setting CVar [[r.SkyAtmosphere.AerialPerspectiveLUT.SampleCountPerSlice:1]]
[2020.06.14-00.09.05:424][  0]LogConfig: Setting CVar [[r.SkyAtmosphere.AerialPerspectiveLUT.DepthResolution:8.0]]
[2020.06.14-00.09.05:424][  0]LogConfig: Setting CVar [[r.SkyAtmosphere.FastSkyLUT:1]]
[2020.06.14-00.09.05:424][  0]LogConfig: Setting CVar [[r.SkyAtmosphere.FastSkyLUT.SampleCountMin:2.0]]
[2020.06.14-00.09.05:424][  0]LogConfig: Setting CVar [[r.SkyAtmosphere.FastSkyLUT.SampleCountMax:16.0]]
[2020.06.14-00.09.05:424][  0]LogConfig: Setting CVar [[r.SkyAtmosphere.SampleCountMin:2.0]]
[2020.06.14-00.09.05:424][  0]LogConfig: Setting CVar [[r.SkyAtmosphere.SampleCountMax:16.0]]
[2020.06.14-00.09.05:424][  0]LogConfig: Setting CVar [[r.SkyAtmosphere.TransmittanceLUT.UseSmallFormat:1]]
[2020.06.14-00.09.05:424][  0]LogConfig: Setting CVar [[r.SkyAtmosphere.TransmittanceLUT.SampleCount:10.0]]
[2020.06.14-00.09.05:424][  0]LogConfig: Setting CVar [[r.SkyAtmosphere.MultiScatteringLUT.SampleCount:15.0]]
[2020.06.14-00.09.05:424][  0]LogConfig: Applying CVar settings from Section [FoliageQuality@0] File [D:/Documentos/Unreal Projects/DreamGuards-0.1-master/Saved/Config/Windows/Scalability.ini]
[2020.06.14-00.09.05:424][  0]LogConfig: Setting CVar [[foliage.DensityScale:0]]
[2020.06.14-00.09.05:424][  0]LogConfig: Setting CVar [[grass.DensityScale:0]]
[2020.06.14-00.09.05:424][  0]LogConfig: Applying CVar settings from Section [ShadingQuality@0] File [D:/Documentos/Unreal Projects/DreamGuards-0.1-master/Saved/Config/Windows/Scalability.ini]
[2020.06.14-00.09.05:424][  0]LogConfig: Setting CVar [[r.HairStrands.SkyLighting.SampleCount:8]]
[2020.06.14-00.09.05:424][  0]LogConfig: Setting CVar [[r.HairStrands.SkyLighting.JitterIntegration:0]]
[2020.06.14-00.09.05:424][  0]LogConfig: Setting CVar [[r.HairStrands.SkyAO.SampleCount:8]]
[2020.06.14-00.09.05:424][  0]LogConfig: Applying CVar settings from Section [Startup] File [../../../Engine/Config/ConsoleVariables.ini]
[2020.06.14-00.09.05:425][  0]LogConfig: Setting CVar [[net.UseAdaptiveNetUpdateFrequency:0]]
[2020.06.14-00.09.05:425][  0]LogConfig: Setting CVar [[p.chaos.AllowCreatePhysxBodies:1]]
[2020.06.14-00.09.05:425][  0]LogConfig: Applying CVar settings from Section [ConsoleVariables] File [D:/Documentos/Unreal Projects/DreamGuards-0.1-master/Saved/Config/Windows/Engine.ini]
[2020.06.14-00.09.05:425][  0]LogInit: Computer: HP
[2020.06.14-00.09.05:425][  0]LogInit: User: PJimenez
[2020.06.14-00.09.05:425][  0]LogInit: CPU Page size=4096, Cores=4
[2020.06.14-00.09.05:425][  0]LogInit: High frequency timer resolution =2.143483 MHz
[2020.06.14-00.09.05:425][  0]LogMemory: Memory total: Physical=15.9GB (16GB approx)
[2020.06.14-00.09.05:425][  0]LogMemory: Platform Memory Stats for Windows
[2020.06.14-00.09.05:425][  0]LogMemory: Process Physical Memory: 102.72 MB used, 102.72 MB peak
[2020.06.14-00.09.05:425][  0]LogMemory: Process Virtual Memory: 100.46 MB used, 100.46 MB peak
[2020.06.14-00.09.05:425][  0]LogMemory: Physical Memory: 8523.53 MB used,  7796.58 MB free, 16320.11 MB total
[2020.06.14-00.09.05:425][  0]LogMemory: Virtual Memory: 989.11 MB used,  134216736.00 MB free, 134217728.00 MB total
[2020.06.14-00.09.05:432][  0]LogWindows: WindowsPlatformFeatures enabled
[2020.06.14-00.09.05:446][  0]LogInit: Overriding language with editor language configuration option (en).
[2020.06.14-00.09.05:446][  0]LogInit: Overriding locale with editor locale configuration option (en).
[2020.06.14-00.09.05:630][  0]LogInit: Setting process to per monitor DPI aware
[2020.06.14-00.09.05:653][  0]LogSlate: New Slate User Created.  User Index 0, Is Virtual User: 0
[2020.06.14-00.09.05:653][  0]LogSlate: Slate User Registered.  User Index 0, Is Virtual User: 0
[2020.06.14-00.09.05:790][  0]LogHMD: Failed to initialize OpenVR with code 110
[2020.06.14-00.09.05:790][  0]LogD3D11RHI: D3D11 min allowed feature level: 11_0
[2020.06.14-00.09.05:790][  0]LogD3D11RHI: D3D11 max allowed feature level: 11_0
[2020.06.14-00.09.05:790][  0]LogD3D11RHI: D3D11 adapters:
[2020.06.14-00.09.05:797][  0]LogD3D11RHI:    0. 'Intel(R) HD Graphics 4600' (Feature Level 11_0)
[2020.06.14-00.09.05:798][  0]LogD3D11RHI:       0/0/1792 MB DedicatedVideo/DedicatedSystem/SharedSystem, Outputs:1, VendorId:0x8086
[2020.06.14-00.09.05:799][  0]LogD3D11RHI:    1. 'Microsoft Basic Render Driver' (Feature Level 11_0)
[2020.06.14-00.09.05:799][  0]LogD3D11RHI:       0/0/256 MB DedicatedVideo/DedicatedSystem/SharedSystem, Outputs:0, VendorId:0x1414
[2020.06.14-00.09.05:799][  0]LogD3D11RHI: Chosen D3D11 Adapter: 0
[2020.06.14-00.09.05:820][  0]LogD3D11RHI: Creating new Direct3DDevice
[2020.06.14-00.09.05:820][  0]LogD3D11RHI:     GPU DeviceId: 0x416 (for the marketing name, search the web for "GPU Device Id")
[2020.06.14-00.09.05:820][  0]LogWindows: EnumDisplayDevices:
[2020.06.14-00.09.05:820][  0]LogWindows:    0. 'Intel(R) HD Graphics 4600' (P:1 D:1)
[2020.06.14-00.09.05:820][  0]LogWindows:    1. 'Intel(R) HD Graphics 4600' (P:0 D:0)
[2020.06.14-00.09.05:820][  0]LogWindows:    2. 'Intel(R) HD Graphics 4600' (P:0 D:0)
[2020.06.14-00.09.05:821][  0]LogWindows: DebugString: FoundDriverCount:3 
[2020.06.14-00.09.05:821][  0]LogD3D11RHI:     Adapter Name: Intel(R) HD Graphics 4600
[2020.06.14-00.09.05:821][  0]LogD3D11RHI:   Driver Version: 10.18.10.3304 (internal:10.18.10.3304, unified:10.18.10.3304)
[2020.06.14-00.09.05:821][  0]LogD3D11RHI:      Driver Date: 9-9-2013
[2020.06.14-00.09.05:821][  0]LogRHI: Texture pool is 627 MB (70% of 896 MB)
[2020.06.14-00.09.05:827][  0]LogD3D11RHI: RHI does not have support for 64 bit atomics
[2020.06.14-00.09.05:827][  0]LogD3D11RHI: Async texture creation enabled
[2020.06.14-00.09.05:839][  0]LogD3D11RHI: GPU Timing Frequency: 12.500000 (Debug: 2 0)
[2020.06.14-00.09.06:110][  0]LogTargetPlatformManager: Display: Loaded TargetPlatform 'AllDesktop'
[2020.06.14-00.09.06:148][  0]LogTargetPlatformManager: Display: Loaded TargetPlatform 'Android'
[2020.06.14-00.09.06:148][  0]LogTargetPlatformManager: Display: Loaded TargetPlatform 'Android_ASTC'
[2020.06.14-00.09.06:148][  0]LogTargetPlatformManager: Display: Loaded TargetPlatform 'Android_ATC'
[2020.06.14-00.09.06:148][  0]LogTargetPlatformManager: Display: Loaded TargetPlatform 'Android_DXT'
[2020.06.14-00.09.06:148][  0]LogTargetPlatformManager: Display: Loaded TargetPlatform 'Android_ETC1'
[2020.06.14-00.09.06:148][  0]LogTargetPlatformManager: Display: Loaded TargetPlatform 'Android_ETC1a'
[2020.06.14-00.09.06:148][  0]LogTargetPlatformManager: Display: Loaded TargetPlatform 'Android_ETC2'
[2020.06.14-00.09.06:148][  0]LogTargetPlatformManager: Display: Loaded TargetPlatform 'Android_PVRTC'
[2020.06.14-00.09.06:148][  0]LogTargetPlatformManager: Display: Loaded TargetPlatform 'AndroidClient'
[2020.06.14-00.09.06:148][  0]LogTargetPlatformManager: Display: Loaded TargetPlatform 'Android_ASTCClient'
[2020.06.14-00.09.06:148][  0]LogTargetPlatformManager: Display: Loaded TargetPlatform 'Android_ATCClient'
[2020.06.14-00.09.06:148][  0]LogTargetPlatformManager: Display: Loaded TargetPlatform 'Android_DXTClient'
[2020.06.14-00.09.06:148][  0]LogTargetPlatformManager: Display: Loaded TargetPlatform 'Android_ETC1Client'
[2020.06.14-00.09.06:148][  0]LogTargetPlatformManager: Display: Loaded TargetPlatform 'Android_ETC1aClient'
[2020.06.14-00.09.06:148][  0]LogTargetPlatformManager: Display: Loaded TargetPlatform 'Android_ETC2Client'
[2020.06.14-00.09.06:148][  0]LogTargetPlatformManager: Display: Loaded TargetPlatform 'Android_PVRTCClient'
[2020.06.14-00.09.06:148][  0]LogTargetPlatformManager: Display: Loaded TargetPlatform 'Android_Multi'
[2020.06.14-00.09.06:148][  0]LogTargetPlatformManager: Display: Loaded TargetPlatform 'Android_MultiClient'
[2020.06.14-00.09.06:170][  0]LogTargetPlatformManager: Display: Loaded TargetPlatform 'IOSClient'
[2020.06.14-00.09.06:170][  0]LogTargetPlatformManager: Display: Loaded TargetPlatform 'IOS'
[2020.06.14-00.09.06:179][  0]LogTargetPlatformManager: Display: Loaded TargetPlatform 'LinuxNoEditor'
[2020.06.14-00.09.06:187][  0]LogTargetPlatformManager: Display: Loaded TargetPlatform 'LinuxClient'
[2020.06.14-00.09.06:195][  0]LogTargetPlatformManager: Display: Loaded TargetPlatform 'LinuxServer'
[2020.06.14-00.09.06:204][  0]LogTargetPlatformManager: Display: Loaded TargetPlatform 'LinuxAArch64NoEditor'
[2020.06.14-00.09.06:213][  0]LogTargetPlatformManager: Display: Loaded TargetPlatform 'LinuxAArch64Client'
[2020.06.14-00.09.06:222][  0]LogTargetPlatformManager: Display: Loaded TargetPlatform 'LinuxAArch64Server'
[2020.06.14-00.09.06:252][  0]LogTargetPlatformManager: Display: Loaded TargetPlatform 'Lumin'
[2020.06.14-00.09.06:252][  0]LogTargetPlatformManager: Display: Loaded TargetPlatform 'LuminClient'
[2020.06.14-00.09.06:269][  0]LogTargetPlatformManager: Display: Loaded TargetPlatform 'TVOSClient'
[2020.06.14-00.09.06:269][  0]LogTargetPlatformManager: Display: Loaded TargetPlatform 'TVOS'
[2020.06.14-00.09.06:277][  0]LogTargetPlatformManager: Display: Loaded TargetPlatform 'WindowsNoEditor'
[2020.06.14-00.09.06:286][  0]LogTargetPlatformManager: Display: Loaded TargetPlatform 'Windows'
[2020.06.14-00.09.06:295][  0]LogTargetPlatformManager: Display: Loaded TargetPlatform 'WindowsClient'
[2020.06.14-00.09.06:303][  0]LogTargetPlatformManager: Display: Loaded TargetPlatform 'WindowsServer'
[2020.06.14-00.09.06:303][  0]LogTargetPlatformManager: Display: Building Assets For Windows
[2020.06.14-00.09.06:306][  0]LogAudioDebug: Display: Lib vorbis DLL was dynamically loaded.
[2020.06.14-00.09.06:329][  0]LogShaderCompilers: Guid format shader working directory is -20 characters bigger than the processId version (../../../../../../Documentos/Unreal Projects/DreamGuards-0.1-master/Intermediate/Shaders/WorkingDirectory/106816/).
[2020.06.14-00.09.06:330][  0]LogShaderCompilers: Cleaned the shader compiler working directory 'C:/Users/PJimenez/AppData/Local/Temp/UnrealShaderWorkingDir/A9C6C6C44CF4E9C58D1C0EB04DE7ECF1/'.
[2020.06.14-00.09.06:330][  0]LogXGEController: Cannot use XGE Controller as Incredibuild is not installed on this machine.
[2020.06.14-00.09.06:330][  0]LogShaderCompilers: Cannot use XGE Shader Compiler as Incredibuild is not installed on this machine.
[2020.06.14-00.09.06:330][  0]LogShaderCompilers: Display: Using Local Shader Compiler.
[2020.06.14-00.09.07:266][  0]LogDerivedDataCache: Display: Max Cache Size: 512 MB
[2020.06.14-00.09.07:341][  0]LogDerivedDataCache: Loaded boot cache 0.08s 78MB C:/Users/PJimenez/AppData/Local/UnrealEngine/4.24/DerivedDataCache/Boot.ddc.
[2020.06.14-00.09.07:341][  0]LogDerivedDataCache: Display: Loaded Boot cache: C:/Users/PJimenez/AppData/Local/UnrealEngine/4.24/DerivedDataCache/Boot.ddc
[2020.06.14-00.09.07:341][  0]LogDerivedDataCache: FDerivedDataBackendGraph:  Pak pak cache file ../../../../../../Documentos/Unreal Projects/DreamGuards-0.1-master/DerivedDataCache/DDC.ddp not found, will not use a pak cache.
[2020.06.14-00.09.07:341][  0]LogDerivedDataCache: Unable to find inner node Pak for hierarchical cache Hierarchy.
[2020.06.14-00.09.07:341][  0]LogDerivedDataCache: FDerivedDataBackendGraph:  CompressedPak pak cache file ../../../../../../Documentos/Unreal Projects/DreamGuards-0.1-master/DerivedDataCache/Compressed.ddp not found, will not use a pak cache.
[2020.06.14-00.09.07:341][  0]LogDerivedDataCache: Unable to find inner node CompressedPak for hierarchical cache Hierarchy.
[2020.06.14-00.09.07:353][  0]LogDerivedDataCache: Display: Pak cache opened for reading ../../../Engine/DerivedDataCache/Compressed.ddp.
[2020.06.14-00.09.07:353][  0]LogDerivedDataCache: FDerivedDataBackendGraph:  EnterprisePak pak cache file ../../../Enterprise/DerivedDataCache/Compressed.ddp not found, will not use a pak cache.
[2020.06.14-00.09.07:353][  0]LogDerivedDataCache: Unable to find inner node EnterprisePak for hierarchical cache Hierarchy.
[2020.06.14-00.09.07:355][  0]LogDerivedDataCache: Using Local data cache path C:/Users/PJimenez/AppData/Local/UnrealEngine/Common/DerivedDataCache: Writable
[2020.06.14-00.09.07:355][  0]LogDerivedDataCache: Shared data cache path not found in *engine.ini, will not use an Shared cache.
[2020.06.14-00.09.07:355][  0]LogDerivedDataCache: Unable to find inner node Shared for hierarchical cache Hierarchy.
[2020.06.14-00.09.07:384][  0]LogMaterial: Verifying Global Shaders for PCD3D_SM5
[2020.06.14-00.09.07:387][  0]LogSlate: Using FreeType 2.10.0
[2020.06.14-00.09.07:387][  0]LogSlate: SlateFontServices - WITH_FREETYPE: 1, WITH_HARFBUZZ: 1
[2020.06.14-00.09.07:449][  0]LogAssetRegistry: FAssetRegistry took 0.0026 seconds to start up
[2020.06.14-00.09.07:795][  0]LogInit: Selected Device Profile: [Windows]
[2020.06.14-00.09.07:985][  0]LogMeshReduction: Using QuadricMeshReduction for automatic static mesh reduction
[2020.06.14-00.09.07:985][  0]LogMeshReduction: Using SimplygonMeshReduction for automatic skeletal mesh reduction
[2020.06.14-00.09.07:985][  0]LogMeshReduction: Using ProxyLODMeshReduction for automatic mesh merging
[2020.06.14-00.09.07:985][  0]LogMeshReduction: No distributed automatic mesh merging module available
[2020.06.14-00.09.07:985][  0]LogMeshMerging: No distributed automatic mesh merging module available
[2020.06.14-00.09.07:999][  0]LogNetVersion: Try2 1.0.0, NetCL: 10570792, EngineNetVer: 13, GameNetVer: 0 (Checksum: 3984827005)
[2020.06.14-00.09.09:267][  0]LogPackageLocalizationCache: Processed 10 localized package path(s) for 1 prioritized culture(s) in 0.034570 seconds
[2020.06.14-00.09.09:275][  0]LogUObjectArray: 46750 objects as part of root set at end of initial load.
[2020.06.14-00.09.09:275][  0]LogUObjectAllocator: 8137160 out of 0 bytes used by permanent object pool.
[2020.06.14-00.09.09:275][  0]LogUObjectArray: CloseDisregardForGC: 0/0 objects in disregard for GC pool
[2020.06.14-00.09.09:795][  0]LogTcpMessaging: Initializing TcpMessaging bridge
[2020.06.14-00.09.09:800][  0]LogUdpMessaging: Initializing bridge on interface 0.0.0.0:0 to multicast group 230.0.0.1:6666.
[2020.06.14-00.09.09:873][  0]SourceControl: Source control is disabled
[2020.06.14-00.09.09:873][  0]SourceControl: Source control is disabled
[2020.06.14-00.09.09:877][  0]SourceControl: Source control is disabled
[2020.06.14-00.09.09:878][  0]SourceControl: Source control is disabled
[2020.06.14-00.09.09:879][  0]SourceControl: Source control is disabled
[2020.06.14-00.09.09:971][  0]LogAndroidPermission: UAndroidPermissionCallbackProxy::GetInstance
[2020.06.14-00.09.09:982][  0]LogAudioCaptureCore: Display: No Audio Capture implementations found. Audio input will be silent.
[2020.06.14-00.09.09:982][  0]LogAudioCaptureCore: Display: No Audio Capture implementations found. Audio input will be silent.
[2020.06.14-00.09.10:086][  0]LogOcInput: OculusInput pre-init called
[2020.06.14-00.09.10:095][  0]LogWindows: Failed to load 'OVRPlugin.dll' (GetLastError=126)
[2020.06.14-00.09.10:095][  0]LogWindows: File 'OVRPlugin.dll' does not exist
[2020.06.14-00.09.10:181][  0]LogEngine: Initializing Engine...
[2020.06.14-00.09.10:182][  0]LogHMD: Failed to initialize OpenVR with code 110
[2020.06.14-00.09.10:183][  0]LogStats: UGameplayTagsManager::InitializeManager -  0.000 s
[2020.06.14-00.09.10:609][  0]LogInit: Initializing FReadOnlyCVARCache
[2020.06.14-00.09.10:631][  0]LogAIModule: Creating AISystem for world Untitled
[2020.06.14-00.09.10:777][  0]LogAudioMixer: Display: Audio Mixer Platform Settings:
[2020.06.14-00.09.10:777][  0]LogAudioMixer: Display: 	Sample Rate:						  48000
[2020.06.14-00.09.10:777][  0]LogAudioMixer: Display: 	Callback Buffer Frame Size Requested: 1024
[2020.06.14-00.09.10:777][  0]LogAudioMixer: Display: 	Callback Buffer Frame Size To Use:	  1024
[2020.06.14-00.09.10:777][  0]LogAudioMixer: Display: 	Number of buffers to queue:			  2
[2020.06.14-00.09.10:777][  0]LogAudioMixer: Display: 	Max Channels (voices):				  32
[2020.06.14-00.09.10:777][  0]LogAudioMixer: Display: 	Number of Async Source Workers:		  0
[2020.06.14-00.09.10:777][  0]LogAudio: Display: AudioDevice MaxSources: 32
[2020.06.14-00.09.10:778][  0]LogAudio: Display: Using built-in audio occlusion.
[2020.06.14-00.09.10:778][  0]LogAudioMixer: Display: Initializing audio mixer.
[2020.06.14-00.09.10:783][  0]LogAudioMixer: Display: Audio Device Output Speaker Info:
[2020.06.14-00.09.10:783][  0]LogAudioMixer: Display: Name: Altavoces / Auriculares (IDT High Definition Audio CODEC)
[2020.06.14-00.09.10:783][  0]LogAudioMixer: Display: Is Default: Yes
[2020.06.14-00.09.10:783][  0]LogAudioMixer: Display: Sample Rate: 48000
[2020.06.14-00.09.10:783][  0]LogAudioMixer: Display: Channel Count Used: 2
[2020.06.14-00.09.10:783][  0]LogAudioMixer: Display: Device Channel Count: 2
[2020.06.14-00.09.10:783][  0]LogAudioMixer: Display: Channel Order:
[2020.06.14-00.09.10:783][  0]LogAudioMixer: Display: 0: FrontLeft
[2020.06.14-00.09.10:783][  0]LogAudioMixer: Display: 1: FrontRight
[2020.06.14-00.09.10:802][  0]LogAudioMixer: Display: Using Audio Device Altavoces / Auriculares (IDT High Definition Audio CODEC)
[2020.06.14-00.09.10:811][  0]LogInit: FAudioDevice initialized.
[2020.06.14-00.09.10:812][  0]LogNetVersion: Set ProjectVersion to 1.0.0.0. Version Checksum will be recalculated on next use.
[2020.06.14-00.09.10:989][  0]LogDerivedDataCache: Saved boot cache 0.18s 78MB C:/Users/PJimenez/AppData/Local/UnrealEngine/4.24/DerivedDataCache/Boot.ddc.
[2020.06.14-00.09.10:990][  0]LogInit: Texture streaming: Enabled
[2020.06.14-00.09.10:999][  0]LogEngineSessionManager: EngineSessionManager initialized
[2020.06.14-00.09.10:999][  0]LogEditorSessionSummary: Verbose: Initializing EditorSessionSummaryWriter for editor session tracking
[2020.06.14-00.09.11:001][  0]LogEditorSessionSummary: EditorSessionSummaryWriter initialized
[2020.06.14-00.09.11:057][  0]LogInit: Transaction tracking system initialized
[2020.06.14-00.09.11:067][  0]BlueprintLog: New page: Editor Load
[2020.06.14-00.09.11:100][  0]LocalizationService: Localization service is disabled
[2020.06.14-00.09.12:585][  0]LogFileCache: Scanning file cache for directory 'D:/Documentos/Unreal Projects/DreamGuards-0.1-master/Content/' took 0.00s
[2020.06.14-00.09.12:585][  0]LogCook: Display: Max memory allowance for cook 16384mb min free memory 0mb
[2020.06.14-00.09.12:585][  0]LogCook: Display: Mobile HDR setting 1
[2020.06.14-00.09.13:298][  0]SourceControl: Source control is disabled
[2020.06.14-00.09.13:298][  0]Cmd: MAP LOAD FILE="../../../../../../Documentos/Unreal Projects/DreamGuards-0.1-master/Content/try2-1.umap" TEMPLATE=0 SHOWPROGRESS=1 FEATURELEVEL=3
[2020.06.14-00.09.13:298][  0]LightingResults: New page: Lighting Build
[2020.06.14-00.09.13:299][  0]LogWorld: UWorld::CleanupWorld for Untitled, bSessionEnded=true, bCleanupResources=true
[2020.06.14-00.09.13:299][  0]LogSlate: InvalidateAllWidgets triggered.  All widgets were invalidated
[2020.06.14-00.09.13:299][  0]MapCheck: New page: Map Check
[2020.06.14-00.09.13:299][  0]LightingResults: New page: Lighting Build
[2020.06.14-00.09.13:331][  0]LogUObjectHash: Compacting FUObjectHashTables data took   2.24ms
[2020.06.14-00.09.13:717][  0]LogAIModule: Creating AISystem for world try2-1
[2020.06.14-00.09.13:734][  0]LogEditorServer: Finished looking for orphan Actors (0.000 secs)
[2020.06.14-00.09.13:772][  0]LogUObjectHash: Compacting FUObjectHashTables data took   3.96ms
[2020.06.14-00.09.13:773][  0]Cmd: MAP CHECKDEP NOCLEARLOG
[2020.06.14-00.09.13:773][  0]MapCheck: Map check complete: 0 Error(s), 0 Warning(s), took 0.24ms to complete.
[2020.06.14-00.09.13:773][  0]LogFileHelpers: Loading map 'try2-1' took 0.475
[2020.06.14-00.09.13:842][  0]LogWindowsTextInputMethodSystem: Display: IME system now deactivated.
[2020.06.14-00.09.13:921][  0]LogSlate: Updating window title bar state: overlay mode, drag disabled, window buttons hidden, title bar hidden
[2020.06.14-00.09.13:929][  0]LogSlate: Updating window title bar state: overlay mode, drag disabled, window buttons hidden, title bar hidden
[2020.06.14-00.09.13:937][  0]LogSlate: Updating window title bar state: overlay mode, drag disabled, window buttons hidden, title bar hidden
[2020.06.14-00.09.13:945][  0]LogSlate: Updating window title bar state: overlay mode, drag disabled, window buttons hidden, title bar hidden
[2020.06.14-00.09.13:950][  0]LogCollectionManager: Loaded 0 collections in 0.001349 seconds
[2020.06.14-00.09.13:964][  0]LogFileCache: Scanning file cache for directory 'D:/Documentos/Unreal Projects/DreamGuards-0.1-master/Saved/Collections/' took 0.00s
[2020.06.14-00.09.13:965][  0]LogFileCache: Scanning file cache for directory 'D:/Documentos/Unreal Projects/DreamGuards-0.1-master/Content/Developers/PJimenez/Collections/' took 0.00s
[2020.06.14-00.09.13:965][  0]LogFileCache: Scanning file cache for directory 'D:/Documentos/Unreal Projects/DreamGuards-0.1-master/Content/Collections/' took 0.00s
[2020.06.14-00.09.13:965][  0]LogContentBrowser: Native class hierarchy populated in 0.0097 seconds. Added 3024 classes and 722 folders.
[2020.06.14-00.09.13:967][  0]LogContentBrowser: Native class hierarchy updated for 'WidgetCarousel' in 0.0003 seconds. Added 0 classes and 0 folders.
[2020.06.14-00.09.14:005][  0]LogContentBrowser: Native class hierarchy updated for 'AddContentDialog' in 0.0003 seconds. Added 0 classes and 0 folders.
[2020.06.14-00.09.14:009][  0]LogContentBrowser: Native class hierarchy updated for 'SceneOutliner' in 0.0003 seconds. Added 2 classes and 3 folders.
[2020.06.14-00.09.14:108][  0]LogSlate: Took 0.000142 seconds to synchronously load lazily loaded font '../../../Engine/Content/Slate/Fonts/Roboto-Regular.ttf' (155K)
[2020.06.14-00.09.14:112][  0]LogSlate: Took 0.000680 seconds to synchronously load lazily loaded font '../../../Engine/Content/Slate/Fonts/Roboto-Bold.ttf' (160K)
[2020.06.14-00.09.14:120][  0]LogSlate: Took 0.000233 seconds to synchronously load lazily loaded font '../../../Engine/Content/Editor/Slate/Fonts/FontAwesome.ttf' (139K)
[2020.06.14-00.09.14:197][  0]LogRenderer: Reallocating scene render targets to support 832x468 Format 9 NumSamples 1 (Frame:1).
[2020.06.14-00.09.14:421][  0]LogSlate: Took 0.000167 seconds to synchronously load lazily loaded font '../../../Engine/Content/Slate/Fonts/Roboto-Light.ttf' (167K)
[2020.06.14-00.09.14:491][  0]LogSlate: Took 0.000136 seconds to synchronously load lazily loaded font '../../../Engine/Content/Slate/Fonts/Roboto-Light.ttf' (167K)
[2020.06.14-00.09.14:620][  0]LogContentBrowser: Native class hierarchy updated for 'HierarchicalLODOutliner' in 0.0003 seconds. Added 0 classes and 0 folders.
[2020.06.14-00.09.14:620][  0]LogLoad: (Engine Initialization) Total time: 10.34 seconds
[2020.06.14-00.09.14:620][  0]LogLoad: (Engine Initialization) Total Blueprint compile time: 0.00 seconds
[2020.06.14-00.09.14:685][  0]LogContentStreaming: Texture pool size now 400 MB
[2020.06.14-00.09.14:754][  1]LogAssetRegistry: Asset discovery search completed in 7.3056 seconds
[2020.06.14-00.09.14:759][  1]LogCollectionManager: Fixed up redirectors for 0 collections in 0.000009 seconds (updated 0 objects)
[2020.06.14-00.12.26:541][648]LogTemp: Repeating last play command: Selected Viewport
[2020.06.14-00.12.26:560][648]LogBlueprintUserMessages: Early PlayInEditor Detection: Level '/Game/try2-1.try2-1:PersistentLevel' has LevelScriptBlueprint '/Game/try2-1.try2-1:PersistentLevel.try2-1' with GeneratedClass '/Game/try2-1.try2-1_C' with ClassGeneratedBy '/Game/try2-1.try2-1:PersistentLevel.try2-1'
[2020.06.14-00.12.26:560][648]LogPlayLevel: PlayLevel: No blueprints needed recompiling
[2020.06.14-00.12.26:561][648]PIE: New page: PIE session: try2-1 (Jun 13, 2020, 4:12:26 PM)
[2020.06.14-00.12.26:562][648]LogOnline: OSS: Creating online subsystem instance for: NULL
[2020.06.14-00.12.26:563][648]LogOnline: OSS: TryLoadSubsystemAndSetDefault: Loaded subsystem for module [NULL]
[2020.06.14-00.12.26:563][648]LogPlayLevel: Creating play world package: /Game/UEDPIE_0_try2-1
[2020.06.14-00.12.26:573][648]LogPlayLevel: PIE: StaticDuplicateObject took: (0.009958s)
[2020.06.14-00.12.26:575][648]LogAIModule: Creating AISystem for world try2-1
[2020.06.14-00.12.26:576][648]LogPlayLevel: PIE: World Init took: (0.002365s)
[2020.06.14-00.12.26:576][648]LogPlayLevel: PIE: Created PIE world by copying editor world from /Game/try2-1.try2-1 to /Game/UEDPIE_0_try2-1.try2-1 (0.012761s)
[2020.06.14-00.12.26:614][648]LogUObjectHash: Compacting FUObjectHashTables data took   2.25ms
[2020.06.14-00.12.26:616][648]LogAudioMixer: Display: Audio Mixer Platform Settings:
[2020.06.14-00.12.26:616][648]LogAudioMixer: Display: 	Sample Rate:						  48000
[2020.06.14-00.12.26:616][648]LogAudioMixer: Display: 	Callback Buffer Frame Size Requested: 1024
[2020.06.14-00.12.26:616][648]LogAudioMixer: Display: 	Callback Buffer Frame Size To Use:	  1024
[2020.06.14-00.12.26:616][648]LogAudioMixer: Display: 	Number of buffers to queue:			  2
[2020.06.14-00.12.26:616][648]LogAudioMixer: Display: 	Max Channels (voices):				  32
[2020.06.14-00.12.26:616][648]LogAudioMixer: Display: 	Number of Async Source Workers:		  0
[2020.06.14-00.12.26:616][648]LogAudio: Display: AudioDevice MaxSources: 32
[2020.06.14-00.12.26:617][648]LogAudio: Display: Using built-in audio occlusion.
[2020.06.14-00.12.26:617][648]LogAudioMixer: Display: Initializing audio mixer.
[2020.06.14-00.12.26:619][648]LogAudioMixer: Display: Audio Device Output Speaker Info:
[2020.06.14-00.12.26:619][648]LogAudioMixer: Display: Name: Altavoces / Auriculares (IDT High Definition Audio CODEC)
[2020.06.14-00.12.26:619][648]LogAudioMixer: Display: Is Default: Yes
[2020.06.14-00.12.26:619][648]LogAudioMixer: Display: Sample Rate: 48000
[2020.06.14-00.12.26:619][648]LogAudioMixer: Display: Channel Count Used: 2
[2020.06.14-00.12.26:619][648]LogAudioMixer: Display: Device Channel Count: 2
[2020.06.14-00.12.26:619][648]LogAudioMixer: Display: Channel Order:
[2020.06.14-00.12.26:619][648]LogAudioMixer: Display: 0: FrontLeft
[2020.06.14-00.12.26:619][648]LogAudioMixer: Display: 1: FrontRight
[2020.06.14-00.12.26:635][648]LogAudioMixer: Display: Using Audio Device Altavoces / Auriculares (IDT High Definition Audio CODEC)
[2020.06.14-00.12.26:639][648]LogInit: FAudioDevice initialized.
[2020.06.14-00.12.26:664][648]LogLoad: Game class is 'gamemode_C'
[2020.06.14-00.12.26:672][648]LogWorld: Bringing World /Game/UEDPIE_0_try2-1.try2-1 up for play (max tick rate 0) at 2020.06.13-20.12.26
[2020.06.14-00.12.26:672][648]LogWorld: Bringing up level for play took: 0.007107
[2020.06.14-00.12.26:672][648]LogOnline: OSS: Creating online subsystem instance for: :Context_1
[2020.06.14-00.12.26:676][648]LogContentBrowser: Native class hierarchy updated for 'MovieSceneCapture' in 0.0007 seconds. Added 20 classes and 0 folders.
[2020.06.14-00.12.26:677][648]LogGameMode: Display: Match State Changed from EnteringMap to WaitingToStart
[2020.06.14-00.12.26:677][648]LogGameState: Match State Changed from EnteringMap to WaitingToStart
[2020.06.14-00.12.26:677][648]LogGameMode: Display: Match State Changed from WaitingToStart to InProgress
[2020.06.14-00.12.26:686][648]LogGameState: Match State Changed from WaitingToStart to InProgress
[2020.06.14-00.12.26:686][648]PIE: Play in editor start time for /Game/UEDPIE_0_try2-1 -0.854
[2020.06.14-00.12.26:686][648]LogBlueprintUserMessages: Late PlayInEditor Detection: Level '/Game/try2-1.try2-1:PersistentLevel' has LevelScriptBlueprint '/Game/try2-1.try2-1:PersistentLevel.try2-1' with GeneratedClass '/Game/try2-1.try2-1_C' with ClassGeneratedBy '/Game/try2-1.try2-1:PersistentLevel.try2-1'
[2020.06.14-00.12.27:651][705]LogBlueprintUserMessages: [try2-1_C_45] X=0.000 Y=-270.000 Z=-270.000
[2020.06.14-00.12.27:662][706]LogBlueprintUserMessages: [try2-1_C_45] X=0.000 Y=-260.000 Z=-260.000
[2020.06.14-00.12.27:691][707]LogBlueprintUserMessages: [try2-1_C_45] X=0.000 Y=-250.000 Z=-250.000
[2020.06.14-00.12.27:719][708]LogBlueprintUserMessages: [try2-1_C_45] X=0.000 Y=-240.000 Z=-240.000
[2020.06.14-00.12.27:747][709]LogBlueprintUserMessages: [try2-1_C_45] X=0.000 Y=-229.999 Z=-230.000
[2020.06.14-00.12.27:773][710]LogBlueprintUserMessages: [try2-1_C_45] X=0.000 Y=-219.999 Z=-220.000
[2020.06.14-00.12.27:802][711]LogBlueprintUserMessages: [try2-1_C_45] X=-0.000 Y=-209.999 Z=-210.000
[2020.06.14-00.12.27:831][712]LogBlueprintUserMessages: [try2-1_C_45] X=-0.000 Y=-199.999 Z=-200.000
[2020.06.14-00.12.27:845][713]LogBlueprintUserMessages: [try2-1_C_45] X=0.000 Y=-189.999 Z=-190.000
[2020.06.14-00.12.27:856][714]LogBlueprintUserMessages: [try2-1_C_45] X=0.000 Y=-179.999 Z=-180.000
[2020.06.14-00.12.27:883][715]LogBlueprintUserMessages: [try2-1_C_45] X=0.000 Y=-169.999 Z=-170.000
[2020.06.14-00.12.27:895][716]LogBlueprintUserMessages: [try2-1_C_45] X=0.000 Y=-159.999 Z=-160.000
[2020.06.14-00.12.27:907][717]LogBlueprintUserMessages: [try2-1_C_45] X=0.000 Y=-149.999 Z=-150.000
[2020.06.14-00.12.27:922][718]LogBlueprintUserMessages: [try2-1_C_45] X=0.000 Y=-139.999 Z=-140.000
[2020.06.14-00.12.27:934][719]LogBlueprintUserMessages: [try2-1_C_45] X=0.000 Y=-129.998 Z=-130.000
[2020.06.14-00.12.27:945][720]LogBlueprintUserMessages: [try2-1_C_45] X=0.000 Y=-119.998 Z=-120.000
[2020.06.14-00.12.27:957][721]LogBlueprintUserMessages: [try2-1_C_45] X=0.000 Y=-109.998 Z=-110.000
[2020.06.14-00.12.27:969][722]LogBlueprintUserMessages: [try2-1_C_45] X=0.000 Y=-99.998 Z=-100.000
[2020.06.14-00.12.27:982][723]LogBlueprintUserMessages: [try2-1_C_45] X=0.000 Y=-89.998 Z=-90.000
[2020.06.14-00.12.27:992][724]LogBlueprintUserMessages: [try2-1_C_45] X=0.000 Y=-79.998 Z=-80.000
[2020.06.14-00.12.28:006][725]LogBlueprintUserMessages: [try2-1_C_45] X=0.000 Y=-69.998 Z=-70.000
[2020.06.14-00.12.28:019][726]LogBlueprintUserMessages: [try2-1_C_45] X=0.000 Y=-59.998 Z=-60.000
[2020.06.14-00.12.28:033][727]LogBlueprintUserMessages: [try2-1_C_45] X=-0.000 Y=-49.998 Z=-50.000
[2020.06.14-00.12.28:046][728]LogBlueprintUserMessages: [try2-1_C_45] X=0.000 Y=-39.998 Z=-40.000
[2020.06.14-00.12.28:057][729]LogBlueprintUserMessages: [try2-1_C_45] X=-0.000 Y=-29.998 Z=-30.000
[2020.06.14-00.12.28:070][730]LogBlueprintUserMessages: [try2-1_C_45] X=0.000 Y=-19.998 Z=-20.000
[2020.06.14-00.12.28:835][797]LogAudioMixer: Display: No commands were queued while flushing the source manager.
[2020.06.14-00.12.28:835][797]LogAudioMixer: Display: No commands were queued while flushing the source manager.
[2020.06.14-00.12.28:836][797]LogBlueprintUserMessages: Early EndPlayMap Detection: Level '/Game/try2-1.try2-1:PersistentLevel' has LevelScriptBlueprint '/Game/try2-1.try2-1:PersistentLevel.try2-1' with GeneratedClass '/Game/try2-1.try2-1_C' with ClassGeneratedBy '/Game/try2-1.try2-1:PersistentLevel.try2-1'
[2020.06.14-00.12.28:836][797]LogSlate: Updating window title bar state: overlay mode, drag disabled, window buttons hidden, title bar hidden
[2020.06.14-00.12.28:836][797]LogWorld: BeginTearingDown for /Game/UEDPIE_0_try2-1
[2020.06.14-00.12.28:836][797]LogAudioMixer: Display: No commands were queued while flushing the source manager.
[2020.06.14-00.12.28:836][797]LogWorld: UWorld::CleanupWorld for try2-1, bSessionEnded=true, bCleanupResources=true
[2020.06.14-00.12.28:838][797]LogSlate: InvalidateAllWidgets triggered.  All widgets were invalidated
[2020.06.14-00.12.28:849][797]LogPlayLevel: Display: Shutting down PIE online subsystems
[2020.06.14-00.12.28:849][797]LogBlueprintUserMessages: Late EndPlayMap Detection: Level '/Game/try2-1.try2-1:PersistentLevel' has LevelScriptBlueprint '/Game/try2-1.try2-1:PersistentLevel.try2-1' with GeneratedClass '/Game/try2-1.try2-1_C' with ClassGeneratedBy '/Game/try2-1.try2-1:PersistentLevel.try2-1'
[2020.06.14-00.12.28:852][797]LogSlate: InvalidateAllWidgets triggered.  All widgets were invalidated
[2020.06.14-00.12.28:887][797]LogAudioMixer: Display: No commands were queued while flushing the source manager.
[2020.06.14-00.12.28:892][797]LogSlate: Updating window title bar state: overlay mode, drag disabled, window buttons hidden, title bar hidden
[2020.06.14-00.12.28:896][797]LogUObjectHash: Compacting FUObjectHashTables data took   2.62ms
[2020.06.14-00.12.28:936][799]LogPlayLevel: Display: Destroying online subsystem :Context_1
[2020.06.14-00.12.32:180][931]LogAssetEditorSubsystem: Opening Asset editor for LevelScriptBlueprint /Game/try2-1.try2-1:PersistentLevel.try2-1
[2020.06.14-00.12.32:489][931]LogContentBrowser: Native class hierarchy updated for 'BlueprintGraph' in 0.0006 seconds. Added 121 classes and 0 folders.
[2020.06.14-00.12.33:571][931]LogSlate: Took 0.000155 seconds to synchronously load lazily loaded font '../../../Engine/Content/Slate/Fonts/Roboto-BoldCondensed.ttf' (158K)
[2020.06.14-00.12.33:794][932]LogSlate: Took 0.000176 seconds to synchronously load lazily loaded font '../../../Engine/Content/Slate/Fonts/Roboto-Italic.ttf' (157K)
[2020.06.14-00.13.19:901][512]BlueprintLog: New page: Compile try2-1
[2020.06.14-00.13.20:246][512]LogUObjectHash: Compacting FUObjectHashTables data took   5.69ms
[2020.06.14-00.13.20:913][526]Cmd: OBJ SAVEPACKAGE PACKAGE="/Game/try2-1" FILE="../../../../../../Documentos/Unreal Projects/DreamGuards-0.1-master/Content/try2-1.umap" SILENT=true AUTOSAVING=false KEEPDIRTY=false
[2020.06.14-00.13.20:967][526]LogUObjectHash: Compacting FUObjectHashTables data took   5.78ms
[2020.06.14-00.13.21:347][526]LogSavePackage: Moving '../../../../../../Documentos/Unreal Projects/DreamGuards-0.1-master/Saved/try2-168AC027248B49BBCD5E0D1B6C9A0DB75.tmp' to '../../../../../../Documentos/Unreal Projects/DreamGuards-0.1-master/Content/try2-1.umap'
[2020.06.14-00.13.21:388][526]LogFileHelpers: Saving map 'try2-1' took 0.475
[2020.06.14-00.13.21:404][526]AssetCheck: New page: Asset Save: try2-1
[2020.06.14-00.13.21:404][526]LogContentValidation: Display: Validating World /Game/try2-1.try2-1
[2020.06.14-00.23.21:187][669]LogUObjectHash: Compacting FUObjectHashTables data took   4.75ms
[2020.06.14-00.23.21:188][669]Cmd: OBJ SAVEPACKAGE PACKAGE="/Game/try2-1" FILE="../../../../../../Documentos/Unreal Projects/DreamGuards-0.1-master/Saved/Autosaves/Game/try2-1_Auto1.umap" SILENT=true AUTOSAVING=true KEEPDIRTY=false
[2020.06.14-00.23.21:608][669]LogSavePackage: Moving '../../../../../../Documentos/Unreal Projects/DreamGuards-0.1-master/Saved/try2-1_Auto1F1CEA3A54642F07EE9290FB09D1F4E4E.tmp' to '../../../../../../Documentos/Unreal Projects/DreamGuards-0.1-master/Saved/Autosaves/Game/try2-1_Auto1.umap'
[2020.06.14-00.23.21:610][669]LogFileHelpers: Editor autosave (incl. sublevels) for '/Game/try2-1' took 0.464
[2020.06.14-00.23.21:610][669]LogFileHelpers: Editor autosave (incl. sublevels) for all levels took 0.464
[2020.06.14-01.25.39:281][372]LogTemp: Resetting audio stream to device id 
[2020.06.14-01.25.39:340][372]LogAudioMixer: Display: Audio Device Output Speaker Info:
[2020.06.14-01.25.39:340][372]LogAudioMixer: Display: Name: Altavoces / Auriculares (IDT High Definition Audio CODEC)
[2020.06.14-01.25.39:341][372]LogAudioMixer: Display: Is Default: Yes
[2020.06.14-01.25.39:341][372]LogAudioMixer: Display: Sample Rate: 48000
[2020.06.14-01.25.39:341][372]LogAudioMixer: Display: Channel Count Used: 2
[2020.06.14-01.25.39:341][372]LogAudioMixer: Display: Device Channel Count: 2
[2020.06.14-01.25.39:341][372]LogAudioMixer: Display: Channel Order:
[2020.06.14-01.25.39:341][372]LogAudioMixer: Display: 0: FrontLeft
[2020.06.14-01.25.39:341][372]LogAudioMixer: Display: 1: FrontRight
[2020.06.14-01.25.40:939][378]LogHttp: Warning: 000000224535D080: invalid HTTP response code received. URL: https://datarouter.ol.epicgames.com/datarouter/api/v1/public/data?SessionID=%7BF7786602-4CF6-2CA1-1B5E-4893075C8FD0%7D&AppID=UEEditor.Rocket.Release&AppVersion=4.24.3-11590370%2B%2B%2BUE4%2BRelease-4.24&UserID=0c69896c4f645a3847a982b741e49a30%7C5774095c0e8e47d1a5a62d9f8948b86c%7C7162e9fc-1538-4b3e-b2d6-ab6eb7e205aa&AppEnvironment=datacollector-binary&UploadType=eteventstream, HTTP code: 0, content length: 0, actual payload size: 0
[2020.06.14-01.25.40:939][378]LogHttp: Warning: 000000224535D080: request failed, libcurl error: 56 (Failure when receiving data from the peer)
[2020.06.14-01.25.40:939][378]LogHttp: Warning: 000000224535D080: libcurl info message cache 0 (Found bundle for host datarouter.ol.epicgames.com: 0x226b6dff70 [can pipeline])
[2020.06.14-01.25.40:939][378]LogHttp: Warning: 000000224535D080: libcurl info message cache 1 (Re-using existing connection! (#8) with host datarouter.ol.epicgames.com)
[2020.06.14-01.25.40:939][378]LogHttp: Warning: 000000224535D080: libcurl info message cache 2 (Connected to datarouter.ol.epicgames.com (52.86.67.197) port 443 (#8))
[2020.06.14-01.25.40:939][378]LogHttp: Warning: 000000224535D080: libcurl info message cache 3 (We are completely uploaded and fine)
[2020.06.14-01.25.40:939][378]LogHttp: Warning: 000000224535D080: libcurl info message cache 4 (OpenSSL SSL_read: SSL_ERROR_SYSCALL, errno 10054)
[2020.06.14-01.25.40:939][378]LogHttp: Warning: 000000224535D080: libcurl info message cache 5 (Connection died, retrying a fresh connect)
[2020.06.14-01.25.40:939][378]LogHttp: Warning: 000000224535D080: libcurl info message cache 6 (necessary data rewind wasn't possible)
[2020.06.14-01.25.40:939][378]LogHttp: Warning: 000000224535D080: libcurl info message cache 7 (Closing connection 8)
[2020.06.14-01.25.40:939][378]LogHttp: Warning: Retry exhausted on https://datarouter.ol.epicgames.com/datarouter/api/v1/public/data?SessionID=%7BF7786602-4CF6-2CA1-1B5E-4893075C8FD0%7D&AppID=UEEditor.Rocket.Release&AppVersion=4.24.3-11590370%2B%2B%2BUE4%2BRelease-4.24&UserID=0c69896c4f645a3847a982b741e49a30%7C5774095c0e8e47d1a5a62d9f8948b86c%7C7162e9fc-1538-4b3e-b2d6-ab6eb7e205aa&AppEnvironment=datacollector-binary&UploadType=eteventstream
[2020.06.14-01.29.01:975][363]LogFactory: FactoryCreateFile: SoundWave with ReimportSoundFactory (0 0 D:\Documentos\Unreal Projects\zapsplat_warfare_sword_strike_metal_could_be_shield_vibration_002_44496.wav)
[2020.06.14-01.29.01:977][363]LogAudioDerivedData: Display: Building compressed audio format OGG hash OGG10025600-1-1-1-1-1 wave zapsplat_warfare_sword_strike_metal_could_be_shield_vibration_002_44496...
[2020.06.14-01.29.01:977][363]LogAudioDerivedData: Display: Compression Quality for SoundWave /Game/soundFX/zapsplat_warfare_sword_strike_metal_could_be_shield_vibration_002_44496.zapsplat_warfare_sword_strike_metal_could_be_shield_vibration_002_44496 will be modified from 40 to 40.
[2020.06.14-01.29.02:147][363]LogAudioDerivedData: Display: Updated SoundWave->RawPCMDataSize from 0 to 210028 while cooking SoundWave /Game/soundFX/zapsplat_warfare_sword_strike_metal_could_be_shield_vibration_002_44496.zapsplat_warfare_sword_strike_metal_could_be_shield_vibration_002_44496.
[2020.06.14-01.29.11:519][818]LogEditorViewport: Clicking on Actor (LMB): Main_C (Main)
[2020.06.14-01.29.12:707][852]LogEditorViewport: Clicking on Actor (LMB): Main_C (Main)
[2020.06.14-01.29.13:576][884]LogEditorViewport: Clicking on Actor (LMB): Main_C (Main)
[2020.06.14-01.29.18:298][ 68]LogAssetEditorSubsystem: Opening Asset editor for Blueprint /Game/Blueprints/Main.Main
[2020.06.14-01.29.20:491][122]LogSlate: Window 'Main' being destroyed
[2020.06.14-01.29.20:520][122]LogSlate: Window 'Main' being destroyed
[2020.06.14-01.29.20:520][122]LogWorld: UWorld::CleanupWorld for World_0, bSessionEnded=true, bCleanupResources=true
[2020.06.14-01.29.20:520][122]LogSlate: InvalidateAllWidgets triggered.  All widgets were invalidated
[2020.06.14-01.29.20:592][122]LogWorld: UWorld::CleanupWorld for World_2, bSessionEnded=true, bCleanupResources=true
[2020.06.14-01.29.20:592][122]LogSlate: InvalidateAllWidgets triggered.  All widgets were invalidated
[2020.06.14-01.29.22:931][204]LogAssetEditorSubsystem: Opening Asset editor for LevelScriptBlueprint /Game/try2-1.try2-1:PersistentLevel.try2-1
[2020.06.14-01.29.58:818][333]LogOutputDevice: Warning: 

Script Stack (0 frames):

[2020.06.14-01.29.58:818][333]LogWindows: Windows GetLastError: La operación se completó correctamente. (0)
