Log file open, 07/09/20 14:42:29
LogWindows: Failed to load 'aqProf.dll' (GetLastError=126)
LogWindows: File 'aqProf.dll' does not exist
LogWindows: Failed to load 'VtuneApi.dll' (GetLastError=126)
LogWindows: File 'VtuneApi.dll' does not exist
LogWindows: Failed to load 'VtuneApi32e.dll' (GetLastError=126)
LogWindows: File 'VtuneApi32e.dll' does not exist
LogConsoleResponse: Display: Failed to find resolution value strings in scalability ini. Falling back to default.
LogInit: Display: Running engine for game: Try2
LogPlatformFile: Not using cached read wrapper
LogTaskGraph: Started task graph with 5 named threads and 11 total threads with 3 sets of task threads.
LogStats: Stats thread started at 0.313723
LogD3D11RHI: Loaded GFSDK_Aftermath_Lib.x64.dll
LogICUInternationalization: ICU TimeZone Detection - Raw Offset: -4:00, Platform Override: ''
LogPluginManager: Mounting plugin Paper2D
LogPluginManager: Mounting plugin AISupport
LogPluginManager: Mounting plugin LightPropagationVolume
LogPluginManager: Mounting plugin ActorLayerUtilities
LogPluginManager: Mounting plugin AnimationSharing
LogPluginManager: Mounting plugin CLionSourceCodeAccess
LogPluginManager: Mounting plugin CodeLiteSourceCodeAccess
LogPluginManager: Mounting plugin GitSourceControl
LogPluginManager: Mounting plugin KDevelopSourceCodeAccess
LogPluginManager: Mounting plugin NullSourceCodeAccess
LogPluginManager: Mounting plugin PerforceSourceControl
LogPluginManager: Mounting plugin PlasticSourceControl
LogPluginManager: Mounting plugin SubversionSourceControl
LogPluginManager: Mounting plugin UObjectPlugin
LogPluginManager: Mounting plugin VisualStudioCodeSourceCodeAccess
LogPluginManager: Mounting plugin VisualStudioSourceCodeAccess
LogPluginManager: Mounting plugin XCodeSourceCodeAccess
LogPluginManager: Mounting plugin AssetManagerEditor
LogPluginManager: Mounting plugin CryptoKeys
LogPluginManager: Mounting plugin CurveEditorTools
LogPluginManager: Mounting plugin DataValidation
LogPluginManager: Mounting plugin FacialAnimation
LogPluginManager: Mounting plugin GameplayTagsEditor
LogPluginManager: Mounting plugin MacGraphicsSwitching
LogPluginManager: Mounting plugin MaterialAnalyzer
LogPluginManager: Mounting plugin MobileLauncherProfileWizard
LogPluginManager: Mounting plugin PluginBrowser
LogPluginManager: Mounting plugin SpeedTreeImporter
LogPluginManager: Mounting plugin DatasmithContent
LogPluginManager: Mounting plugin VariantManagerContent
LogPluginManager: Mounting plugin AlembicImporter
LogPluginManager: Mounting plugin AutomationUtils
LogPluginManager: Mounting plugin BackChannel
LogPluginManager: Mounting plugin CharacterAI
LogPluginManager: Mounting plugin GeometryCache
LogPluginManager: Mounting plugin PlatformCrypto
LogPluginManager: Mounting plugin ProxyLODPlugin
LogPluginManager: Mounting plugin SkeletalReduction
LogPluginManager: Mounting plugin MagicLeap
LogPluginManager: Mounting plugin MagicLeapMedia
LogPluginManager: Mounting plugin MLSDK
LogPluginManager: Mounting plugin AndroidMedia
LogPluginManager: Mounting plugin AvfMedia
LogPluginManager: Mounting plugin ImgMedia
LogPluginManager: Mounting plugin MediaCompositing
LogPluginManager: Mounting plugin MediaPlayerEditor
LogPluginManager: Mounting plugin WebMMedia
LogPluginManager: Mounting plugin WmfMedia
LogPluginManager: Mounting plugin TcpMessaging
LogPluginManager: Mounting plugin UdpMessaging
LogPluginManager: Mounting plugin ActorSequence
LogPluginManager: Mounting plugin LevelSequenceEditor
LogPluginManager: Mounting plugin MatineeToLevelSequence
LogPluginManager: Mounting plugin NetcodeUnitTest
LogPluginManager: Mounting plugin NUTUnrealEngine4
LogPluginManager: Mounting plugin OnlineSubsystemGooglePlay
LogPluginManager: Mounting plugin OnlineSubsystemIOS
LogPluginManager: Mounting plugin OnlineSubsystem
LogPluginManager: Mounting plugin OnlineSubsystemNull
LogPluginManager: Mounting plugin OnlineSubsystemUtils
LogPluginManager: Mounting plugin LauncherChunkInstaller
LogPluginManager: Mounting plugin AndroidDeviceProfileSelector
LogPluginManager: Mounting plugin AndroidMoviePlayer
LogPluginManager: Mounting plugin AndroidPermission
LogPluginManager: Mounting plugin ApexDestruction
LogPluginManager: Mounting plugin AppleImageUtils
LogPluginManager: Mounting plugin AppleMoviePlayer
LogPluginManager: Mounting plugin ArchVisCharacter
LogPluginManager: Mounting plugin AssetTags
LogPluginManager: Mounting plugin AudioCapture
LogPluginManager: Mounting plugin CableComponent
LogPluginManager: Mounting plugin CustomMeshComponent
LogPluginManager: Mounting plugin EditableMesh
LogPluginManager: Mounting plugin ExampleDeviceProfileSelector
LogPluginManager: Mounting plugin GoogleCloudMessaging
LogPluginManager: Mounting plugin IOSDeviceProfileSelector
LogPluginManager: Mounting plugin LinuxDeviceProfileSelector
LogPluginManager: Mounting plugin LocationServicesBPLibrary
LogPluginManager: Mounting plugin MobilePatchingUtils
LogPluginManager: Mounting plugin OculusVR
LogPluginManager: Mounting plugin PhysXVehicles
LogPluginManager: Mounting plugin PostSplashScreen
LogPluginManager: Mounting plugin ProceduralMeshComponent
LogPluginManager: Mounting plugin RuntimePhysXCooking
LogPluginManager: Mounting plugin SignificanceManager
LogPluginManager: Mounting plugin SteamVR
LogPluginManager: Mounting plugin WebMMoviePlayer
LogPluginManager: Mounting plugin WindowsMoviePlayer
LogPluginManager: Mounting plugin ScreenshotTools
LogInit: Using libcurl 7.55.1-DEV
LogInit:  - built for x86_64-pc-win32
LogInit:  - supports SSL with OpenSSL/1.1.1
LogInit:  - supports HTTP deflate (compression) using libz 1.2.8
LogInit:  - other features:
LogInit:      CURL_VERSION_SSL
LogInit:      CURL_VERSION_LIBZ
LogInit:      CURL_VERSION_IPV6
LogInit:      CURL_VERSION_ASYNCHDNS
LogInit:      CURL_VERSION_LARGEFILE
LogInit:      CURL_VERSION_IDN
LogInit:  CurlRequestOptions (configurable via config and command line):
LogInit:  - bVerifyPeer = true  - Libcurl will verify peer certificate
LogInit:  - bUseHttpProxy = false  - Libcurl will NOT use HTTP proxy
LogInit:  - bDontReuseConnections = false  - Libcurl will reuse connections
LogInit:  - MaxHostConnections = 16  - Libcurl will limit the number of connections to a host
LogInit:  - LocalHostAddr = Default
LogInit:  - BufferSize = 65536
LogOnline: OSS: Creating online subsystem instance for: NULL
LogInit: WinSock: version 1.1 (2.2), MaxSocks=32767, MaxUdp=65467
LogOnline: OSS: TryLoadSubsystemAndSetDefault: Loaded subsystem for module [NULL]
LogInit: Build: ++UE4+Release-4.24-CL-11590370
LogInit: Engine Version: 4.24.3-11590370+++UE4+Release-4.24
LogInit: Compatible Engine Version: 4.24.0-10570792+++UE4+Release-4.24
LogInit: Net CL: 10570792
LogInit: OS: Windows 10 (Release 1903) (), CPU: Intel(R) Core(TM) i7-6500U CPU @ 2.50GHz, GPU: Intel(R) HD Graphics 520
LogInit: Compiled (64-bit): Feb 24 2020 15:39:18
LogInit: Compiled with Visual C++: 19.16.27032.01
LogInit: Build Configuration: Development
LogInit: Branch Name: ++UE4+Release-4.24
LogInit: Command Line:  /Game/Maps/Mneus -game -PIEVIACONSOLE -ResX=1280 -ResY=720 -Multiprocess -messaging -SessionName="Play in Standalone Game" -windowed
LogInit: Base Directory: C:/Program Files/Epic Games/UE_4.24/Engine/Binaries/Win64/
LogInit: Installed Engine Build: 1
LogDevObjectVersion: Number of dev versions registered: 25
LogDevObjectVersion:   Dev-Blueprints (B0D832E4-1F89-4F0D-ACCF-7EB736FD4AA2): 10
LogDevObjectVersion:   Dev-Build (E1C64328-A22C-4D53-A36C-8E866417BD8C): 0
LogDevObjectVersion:   Dev-Core (375EC13C-06E4-48FB-B500-84F0262A717E): 3
LogDevObjectVersion:   Dev-Editor (E4B068ED-F494-42E9-A231-DA0B2E46BB41): 37
LogDevObjectVersion:   Dev-Framework (CFFC743F-43B0-4480-9391-14DF171D2073): 36
LogDevObjectVersion:   Dev-Mobile (B02B49B5-BB20-44E9-A304-32B752E40360): 2
LogDevObjectVersion:   Dev-Networking (A4E4105C-59A1-49B5-A7C5-40C4547EDFEE): 0
LogDevObjectVersion:   Dev-Online (39C831C9-5AE6-47DC-9A44-9C173E1C8E7C): 0
LogDevObjectVersion:   Dev-Physics (78F01B33-EBEA-4F98-B9B4-84EACCB95AA2): 2
LogDevObjectVersion:   Dev-Platform (6631380F-2D4D-43E0-8009-CF276956A95A): 0
LogDevObjectVersion:   Dev-Rendering (12F88B9F-8875-4AFC-A67C-D90C383ABD29): 36
LogDevObjectVersion:   Dev-Sequencer (7B5AE74C-D270-4C10-A958-57980B212A5A): 11
LogDevObjectVersion:   Dev-VR (D7296918-1DD6-4BDD-9DE2-64A83CC13884): 2
LogDevObjectVersion:   Dev-LoadTimes (C2A15278-BFE7-4AFE-6C17-90FF531DF755): 1
LogDevObjectVersion:   Private-Geometry (6EACA3D4-40EC-4CC1-B786-8BED09428FC5): 3
LogDevObjectVersion:   Dev-AnimPhys (29E575DD-E0A3-4627-9D10-D276232CDCEA): 17
LogDevObjectVersion:   Dev-Anim (AF43A65D-7FD3-4947-9873-3E8ED9C1BB05): 2
LogDevObjectVersion:   Dev-ReflectionCapture (6B266CEC-1EC7-4B8F-A30B-E4D90942FC07): 1
LogDevObjectVersion:   Dev-Automation (0DF73D61-A23F-47EA-B727-89E90C41499A): 1
LogDevObjectVersion:   FortniteMain (601D1886-AC64-4F84-AA16-D3DE0DEAC7D6): 31
LogDevObjectVersion:   Dev-Enterprise (9DFFBCD6-494F-0158-E221-12823C92A888): 8
LogDevObjectVersion:   Dev-Niagara (F2AED0AC-9AFE-416F-8664-AA7FFA26D6FC): 1
LogDevObjectVersion:   Dev-Destruction (174F1F0B-B4C6-45A5-B13F-2EE8D0FB917D): 9
LogDevObjectVersion:   Dev-Physics-Ext (35F94A83-E258-406C-A318-09F59610247C): 8
LogDevObjectVersion:   Dev-CineCamera (B2E18506-4273-CFC2-A54E-F4BB758BBA07): 1
LogInit: Presizing for max 25165824 objects, including 0 objects not considered by GC, pre-allocating 0 bytes for permanent pool.
LogInit: Object subsystem initialized
LogConfig: Setting CVar [[con.DebugEarlyDefault:1]]
LogConfig: Setting CVar [[r.setres:1280x720]]
[2020.07.09-18.42.30:168][  0]LogConfig: Setting CVar [[con.DebugEarlyDefault:1]]
[2020.07.09-18.42.30:168][  0]LogConfig: Setting CVar [[r.setres:1280x720]]
[2020.07.09-18.42.30:168][  0]LogConfig: Applying CVar settings from Section [/Script/Engine.RendererSettings] File [C:/Users/Gabriel/Documents/Desarrollo de videojuegos/Try2 actualizacion1/videojuegos2/DreamGuards-0.1/Saved/Config/Windows/Engine.ini]
[2020.07.09-18.42.30:168][  0]LogConfig: Setting CVar [[r.GPUCrashDebugging:0]]
[2020.07.09-18.42.30:168][  0]LogConfig: Setting CVar [[r.MobileHDR:1]]
[2020.07.09-18.42.30:168][  0]LogConfig: Setting CVar [[r.Mobile.DisableVertexFog:1]]
[2020.07.09-18.42.30:168][  0]LogConfig: Setting CVar [[r.Shadow.CSM.MaxMobileCascades:2]]
[2020.07.09-18.42.30:168][  0]LogConfig: Setting CVar [[r.MobileMSAA:1]]
[2020.07.09-18.42.30:168][  0]LogConfig: Setting CVar [[r.Mobile.UseLegacyShadingModel:0]]
[2020.07.09-18.42.30:168][  0]LogConfig: Setting CVar [[r.Mobile.UseHWsRGBEncoding:0]]
[2020.07.09-18.42.30:168][  0]LogConfig: Setting CVar [[r.Mobile.AllowDitheredLODTransition:0]]
[2020.07.09-18.42.30:168][  0]LogConfig: Setting CVar [[r.Mobile.AllowSoftwareOcclusion:0]]
[2020.07.09-18.42.30:169][  0]LogConfig: Setting CVar [[r.DiscardUnusedQuality:0]]
[2020.07.09-18.42.30:169][  0]LogConfig: Setting CVar [[r.AllowOcclusionQueries:1]]
[2020.07.09-18.42.30:169][  0]LogConfig: Setting CVar [[r.MinScreenRadiusForLights:0.030000]]
[2020.07.09-18.42.30:169][  0]LogConfig: Setting CVar [[r.MinScreenRadiusForDepthPrepass:0.030000]]
[2020.07.09-18.42.30:169][  0]LogConfig: Setting CVar [[r.MinScreenRadiusForCSMDepth:0.010000]]
[2020.07.09-18.42.30:169][  0]LogConfig: Setting CVar [[r.PrecomputedVisibilityWarning:0]]
[2020.07.09-18.42.30:169][  0]LogConfig: Setting CVar [[r.TextureStreaming:1]]
[2020.07.09-18.42.30:169][  0]LogConfig: Setting CVar [[Compat.UseDXT5NormalMaps:0]]
[2020.07.09-18.42.30:169][  0]LogConfig: Setting CVar [[r.VirtualTextures:0]]
[2020.07.09-18.42.30:169][  0]LogConfig: Setting CVar [[r.VirtualTexturedLightmaps:0]]
[2020.07.09-18.42.30:169][  0]LogConfig: Setting CVar [[r.VT.TileSize:128]]
[2020.07.09-18.42.30:169][  0]LogConfig: Setting CVar [[r.VT.TileBorderSize:4]]
[2020.07.09-18.42.30:169][  0]LogConfig: Setting CVar [[r.vt.FeedbackFactor:16]]
[2020.07.09-18.42.30:169][  0]LogConfig: Setting CVar [[r.VT.EnableCompressZlib:1]]
[2020.07.09-18.42.30:169][  0]LogConfig: Setting CVar [[r.VT.EnableCompressCrunch:0]]
[2020.07.09-18.42.30:169][  0]LogConfig: Setting CVar [[r.ClearCoatNormal:0]]
[2020.07.09-18.42.30:169][  0]LogConfig: Setting CVar [[r.ReflectionCaptureResolution:128]]
[2020.07.09-18.42.30:169][  0]LogConfig: Setting CVar [[r.ReflectionEnvironmentLightmapMixBasedOnRoughness:1]]
[2020.07.09-18.42.30:169][  0]LogConfig: Setting CVar [[r.ForwardShading:0]]
[2020.07.09-18.42.30:169][  0]LogConfig: Setting CVar [[r.VertexFoggingForOpaque:1]]
[2020.07.09-18.42.30:169][  0]LogConfig: Setting CVar [[r.AllowStaticLighting:1]]
[2020.07.09-18.42.30:169][  0]LogConfig: Setting CVar [[r.NormalMapsForStaticLighting:0]]
[2020.07.09-18.42.30:169][  0]LogConfig: Setting CVar [[r.GenerateMeshDistanceFields:0]]
[2020.07.09-18.42.30:169][  0]LogConfig: Setting CVar [[r.DistanceFieldBuild.EightBit:0]]
[2020.07.09-18.42.30:169][  0]LogConfig: Setting CVar [[r.GenerateLandscapeGIData:0]]
[2020.07.09-18.42.30:169][  0]LogConfig: Setting CVar [[r.DistanceFieldBuild.Compress:0]]
[2020.07.09-18.42.30:169][  0]LogConfig: Setting CVar [[r.TessellationAdaptivePixelsPerTriangle:48.000000]]
[2020.07.09-18.42.30:169][  0]LogConfig: Setting CVar [[r.SeparateTranslucency:1]]
[2020.07.09-18.42.30:169][  0]LogConfig: Setting CVar [[r.TranslucentSortPolicy:0]]
[2020.07.09-18.42.30:169][  0]LogConfig: Setting CVar [[r.CustomDepth:1]]
[2020.07.09-18.42.30:169][  0]LogConfig: Setting CVar [[r.CustomDepthTemporalAAJitter:1]]
[2020.07.09-18.42.30:169][  0]LogConfig: Setting CVar [[r.PostProcessing.PropagateAlpha:0]]
[2020.07.09-18.42.30:169][  0]LogConfig: Setting CVar [[r.DefaultFeature.Bloom:1]]
[2020.07.09-18.42.30:169][  0]LogConfig: Setting CVar [[r.DefaultFeature.AmbientOcclusion:1]]
[2020.07.09-18.42.30:169][  0]LogConfig: Setting CVar [[r.DefaultFeature.AmbientOcclusionStaticFraction:1]]
[2020.07.09-18.42.30:169][  0]LogConfig: Setting CVar [[r.DefaultFeature.AutoExposure:0]]
[2020.07.09-18.42.30:169][  0]LogConfig: Setting CVar [[r.DefaultFeature.AutoExposure.Method:0]]
[2020.07.09-18.42.30:169][  0]LogConfig: Setting CVar [[r.DefaultFeature.AutoExposure.ExtendDefaultLuminanceRange:0]]
[2020.07.09-18.42.30:169][  0]LogConfig: Setting CVar [[r.UsePreExposure:1]]
[2020.07.09-18.42.30:169][  0]LogConfig: Setting CVar [[r.EyeAdaptation.EditorOnly:1]]
[2020.07.09-18.42.30:169][  0]LogConfig: Setting CVar [[r.DefaultFeature.MotionBlur:0]]
[2020.07.09-18.42.30:169][  0]LogConfig: Setting CVar [[r.DefaultFeature.LensFlare:0]]
[2020.07.09-18.42.30:169][  0]LogConfig: Setting CVar [[r.TemporalAA.Upsampling:0]]
[2020.07.09-18.42.30:169][  0]LogConfig: Setting CVar [[r.SSGI.Enable:0]]
[2020.07.09-18.42.30:169][  0]LogConfig: Setting CVar [[r.DefaultFeature.AntiAliasing:0]]
[2020.07.09-18.42.30:169][  0]LogConfig: Setting CVar [[r.DefaultFeature.LightUnits:1]]
[2020.07.09-18.42.30:170][  0]LogConfig: Setting CVar [[r.DefaultBackBufferPixelFormat:4]]
[2020.07.09-18.42.30:170][  0]LogConfig: Setting CVar [[r.Shadow.UnbuiltPreviewInGame:1]]
[2020.07.09-18.42.30:170][  0]LogConfig: Setting CVar [[r.StencilForLODDither:0]]
[2020.07.09-18.42.30:170][  0]LogConfig: Setting CVar [[r.EarlyZPass:3]]
[2020.07.09-18.42.30:170][  0]LogConfig: Setting CVar [[r.EarlyZPassOnlyMaterialMasking:0]]
[2020.07.09-18.42.30:170][  0]LogConfig: Setting CVar [[r.DBuffer:1]]
[2020.07.09-18.42.30:170][  0]LogConfig: Setting CVar [[r.ClearSceneMethod:1]]
[2020.07.09-18.42.30:170][  0]LogConfig: Setting CVar [[r.BasePassOutputsVelocity:0]]
[2020.07.09-18.42.30:170][  0]LogConfig: Setting CVar [[r.SelectiveBasePassOutputs:0]]
[2020.07.09-18.42.30:170][  0]LogConfig: Setting CVar [[fx.GPUSimulationTextureSizeX:1024]]
[2020.07.09-18.42.30:170][  0]LogConfig: Setting CVar [[fx.GPUSimulationTextureSizeY:1024]]
[2020.07.09-18.42.30:170][  0]LogConfig: Setting CVar [[r.AllowGlobalClipPlane:0]]
[2020.07.09-18.42.30:170][  0]LogConfig: Setting CVar [[r.GBufferFormat:1]]
[2020.07.09-18.42.30:170][  0]LogConfig: Setting CVar [[r.MorphTarget.Mode:1]]
[2020.07.09-18.42.30:170][  0]LogConfig: Setting CVar [[vr.InstancedStereo:0]]
[2020.07.09-18.42.30:170][  0]LogConfig: Setting CVar [[vr.MultiView:0]]
[2020.07.09-18.42.30:170][  0]LogConfig: Setting CVar [[vr.MobileMultiView:0]]
[2020.07.09-18.42.30:170][  0]LogConfig: Setting CVar [[vr.MobileMultiView.Direct:0]]
[2020.07.09-18.42.30:170][  0]LogConfig: Setting CVar [[vr.RoundRobinOcclusion:0]]
[2020.07.09-18.42.30:170][  0]LogConfig: Setting CVar [[vr.ODSCapture:0]]
[2020.07.09-18.42.30:170][  0]LogConfig: Setting CVar [[r.WireframeCullThreshold:5.000000]]
[2020.07.09-18.42.30:170][  0]LogConfig: Setting CVar [[r.RayTracing:0]]
[2020.07.09-18.42.30:170][  0]LogConfig: Setting CVar [[r.RayTracing.UseTextureLod:0]]
[2020.07.09-18.42.30:170][  0]LogConfig: Setting CVar [[r.SupportStationarySkylight:1]]
[2020.07.09-18.42.30:170][  0]LogConfig: Setting CVar [[r.SupportLowQualityLightmaps:1]]
[2020.07.09-18.42.30:170][  0]LogConfig: Setting CVar [[r.SupportPointLightWholeSceneShadows:1]]
[2020.07.09-18.42.30:170][  0]LogConfig: Setting CVar [[r.SupportAtmosphericFog:1]]
[2020.07.09-18.42.30:170][  0]LogConfig: Setting CVar [[r.SupportSkyAtmosphere:1]]
[2020.07.09-18.42.30:170][  0]LogConfig: Setting CVar [[r.SupportSkyAtmosphereAffectsHeightFog:0]]
[2020.07.09-18.42.30:170][  0]LogConfig: Setting CVar [[r.SkinCache.CompileShaders:0]]
[2020.07.09-18.42.30:170][  0]LogConfig: Setting CVar [[r.Mobile.EnableStaticAndCSMShadowReceivers:1]]
[2020.07.09-18.42.30:170][  0]LogConfig: Setting CVar [[r.Mobile.EnableMovableLightCSMShaderCulling:1]]
[2020.07.09-18.42.30:170][  0]LogConfig: Setting CVar [[r.Mobile.AllowDistanceFieldShadows:1]]
[2020.07.09-18.42.30:170][  0]LogConfig: Setting CVar [[r.Mobile.AllowMovableDirectionalLights:1]]
[2020.07.09-18.42.30:170][  0]LogConfig: Setting CVar [[r.MobileNumDynamicPointLights:4]]
[2020.07.09-18.42.30:170][  0]LogConfig: Setting CVar [[r.MobileDynamicPointLightsUseStaticBranch:1]]
[2020.07.09-18.42.30:170][  0]LogConfig: Setting CVar [[r.Mobile.EnableMovableSpotlights:0]]
[2020.07.09-18.42.30:170][  0]LogConfig: Setting CVar [[r.SkinCache.SceneMemoryLimitInMB:128.000000]]
[2020.07.09-18.42.30:170][  0]LogConfig: Setting CVar [[r.GPUSkin.Limit2BoneInfluences:0]]
[2020.07.09-18.42.30:170][  0]LogConfig: Setting CVar [[r.SupportDepthOnlyIndexBuffers:1]]
[2020.07.09-18.42.30:170][  0]LogConfig: Setting CVar [[r.SupportReversedIndexBuffers:1]]
[2020.07.09-18.42.30:170][  0]LogConfig: Setting CVar [[r.SupportMaterialLayers:0]]
[2020.07.09-18.42.30:170][  0]LogConfig: Setting CVar [[r.LightPropagationVolume:0]]
[2020.07.09-18.42.30:170][  0]LogConfig: Applying CVar settings from Section [/Script/Engine.RendererOverrideSettings] File [C:/Users/Gabriel/Documents/Desarrollo de videojuegos/Try2 actualizacion1/videojuegos2/DreamGuards-0.1/Saved/Config/Windows/Engine.ini]
[2020.07.09-18.42.30:170][  0]LogConfig: Applying CVar settings from Section [/Script/Engine.StreamingSettings] File [C:/Users/Gabriel/Documents/Desarrollo de videojuegos/Try2 actualizacion1/videojuegos2/DreamGuards-0.1/Saved/Config/Windows/Engine.ini]
[2020.07.09-18.42.30:170][  0]LogConfig: Setting CVar [[s.MinBulkDataSizeForAsyncLoading:131072]]
[2020.07.09-18.42.30:170][  0]LogConfig: Setting CVar [[s.AsyncLoadingThreadEnabled:0]]
[2020.07.09-18.42.30:170][  0]LogConfig: Setting CVar [[s.EventDrivenLoaderEnabled:1]]
[2020.07.09-18.42.30:170][  0]LogConfig: Setting CVar [[s.WarnIfTimeLimitExceeded:0]]
[2020.07.09-18.42.30:170][  0]LogConfig: Setting CVar [[s.TimeLimitExceededMultiplier:1.5]]
[2020.07.09-18.42.30:170][  0]LogConfig: Setting CVar [[s.TimeLimitExceededMinTime:0.005]]
[2020.07.09-18.42.30:171][  0]LogConfig: Setting CVar [[s.UseBackgroundLevelStreaming:1]]
[2020.07.09-18.42.30:171][  0]LogConfig: Setting CVar [[s.PriorityAsyncLoadingExtraTime:15.0]]
[2020.07.09-18.42.30:171][  0]LogConfig: Setting CVar [[s.LevelStreamingActorsUpdateTimeLimit:5.0]]
[2020.07.09-18.42.30:171][  0]LogConfig: Setting CVar [[s.PriorityLevelStreamingActorsUpdateExtraTime:5.0]]
[2020.07.09-18.42.30:171][  0]LogConfig: Setting CVar [[s.LevelStreamingComponentsRegistrationGranularity:10]]
[2020.07.09-18.42.30:171][  0]LogConfig: Setting CVar [[s.UnregisterComponentsTimeLimit:1.0]]
[2020.07.09-18.42.30:171][  0]LogConfig: Setting CVar [[s.LevelStreamingComponentsUnregistrationGranularity:5]]
[2020.07.09-18.42.30:171][  0]LogConfig: Setting CVar [[s.FlushStreamingOnExit:1]]
[2020.07.09-18.42.30:171][  0]LogConfig: Applying CVar settings from Section [/Script/Engine.GarbageCollectionSettings] File [C:/Users/Gabriel/Documents/Desarrollo de videojuegos/Try2 actualizacion1/videojuegos2/DreamGuards-0.1/Saved/Config/Windows/Engine.ini]
[2020.07.09-18.42.30:171][  0]LogConfig: Setting CVar [[gc.MaxObjectsNotConsideredByGC:1]]
[2020.07.09-18.42.30:171][  0]LogConfig: Setting CVar [[gc.SizeOfPermanentObjectPool:0]]
[2020.07.09-18.42.30:171][  0]LogConfig: Setting CVar [[gc.FlushStreamingOnGC:0]]
[2020.07.09-18.42.30:171][  0]LogConfig: Setting CVar [[gc.NumRetriesBeforeForcingGC:10]]
[2020.07.09-18.42.30:171][  0]LogConfig: Setting CVar [[gc.AllowParallelGC:1]]
[2020.07.09-18.42.30:171][  0]LogConfig: Setting CVar [[gc.TimeBetweenPurgingPendingKillObjects:61.1]]
[2020.07.09-18.42.30:171][  0]LogConfig: Setting CVar [[gc.MaxObjectsInEditor:25165824]]
[2020.07.09-18.42.30:171][  0]LogConfig: Setting CVar [[gc.IncrementalBeginDestroyEnabled:1]]
[2020.07.09-18.42.30:171][  0]LogConfig: Setting CVar [[gc.CreateGCClusters:1]]
[2020.07.09-18.42.30:171][  0]LogConfig: Setting CVar [[gc.MinGCClusterSize:5]]
[2020.07.09-18.42.30:171][  0]LogConfig: Setting CVar [[gc.ActorClusteringEnabled:0]]
[2020.07.09-18.42.30:171][  0]LogConfig: Setting CVar [[gc.BlueprintClusteringEnabled:0]]
[2020.07.09-18.42.30:171][  0]LogConfig: Setting CVar [[gc.UseDisregardForGCOnDedicatedServers:0]]
[2020.07.09-18.42.30:171][  0]LogConfig: Applying CVar settings from Section [/Script/Engine.NetworkSettings] File [C:/Users/Gabriel/Documents/Desarrollo de videojuegos/Try2 actualizacion1/videojuegos2/DreamGuards-0.1/Saved/Config/Windows/Engine.ini]
[2020.07.09-18.42.30:171][  0]LogConfig: Applying CVar settings from Section [/Script/UnrealEd.CookerSettings] File [C:/Users/Gabriel/Documents/Desarrollo de videojuegos/Try2 actualizacion1/videojuegos2/DreamGuards-0.1/Saved/Config/Windows/Engine.ini]
[2020.07.09-18.42.30:174][  0]LogConfig: Applying CVar settings from Section [ViewDistanceQuality@3] File [C:/Users/Gabriel/Documents/Desarrollo de videojuegos/Try2 actualizacion1/videojuegos2/DreamGuards-0.1/Saved/Config/Windows/Scalability.ini]
[2020.07.09-18.42.30:174][  0]LogConfig: Setting CVar [[r.SkeletalMeshLODBias:0]]
[2020.07.09-18.42.30:174][  0]LogConfig: Setting CVar [[r.ViewDistanceScale:1.0]]
[2020.07.09-18.42.30:174][  0]LogConfig: Applying CVar settings from Section [AntiAliasingQuality@3] File [C:/Users/Gabriel/Documents/Desarrollo de videojuegos/Try2 actualizacion1/videojuegos2/DreamGuards-0.1/Saved/Config/Windows/Scalability.ini]
[2020.07.09-18.42.30:174][  0]LogConfig: Setting CVar [[r.PostProcessAAQuality:4]]
[2020.07.09-18.42.30:174][  0]LogConfig: Applying CVar settings from Section [ShadowQuality@3] File [C:/Users/Gabriel/Documents/Desarrollo de videojuegos/Try2 actualizacion1/videojuegos2/DreamGuards-0.1/Saved/Config/Windows/Scalability.ini]
[2020.07.09-18.42.30:174][  0]LogConfig: Setting CVar [[r.LightFunctionQuality:1]]
[2020.07.09-18.42.30:174][  0]LogConfig: Setting CVar [[r.ShadowQuality:5]]
[2020.07.09-18.42.30:174][  0]LogConfig: Setting CVar [[r.Shadow.CSM.MaxCascades:10]]
[2020.07.09-18.42.30:174][  0]LogConfig: Setting CVar [[r.Shadow.MaxResolution:2048]]
[2020.07.09-18.42.30:174][  0]LogConfig: Setting CVar [[r.Shadow.MaxCSMResolution:2048]]
[2020.07.09-18.42.30:174][  0]LogConfig: Setting CVar [[r.Shadow.RadiusThreshold:0.01]]
[2020.07.09-18.42.30:174][  0]LogConfig: Setting CVar [[r.Shadow.DistanceScale:1.0]]
[2020.07.09-18.42.30:174][  0]LogConfig: Setting CVar [[r.Shadow.CSM.TransitionScale:1.0]]
[2020.07.09-18.42.30:174][  0]LogConfig: Setting CVar [[r.Shadow.PreShadowResolutionFactor:1.0]]
[2020.07.09-18.42.30:174][  0]LogConfig: Setting CVar [[r.DistanceFieldShadowing:1]]
[2020.07.09-18.42.30:175][  0]LogConfig: Setting CVar [[r.DistanceFieldAO:1]]
[2020.07.09-18.42.30:175][  0]LogConfig: Setting CVar [[r.AOQuality:2]]
[2020.07.09-18.42.30:175][  0]LogConfig: Setting CVar [[r.VolumetricFog:1]]
[2020.07.09-18.42.30:175][  0]LogConfig: Setting CVar [[r.VolumetricFog.GridPixelSize:8]]
[2020.07.09-18.42.30:175][  0]LogConfig: Setting CVar [[r.VolumetricFog.GridSizeZ:128]]
[2020.07.09-18.42.30:175][  0]LogConfig: Setting CVar [[r.VolumetricFog.HistoryMissSupersampleCount:4]]
[2020.07.09-18.42.30:175][  0]LogConfig: Setting CVar [[r.LightMaxDrawDistanceScale:1]]
[2020.07.09-18.42.30:175][  0]LogConfig: Setting CVar [[r.CapsuleShadows:1]]
[2020.07.09-18.42.30:175][  0]LogConfig: Applying CVar settings from Section [PostProcessQuality@3] File [C:/Users/Gabriel/Documents/Desarrollo de videojuegos/Try2 actualizacion1/videojuegos2/DreamGuards-0.1/Saved/Config/Windows/Scalability.ini]
[2020.07.09-18.42.30:175][  0]LogConfig: Setting CVar [[r.MotionBlurQuality:4]]
[2020.07.09-18.42.30:175][  0]LogConfig: Setting CVar [[r.AmbientOcclusionMipLevelFactor:0.4]]
[2020.07.09-18.42.30:175][  0]LogConfig: Setting CVar [[r.AmbientOcclusionMaxQuality:100]]
[2020.07.09-18.42.30:175][  0]LogConfig: Setting CVar [[r.AmbientOcclusionLevels:-1]]
[2020.07.09-18.42.30:175][  0]LogConfig: Setting CVar [[r.AmbientOcclusionRadiusScale:1.0]]
[2020.07.09-18.42.30:175][  0]LogConfig: Setting CVar [[r.DepthOfFieldQuality:2]]
[2020.07.09-18.42.30:176][  0]LogConfig: Setting CVar [[r.RenderTargetPoolMin:400]]
[2020.07.09-18.42.30:176][  0]LogConfig: Setting CVar [[r.LensFlareQuality:2]]
[2020.07.09-18.42.30:176][  0]LogConfig: Setting CVar [[r.SceneColorFringeQuality:1]]
[2020.07.09-18.42.30:176][  0]LogConfig: Setting CVar [[r.EyeAdaptationQuality:2]]
[2020.07.09-18.42.30:176][  0]LogConfig: Setting CVar [[r.BloomQuality:5]]
[2020.07.09-18.42.30:176][  0]LogConfig: Setting CVar [[r.FastBlurThreshold:100]]
[2020.07.09-18.42.30:176][  0]LogConfig: Setting CVar [[r.Upscale.Quality:3]]
[2020.07.09-18.42.30:176][  0]LogConfig: Setting CVar [[r.Tonemapper.GrainQuantization:1]]
[2020.07.09-18.42.30:176][  0]LogConfig: Setting CVar [[r.LightShaftQuality:1]]
[2020.07.09-18.42.30:176][  0]LogConfig: Setting CVar [[r.Filter.SizeScale:1]]
[2020.07.09-18.42.30:176][  0]LogConfig: Setting CVar [[r.Tonemapper.Quality:5]]
[2020.07.09-18.42.30:176][  0]LogConfig: Setting CVar [[r.DOF.Gather.AccumulatorQuality:1        ; higher gathering accumulator quality]]
[2020.07.09-18.42.30:176][  0]LogConfig: Setting CVar [[r.DOF.Gather.PostfilterMethod:1          ; Median3x3 postfilering method]]
[2020.07.09-18.42.30:176][  0]LogConfig: Setting CVar [[r.DOF.Gather.EnableBokehSettings:0       ; no bokeh simulation when gathering]]
[2020.07.09-18.42.30:176][  0]LogConfig: Setting CVar [[r.DOF.Gather.RingCount:4                 ; medium number of samples when gathering]]
[2020.07.09-18.42.30:176][  0]LogConfig: Setting CVar [[r.DOF.Scatter.ForegroundCompositing:1    ; additive foreground scattering]]
[2020.07.09-18.42.30:176][  0]LogConfig: Setting CVar [[r.DOF.Scatter.BackgroundCompositing:2    ; additive background scattering]]
[2020.07.09-18.42.30:176][  0]LogConfig: Setting CVar [[r.DOF.Scatter.EnableBokehSettings:1      ; bokeh simulation when scattering]]
[2020.07.09-18.42.30:176][  0]LogConfig: Setting CVar [[r.DOF.Scatter.MaxSpriteRatio:0.1         ; only a maximum of 10% of scattered bokeh]]
[2020.07.09-18.42.30:176][  0]LogConfig: Setting CVar [[r.DOF.Recombine.Quality:1                ; cheap slight out of focus]]
[2020.07.09-18.42.30:176][  0]LogConfig: Setting CVar [[r.DOF.Recombine.EnableBokehSettings:0    ; no bokeh simulation on slight out of focus]]
[2020.07.09-18.42.30:176][  0]LogConfig: Setting CVar [[r.DOF.TemporalAAQuality:1                ; more stable temporal accumulation]]
[2020.07.09-18.42.30:176][  0]LogConfig: Setting CVar [[r.DOF.Kernel.MaxForegroundRadius:0.025]]
[2020.07.09-18.42.30:176][  0]LogConfig: Setting CVar [[r.DOF.Kernel.MaxBackgroundRadius:0.025]]
[2020.07.09-18.42.30:176][  0]LogConfig: Applying CVar settings from Section [TextureQuality@3] File [C:/Users/Gabriel/Documents/Desarrollo de videojuegos/Try2 actualizacion1/videojuegos2/DreamGuards-0.1/Saved/Config/Windows/Scalability.ini]
[2020.07.09-18.42.30:177][  0]LogConfig: Setting CVar [[r.Streaming.MipBias:0]]
[2020.07.09-18.42.30:177][  0]LogConfig: Setting CVar [[r.Streaming.AmortizeCPUToGPUCopy:0]]
[2020.07.09-18.42.30:177][  0]LogConfig: Setting CVar [[r.Streaming.MaxNumTexturesToStreamPerFrame:0]]
[2020.07.09-18.42.30:177][  0]LogConfig: Setting CVar [[r.Streaming.Boost:1]]
[2020.07.09-18.42.30:177][  0]LogConfig: Setting CVar [[r.MaxAnisotropy:8]]
[2020.07.09-18.42.30:177][  0]LogConfig: Setting CVar [[r.VT.MaxAnisotropy:8]]
[2020.07.09-18.42.30:177][  0]LogConfig: Setting CVar [[r.Streaming.LimitPoolSizeToVRAM:0]]
[2020.07.09-18.42.30:177][  0]LogConfig: Setting CVar [[r.Streaming.PoolSize:1000]]
[2020.07.09-18.42.30:177][  0]LogConfig: Setting CVar [[r.Streaming.MaxEffectiveScreenSize:0]]
[2020.07.09-18.42.30:177][  0]LogConfig: Applying CVar settings from Section [EffectsQuality@3] File [C:/Users/Gabriel/Documents/Desarrollo de videojuegos/Try2 actualizacion1/videojuegos2/DreamGuards-0.1/Saved/Config/Windows/Scalability.ini]
[2020.07.09-18.42.30:177][  0]LogConfig: Setting CVar [[r.TranslucencyLightingVolumeDim:64]]
[2020.07.09-18.42.30:177][  0]LogConfig: Setting CVar [[r.RefractionQuality:2]]
[2020.07.09-18.42.30:177][  0]LogConfig: Setting CVar [[r.SSR.Quality:3]]
[2020.07.09-18.42.30:177][  0]LogConfig: Setting CVar [[r.SSR.HalfResSceneColor:0]]
[2020.07.09-18.42.30:177][  0]LogConfig: Setting CVar [[r.SceneColorFormat:4]]
[2020.07.09-18.42.30:177][  0]LogConfig: Setting CVar [[r.DetailMode:2]]
[2020.07.09-18.42.30:177][  0]LogConfig: Setting CVar [[r.TranslucencyVolumeBlur:1]]
[2020.07.09-18.42.30:177][  0]LogConfig: Setting CVar [[r.MaterialQualityLevel:1 ; High quality]]
[2020.07.09-18.42.30:177][  0]LogConfig: Setting CVar [[r.SSS.Scale:1]]
[2020.07.09-18.42.30:177][  0]LogConfig: Setting CVar [[r.SSS.SampleSet:2]]
[2020.07.09-18.42.30:177][  0]LogConfig: Setting CVar [[r.SSS.Quality:1]]
[2020.07.09-18.42.30:177][  0]LogConfig: Setting CVar [[r.SSS.HalfRes:1]]
[2020.07.09-18.42.30:177][  0]LogConfig: Setting CVar [[r.SSGI.Quality:3]]
[2020.07.09-18.42.30:177][  0]LogConfig: Setting CVar [[r.EmitterSpawnRateScale:1.0]]
[2020.07.09-18.42.30:177][  0]LogConfig: Setting CVar [[r.ParticleLightQuality:2]]
[2020.07.09-18.42.30:177][  0]LogConfig: Setting CVar [[r.SkyAtmosphere.AerialPerspectiveLUT.FastApplyOnOpaque:1 ; Always have FastSkyLUT 1 in this case to avoid wrong sky]]
[2020.07.09-18.42.30:177][  0]LogConfig: Setting CVar [[r.SkyAtmosphere.AerialPerspectiveLUT.SampleCountPerSlice:1]]
[2020.07.09-18.42.30:177][  0]LogConfig: Setting CVar [[r.SkyAtmosphere.AerialPerspectiveLUT.DepthResolution:16.0]]
[2020.07.09-18.42.30:177][  0]LogConfig: Setting CVar [[r.SkyAtmosphere.FastSkyLUT:1]]
[2020.07.09-18.42.30:177][  0]LogConfig: Setting CVar [[r.SkyAtmosphere.FastSkyLUT.SampleCountMin:4.0]]
[2020.07.09-18.42.30:177][  0]LogConfig: Setting CVar [[r.SkyAtmosphere.FastSkyLUT.SampleCountMax:32.0]]
[2020.07.09-18.42.30:177][  0]LogConfig: Setting CVar [[r.SkyAtmosphere.SampleCountMin:4.0]]
[2020.07.09-18.42.30:177][  0]LogConfig: Setting CVar [[r.SkyAtmosphere.SampleCountMax:32.0]]
[2020.07.09-18.42.30:178][  0]LogConfig: Setting CVar [[r.SkyAtmosphere.TransmittanceLUT.UseSmallFormat:0]]
[2020.07.09-18.42.30:178][  0]LogConfig: Setting CVar [[r.SkyAtmosphere.TransmittanceLUT.SampleCount:10.0]]
[2020.07.09-18.42.30:178][  0]LogConfig: Setting CVar [[r.SkyAtmosphere.MultiScatteringLUT.SampleCount:15.0]]
[2020.07.09-18.42.30:178][  0]LogConfig: Applying CVar settings from Section [FoliageQuality@3] File [C:/Users/Gabriel/Documents/Desarrollo de videojuegos/Try2 actualizacion1/videojuegos2/DreamGuards-0.1/Saved/Config/Windows/Scalability.ini]
[2020.07.09-18.42.30:178][  0]LogConfig: Setting CVar [[foliage.DensityScale:1.0]]
[2020.07.09-18.42.30:178][  0]LogConfig: Setting CVar [[grass.DensityScale:1.0]]
[2020.07.09-18.42.30:178][  0]LogConfig: Applying CVar settings from Section [ShadingQuality@3] File [C:/Users/Gabriel/Documents/Desarrollo de videojuegos/Try2 actualizacion1/videojuegos2/DreamGuards-0.1/Saved/Config/Windows/Scalability.ini]
[2020.07.09-18.42.30:178][  0]LogConfig: Setting CVar [[r.HairStrands.SkyLighting.SampleCount:16]]
[2020.07.09-18.42.30:179][  0]LogConfig: Setting CVar [[r.HairStrands.SkyLighting.JitterIntegration:0]]
[2020.07.09-18.42.30:179][  0]LogConfig: Setting CVar [[r.HairStrands.SkyAO.SampleCount:16]]
[2020.07.09-18.42.30:179][  0]LogInit: Selected Device Profile: [Windows]
[2020.07.09-18.42.30:179][  0]LogInit: Applying CVar settings loaded from the selected device profile: [Windows]
[2020.07.09-18.42.30:184][  0]LogHAL: Display: Platform has ~ 12 GB [12769460224 / 17179869184 / 12], which maps to Larger [LargestMinGB=32, LargerMinGB=12, DefaultMinGB=8, SmallerMinGB=6, SmallestMinGB=0)
[2020.07.09-18.42.30:184][  0]LogInit: Going up to parent DeviceProfile []
[2020.07.09-18.42.30:184][  0]LogConfig: Applying CVar settings from Section [ViewDistanceQuality@3] File [C:/Users/Gabriel/Documents/Desarrollo de videojuegos/Try2 actualizacion1/videojuegos2/DreamGuards-0.1/Saved/Config/Windows/Scalability.ini]
[2020.07.09-18.42.30:184][  0]LogConfig: Setting CVar [[r.SkeletalMeshLODBias:0]]
[2020.07.09-18.42.30:184][  0]LogConfig: Setting CVar [[r.ViewDistanceScale:1.0]]
[2020.07.09-18.42.30:184][  0]LogConfig: Applying CVar settings from Section [AntiAliasingQuality@3] File [C:/Users/Gabriel/Documents/Desarrollo de videojuegos/Try2 actualizacion1/videojuegos2/DreamGuards-0.1/Saved/Config/Windows/Scalability.ini]
[2020.07.09-18.42.30:184][  0]LogConfig: Setting CVar [[r.PostProcessAAQuality:4]]
[2020.07.09-18.42.30:184][  0]LogConfig: Applying CVar settings from Section [ShadowQuality@3] File [C:/Users/Gabriel/Documents/Desarrollo de videojuegos/Try2 actualizacion1/videojuegos2/DreamGuards-0.1/Saved/Config/Windows/Scalability.ini]
[2020.07.09-18.42.30:184][  0]LogConfig: Setting CVar [[r.LightFunctionQuality:1]]
[2020.07.09-18.42.30:184][  0]LogConfig: Setting CVar [[r.ShadowQuality:5]]
[2020.07.09-18.42.30:184][  0]LogConfig: Setting CVar [[r.Shadow.CSM.MaxCascades:10]]
[2020.07.09-18.42.30:184][  0]LogConfig: Setting CVar [[r.Shadow.MaxResolution:2048]]
[2020.07.09-18.42.30:184][  0]LogConfig: Setting CVar [[r.Shadow.MaxCSMResolution:2048]]
[2020.07.09-18.42.30:184][  0]LogConfig: Setting CVar [[r.Shadow.RadiusThreshold:0.01]]
[2020.07.09-18.42.30:184][  0]LogConfig: Setting CVar [[r.Shadow.DistanceScale:1.0]]
[2020.07.09-18.42.30:184][  0]LogConfig: Setting CVar [[r.Shadow.CSM.TransitionScale:1.0]]
[2020.07.09-18.42.30:184][  0]LogConfig: Setting CVar [[r.Shadow.PreShadowResolutionFactor:1.0]]
[2020.07.09-18.42.30:184][  0]LogConfig: Setting CVar [[r.DistanceFieldShadowing:1]]
[2020.07.09-18.42.30:184][  0]LogConfig: Setting CVar [[r.DistanceFieldAO:1]]
[2020.07.09-18.42.30:184][  0]LogConfig: Setting CVar [[r.AOQuality:2]]
[2020.07.09-18.42.30:184][  0]LogConfig: Setting CVar [[r.VolumetricFog:1]]
[2020.07.09-18.42.30:184][  0]LogConfig: Setting CVar [[r.VolumetricFog.GridPixelSize:8]]
[2020.07.09-18.42.30:184][  0]LogConfig: Setting CVar [[r.VolumetricFog.GridSizeZ:128]]
[2020.07.09-18.42.30:184][  0]LogConfig: Setting CVar [[r.VolumetricFog.HistoryMissSupersampleCount:4]]
[2020.07.09-18.42.30:184][  0]LogConfig: Setting CVar [[r.LightMaxDrawDistanceScale:1]]
[2020.07.09-18.42.30:184][  0]LogConfig: Setting CVar [[r.CapsuleShadows:1]]
[2020.07.09-18.42.30:185][  0]LogConfig: Applying CVar settings from Section [PostProcessQuality@3] File [C:/Users/Gabriel/Documents/Desarrollo de videojuegos/Try2 actualizacion1/videojuegos2/DreamGuards-0.1/Saved/Config/Windows/Scalability.ini]
[2020.07.09-18.42.30:185][  0]LogConfig: Setting CVar [[r.MotionBlurQuality:4]]
[2020.07.09-18.42.30:185][  0]LogConfig: Setting CVar [[r.AmbientOcclusionMipLevelFactor:0.4]]
[2020.07.09-18.42.30:185][  0]LogConfig: Setting CVar [[r.AmbientOcclusionMaxQuality:100]]
[2020.07.09-18.42.30:185][  0]LogConfig: Setting CVar [[r.AmbientOcclusionLevels:-1]]
[2020.07.09-18.42.30:185][  0]LogConfig: Setting CVar [[r.AmbientOcclusionRadiusScale:1.0]]
[2020.07.09-18.42.30:185][  0]LogConfig: Setting CVar [[r.DepthOfFieldQuality:2]]
[2020.07.09-18.42.30:185][  0]LogConfig: Setting CVar [[r.RenderTargetPoolMin:400]]
[2020.07.09-18.42.30:185][  0]LogConfig: Setting CVar [[r.LensFlareQuality:2]]
[2020.07.09-18.42.30:185][  0]LogConfig: Setting CVar [[r.SceneColorFringeQuality:1]]
[2020.07.09-18.42.30:185][  0]LogConfig: Setting CVar [[r.EyeAdaptationQuality:2]]
[2020.07.09-18.42.30:185][  0]LogConfig: Setting CVar [[r.BloomQuality:5]]
[2020.07.09-18.42.30:185][  0]LogConfig: Setting CVar [[r.FastBlurThreshold:100]]
[2020.07.09-18.42.30:185][  0]LogConfig: Setting CVar [[r.Upscale.Quality:3]]
[2020.07.09-18.42.30:185][  0]LogConfig: Setting CVar [[r.Tonemapper.GrainQuantization:1]]
[2020.07.09-18.42.30:185][  0]LogConfig: Setting CVar [[r.LightShaftQuality:1]]
[2020.07.09-18.42.30:185][  0]LogConfig: Setting CVar [[r.Filter.SizeScale:1]]
[2020.07.09-18.42.30:185][  0]LogConfig: Setting CVar [[r.Tonemapper.Quality:5]]
[2020.07.09-18.42.30:185][  0]LogConfig: Setting CVar [[r.DOF.Gather.AccumulatorQuality:1        ; higher gathering accumulator quality]]
[2020.07.09-18.42.30:185][  0]LogConfig: Setting CVar [[r.DOF.Gather.PostfilterMethod:1          ; Median3x3 postfilering method]]
[2020.07.09-18.42.30:185][  0]LogConfig: Setting CVar [[r.DOF.Gather.EnableBokehSettings:0       ; no bokeh simulation when gathering]]
[2020.07.09-18.42.30:185][  0]LogConfig: Setting CVar [[r.DOF.Gather.RingCount:4                 ; medium number of samples when gathering]]
[2020.07.09-18.42.30:185][  0]LogConfig: Setting CVar [[r.DOF.Scatter.ForegroundCompositing:1    ; additive foreground scattering]]
[2020.07.09-18.42.30:185][  0]LogConfig: Setting CVar [[r.DOF.Scatter.BackgroundCompositing:2    ; additive background scattering]]
[2020.07.09-18.42.30:185][  0]LogConfig: Setting CVar [[r.DOF.Scatter.EnableBokehSettings:1      ; bokeh simulation when scattering]]
[2020.07.09-18.42.30:185][  0]LogConfig: Setting CVar [[r.DOF.Scatter.MaxSpriteRatio:0.1         ; only a maximum of 10% of scattered bokeh]]
[2020.07.09-18.42.30:185][  0]LogConfig: Setting CVar [[r.DOF.Recombine.Quality:1                ; cheap slight out of focus]]
[2020.07.09-18.42.30:185][  0]LogConfig: Setting CVar [[r.DOF.Recombine.EnableBokehSettings:0    ; no bokeh simulation on slight out of focus]]
[2020.07.09-18.42.30:185][  0]LogConfig: Setting CVar [[r.DOF.TemporalAAQuality:1                ; more stable temporal accumulation]]
[2020.07.09-18.42.30:185][  0]LogConfig: Setting CVar [[r.DOF.Kernel.MaxForegroundRadius:0.025]]
[2020.07.09-18.42.30:185][  0]LogConfig: Setting CVar [[r.DOF.Kernel.MaxBackgroundRadius:0.025]]
[2020.07.09-18.42.30:185][  0]LogConfig: Applying CVar settings from Section [TextureQuality@3] File [C:/Users/Gabriel/Documents/Desarrollo de videojuegos/Try2 actualizacion1/videojuegos2/DreamGuards-0.1/Saved/Config/Windows/Scalability.ini]
[2020.07.09-18.42.30:185][  0]LogConfig: Setting CVar [[r.Streaming.MipBias:0]]
[2020.07.09-18.42.30:185][  0]LogConfig: Setting CVar [[r.Streaming.AmortizeCPUToGPUCopy:0]]
[2020.07.09-18.42.30:185][  0]LogConfig: Setting CVar [[r.Streaming.MaxNumTexturesToStreamPerFrame:0]]
[2020.07.09-18.42.30:185][  0]LogConfig: Setting CVar [[r.Streaming.Boost:1]]
[2020.07.09-18.42.30:185][  0]LogConfig: Setting CVar [[r.MaxAnisotropy:8]]
[2020.07.09-18.42.30:185][  0]LogConfig: Setting CVar [[r.VT.MaxAnisotropy:8]]
[2020.07.09-18.42.30:185][  0]LogConfig: Setting CVar [[r.Streaming.LimitPoolSizeToVRAM:0]]
[2020.07.09-18.42.30:185][  0]LogConfig: Setting CVar [[r.Streaming.PoolSize:1000]]
[2020.07.09-18.42.30:185][  0]LogConfig: Setting CVar [[r.Streaming.MaxEffectiveScreenSize:0]]
[2020.07.09-18.42.30:185][  0]LogConfig: Applying CVar settings from Section [EffectsQuality@3] File [C:/Users/Gabriel/Documents/Desarrollo de videojuegos/Try2 actualizacion1/videojuegos2/DreamGuards-0.1/Saved/Config/Windows/Scalability.ini]
[2020.07.09-18.42.30:185][  0]LogConfig: Setting CVar [[r.TranslucencyLightingVolumeDim:64]]
[2020.07.09-18.42.30:185][  0]LogConfig: Setting CVar [[r.RefractionQuality:2]]
[2020.07.09-18.42.30:185][  0]LogConfig: Setting CVar [[r.SSR.Quality:3]]
[2020.07.09-18.42.30:185][  0]LogConfig: Setting CVar [[r.SSR.HalfResSceneColor:0]]
[2020.07.09-18.42.30:185][  0]LogConfig: Setting CVar [[r.SceneColorFormat:4]]
[2020.07.09-18.42.30:185][  0]LogConfig: Setting CVar [[r.DetailMode:2]]
[2020.07.09-18.42.30:185][  0]LogConfig: Setting CVar [[r.TranslucencyVolumeBlur:1]]
[2020.07.09-18.42.30:185][  0]LogConfig: Setting CVar [[r.MaterialQualityLevel:1 ; High quality]]
[2020.07.09-18.42.30:185][  0]LogConfig: Setting CVar [[r.SSS.Scale:1]]
[2020.07.09-18.42.30:185][  0]LogConfig: Setting CVar [[r.SSS.SampleSet:2]]
[2020.07.09-18.42.30:186][  0]LogConfig: Setting CVar [[r.SSS.Quality:1]]
[2020.07.09-18.42.30:186][  0]LogConfig: Setting CVar [[r.SSS.HalfRes:1]]
[2020.07.09-18.42.30:186][  0]LogConfig: Setting CVar [[r.SSGI.Quality:3]]
[2020.07.09-18.42.30:186][  0]LogConfig: Setting CVar [[r.EmitterSpawnRateScale:1.0]]
[2020.07.09-18.42.30:186][  0]LogConfig: Setting CVar [[r.ParticleLightQuality:2]]
[2020.07.09-18.42.30:186][  0]LogConfig: Setting CVar [[r.SkyAtmosphere.AerialPerspectiveLUT.FastApplyOnOpaque:1 ; Always have FastSkyLUT 1 in this case to avoid wrong sky]]
[2020.07.09-18.42.30:186][  0]LogConfig: Setting CVar [[r.SkyAtmosphere.AerialPerspectiveLUT.SampleCountPerSlice:1]]
[2020.07.09-18.42.30:186][  0]LogConfig: Setting CVar [[r.SkyAtmosphere.AerialPerspectiveLUT.DepthResolution:16.0]]
[2020.07.09-18.42.30:186][  0]LogConfig: Setting CVar [[r.SkyAtmosphere.FastSkyLUT:1]]
[2020.07.09-18.42.30:186][  0]LogConfig: Setting CVar [[r.SkyAtmosphere.FastSkyLUT.SampleCountMin:4.0]]
[2020.07.09-18.42.30:186][  0]LogConfig: Setting CVar [[r.SkyAtmosphere.FastSkyLUT.SampleCountMax:32.0]]
[2020.07.09-18.42.30:186][  0]LogConfig: Setting CVar [[r.SkyAtmosphere.SampleCountMin:4.0]]
[2020.07.09-18.42.30:186][  0]LogConfig: Setting CVar [[r.SkyAtmosphere.SampleCountMax:32.0]]
[2020.07.09-18.42.30:186][  0]LogConfig: Setting CVar [[r.SkyAtmosphere.TransmittanceLUT.UseSmallFormat:0]]
[2020.07.09-18.42.30:186][  0]LogConfig: Setting CVar [[r.SkyAtmosphere.TransmittanceLUT.SampleCount:10.0]]
[2020.07.09-18.42.30:186][  0]LogConfig: Setting CVar [[r.SkyAtmosphere.MultiScatteringLUT.SampleCount:15.0]]
[2020.07.09-18.42.30:186][  0]LogConfig: Applying CVar settings from Section [FoliageQuality@3] File [C:/Users/Gabriel/Documents/Desarrollo de videojuegos/Try2 actualizacion1/videojuegos2/DreamGuards-0.1/Saved/Config/Windows/Scalability.ini]
[2020.07.09-18.42.30:186][  0]LogConfig: Setting CVar [[foliage.DensityScale:1.0]]
[2020.07.09-18.42.30:186][  0]LogConfig: Setting CVar [[grass.DensityScale:1.0]]
[2020.07.09-18.42.30:186][  0]LogConfig: Applying CVar settings from Section [ShadingQuality@3] File [C:/Users/Gabriel/Documents/Desarrollo de videojuegos/Try2 actualizacion1/videojuegos2/DreamGuards-0.1/Saved/Config/Windows/Scalability.ini]
[2020.07.09-18.42.30:186][  0]LogConfig: Setting CVar [[r.HairStrands.SkyLighting.SampleCount:16]]
[2020.07.09-18.42.30:186][  0]LogConfig: Setting CVar [[r.HairStrands.SkyLighting.JitterIntegration:0]]
[2020.07.09-18.42.30:186][  0]LogConfig: Setting CVar [[r.HairStrands.SkyAO.SampleCount:16]]
[2020.07.09-18.42.30:186][  0]LogConfig: Applying CVar settings from Section [Startup] File [../../../Engine/Config/ConsoleVariables.ini]
[2020.07.09-18.42.30:186][  0]LogConfig: Setting CVar [[net.UseAdaptiveNetUpdateFrequency:0]]
[2020.07.09-18.42.30:186][  0]LogConfig: Setting CVar [[p.chaos.AllowCreatePhysxBodies:1]]
[2020.07.09-18.42.30:186][  0]LogConfig: Applying CVar settings from Section [ConsoleVariables] File [C:/Users/Gabriel/Documents/Desarrollo de videojuegos/Try2 actualizacion1/videojuegos2/DreamGuards-0.1/Saved/Config/Windows/Engine.ini]
[2020.07.09-18.42.30:186][  0]LogInit: Computer: LAPTOP-NGSESA3A
[2020.07.09-18.42.30:187][  0]LogInit: User: Gabriel
[2020.07.09-18.42.30:187][  0]LogInit: CPU Page size=4096, Cores=2
[2020.07.09-18.42.30:187][  0]LogInit: High frequency timer resolution =10.000000 MHz
[2020.07.09-18.42.30:187][  0]LogMemory: Memory total: Physical=11.9GB (12GB approx)
[2020.07.09-18.42.30:187][  0]LogMemory: Platform Memory Stats for Windows
[2020.07.09-18.42.30:187][  0]LogMemory: Process Physical Memory: 106.63 MB used, 106.63 MB peak
[2020.07.09-18.42.30:187][  0]LogMemory: Process Virtual Memory: 101.34 MB used, 101.34 MB peak
[2020.07.09-18.42.30:187][  0]LogMemory: Physical Memory: 6294.03 MB used,  5883.88 MB free, 12177.91 MB total
[2020.07.09-18.42.30:187][  0]LogMemory: Virtual Memory: 5096.96 MB used,  134212632.00 MB free, 134217728.00 MB total
[2020.07.09-18.42.30:196][  0]LogWindows: WindowsPlatformFeatures enabled
[2020.07.09-18.42.30:239][  0]LogInit: Using OS detected language (es-MX).
[2020.07.09-18.42.30:239][  0]LogInit: Using OS detected locale (es-ES).
[2020.07.09-18.42.30:241][  0]LogTextLocalizationResource: LocRes '../../../Engine/Content/Localization/Editor/es-MX/Editor.locres' could not be opened for reading!
[2020.07.09-18.42.30:241][  0]LogTextLocalizationResource: LocRes '../../../Engine/Content/Localization/EditorTutorials/es-MX/EditorTutorials.locres' could not be opened for reading!
[2020.07.09-18.42.30:241][  0]LogTextLocalizationResource: LocRes '../../../Engine/Content/Localization/Keywords/es-MX/Keywords.locres' could not be opened for reading!
[2020.07.09-18.42.30:242][  0]LogTextLocalizationResource: LocRes '../../../Engine/Content/Localization/Category/es-MX/Category.locres' could not be opened for reading!
[2020.07.09-18.42.30:242][  0]LogTextLocalizationResource: LocRes '../../../Engine/Content/Localization/ToolTips/es-MX/ToolTips.locres' could not be opened for reading!
[2020.07.09-18.42.30:243][  0]LogTextLocalizationResource: LocRes '../../../Engine/Content/Localization/PropertyNames/es-MX/PropertyNames.locres' could not be opened for reading!
[2020.07.09-18.42.30:243][  0]LogTextLocalizationResource: LocRes '../../../Engine/Content/Localization/Engine/es-MX/Engine.locres' could not be opened for reading!
[2020.07.09-18.42.30:243][  0]LogTextLocalizationResource: LocRes '../../../Engine/Plugins/Online/Android/OnlineSubsystemGooglePlay/Content/Localization/OnlineSubsystemGooglePlay/es-MX/OnlineSubsystemGooglePlay.locres' could not be opened for reading!
[2020.07.09-18.42.30:244][  0]LogTextLocalizationResource: LocRes '../../../Engine/Plugins/Online/IOS/OnlineSubsystemIOS/Content/Localization/OnlineSubsystemIOS/es-MX/OnlineSubsystemIOS.locres' could not be opened for reading!
[2020.07.09-18.42.30:244][  0]LogTextLocalizationResource: LocRes '../../../Engine/Plugins/Online/OnlineSubsystemUtils/Content/Localization/OnlineSubsystemUtils/es-MX/OnlineSubsystemUtils.locres' could not be opened for reading!
[2020.07.09-18.42.30:368][  0]LogSlate: New Slate User Created.  User Index 0, Is Virtual User: 0
[2020.07.09-18.42.30:368][  0]LogSlate: Slate User Registered.  User Index 0, Is Virtual User: 0
[2020.07.09-18.42.30:479][  0]LogHMD: Failed to initialize OpenVR with code 110
[2020.07.09-18.42.30:479][  0]LogD3D11RHI: D3D11 min allowed feature level: 11_0
[2020.07.09-18.42.30:479][  0]LogD3D11RHI: D3D11 max allowed feature level: 11_0
[2020.07.09-18.42.30:479][  0]LogD3D11RHI: D3D11 adapters:
[2020.07.09-18.42.30:598][  0]LogD3D11RHI:    0. 'NVIDIA GeForce 940MX' (Feature Level 11_0)
[2020.07.09-18.42.30:598][  0]LogD3D11RHI:       2010/0/6088 MB DedicatedVideo/DedicatedSystem/SharedSystem, Outputs:1, VendorId:0x10de
[2020.07.09-18.42.30:610][  0]LogD3D11RHI:    1. 'Intel(R) HD Graphics 520' (Feature Level 11_0)
[2020.07.09-18.42.30:611][  0]LogD3D11RHI:       128/0/6088 MB DedicatedVideo/DedicatedSystem/SharedSystem, Outputs:0, VendorId:0x8086
[2020.07.09-18.42.30:614][  0]LogD3D11RHI:    2. 'Microsoft Basic Render Driver' (Feature Level 11_0)
[2020.07.09-18.42.30:614][  0]LogD3D11RHI:       0/0/6088 MB DedicatedVideo/DedicatedSystem/SharedSystem, Outputs:0, VendorId:0x1414
[2020.07.09-18.42.30:614][  0]LogD3D11RHI: Chosen D3D11 Adapter: 0
[2020.07.09-18.42.30:699][  0]LogD3D11RHI: Creating new Direct3DDevice
[2020.07.09-18.42.30:699][  0]LogD3D11RHI:     GPU DeviceId: 0x134d (for the marketing name, search the web for "GPU Device Id")
[2020.07.09-18.42.30:699][  0]LogWindows: EnumDisplayDevices:
[2020.07.09-18.42.30:699][  0]LogWindows:    0. 'Intel(R) HD Graphics 520' (P:1 D:1)
[2020.07.09-18.42.30:700][  0]LogWindows:    1. 'Intel(R) HD Graphics 520' (P:0 D:0)
[2020.07.09-18.42.30:701][  0]LogWindows:    2. 'Intel(R) HD Graphics 520' (P:0 D:0)
[2020.07.09-18.42.30:701][  0]LogWindows: DebugString: PrimaryIsNotTheChoosenAdapter PrimaryIsNotTheChoosenAdapter PrimaryIsNotTheChoosenAdapter FoundDriverCount:0 
[2020.07.09-18.42.30:701][  0]LogD3D11RHI:     Adapter Name: NVIDIA GeForce 940MX
[2020.07.09-18.42.30:701][  0]LogD3D11RHI:   Driver Version: Unknown (internal:Unknown, unified:Unknown)
[2020.07.09-18.42.30:701][  0]LogD3D11RHI:      Driver Date: Unknown
[2020.07.09-18.42.30:701][  0]LogRHI: Texture pool is 1407 MB (70% of 2010 MB)
[2020.07.09-18.42.30:763][  0]LogD3D11RHI: RHI has support for 64 bit atomics
[2020.07.09-18.42.30:763][  0]LogD3D11RHI: Async texture creation enabled
[2020.07.09-18.42.30:780][  0]LogD3D11RHI: GPU Timing Frequency: 1000.000000 (Debug: 2 1)
[2020.07.09-18.42.31:417][  0]LogTargetPlatformManager: Display: Loaded TargetPlatform 'WindowsNoEditor'
[2020.07.09-18.42.31:421][  0]LogTargetPlatformManager: Display: Loaded TargetPlatform 'Windows'
[2020.07.09-18.42.31:430][  0]LogTargetPlatformManager: Display: Loaded TargetPlatform 'WindowsClient'
[2020.07.09-18.42.31:440][  0]LogTargetPlatformManager: Display: Loaded TargetPlatform 'WindowsServer'
[2020.07.09-18.42.31:440][  0]LogTargetPlatformManager: Display: Building Assets For Windows
[2020.07.09-18.42.31:445][  0]LogAudioDebug: Display: Lib vorbis DLL was dynamically loaded.
[2020.07.09-18.42.31:484][  0]LogShaderCompilers: Guid format shader working directory is -69 characters bigger than the processId version (../../../../../../Users/Gabriel/Documents/Desarrollo de videojuegos/Try2 actualizacion1/videojuegos2/DreamGuards-0.1/Intermediate/Shaders/WorkingDirectory/16176/).
[2020.07.09-18.42.31:484][  0]LogShaderCompilers: Cleaned the shader compiler working directory 'C:/Users/Gabriel/AppData/Local/Temp/UnrealShaderWorkingDir/2C71064D4E1BD8743274B2AEB3C5238A/'.
[2020.07.09-18.42.31:485][  0]LogXGEController: Cannot use XGE Controller as Incredibuild is not installed on this machine.
[2020.07.09-18.42.31:485][  0]LogShaderCompilers: Cannot use XGE Shader Compiler as Incredibuild is not installed on this machine.
[2020.07.09-18.42.31:485][  0]LogShaderCompilers: Display: Using Local Shader Compiler.
[2020.07.09-18.42.32:430][  0]LogDerivedDataCache: Display: Max Cache Size: 512 MB
[2020.07.09-18.42.32:498][  0]LogDerivedDataCache: Loaded boot cache 0.07s 78MB C:/Users/Gabriel/AppData/Local/UnrealEngine/4.24/DerivedDataCache/Boot.ddc.
[2020.07.09-18.42.32:498][  0]LogDerivedDataCache: Display: Loaded Boot cache: C:/Users/Gabriel/AppData/Local/UnrealEngine/4.24/DerivedDataCache/Boot.ddc
[2020.07.09-18.42.32:499][  0]LogDerivedDataCache: FDerivedDataBackendGraph:  Pak pak cache file ../../../../../../Users/Gabriel/Documents/Desarrollo de videojuegos/Try2 actualizacion1/videojuegos2/DreamGuards-0.1/DerivedDataCache/DDC.ddp not found, will not use a pak cache.
[2020.07.09-18.42.32:499][  0]LogDerivedDataCache: Unable to find inner node Pak for hierarchical cache Hierarchy.
[2020.07.09-18.42.32:499][  0]LogDerivedDataCache: FDerivedDataBackendGraph:  CompressedPak pak cache file ../../../../../../Users/Gabriel/Documents/Desarrollo de videojuegos/Try2 actualizacion1/videojuegos2/DreamGuards-0.1/DerivedDataCache/Compressed.ddp not found, will not use a pak cache.
[2020.07.09-18.42.32:499][  0]LogDerivedDataCache: Unable to find inner node CompressedPak for hierarchical cache Hierarchy.
[2020.07.09-18.42.32:511][  0]LogDerivedDataCache: Display: Pak cache opened for reading ../../../Engine/DerivedDataCache/Compressed.ddp.
[2020.07.09-18.42.32:512][  0]LogDerivedDataCache: FDerivedDataBackendGraph:  EnterprisePak pak cache file ../../../Enterprise/DerivedDataCache/Compressed.ddp not found, will not use a pak cache.
[2020.07.09-18.42.32:512][  0]LogDerivedDataCache: Unable to find inner node EnterprisePak for hierarchical cache Hierarchy.
[2020.07.09-18.42.32:514][  0]LogDerivedDataCache: Using Local data cache path C:/Users/Gabriel/AppData/Local/UnrealEngine/Common/DerivedDataCache: Writable
[2020.07.09-18.42.32:514][  0]LogDerivedDataCache: Shared data cache path not found in *engine.ini, will not use an Shared cache.
[2020.07.09-18.42.32:514][  0]LogDerivedDataCache: Unable to find inner node Shared for hierarchical cache Hierarchy.
[2020.07.09-18.42.32:557][  0]LogMaterial: Verifying Global Shaders for PCD3D_SM5
[2020.07.09-18.42.32:560][  0]LogSlate: Using FreeType 2.10.0
[2020.07.09-18.42.32:561][  0]LogSlate: SlateFontServices - WITH_FREETYPE: 1, WITH_HARFBUZZ: 1
[2020.07.09-18.42.32:733][  0]LogInit: Using OS detected language (es-MX).
[2020.07.09-18.42.32:733][  0]LogInit: Using OS detected locale (es-ES).
[2020.07.09-18.42.32:733][  0]LogTextLocalizationManager: No localization for 'es-MX' exists, so 'en' will be used for the language.
[2020.07.09-18.42.32:733][  0]LogTextLocalizationManager: No localization for 'es-ES' exists, so 'en' will be used for the locale.
[2020.07.09-18.42.32:733][  0]LogSlate: FontCache flush requested. Reason: Culture for localization was changed
[2020.07.09-18.42.32:733][  0]LogSlate: FontCache flush requested. Reason: Culture for localization was changed
[2020.07.09-18.42.32:734][  0]LogTextLocalizationManager: Compacting localization data took   0.00ms
[2020.07.09-18.42.32:739][  0]LogAssetRegistry: FAssetRegistry took 0.0033 seconds to start up
[2020.07.09-18.42.33:062][  0]LogPackageLocalizationCache: Processed 10 localized package path(s) for 1 prioritized culture(s) in 0.000877 seconds
[2020.07.09-18.42.33:134][  0]LogInit: Selected Device Profile: [Windows]
[2020.07.09-18.42.33:298][  0]LogMeshReduction: Using QuadricMeshReduction for automatic static mesh reduction
[2020.07.09-18.42.33:298][  0]LogMeshReduction: Using SimplygonMeshReduction for automatic skeletal mesh reduction
[2020.07.09-18.42.33:298][  0]LogMeshReduction: Using ProxyLODMeshReduction for automatic mesh merging
[2020.07.09-18.42.33:298][  0]LogMeshReduction: No distributed automatic mesh merging module available
[2020.07.09-18.42.33:298][  0]LogMeshMerging: No distributed automatic mesh merging module available
[2020.07.09-18.42.33:313][  0]LogNetVersion: Try2 1.0.0, NetCL: 10570792, EngineNetVer: 13, GameNetVer: 0 (Checksum: 3984827005)
[2020.07.09-18.42.33:999][  0]LogMoviePlayer: Initializing movie player
[2020.07.09-18.42.34:168][  0]LogTcpMessaging: Initializing TcpMessaging bridge
[2020.07.09-18.42.34:171][  0]LogUdpMessaging: Initializing bridge on interface 0.0.0.0:0 to multicast group 230.0.0.1:6666.
[2020.07.09-18.42.34:201][  0]LogCollectionManager: Loaded 0 collections in 0.003795 seconds
[2020.07.09-18.42.34:209][  0]LogCollectionManager: Fixed up redirectors for 0 collections in 0.000035 seconds (updated 0 objects)
[2020.07.09-18.42.34:256][  0]LogFileCache: Scanning file cache for directory 'C:/Users/Gabriel/Documents/Desarrollo de videojuegos/Try2 actualizacion1/videojuegos2/DreamGuards-0.1/Saved/Collections/' took 0.01s
[2020.07.09-18.42.34:256][  0]LogFileCache: Scanning file cache for directory 'C:/Users/Gabriel/Documents/Desarrollo de videojuegos/Try2 actualizacion1/videojuegos2/DreamGuards-0.1/Content/Developers/Gabriel/Collections/' took 0.00s
[2020.07.09-18.42.34:256][  0]LogFileCache: Scanning file cache for directory 'C:/Users/Gabriel/Documents/Desarrollo de videojuegos/Try2 actualizacion1/videojuegos2/DreamGuards-0.1/Content/Collections/' took 0.00s
[2020.07.09-18.42.34:256][  0]SourceControl: El control de código fuente está desactivado
[2020.07.09-18.42.34:256][  0]SourceControl: El control de código fuente está desactivado
[2020.07.09-18.42.34:258][  0]SourceControl: El control de código fuente está desactivado
[2020.07.09-18.42.34:321][  0]LogAndroidPermission: UAndroidPermissionCallbackProxy::GetInstance
[2020.07.09-18.42.34:335][  0]LogAudioCaptureCore: Display: No Audio Capture implementations found. Audio input will be silent.
[2020.07.09-18.42.34:335][  0]LogAudioCaptureCore: Display: No Audio Capture implementations found. Audio input will be silent.
[2020.07.09-18.42.34:435][  0]LogOcInput: OculusInput pre-init called
[2020.07.09-18.42.34:450][  0]LogUObjectArray: 52778 objects as part of root set at end of initial load.
[2020.07.09-18.42.34:451][  0]LogUObjectAllocator: 9348072 out of 0 bytes used by permanent object pool.
[2020.07.09-18.42.34:451][  0]LogUObjectArray: CloseDisregardForGC: 0/0 objects in disregard for GC pool
[2020.07.09-18.42.34:551][  0]LogEngine: Initializing Engine...
[2020.07.09-18.42.34:553][  0]LogHMD: Failed to initialize OpenVR with code 110
[2020.07.09-18.42.34:555][  0]LogStats: UGameplayTagsManager::InitializeManager -  0.000 s
[2020.07.09-18.42.34:891][  0]LogInit: Initializing FReadOnlyCVARCache
[2020.07.09-18.42.34:894][  0]LogAudioMixer: Display: Audio Mixer Platform Settings:
[2020.07.09-18.42.34:894][  0]LogAudioMixer: Display: 	Sample Rate:						  48000
[2020.07.09-18.42.34:894][  0]LogAudioMixer: Display: 	Callback Buffer Frame Size Requested: 1024
[2020.07.09-18.42.34:894][  0]LogAudioMixer: Display: 	Callback Buffer Frame Size To Use:	  1024
[2020.07.09-18.42.34:894][  0]LogAudioMixer: Display: 	Number of buffers to queue:			  2
[2020.07.09-18.42.34:894][  0]LogAudioMixer: Display: 	Max Channels (voices):				  32
[2020.07.09-18.42.34:894][  0]LogAudioMixer: Display: 	Number of Async Source Workers:		  0
[2020.07.09-18.42.34:894][  0]LogAudio: Display: AudioDevice MaxSources: 32
[2020.07.09-18.42.34:895][  0]LogAudio: Display: Using built-in audio occlusion.
[2020.07.09-18.42.34:895][  0]LogAudioMixer: Display: Initializing audio mixer.
[2020.07.09-18.42.34:936][  0]LogAudioMixer: Display: Audio Device Output Speaker Info:
[2020.07.09-18.42.34:936][  0]LogAudioMixer: Display: Name: Speakers (Realtek High Definition Audio)
[2020.07.09-18.42.34:937][  0]LogAudioMixer: Display: Is Default: Yes
[2020.07.09-18.42.34:937][  0]LogAudioMixer: Display: Sample Rate: 48000
[2020.07.09-18.42.34:937][  0]LogAudioMixer: Display: Channel Count Used: 2
[2020.07.09-18.42.34:937][  0]LogAudioMixer: Display: Device Channel Count: 2
[2020.07.09-18.42.34:937][  0]LogAudioMixer: Display: Channel Order:
[2020.07.09-18.42.34:937][  0]LogAudioMixer: Display: 0: FrontLeft
[2020.07.09-18.42.34:937][  0]LogAudioMixer: Display: 1: FrontRight
[2020.07.09-18.42.35:018][  0]LogAudioMixer: Display: Using Audio Device Speakers (Realtek High Definition Audio)
[2020.07.09-18.42.35:033][  0]LogInit: FAudioDevice initialized.
[2020.07.09-18.42.35:035][  0]LogNetVersion: Set ProjectVersion to 1.0.0.0. Version Checksum will be recalculated on next use.
[2020.07.09-18.42.35:035][  0]LogInit: Texture streaming: Enabled
[2020.07.09-18.42.35:254][  0]LogSlate: Updating window title bar state: overlay mode, drag disabled, window buttons hidden, title bar hidden
[2020.07.09-18.42.35:255][  0]LogInit: Display: Game Engine Initialized.
[2020.07.09-18.42.35:278][  0]LogInit: Display: Starting Game.
[2020.07.09-18.42.35:278][  0]LogNet: Browse: /Game/Maps/Mneus?Name=Player
[2020.07.09-18.42.35:278][  0]LogLoad: LoadMap: /Game/Maps/Mneus?Name=Player
[2020.07.09-18.42.35:278][  0]LogWorld: BeginTearingDown for /Temp/Untitled_0
[2020.07.09-18.42.35:282][  0]LogWorld: UWorld::CleanupWorld for Untitled, bSessionEnded=true, bCleanupResources=true
[2020.07.09-18.42.35:282][  0]LogSlate: InvalidateAllWidgets triggered.  All widgets were invalidated
[2020.07.09-18.42.35:305][  0]LogAudioMixer: Display: No commands were queued while flushing the source manager.
[2020.07.09-18.42.35:308][  0]LogUObjectHash: Compacting FUObjectHashTables data took   2.68ms
[2020.07.09-18.42.35:518][  0]LogAIModule: Creating AISystem for world Mneus
[2020.07.09-18.42.35:695][  0]LogLoad: Game class is 'gamemode_C'
[2020.07.09-18.42.35:697][  0]LogWorld: Bringing World /Game/Maps/Mneus.Mneus up for play (max tick rate 0) at 2020.07.09-14.42.35
[2020.07.09-18.42.35:698][  0]LogWorld: Bringing up level for play took: 0.001660
[2020.07.09-18.42.35:699][  0]LogGameMode: FindPlayerStart: PATHS NOT DEFINED or NO PLAYERSTART with positive rating
[2020.07.09-18.42.35:700][  0]LogGameMode: Display: Match State Changed from EnteringMap to WaitingToStart
[2020.07.09-18.42.35:700][  0]LogGameState: Match State Changed from EnteringMap to WaitingToStart
[2020.07.09-18.42.35:700][  0]LogGameMode: Display: Match State Changed from WaitingToStart to InProgress
[2020.07.09-18.42.35:711][  0]LogGameState: Match State Changed from WaitingToStart to InProgress
[2020.07.09-18.42.35:712][  0]LogLoad: Took 0.433338 seconds to LoadMap(/Game/Maps/Mneus)
[2020.07.09-18.42.35:733][  0]LogSlate: InvalidateAllWidgets triggered.  All widgets were invalidated
[2020.07.09-18.42.40:207][  0]LogLoad: (Engine Initialization) Total time: 13.43 seconds
[2020.07.09-18.42.40:207][  0]LogLoad: (Engine Initialization) Total Blueprint compile time: 0.00 seconds
[2020.07.09-18.42.40:242][  0]LogContentStreaming: Texture pool size now 1000 MB
[2020.07.09-18.42.40:341][  2]LogRenderer: Reallocating scene render targets to support 800x600 Format 10 NumSamples 1 (Frame:1).
[2020.07.09-18.42.40:366][  3]LogRenderer: Reallocating scene render targets to support 1280x720 Format 10 NumSamples 1 (Frame:1).
[2020.07.09-18.42.52:420][267]LogGameMode: Display: Match State Changed from InProgress to LeavingMap
[2020.07.09-18.42.52:420][267]LogGameState: Match State Changed from InProgress to LeavingMap
[2020.07.09-18.42.52:422][267]LogNet: Browse: /Game/Maps/Mneus
[2020.07.09-18.42.52:422][267]LogLoad: LoadMap: /Game/Maps/Mneus
[2020.07.09-18.42.52:422][267]LogWorld: BeginTearingDown for /Game/Maps/Mneus
[2020.07.09-18.42.52:425][267]LogWorld: UWorld::CleanupWorld for Mneus, bSessionEnded=true, bCleanupResources=true
[2020.07.09-18.42.52:425][267]LogSlate: InvalidateAllWidgets triggered.  All widgets were invalidated
[2020.07.09-18.42.52:507][267]LogAudioMixer: Display: Flush succeeded in the source manager command queue (1).
[2020.07.09-18.42.52:507][267]LogAudioMixer: Display: Flush succeeded the source manager command queue (2).
[2020.07.09-18.42.52:513][267]LogUObjectHash: Compacting FUObjectHashTables data took   2.68ms
[2020.07.09-18.42.52:653][267]LogAIModule: Creating AISystem for world Mneus
[2020.07.09-18.42.52:766][267]LogLoad: Game class is 'gamemode_C'
[2020.07.09-18.42.52:768][267]LogWorld: Bringing World /Game/Maps/Mneus.Mneus up for play (max tick rate 0) at 2020.07.09-14.42.52
[2020.07.09-18.42.52:768][267]LogWorld: Bringing up level for play took: 0.000952
[2020.07.09-18.42.52:769][267]LogGameMode: FindPlayerStart: PATHS NOT DEFINED or NO PLAYERSTART with positive rating
[2020.07.09-18.42.52:769][267]LogGameMode: Display: Match State Changed from EnteringMap to WaitingToStart
[2020.07.09-18.42.52:769][267]LogGameState: Match State Changed from EnteringMap to WaitingToStart
[2020.07.09-18.42.52:769][267]LogGameMode: Display: Match State Changed from WaitingToStart to InProgress
[2020.07.09-18.42.52:776][267]LogGameState: Match State Changed from WaitingToStart to InProgress
[2020.07.09-18.42.52:777][267]LogLoad: Took 0.355158 seconds to LoadMap(/Game/Maps/Mneus)
[2020.07.09-18.42.56:000][593]LogGameMode: Display: Match State Changed from InProgress to LeavingMap
[2020.07.09-18.42.56:000][593]LogGameState: Match State Changed from InProgress to LeavingMap
[2020.07.09-18.42.56:001][593]LogNet: Browse: /Game/Maps/Mneus
[2020.07.09-18.42.56:001][593]LogLoad: LoadMap: /Game/Maps/Mneus
[2020.07.09-18.42.56:001][593]LogWorld: BeginTearingDown for /Game/Maps/Mneus
[2020.07.09-18.42.56:002][593]LogWorld: UWorld::CleanupWorld for Mneus, bSessionEnded=true, bCleanupResources=true
[2020.07.09-18.42.56:002][593]LogSlate: InvalidateAllWidgets triggered.  All widgets were invalidated
[2020.07.09-18.42.56:072][593]LogAudioMixer: Display: Flush succeeded in the source manager command queue (1).
[2020.07.09-18.42.56:072][593]LogAudioMixer: Display: Flush succeeded the source manager command queue (2).
[2020.07.09-18.42.56:076][593]LogUObjectHash: Compacting FUObjectHashTables data took   0.76ms
[2020.07.09-18.42.56:208][593]LogAIModule: Creating AISystem for world Mneus
[2020.07.09-18.42.56:329][593]LogLoad: Game class is 'gamemode_C'
[2020.07.09-18.42.56:331][593]LogWorld: Bringing World /Game/Maps/Mneus.Mneus up for play (max tick rate 0) at 2020.07.09-14.42.56
[2020.07.09-18.42.56:331][593]LogWorld: Bringing up level for play took: 0.001016
[2020.07.09-18.42.56:331][593]LogGameMode: FindPlayerStart: PATHS NOT DEFINED or NO PLAYERSTART with positive rating
[2020.07.09-18.42.56:332][593]LogGameMode: Display: Match State Changed from EnteringMap to WaitingToStart
[2020.07.09-18.42.56:332][593]LogGameState: Match State Changed from EnteringMap to WaitingToStart
[2020.07.09-18.42.56:332][593]LogGameMode: Display: Match State Changed from WaitingToStart to InProgress
[2020.07.09-18.42.56:340][593]LogGameState: Match State Changed from WaitingToStart to InProgress
[2020.07.09-18.42.56:340][593]LogLoad: Took 0.339037 seconds to LoadMap(/Game/Maps/Mneus)
[2020.07.09-18.42.57:619][721]Closing by request
[2020.07.09-18.42.57:619][721]LogWindows: FPlatformMisc::RequestExit(0)
[2020.07.09-18.42.57:619][721]LogCore: Engine exit requested (reason: Win RequestExit)
[2020.07.09-18.42.57:630][722]LogCore: Engine exit requested (reason: EngineExit() was called; note: exit was already requested)
[2020.07.09-18.42.57:650][722]LogAudioMixer: Display: Flush succeeded in the source manager command queue (1).
[2020.07.09-18.42.57:670][722]LogAudioMixer: Display: Flush succeeded the source manager command queue (2).
[2020.07.09-18.42.57:682][722]LogInit: Display: PreExit Game.
[2020.07.09-18.42.57:682][722]LogWorld: BeginTearingDown for /Game/Maps/Mneus
[2020.07.09-18.42.57:682][722]LogWorld: UWorld::CleanupWorld for Mneus, bSessionEnded=true, bCleanupResources=true
[2020.07.09-18.42.57:683][722]LogSlate: InvalidateAllWidgets triggered.  All widgets were invalidated
[2020.07.09-18.42.58:574][722]LogSlate: Window 'Try2 (64-bit Development PCD3D_SM5) ' being destroyed
[2020.07.09-18.42.58:576][722]LogWindowsTextInputMethodSystem: Display: IME system now deactivated.
[2020.07.09-18.42.58:580][722]LogWindowsTextInputMethodSystem: Display: IME system now deactivated.
[2020.07.09-18.42.58:581][722]LogExit: Preparing to exit.
[2020.07.09-18.42.59:193][722]LogMoviePlayer: Shutting down movie player
[2020.07.09-18.42.59:314][722]LogSlate: Updating window title bar state: overlay mode, drag disabled, window buttons hidden, title bar hidden
[2020.07.09-18.42.59:335][722]LogDemo: Cleaned up 0 splitscreen connections with owner deletion
[2020.07.09-18.42.59:342][722]LogExit: Game engine shut down
[2020.07.09-18.42.59:418][722]LogExit: Object subsystem successfully closed.
[2020.07.09-18.42.59:440][722]LogShaderCompilers: Display: Shaders left to compile 0
[2020.07.09-18.42.59:471][722]LogModuleManager: Shutting down and abandoning module SequenceRecorderSections (442)
[2020.07.09-18.42.59:471][722]LogModuleManager: Shutting down and abandoning module SequenceRecorder (440)
[2020.07.09-18.42.59:471][722]LogModuleManager: Shutting down and abandoning module AutomationController (438)
[2020.07.09-18.42.59:471][722]LogModuleManager: Shutting down and abandoning module AutomationWorker (436)
[2020.07.09-18.42.59:472][722]LogModuleManager: Shutting down and abandoning module Voice (434)
[2020.07.09-18.42.59:472][722]LogModuleManager: Shutting down and abandoning module AIModule (432)
[2020.07.09-18.42.59:472][722]LogModuleManager: Shutting down and abandoning module GameplayDebugger (431)
[2020.07.09-18.42.59:472][722]LogModuleManager: Shutting down and abandoning module AITestSuite (429)
[2020.07.09-18.42.59:472][722]LogModuleManager: Shutting down and abandoning module NavigationSystem (427)
[2020.07.09-18.42.59:472][722]LogModuleManager: Shutting down and abandoning module OculusMR (424)
[2020.07.09-18.42.59:472][722]LogModuleManager: Shutting down and abandoning module WmfMediaFactory (422)
[2020.07.09-18.42.59:472][722]LogModuleManager: Shutting down and abandoning module WebMMediaFactory (420)
[2020.07.09-18.42.59:472][722]LogModuleManager: Shutting down and abandoning module WebMMedia (418)
[2020.07.09-18.42.59:472][722]LogModuleManager: Shutting down and abandoning module OpenExrWrapper (416)
[2020.07.09-18.42.59:472][722]LogModuleManager: Shutting down and abandoning module ImgMediaFactory (414)
[2020.07.09-18.42.59:472][722]LogModuleManager: Shutting down and abandoning module AvfMediaFactory (412)
[2020.07.09-18.42.59:472][722]LogModuleManager: Shutting down and abandoning module MagicLeapMediaCodecFactory (410)
[2020.07.09-18.42.59:472][722]LogModuleManager: Shutting down and abandoning module MagicLeapMediaFactory (408)
[2020.07.09-18.42.59:472][722]LogModuleManager: Shutting down and abandoning module CharacterAI (406)
[2020.07.09-18.42.59:472][722]LogModuleManager: Shutting down and abandoning module SessionServices (404)
[2020.07.09-18.42.59:472][722]LogModuleManager: Shutting down and abandoning module MovieSceneCapture (402)
[2020.07.09-18.42.59:472][722]LogModuleManager: Shutting down and abandoning module LiveCoding (400)
[2020.07.09-18.42.59:472][722]LogModuleManager: Shutting down and abandoning module LevelSequence (398)
[2020.07.09-18.42.59:472][722]LogModuleManager: Shutting down and abandoning module MovieSceneTracks (396)
[2020.07.09-18.42.59:472][722]LogModuleManager: Shutting down and abandoning module MovieScene (394)
[2020.07.09-18.42.59:472][722]LogModuleManager: Shutting down and abandoning module StreamingPauseRendering (392)
[2020.07.09-18.42.59:472][722]LogModuleManager: Shutting down and abandoning module PortalServices (390)
[2020.07.09-18.42.59:472][722]LogModuleManager: Shutting down and abandoning module PortalRpc (388)
[2020.07.09-18.42.59:473][722]LogModuleManager: Shutting down and abandoning module MessagingRpc (386)
[2020.07.09-18.42.59:473][722]LogModuleManager: Shutting down and abandoning module AudioMixerXAudio2 (384)
[2020.07.09-18.42.59:473][722]LogModuleManager: Shutting down and abandoning module ImageWriteQueue (382)
[2020.07.09-18.42.59:475][722]LogModuleManager: Shutting down and abandoning module ProfilerService (380)
[2020.07.09-18.42.59:551][722]LogModuleManager: Shutting down and abandoning module TaskGraph (378)
[2020.07.09-18.42.59:551][722]LogModuleManager: Shutting down and abandoning module ProceduralMeshComponent (376)
[2020.07.09-18.42.59:551][722]LogModuleManager: Shutting down and abandoning module OculusInput (374)
[2020.07.09-18.42.59:551][722]LogModuleManager: Shutting down and abandoning module MobilePatchingUtils (372)
[2020.07.09-18.42.59:551][722]LogModuleManager: Shutting down and abandoning module EditableMesh (370)
[2020.07.09-18.42.59:551][722]LogModuleManager: Shutting down and abandoning module CustomMeshComponent (368)
[2020.07.09-18.42.59:551][722]LogModuleManager: Shutting down and abandoning module CableComponent (366)
[2020.07.09-18.42.59:551][722]LogModuleManager: Shutting down and abandoning module AudioCapture (364)
[2020.07.09-18.42.59:551][722]LogModuleManager: Shutting down and abandoning module AudioCaptureRtAudio (363)
[2020.07.09-18.42.59:551][722]LogModuleManager: Shutting down and abandoning module AssetTags (360)
[2020.07.09-18.42.59:551][722]LogModuleManager: Shutting down and abandoning module ArchVisCharacter (358)
[2020.07.09-18.42.59:551][722]LogModuleManager: Shutting down and abandoning module AppleImageUtilsBlueprintSupport (356)
[2020.07.09-18.42.59:551][722]LogModuleManager: Shutting down and abandoning module AppleImageUtils (354)
[2020.07.09-18.42.59:552][722]LogModuleManager: Shutting down and abandoning module AndroidPermission (352)
[2020.07.09-18.42.59:552][722]LogModuleManager: Shutting down and abandoning module NUTUnrealEngine4 (350)
[2020.07.09-18.42.59:552][722]LogModuleManager: Shutting down and abandoning module NetcodeUnitTest (348)
[2020.07.09-18.42.59:552][722]LogModuleManager: Shutting down and abandoning module MediaCompositing (346)
[2020.07.09-18.42.59:552][722]LogModuleManager: Shutting down and abandoning module ImgMedia (344)
[2020.07.09-18.42.59:552][722]LogModuleManager: Shutting down and abandoning module MagicLeapHelperVulkan (342)
[2020.07.09-18.42.59:552][722]LogModuleManager: Shutting down and abandoning module MagicLeapHelperOpenGL (340)
[2020.07.09-18.42.59:552][722]LogModuleManager: Shutting down and abandoning module MagicLeapAudio (338)
[2020.07.09-18.42.59:552][722]LogModuleManager: Shutting down and abandoning module GeometryCacheTracks (336)
[2020.07.09-18.42.59:552][722]LogModuleManager: Shutting down and abandoning module GeometryCacheSequencer (335)
[2020.07.09-18.42.59:552][722]LogModuleManager: Shutting down and abandoning module GeometryCache (332)
[2020.07.09-18.42.59:552][722]LogModuleManager: Shutting down and abandoning module GeometryCacheEd (331)
[2020.07.09-18.42.59:552][722]LogModuleManager: Shutting down and abandoning module BackChannel (328)
[2020.07.09-18.42.59:552][722]LogModuleManager: Shutting down and abandoning module AutomationUtils (326)
[2020.07.09-18.42.59:553][722]LogModuleManager: Shutting down and abandoning module VisualStudioSourceCodeAccess (324)
[2020.07.09-18.42.59:553][722]LogModuleManager: Shutting down and abandoning module HotReload (323)
[2020.07.09-18.42.59:553][722]LogModuleManager: Shutting down and abandoning module VisualStudioCodeSourceCodeAccess (320)
[2020.07.09-18.42.59:553][722]LogModuleManager: Shutting down and abandoning module UObjectPlugin (318)
[2020.07.09-18.42.59:553][722]LogModuleManager: Shutting down and abandoning module SubversionSourceControl (316)
[2020.07.09-18.42.59:554][722]LogModuleManager: Shutting down and abandoning module PerforceSourceControl (314)
[2020.07.09-18.42.59:554][722]LogModuleManager: Shutting down and abandoning module SourceControl (313)
[2020.07.09-18.42.59:554][722]LogModuleManager: Shutting down and abandoning module CLionSourceCodeAccess (310)
[2020.07.09-18.42.59:554][722]LogModuleManager: Shutting down and abandoning module ActorLayerUtilities (308)
[2020.07.09-18.42.59:554][722]LogModuleManager: Shutting down and abandoning module SignificanceManager (306)
[2020.07.09-18.42.59:554][722]LogModuleManager: Shutting down and abandoning module RuntimePhysXCooking (304)
[2020.07.09-18.42.59:554][722]LogModuleManager: Shutting down and abandoning module PhysXVehiclesEditor (302)
[2020.07.09-18.42.59:554][722]LogModuleManager: Shutting down and abandoning module LocationServicesBPLibrary (298)
[2020.07.09-18.42.59:554][722]LogModuleManager: Shutting down and abandoning module ApexDestructionEditor (296)
[2020.07.09-18.42.59:554][722]LogModuleManager: Shutting down and abandoning module ContentBrowser (295)
[2020.07.09-18.42.59:554][722]LogModuleManager: Shutting down and abandoning module CollectionManager (294)
[2020.07.09-18.42.59:555][722]LogModuleManager: Shutting down and abandoning module DirectoryWatcher (293)
[2020.07.09-18.42.59:555][722]LogModuleManager: Shutting down and abandoning module ApexDestruction (288)
[2020.07.09-18.42.59:556][722]LogModuleManager: Shutting down and abandoning module ActorSequence (286)
[2020.07.09-18.42.59:556][722]LogModuleManager: Shutting down and abandoning module UdpMessaging (284)
[2020.07.09-18.42.59:657][722]LogModuleManager: Shutting down and abandoning module TcpMessaging (282)
[2020.07.09-18.43.00:186][722]LogModuleManager: Shutting down and abandoning module MagicLeapPrivileges (280)
[2020.07.09-18.43.00:186][722]LogModuleManager: Shutting down and abandoning module MagicLeapPlanes (278)
[2020.07.09-18.43.00:186][722]LogMagicLeapPlanes: Planes tracker already destroyed.
[2020.07.09-18.43.00:186][722]LogModuleManager: Shutting down and abandoning module MagicLeapIdentity (276)
[2020.07.09-18.43.00:186][722]LogModuleManager: Shutting down and abandoning module MagicLeapSecureStorage (274)
[2020.07.09-18.43.00:186][722]LogModuleManager: Shutting down and abandoning module MagicLeapImageTracker (272)
[2020.07.09-18.43.00:186][722]LogModuleManager: Shutting down and abandoning module MagicLeapHandTracking (270)
[2020.07.09-18.43.00:186][722]LogModuleManager: Shutting down and abandoning module MagicLeapHandMeshing (268)
[2020.07.09-18.43.00:186][722]LogModuleManager: Shutting down and abandoning module MagicLeapEyeTracker (266)
[2020.07.09-18.43.00:186][722]LogModuleManager: Shutting down and abandoning module MagicLeapController (264)
[2020.07.09-18.43.00:186][722]LogSlate: Slate User Destroyed.  User Index 0, Is Virtual User: 0
[2020.07.09-18.43.00:186][722]LogModuleManager: Shutting down and abandoning module MagicLeapARPin (262)
[2020.07.09-18.43.00:186][722]LogModuleManager: Shutting down and abandoning module MagicLeapAR (260)
[2020.07.09-18.43.00:186][722]LogModuleManager: Shutting down and abandoning module AugmentedReality (259)
[2020.07.09-18.43.00:186][722]LogModuleManager: Shutting down and abandoning module GameplayTagsEditor (256)
[2020.07.09-18.43.00:186][722]LogModuleManager: Shutting down and abandoning module FacialAnimation (254)
[2020.07.09-18.43.00:186][722]LogModuleManager: Shutting down and abandoning module AssetManagerEditor (252)
[2020.07.09-18.43.00:186][722]LogModuleManager: Shutting down and abandoning module TreeMap (251)
[2020.07.09-18.43.00:186][722]LogModuleManager: Shutting down and abandoning module AnimationSharing (248)
[2020.07.09-18.43.00:186][722]LogModuleManager: Shutting down and abandoning module LightPropagationVolumeRuntime (246)
[2020.07.09-18.43.00:186][722]LogModuleManager: Shutting down and abandoning module Paper2D (244)
[2020.07.09-18.43.00:186][722]LogModuleManager: Shutting down and abandoning module WindowsMoviePlayer (242)
[2020.07.09-18.43.00:188][722]LogModuleManager: Shutting down and abandoning module WebMMoviePlayer (240)
[2020.07.09-18.43.00:188][722]LogModuleManager: Shutting down and abandoning module NetworkReplayStreaming (238)
[2020.07.09-18.43.00:188][722]LogModuleManager: Shutting down and abandoning module PacketHandler (236)
[2020.07.09-18.43.00:188][722]LogModuleManager: Shutting down and abandoning module ClothingSystemEditor (234)
[2020.07.09-18.43.00:188][722]LogModuleManager: Shutting down and abandoning module ClothingSystemRuntimeNv (232)
[2020.07.09-18.43.00:188][722]LogModuleManager: Shutting down and abandoning module MediaAssets (230)
[2020.07.09-18.43.00:188][722]LogModuleManager: Shutting down and abandoning module Overlay (228)
[2020.07.09-18.43.00:188][722]LogModuleManager: Shutting down and abandoning module OverlayEditor (227)
[2020.07.09-18.43.00:188][722]LogModuleManager: Shutting down and abandoning module VREditor (224)
[2020.07.09-18.43.00:188][722]LogModuleManager: Shutting down and abandoning module StringTableEditor (222)
[2020.07.09-18.43.00:188][722]LogModuleManager: Shutting down and abandoning module GameplayTasksEditor (220)
[2020.07.09-18.43.00:188][722]LogModuleManager: Shutting down and abandoning module BehaviorTreeEditor (218)
[2020.07.09-18.43.00:188][722]LogModuleManager: Shutting down and abandoning module FunctionalTesting (216)
[2020.07.09-18.43.00:188][722]LogModuleManager: Shutting down and abandoning module CollisionAnalyzer (214)
[2020.07.09-18.43.00:189][722]LogModuleManager: Shutting down and abandoning module WorkspaceMenuStructure (213)
[2020.07.09-18.43.00:189][722]LogModuleManager: Shutting down and abandoning module UMG (210)
[2020.07.09-18.43.00:189][722]LogModuleManager: Shutting down and abandoning module UMGEditor (209)
[2020.07.09-18.43.00:189][722]LogModuleManager: Shutting down and abandoning module Sequencer (208)
[2020.07.09-18.43.00:189][722]LogModuleManager: Shutting down and abandoning module MessageLog (205)
[2020.07.09-18.43.00:189][722]LogModuleManager: Shutting down and abandoning module SlateReflector (200)
[2020.07.09-18.43.00:189][722]LogModuleManager: Shutting down and abandoning module Slate (198)
[2020.07.09-18.43.00:189][722]LogModuleManager: Shutting down and abandoning module SlateCore (196)
[2020.07.09-18.43.00:189][722]LogModuleManager: Shutting down and abandoning module LandscapeEditorUtilities (194)
[2020.07.09-18.43.00:189][722]LogModuleManager: Shutting down and abandoning module EditorStyle (192)
[2020.07.09-18.43.00:190][722]LogModuleManager: Shutting down and abandoning module UnrealEd (190)
[2020.07.09-18.43.00:190][722]LogModuleManager: Shutting down and abandoning module MRMesh (188)
[2020.07.09-18.43.00:190][722]LogModuleManager: Shutting down and abandoning module Messaging (186)
[2020.07.09-18.43.00:190][722]LogModuleManager: Shutting down and abandoning module SourceCodeAccess (184)
[2020.07.09-18.43.00:190][722]LogModuleManager: Shutting down and abandoning module HeadMountedDisplay (182)
[2020.07.09-18.43.00:190][722]LogModuleManager: Shutting down and abandoning module XAudio2 (180)
[2020.07.09-18.43.00:190][722]LogModuleManager: Shutting down and abandoning module Networking (178)
[2020.07.09-18.43.00:190][722]LogModuleManager: Shutting down and abandoning module Core (176)
[2020.07.09-18.43.00:190][722]LogModuleManager: Shutting down and abandoning module MovieSceneTools (174)
[2020.07.09-18.43.00:190][722]LogModuleManager: Shutting down and abandoning module KismetCompiler (172)
[2020.07.09-18.43.00:190][722]LogModuleManager: Shutting down and abandoning module MeshUtilities (170)
[2020.07.09-18.43.00:190][722]LogModuleManager: Shutting down and abandoning module MeshMergeUtilities (169)
[2020.07.09-18.43.00:190][722]LogModuleManager: Shutting down and abandoning module MeshReductionInterface (168)
[2020.07.09-18.43.00:190][722]LogModuleManager: Shutting down and abandoning module MeshBoneReduction (167)
[2020.07.09-18.43.00:190][722]LogModuleManager: Shutting down and abandoning module SkeletalMeshReduction (165)
[2020.07.09-18.43.00:190][722]LogModuleManager: Shutting down and abandoning module ProxyLODMeshReduction (163)
[2020.07.09-18.43.00:190][722]LogModuleManager: Shutting down and abandoning module QuadricMeshReduction (161)
[2020.07.09-18.43.00:190][722]LogModuleManager: Shutting down and abandoning module MaterialBaking (157)
[2020.07.09-18.43.00:190][722]LogModuleManager: Shutting down and abandoning module NullInstallBundleManager (152)
[2020.07.09-18.43.00:190][722]LogModuleManager: Shutting down and abandoning module PIEPreviewDeviceProfileSelector (150)
[2020.07.09-18.43.00:190][722]LogModuleManager: Shutting down and abandoning module DerivedDataCache (148)
[2020.07.09-18.43.00:190][722]LogDerivedDataCache: Shutdown
[2020.07.09-18.43.00:190][722]LogModuleManager: Shutting down and abandoning module XGEController (146)
[2020.07.09-18.43.00:190][722]LogModuleManager: Shutting down and abandoning module TargetPlatform (144)
[2020.07.09-18.43.00:190][722]LogModuleManager: Shutting down and abandoning module VulkanShaderFormat (143)
[2020.07.09-18.43.00:190][722]LogModuleManager: Shutting down and abandoning module ShaderFormatVectorVM (141)
[2020.07.09-18.43.00:190][722]LogModuleManager: Shutting down and abandoning module ShaderFormatOpenGL (139)
[2020.07.09-18.43.00:190][722]LogModuleManager: Shutting down and abandoning module ShaderFormatD3D (137)
[2020.07.09-18.43.00:190][722]LogModuleManager: Shutting down and abandoning module MetalShaderFormat (135)
[2020.07.09-18.43.00:190][722]LogModuleManager: Shutting down and abandoning module TextureFormatUncompressed (133)
[2020.07.09-18.43.00:190][722]LogModuleManager: Shutting down and abandoning module TextureFormatPVR (131)
[2020.07.09-18.43.00:190][722]LogModuleManager: Shutting down and abandoning module TextureFormatDXT (129)
[2020.07.09-18.43.00:190][722]LogModuleManager: Shutting down and abandoning module TextureFormatIntelISPCTexComp (127)
[2020.07.09-18.43.00:191][722]LogModuleManager: Shutting down and abandoning module TextureFormatASTC (125)
[2020.07.09-18.43.00:191][722]LogModuleManager: Shutting down and abandoning module ImageWrapper (124)
[2020.07.09-18.43.00:191][722]LogModuleManager: Shutting down and abandoning module TextureFormatAndroid (121)
[2020.07.09-18.43.00:191][722]LogModuleManager: Shutting down and abandoning module AudioFormatOpus (119)
[2020.07.09-18.43.00:191][722]LogModuleManager: Shutting down and abandoning module AudioFormatOgg (117)
[2020.07.09-18.43.00:191][722]LogModuleManager: Shutting down and abandoning module AudioFormatADPCM (115)
[2020.07.09-18.43.00:191][722]LogModuleManager: Shutting down and abandoning module WindowsServerTargetPlatform (113)
[2020.07.09-18.43.00:191][722]LogModuleManager: Shutting down and abandoning module WindowsClientTargetPlatform (111)
[2020.07.09-18.43.00:191][722]LogModuleManager: Shutting down and abandoning module WindowsTargetPlatform (109)
[2020.07.09-18.43.00:191][722]LogModuleManager: Shutting down and abandoning module WindowsNoEditorTargetPlatform (107)
[2020.07.09-18.43.00:191][722]LogModuleManager: Shutting down and abandoning module InputCore (104)
[2020.07.09-18.43.00:191][722]LogModuleManager: Shutting down and abandoning module Settings (102)
[2020.07.09-18.43.00:191][722]LogModuleManager: Shutting down and abandoning module PhysXCooking (100)
[2020.07.09-18.43.00:191][722]LogModuleManager: Shutting down and abandoning module ChaosSolvers (98)
[2020.07.09-18.43.00:191][722]LogModuleManager: Shutting down and abandoning module FieldSystemEngine (97)
[2020.07.09-18.43.00:191][722]LogModuleManager: Shutting down and abandoning module Chaos (94)
[2020.07.09-18.43.00:191][722]LogModuleManager: Shutting down and abandoning module WindowsPlatformFeatures (92)
[2020.07.09-18.43.00:191][722]LogModuleManager: Shutting down and abandoning module GameplayMediaEncoder (91)
[2020.07.09-18.43.00:191][722]LogModuleManager: Shutting down and abandoning module SteamVRInputDevice (88)
[2020.07.09-18.43.00:191][722]LogModuleManager: Shutting down and abandoning module SteamVRInput (86)
[2020.07.09-18.43.00:191][722]LogModuleManager: Shutting down and abandoning module SteamVR (84)
[2020.07.09-18.43.00:191][722]LogHMD: Freeing OpenVRDLLHandle.
[2020.07.09-18.43.00:191][722]LogModuleManager: Shutting down and abandoning module OculusHMD (82)
[2020.07.09-18.43.00:191][722]LogModuleManager: Shutting down and abandoning module ExampleDeviceProfileSelector (80)
[2020.07.09-18.43.00:191][722]LogModuleManager: Shutting down and abandoning module LauncherChunkInstaller (78)
[2020.07.09-18.43.00:191][722]LogModuleManager: Shutting down and abandoning module OnlineBlueprintSupport (76)
[2020.07.09-18.43.00:191][722]LogModuleManager: Shutting down and abandoning module OnlineSubsystem (72)
[2020.07.09-18.43.00:192][722]LogModuleManager: Shutting down and abandoning module XMPP (67)
[2020.07.09-18.43.00:192][722]LogModuleManager: Shutting down and abandoning module WebSockets (66)
[2020.07.09-18.43.00:203][722]LogModuleManager: Shutting down and abandoning module HTTP (63)
[2020.07.09-18.43.00:209][722]LogModuleManager: Shutting down and abandoning module SSL (62)
[2020.07.09-18.43.00:210][722]LogModuleManager: Shutting down and abandoning module WmfMedia (58)
[2020.07.09-18.43.00:214][722]LogModuleManager: Shutting down and abandoning module Media (57)
[2020.07.09-18.43.00:214][722]LogModuleManager: Shutting down and abandoning module MagicLeap (54)
[2020.07.09-18.43.00:214][722]LogModuleManager: Shutting down and abandoning module VariantManagerContent (52)
[2020.07.09-18.43.00:214][722]LogModuleManager: Shutting down and abandoning module DatasmithContent (50)
[2020.07.09-18.43.00:215][722]LogModuleManager: Shutting down and abandoning module AISupportModule (48)
[2020.07.09-18.43.00:215][722]LogModuleManager: Shutting down and abandoning module DesktopPlatform (46)
[2020.07.09-18.43.00:215][722]LogModuleManager: Shutting down and abandoning module PlatformCryptoOpenSSL (44)
[2020.07.09-18.43.00:215][722]LogModuleManager: Shutting down and abandoning module PlatformCryptoTypes (42)
[2020.07.09-18.43.00:215][722]LogModuleManager: Shutting down and abandoning module PlatformCrypto (40)
[2020.07.09-18.43.00:215][722]LogModuleManager: Shutting down and abandoning module AnimationModifiers (38)
[2020.07.09-18.43.00:215][722]LogModuleManager: Shutting down and abandoning module PropertyEditor (37)
[2020.07.09-18.43.00:215][722]LogModuleManager: Shutting down and abandoning module AudioEditor (34)
[2020.07.09-18.43.00:216][722]LogModuleManager: Shutting down and abandoning module TextureCompressor (32)
[2020.07.09-18.43.00:216][722]LogModuleManager: Shutting down and abandoning module RenderCore (30)
[2020.07.09-18.43.00:216][722]LogModuleManager: Shutting down and abandoning module Landscape (28)
[2020.07.09-18.43.00:216][722]LogModuleManager: Shutting down and abandoning module SlateRHIRenderer (26)
[2020.07.09-18.43.00:216][722]LogModuleManager: Shutting down and abandoning module OpenGLDrv (24)
[2020.07.09-18.43.00:216][722]LogModuleManager: Shutting down and abandoning module D3D11RHI (22)
[2020.07.09-18.43.00:216][722]LogModuleManager: Shutting down and abandoning module AnimGraphRuntime (20)
[2020.07.09-18.43.00:216][722]LogModuleManager: Shutting down and abandoning module Renderer (18)
[2020.07.09-18.43.00:216][722]LogModuleManager: Shutting down and abandoning module Engine (16)
[2020.07.09-18.43.00:216][722]LogModuleManager: Shutting down and abandoning module CoreUObject (14)
[2020.07.09-18.43.00:216][722]LogModuleManager: Shutting down and abandoning module NetworkFile (12)
[2020.07.09-18.43.00:216][722]LogModuleManager: Shutting down and abandoning module CookedIterativeFile (10)
[2020.07.09-18.43.00:216][722]LogModuleManager: Shutting down and abandoning module StreamingFile (8)
[2020.07.09-18.43.00:216][722]LogModuleManager: Shutting down and abandoning module SandboxFile (6)
[2020.07.09-18.43.00:216][722]LogModuleManager: Shutting down and abandoning module PakFile (4)
[2020.07.09-18.43.00:217][722]LogModuleManager: Shutting down and abandoning module RSA (3)
[2020.07.09-18.43.00:217][722]LogD3D11RHI: Shutdown
[2020.07.09-18.43.00:217][722]LogD3D11RHI: CleanupD3DDevice
[2020.07.09-18.43.00:221][722]LogExit: Exiting.
[2020.07.09-18.43.00:267][722]Log file closed, 07/09/20 14:43:00
